c_1	c_2	c_3	c_4	c_5	c_6	c_7	c_9
NULL	f	z	k	NULL	NULL	f	NULL
NULL	can't	e	l	NULL	x	can't	NULL
NULL	z	n	s	NULL	NULL	z	NULL
NULL	NULL	e	the	NULL	all	NULL	NULL
NULL	NULL	NULL	e	NULL	then	NULL	NULL
NULL	q	really	NULL	NULL	NULL	q	NULL
NULL	o	q	your	NULL	b	o	NULL
a	k	NULL	NULL	NULL	r	k	a
b	been	c	m	NULL	h	been	b
do	n	t	NULL	NULL	NULL	n	o
l	of	u	g	NULL	NULL	of	l
m	z	m	NULL	NULL	do	z	m
me	something	NULL	NULL	NULL	she	something	e
no	p	g	p	NULL	z	p	o
o	NULL	to	NULL	NULL	that	NULL	o
or	s	that	n	NULL	m	s	r
p	z	NULL	f	NULL	as	z	p
s	NULL	NULL	NULL	NULL	g	NULL	s
sa	in	NULL	because	NULL	y	in	a
t	y	would	k	NULL	NULL	y	t
u	on	NULL	who	NULL	NULL	on	u
wa	d	NULL	w	NULL	but	d	a
we	NULL	b	m	NULL	y	NULL	e
yo	will	p	c	NULL	say	will	o
z	x	l	h	NULL	h	x	z
c_1	c_2	c_4	c_5	c_6
now	z	c	n	A
c_1	c_2	c_3	c_4	c_5	replace( char_9  , 'b'  ,'aa' )
all	li	NULL	s	can	all
and	n	n	c	z	and
come	n	NULL	h	NULL	come
e	m	you'	NULL	NULL	e
him	no	d	j	NULL	him
is	wo	some	NULL	NULL	is
u	al	NULL	a	of	u
c_1	c_2	c_3	ltrim( varchar_255 )
a	i'm	t	i'm
a	NULL	NULL	NULL
a	NULL	g	NULL
a	q	j	q
d	NULL	NULL	NULL
g	NULL	r	NULL
g	NULL	don'	NULL
g	a	d	a
h	the	all	the
h	or	NULL	or
h	NULL	with	NULL
h	it's	s	it's
h	NULL	x	NULL
h	NULL	NULL	NULL
h	are	some	are
h	l	how	l
j	NULL	a	NULL
j	NULL	w	NULL
j	a	c	a
k	NULL	NULL	NULL
k	l	z	l
k	o	beca	o
k	f	e	f
l	b	y	b
l	that's	NULL	that's
l	NULL	got	NULL
l	b	no	b
l	r	a	r
l	NULL	c	NULL
m	right	k	right
m	NULL	that	NULL
m	e	x	e
n	NULL	NULL	NULL
n	NULL	k	NULL
o	what	p	what
q	o	p	o
q	because	y	because
r	NULL	do	NULL
r	m	c	m
s	f	NULL	f
s	NULL	NULL	NULL
s	y	i'm	y
t	o	r	o
t	f	if	f
t	g	p	g
u	p	z	p
y	k	NULL	k
y	NULL	NULL	NULL
z	who	NULL	who
z	q	had	q
c_1	c_2
a	a
know	know
o	o
q	q
s	s
she	she
c_1	c_3	ltrim( char_255 )
NULL	NULL	NULL
NULL	x	x
NULL	x	x
NULL	NULL	NULL
a	v	v
h	j	j
h	b	b
j	i	i
k	s	s
n	m	m
o	m	m
s	s	s
t	here	here
y	NULL	NULL
z	mean	mean
