substr(na.n_name, 1, 2)
AL
AR
BR
CA
EG
ET
FR
GE
IN
IN
IR
IR
JA
JO
KE
MO
MO
PE
CH
RO
SA
VI
RU
UN
UN
concat(na.n_name, ';')
ALGERIA;
ARGENTINA;
BRAZIL;
CANADA;
EGYPT;
ETHIOPIA;
FRANCE;
GERMANY;
INDIA;
INDONESIA;
IRAN;
IRAQ;
JAPAN;
JORDAN;
KENYA;
MOROCCO;
MOZAMBIQUE;
PERU;
CHINA;
ROMANIA;
SAUDI ARABIA;
VIETNAM;
RUSSIA;
UNITED KINGDOM;
UNITED STATES;
length(na.n_name)
7
9
6
6
5
8
6
7
5
9
4
4
5
6
5
7
10
4
5
7
12
7
6
14
13
substr(length(na.n_name), 1, 1)
7
9
6
6
5
8
6
7
5
9
4
4
5
6
5
7
1
4
5
7
1
7
6
1
1
n_nationkey	least(12, na.n_nationkey)
0	0
1	1
2	2
3	3
4	4
5	5
6	6
7	7
8	8
9	9
10	10
11	11
12	12
13	12
14	12
15	12
16	12
17	12
18	12
19	12
20	12
21	12
22	12
23	12
24	12
n_nationkey	n_name
21	VIETNAM
23	UNITED KINGDOM
24	UNITED STATES
20	SAUDI ARABIA
22	RUSSIA
19	ROMANIA
17	PERU
15	MOROCCO
16	MOZAMBIQUE
14	KENYA
13	JORDAN
12	JAPAN
10	IRAN
11	IRAQ
8	INDIA
9	INDONESIA
7	GERMANY
6	FRANCE
5	ETHIOPIA
4	EGYPT
18	CHINA
3	CANADA
2	BRAZIL
1	ARGENTINA
0	ALGERIA
n_name	SUBSTR(n_name from 4)
ALGERIA	ERIA
ARGENTINA	ENTINA
BRAZIL	ZIL
CANADA	ADA
EGYPT	PT
ETHIOPIA	IOPIA
FRANCE	NCE
GERMANY	MANY
INDIA	IA
INDONESIA	ONESIA
IRAN	N
IRAQ	Q
JAPAN	AN
JORDAN	DAN
KENYA	YA
MOROCCO	OCCO
MOZAMBIQUE	AMBIQUE
PERU	U
CHINA	NA
ROMANIA	ANIA
SAUDI ARABIA	DI ARABIA
VIETNAM	TNAM
RUSSIA	SIA
UNITED KINGDOM	TED KINGDOM
UNITED STATES	TED STATES
n_name	SUBSTRING(n_name from 4)
ALGERIA	ERIA
ARGENTINA	ENTINA
BRAZIL	ZIL
CANADA	ADA
EGYPT	PT
ETHIOPIA	IOPIA
FRANCE	NCE
GERMANY	MANY
INDIA	IA
INDONESIA	ONESIA
IRAN	N
IRAQ	Q
JAPAN	AN
JORDAN	DAN
KENYA	YA
MOROCCO	OCCO
MOZAMBIQUE	AMBIQUE
PERU	U
CHINA	NA
ROMANIA	ANIA
SAUDI ARABIA	DI ARABIA
VIETNAM	TNAM
RUSSIA	SIA
UNITED KINGDOM	TED KINGDOM
UNITED STATES	TED STATES
n_name	SUBSTRING(n_name from 4 for 3)
ALGERIA	ERI
ARGENTINA	ENT
BRAZIL	ZIL
CANADA	ADA
EGYPT	PT
ETHIOPIA	IOP
FRANCE	NCE
GERMANY	MAN
INDIA	IA
INDONESIA	ONE
IRAN	N
IRAQ	Q
JAPAN	AN
JORDAN	DAN
KENYA	YA
MOROCCO	OCC
MOZAMBIQUE	AMB
PERU	U
CHINA	NA
ROMANIA	ANI
SAUDI ARABIA	DI 
VIETNAM	TNA
RUSSIA	SIA
UNITED KINGDOM	TED
UNITED STATES	TED
n_nationkey	SUBSTRING('Kalakawa' FROM 4)
0	akawa
1	akawa
2	akawa
3	akawa
4	akawa
5	akawa
6	akawa
7	akawa
8	akawa
9	akawa
10	akawa
11	akawa
12	akawa
13	akawa
14	akawa
15	akawa
16	akawa
17	akawa
18	akawa
19	akawa
20	akawa
21	akawa
22	akawa
23	akawa
24	akawa
n_nationkey	SUBSTRING('Kalakawa' FROM 4 FOR 3)
0	aka
1	aka
2	aka
3	aka
4	aka
5	aka
6	aka
7	aka
8	aka
9	aka
10	aka
11	aka
12	aka
13	aka
14	aka
15	aka
16	aka
17	aka
18	aka
19	aka
20	aka
21	aka
22	aka
23	aka
24	aka
