n_name	SUBSTR(n_name from 4)
ALGERIA	ERIA
ARGENTINA	ENTINA
BRAZIL	ZIL
CANADA	ADA
EGYPT	PT
ETHIOPIA	IOPIA
FRANCE	NCE
GERMANY	MANY
INDIA	IA
INDONESIA	ONESIA
IRAN	N
IRAQ	Q
JAPAN	AN
JORDAN	DAN
KENYA	YA
MOROCCO	OCCO
MOZAMBIQUE	AMBIQUE
PERU	U
CHINA	NA
ROMANIA	ANIA
SAUDI ARABIA	DI ARABIA
VIETNAM	TNAM
RUSSIA	SIA
UNITED KINGDOM	TED KINGDOM
UNITED STATES	TED STATES
n_name	SUBSTRING(n_name from 4)
ALGERIA	ERIA
ARGENTINA	ENTINA
BRAZIL	ZIL
CANADA	ADA
EGYPT	PT
ETHIOPIA	IOPIA
FRANCE	NCE
GERMANY	MANY
INDIA	IA
INDONESIA	ONESIA
IRAN	N
IRAQ	Q
JAPAN	AN
JORDAN	DAN
KENYA	YA
MOROCCO	OCCO
MOZAMBIQUE	AMBIQUE
PERU	U
CHINA	NA
ROMANIA	ANIA
SAUDI ARABIA	DI ARABIA
VIETNAM	TNAM
RUSSIA	SIA
UNITED KINGDOM	TED KINGDOM
UNITED STATES	TED STATES
n_name	SUBSTRING(n_name from 4 for 3)
ALGERIA	ERI
ARGENTINA	ENT
BRAZIL	ZIL
CANADA	ADA
EGYPT	PT
ETHIOPIA	IOP
FRANCE	NCE
GERMANY	MAN
INDIA	IA
INDONESIA	ONE
IRAN	N
IRAQ	Q
JAPAN	AN
JORDAN	DAN
KENYA	YA
MOROCCO	OCC
MOZAMBIQUE	AMB
PERU	U
CHINA	NA
ROMANIA	ANI
SAUDI ARABIA	DI 
VIETNAM	TNA
RUSSIA	SIA
UNITED KINGDOM	TED
UNITED STATES	TED
n_name	substr(n_name, 4, 3)
ALGERIA	ERI
ARGENTINA	ENT
BRAZIL	ZIL
CANADA	ADA
EGYPT	PT
ETHIOPIA	IOP
FRANCE	NCE
GERMANY	MAN
INDIA	IA
INDONESIA	ONE
IRAN	N
IRAQ	Q
JAPAN	AN
JORDAN	DAN
KENYA	YA
MOROCCO	OCC
MOZAMBIQUE	AMB
PERU	U
CHINA	NA
ROMANIA	ANI
SAUDI ARABIA	DI 
VIETNAM	TNA
RUSSIA	SIA
UNITED KINGDOM	TED
UNITED STATES	TED
