abs(n_regionkey)	format(n_regionkey, 2)	greatest(n_regionkey,n_nationkey)	least(n_regionkey, n_nationkey)	truncate(n_regionkey,-1)
0	0.00	0	0	0
0	0.00	5	0	0
0	0.00	14	0	0
0	0.00	15	0	0
0	0.00	16	0	0
1	1.00	1	1	0
1	1.00	2	1	0
1	1.00	3	1	0
1	1.00	17	1	0
1	1.00	24	1	0
2	2.00	8	2	0
2	2.00	9	2	0
2	2.00	12	2	0
2	2.00	18	2	0
2	2.00	21	2	0
3	3.00	6	3	0
3	3.00	7	3	0
3	3.00	19	3	0
3	3.00	22	3	0
3	3.00	23	3	0
4	4.00	4	4	0
4	4.00	10	4	0
4	4.00	11	4	0
4	4.00	13	4	0
4	4.00	20	4	0
abs(r_regionkey)	r_regionkey
0	0
1	1
2	2
3	3
4	4
