--------------
select now()
--------------

+---------------------+
| now()               |
+---------------------+
| 2014-11-19 16:29:41 |
+---------------------+
1 row in set (0.00 sec)

--------------
select now()
--------------

+---------------------+
| now()               |
+---------------------+
| 2014-11-19 16:29:41 |
+---------------------+
1 row in set (0.00 sec)

--------------
select calflushcache()
--------------

+-----------------+
| calflushcache() |
+-----------------+
|               0 |
+-----------------+
1 row in set (0.02 sec)

--------------
SELECT avg(L_EXTENDEDPRICE), avg(L_DISCOUNT) 
FROM 	lineitem
WHERE L_SHIPDATE between '1997-01-01' and '1997-01-31' and
	L_DISCOUNT BETWEEN 0.02 AND 0.04 AND
	L_QUANTITY < 25
--------------

+----------------------+-----------------+
| avg(L_EXTENDEDPRICE) | avg(L_DISCOUNT) |
+----------------------+-----------------+
|         18779.758295 |        0.030045 |
+----------------------+-----------------+
1 row in set (2.08 sec)

--------------
select calgetstats()
--------------

+---------------------------------------------------------------------------------------------------------------------------------------------------------------------------------------------------------+
| calgetstats()                                                                                                                                                                                           |
+---------------------------------------------------------------------------------------------------------------------------------------------------------------------------------------------------------+
| Query Stats: MaxMemPct-0; NumTempFiles-0; TempFileSpace-0B; ApproxPhyI/O-214986; CacheI/O-240939; BlocksTouched-240825; PartitionBlocksEliminated-0; MsgBytesIn-1MB; MsgBytesOut-12KB; Mode-Distributed |
+---------------------------------------------------------------------------------------------------------------------------------------------------------------------------------------------------------+
1 row in set (0.00 sec)

--------------
select now()
--------------

+---------------------+
| now()               |
+---------------------+
| 2014-11-19 16:29:43 |
+---------------------+
1 row in set (0.00 sec)

--------------
SELECT avg(L_EXTENDEDPRICE), avg(L_DISCOUNT) 
FROM 	lineitem
WHERE L_SHIPDATE between '1997-01-01' and '1997-01-31' and
	L_DISCOUNT BETWEEN 0.02 AND 0.04 AND
	L_QUANTITY < 25
--------------

+----------------------+-----------------+
| avg(L_EXTENDEDPRICE) | avg(L_DISCOUNT) |
+----------------------+-----------------+
|         18779.758295 |        0.030045 |
+----------------------+-----------------+
1 row in set (2.04 sec)

--------------
select calgetstats()
--------------

+---------------------------------------------------------------------------------------------------------------------------------------------------------------------------------------------------------+
| calgetstats()                                                                                                                                                                                           |
+---------------------------------------------------------------------------------------------------------------------------------------------------------------------------------------------------------+
| Query Stats: MaxMemPct-0; NumTempFiles-0; TempFileSpace-0B; ApproxPhyI/O-205258; CacheI/O-240939; BlocksTouched-240825; PartitionBlocksEliminated-0; MsgBytesIn-1MB; MsgBytesOut-12KB; Mode-Distributed |
+---------------------------------------------------------------------------------------------------------------------------------------------------------------------------------------------------------+
1 row in set (0.00 sec)

--------------
select now()
--------------

+---------------------+
| now()               |
+---------------------+
| 2014-11-19 16:29:45 |
+---------------------+
1 row in set (0.00 sec)

Bye
