--------------
select now()
--------------

+---------------------+
| now()               |
+---------------------+
| 2014-11-19 16:29:38 |
+---------------------+
1 row in set (0.00 sec)

--------------
select now()
--------------

+---------------------+
| now()               |
+---------------------+
| 2014-11-19 16:29:38 |
+---------------------+
1 row in set (0.00 sec)

--------------
select calflushcache()
--------------

+-----------------+
| calflushcache() |
+-----------------+
|               0 |
+-----------------+
1 row in set (0.00 sec)

--------------
Select sum(l_quantity), sum(l_extendedprice) from lineitem where l_quantity = 23 and l_shipdate <= '1993-01-30'
--------------

+-----------------+----------------------+
| sum(l_quantity) | sum(l_extendedprice) |
+-----------------+----------------------+
|      3870670.00 |        5808476807.70 |
+-----------------+----------------------+
1 row in set (1.34 sec)

--------------
select calgetstats()
--------------

+-----------------------------------------------------------------------------------------------------------------------------------------------------------------------------------------------------------+
| calgetstats()                                                                                                                                                                                             |
+-----------------------------------------------------------------------------------------------------------------------------------------------------------------------------------------------------------+
| Query Stats: MaxMemPct-0; NumTempFiles-0; TempFileSpace-0B; ApproxPhyI/O-146613; CacheI/O-142837; BlocksTouched-142723; PartitionBlocksEliminated-0; MsgBytesIn-938KB; MsgBytesOut-10KB; Mode-Distributed |
+-----------------------------------------------------------------------------------------------------------------------------------------------------------------------------------------------------------+
1 row in set (0.00 sec)

--------------
select now()
--------------

+---------------------+
| now()               |
+---------------------+
| 2014-11-19 16:29:40 |
+---------------------+
1 row in set (0.00 sec)

--------------
Select sum(l_quantity) from lineitem where l_quantity = 23 and l_shipdate <= '1993-01-30'
--------------

+-----------------+
| sum(l_quantity) |
+-----------------+
|      3870670.00 |
+-----------------+
1 row in set (0.92 sec)

--------------
select calgetstats()
--------------

+-------------------------------------------------------------------------------------------------------------------------------------------------------------------------------------------------------+
| calgetstats()                                                                                                                                                                                         |
+-------------------------------------------------------------------------------------------------------------------------------------------------------------------------------------------------------+
| Query Stats: MaxMemPct-0; NumTempFiles-0; TempFileSpace-0B; ApproxPhyI/O-64928; CacheI/O-87933; BlocksTouched-87933; PartitionBlocksEliminated-0; MsgBytesIn-881KB; MsgBytesOut-9KB; Mode-Distributed |
+-------------------------------------------------------------------------------------------------------------------------------------------------------------------------------------------------------+
1 row in set (0.00 sec)

--------------
select now()
--------------

+---------------------+
| now()               |
+---------------------+
| 2014-11-19 16:29:41 |
+---------------------+
1 row in set (0.00 sec)

Bye
