--------------
select now()
--------------

+---------------------+
| now()               |
+---------------------+
| 2014-11-19 16:29:27 |
+---------------------+
1 row in set (0.00 sec)

--------------
select now()
--------------

+---------------------+
| now()               |
+---------------------+
| 2014-11-19 16:29:27 |
+---------------------+
1 row in set (0.00 sec)

--------------
select calflushcache()
--------------

+-----------------+
| calflushcache() |
+-----------------+
|               0 |
+-----------------+
1 row in set (0.02 sec)

--------------
select p_mfgr, count(*), avg(ps_availqty), avg(p_retailprice), avg(ps_supplycost) 
from part, partsupp 
where p_size = 50 and p_retailprice < 1250 
	and ps_partkey = p_partkey 
and ps_suppkey <= 250000
and ps_partkey <= 4000000
and p_partkey <= 4000000
group by p_mfgr
order by p_mfgr
--------------

+----------------+----------+------------------+--------------------+--------------------+
| p_mfgr         | count(*) | avg(ps_availqty) | avg(p_retailprice) | avg(ps_supplycost) |
+----------------+----------+------------------+--------------------+--------------------+
| Manufacturer#1 |    77200 |        4795.7500 |        1129.060829 |         499.854663 |
| Manufacturer#2 |    79200 |        4890.7967 |        1117.545505 |         502.996073 |
| Manufacturer#3 |    74800 |        5004.4011 |        1114.669733 |         500.935922 |
| Manufacturer#4 |    75200 |        5204.3245 |        1113.329468 |         494.801277 |
| Manufacturer#5 |    84000 |        5047.2190 |        1107.064667 |         493.165845 |
+----------------+----------+------------------+--------------------+--------------------+
5 rows in set (0.58 sec)

--------------
select calgetstats()
--------------

+---------------------------------------------------------------------------------------------------------------------------------------------------------------------------------------------------------+
| calgetstats()                                                                                                                                                                                           |
+---------------------------------------------------------------------------------------------------------------------------------------------------------------------------------------------------------+
| Query Stats: MaxMemPct-0; NumTempFiles-0; TempFileSpace-0B; ApproxPhyI/O-25442; CacheI/O-32535; BlocksTouched-32508; PartitionBlocksEliminated-0; MsgBytesIn-495KB; MsgBytesOut-463KB; Mode-Distributed |
+---------------------------------------------------------------------------------------------------------------------------------------------------------------------------------------------------------+
1 row in set (0.00 sec)

--------------
select now()
--------------

+---------------------+
| now()               |
+---------------------+
| 2014-11-19 16:29:28 |
+---------------------+
1 row in set (0.00 sec)

--------------
select p_mfgr, count(*), avg(ps_availqty), avg(p_retailprice), avg(ps_supplycost) 
from part, partsupp 
where p_size = 50 and p_retailprice < 1250 
	and ps_partkey = p_partkey 
and ps_suppkey <= 250000
and ps_partkey <= 4000000
and p_partkey <= 4000000
group by p_mfgr
order by p_mfgr
--------------

+----------------+----------+------------------+--------------------+--------------------+
| p_mfgr         | count(*) | avg(ps_availqty) | avg(p_retailprice) | avg(ps_supplycost) |
+----------------+----------+------------------+--------------------+--------------------+
| Manufacturer#1 |    77200 |        4795.7500 |        1129.060829 |         499.854663 |
| Manufacturer#2 |    79200 |        4890.7967 |        1117.545505 |         502.996073 |
| Manufacturer#3 |    74800 |        5004.4011 |        1114.669733 |         500.935922 |
| Manufacturer#4 |    75200 |        5204.3245 |        1113.329468 |         494.801277 |
| Manufacturer#5 |    84000 |        5047.2190 |        1107.064667 |         493.165845 |
+----------------+----------+------------------+--------------------+--------------------+
5 rows in set (0.30 sec)

--------------
select calgetstats()
--------------

+-----------------------------------------------------------------------------------------------------------------------------------------------------------------------------------------------------+
| calgetstats()                                                                                                                                                                                       |
+-----------------------------------------------------------------------------------------------------------------------------------------------------------------------------------------------------+
| Query Stats: MaxMemPct-0; NumTempFiles-0; TempFileSpace-0B; ApproxPhyI/O-0; CacheI/O-32508; BlocksTouched-32508; PartitionBlocksEliminated-0; MsgBytesIn-495KB; MsgBytesOut-463KB; Mode-Distributed |
+-----------------------------------------------------------------------------------------------------------------------------------------------------------------------------------------------------+
1 row in set (0.00 sec)

--------------
select calflushcache()
--------------

+-----------------+
| calflushcache() |
+-----------------+
|               0 |
+-----------------+
1 row in set (0.00 sec)

--------------
select p_mfgr, count(*), avg(ps_availqty), avg(p_retailprice), avg(ps_supplycost) 
from part, partsupp 
where p_size = 50 and p_retailprice < 1250 
	and ps_partkey = p_partkey 
and ps_suppkey <= 500000
and ps_partkey <= 4000000
and p_partkey <= 4000000
group by p_mfgr
order by p_mfgr
--------------

+----------------+----------+------------------+--------------------+--------------------+
| p_mfgr         | count(*) | avg(ps_availqty) | avg(p_retailprice) | avg(ps_supplycost) |
+----------------+----------+------------------+--------------------+--------------------+
| Manufacturer#1 |    77200 |        4795.7500 |        1129.060829 |         499.854663 |
| Manufacturer#2 |    79200 |        4890.7967 |        1117.545505 |         502.996073 |
| Manufacturer#3 |    74800 |        5004.4011 |        1114.669733 |         500.935922 |
| Manufacturer#4 |    75200 |        5204.3245 |        1113.329468 |         494.801277 |
| Manufacturer#5 |    84000 |        5047.2190 |        1107.064667 |         493.165845 |
+----------------+----------+------------------+--------------------+--------------------+
5 rows in set (0.51 sec)

--------------
select calgetstats()
--------------

+---------------------------------------------------------------------------------------------------------------------------------------------------------------------------------------------------------+
| calgetstats()                                                                                                                                                                                           |
+---------------------------------------------------------------------------------------------------------------------------------------------------------------------------------------------------------+
| Query Stats: MaxMemPct-0; NumTempFiles-0; TempFileSpace-0B; ApproxPhyI/O-25442; CacheI/O-32528; BlocksTouched-32508; PartitionBlocksEliminated-0; MsgBytesIn-495KB; MsgBytesOut-463KB; Mode-Distributed |
+---------------------------------------------------------------------------------------------------------------------------------------------------------------------------------------------------------+
1 row in set (0.01 sec)

--------------
select now()
--------------

+---------------------+
| now()               |
+---------------------+
| 2014-11-19 16:29:29 |
+---------------------+
1 row in set (0.00 sec)

--------------
select p_mfgr, count(*), avg(ps_availqty), avg(p_retailprice), avg(ps_supplycost) 
from part, partsupp 
where p_size = 50 and p_retailprice < 1250 
	and ps_partkey = p_partkey 
and ps_suppkey <= 500000
and ps_partkey <= 4000000
and p_partkey <= 4000000
group by p_mfgr
order by p_mfgr
--------------

+----------------+----------+------------------+--------------------+--------------------+
| p_mfgr         | count(*) | avg(ps_availqty) | avg(p_retailprice) | avg(ps_supplycost) |
+----------------+----------+------------------+--------------------+--------------------+
| Manufacturer#1 |    77200 |        4795.7500 |        1129.060829 |         499.854663 |
| Manufacturer#2 |    79200 |        4890.7967 |        1117.545505 |         502.996073 |
| Manufacturer#3 |    74800 |        5004.4011 |        1114.669733 |         500.935922 |
| Manufacturer#4 |    75200 |        5204.3245 |        1113.329468 |         494.801277 |
| Manufacturer#5 |    84000 |        5047.2190 |        1107.064667 |         493.165845 |
+----------------+----------+------------------+--------------------+--------------------+
5 rows in set (0.30 sec)

--------------
select calgetstats()
--------------

+-----------------------------------------------------------------------------------------------------------------------------------------------------------------------------------------------------+
| calgetstats()                                                                                                                                                                                       |
+-----------------------------------------------------------------------------------------------------------------------------------------------------------------------------------------------------+
| Query Stats: MaxMemPct-0; NumTempFiles-0; TempFileSpace-0B; ApproxPhyI/O-0; CacheI/O-32508; BlocksTouched-32508; PartitionBlocksEliminated-0; MsgBytesIn-495KB; MsgBytesOut-463KB; Mode-Distributed |
+-----------------------------------------------------------------------------------------------------------------------------------------------------------------------------------------------------+
1 row in set (0.00 sec)

--------------
select calflushcache()
--------------

+-----------------+
| calflushcache() |
+-----------------+
|               0 |
+-----------------+
1 row in set (0.00 sec)

--------------
select p_mfgr, count(*), avg(ps_availqty), avg(p_retailprice), avg(ps_supplycost) 
from part, partsupp 
where p_size = 50 and p_retailprice < 1250 
	and ps_partkey = p_partkey 
and ps_suppkey <= 750000
and ps_partkey <= 4000000
and p_partkey <= 4000000
group by p_mfgr
order by p_mfgr
--------------

+----------------+----------+------------------+--------------------+--------------------+
| p_mfgr         | count(*) | avg(ps_availqty) | avg(p_retailprice) | avg(ps_supplycost) |
+----------------+----------+------------------+--------------------+--------------------+
| Manufacturer#1 |    77200 |        4795.7500 |        1129.060829 |         499.854663 |
| Manufacturer#2 |    79200 |        4890.7967 |        1117.545505 |         502.996073 |
| Manufacturer#3 |    74800 |        5004.4011 |        1114.669733 |         500.935922 |
| Manufacturer#4 |    75200 |        5204.3245 |        1113.329468 |         494.801277 |
| Manufacturer#5 |    84000 |        5047.2190 |        1107.064667 |         493.165845 |
+----------------+----------+------------------+--------------------+--------------------+
5 rows in set (0.52 sec)

--------------
select calgetstats()
--------------

+---------------------------------------------------------------------------------------------------------------------------------------------------------------------------------------------------------+
| calgetstats()                                                                                                                                                                                           |
+---------------------------------------------------------------------------------------------------------------------------------------------------------------------------------------------------------+
| Query Stats: MaxMemPct-0; NumTempFiles-0; TempFileSpace-0B; ApproxPhyI/O-25442; CacheI/O-32538; BlocksTouched-32508; PartitionBlocksEliminated-0; MsgBytesIn-495KB; MsgBytesOut-463KB; Mode-Distributed |
+---------------------------------------------------------------------------------------------------------------------------------------------------------------------------------------------------------+
1 row in set (0.00 sec)

--------------
select now()
--------------

+---------------------+
| now()               |
+---------------------+
| 2014-11-19 16:29:30 |
+---------------------+
1 row in set (0.00 sec)

--------------
select p_mfgr, count(*), avg(ps_availqty), avg(p_retailprice), avg(ps_supplycost) 
from part, partsupp 
where p_size = 50 and p_retailprice < 1250 
	and ps_partkey = p_partkey 
and ps_suppkey <= 750000
and ps_partkey <= 4000000
and p_partkey <= 4000000
group by p_mfgr
order by p_mfgr
--------------

+----------------+----------+------------------+--------------------+--------------------+
| p_mfgr         | count(*) | avg(ps_availqty) | avg(p_retailprice) | avg(ps_supplycost) |
+----------------+----------+------------------+--------------------+--------------------+
| Manufacturer#1 |    77200 |        4795.7500 |        1129.060829 |         499.854663 |
| Manufacturer#2 |    79200 |        4890.7967 |        1117.545505 |         502.996073 |
| Manufacturer#3 |    74800 |        5004.4011 |        1114.669733 |         500.935922 |
| Manufacturer#4 |    75200 |        5204.3245 |        1113.329468 |         494.801277 |
| Manufacturer#5 |    84000 |        5047.2190 |        1107.064667 |         493.165845 |
+----------------+----------+------------------+--------------------+--------------------+
5 rows in set (0.38 sec)

--------------
select calgetstats()
--------------

+-----------------------------------------------------------------------------------------------------------------------------------------------------------------------------------------------------+
| calgetstats()                                                                                                                                                                                       |
+-----------------------------------------------------------------------------------------------------------------------------------------------------------------------------------------------------+
| Query Stats: MaxMemPct-0; NumTempFiles-0; TempFileSpace-0B; ApproxPhyI/O-0; CacheI/O-32508; BlocksTouched-32508; PartitionBlocksEliminated-0; MsgBytesIn-495KB; MsgBytesOut-463KB; Mode-Distributed |
+-----------------------------------------------------------------------------------------------------------------------------------------------------------------------------------------------------+
1 row in set (0.00 sec)

--------------
select calflushcache()
--------------

+-----------------+
| calflushcache() |
+-----------------+
|               0 |
+-----------------+
1 row in set (0.01 sec)

--------------
select p_mfgr, count(*), avg(ps_availqty), avg(p_retailprice), avg(ps_supplycost) 
from part, partsupp 
where p_size = 50 and p_retailprice < 1250 
	and ps_partkey = p_partkey 
and ps_suppkey <= 1000000
and ps_partkey <= 4000000
and p_partkey <= 4000000
group by p_mfgr
order by p_mfgr
--------------

+----------------+----------+------------------+--------------------+--------------------+
| p_mfgr         | count(*) | avg(ps_availqty) | avg(p_retailprice) | avg(ps_supplycost) |
+----------------+----------+------------------+--------------------+--------------------+
| Manufacturer#1 |    77200 |        4795.7500 |        1129.060829 |         499.854663 |
| Manufacturer#2 |    79200 |        4890.7967 |        1117.545505 |         502.996073 |
| Manufacturer#3 |    74800 |        5004.4011 |        1114.669733 |         500.935922 |
| Manufacturer#4 |    75200 |        5204.3245 |        1113.329468 |         494.801277 |
| Manufacturer#5 |    84000 |        5047.2190 |        1107.064667 |         493.165845 |
+----------------+----------+------------------+--------------------+--------------------+
5 rows in set (0.54 sec)

--------------
select calgetstats()
--------------

+---------------------------------------------------------------------------------------------------------------------------------------------------------------------------------------------------------+
| calgetstats()                                                                                                                                                                                           |
+---------------------------------------------------------------------------------------------------------------------------------------------------------------------------------------------------------+
| Query Stats: MaxMemPct-0; NumTempFiles-0; TempFileSpace-0B; ApproxPhyI/O-25442; CacheI/O-32532; BlocksTouched-32508; PartitionBlocksEliminated-0; MsgBytesIn-495KB; MsgBytesOut-463KB; Mode-Distributed |
+---------------------------------------------------------------------------------------------------------------------------------------------------------------------------------------------------------+
1 row in set (0.00 sec)

--------------
select now()
--------------

+---------------------+
| now()               |
+---------------------+
| 2014-11-19 16:29:31 |
+---------------------+
1 row in set (0.00 sec)

--------------
select p_mfgr, count(*), avg(ps_availqty), avg(p_retailprice), avg(ps_supplycost) 
from part, partsupp 
where p_size = 50 and p_retailprice < 1250 
	and ps_partkey = p_partkey 
and ps_suppkey <= 1000000
and ps_partkey <= 4000000
and p_partkey <= 4000000
group by p_mfgr
order by p_mfgr
--------------

+----------------+----------+------------------+--------------------+--------------------+
| p_mfgr         | count(*) | avg(ps_availqty) | avg(p_retailprice) | avg(ps_supplycost) |
+----------------+----------+------------------+--------------------+--------------------+
| Manufacturer#1 |    77200 |        4795.7500 |        1129.060829 |         499.854663 |
| Manufacturer#2 |    79200 |        4890.7967 |        1117.545505 |         502.996073 |
| Manufacturer#3 |    74800 |        5004.4011 |        1114.669733 |         500.935922 |
| Manufacturer#4 |    75200 |        5204.3245 |        1113.329468 |         494.801277 |
| Manufacturer#5 |    84000 |        5047.2190 |        1107.064667 |         493.165845 |
+----------------+----------+------------------+--------------------+--------------------+
5 rows in set (0.38 sec)

--------------
select calgetstats()
--------------

+-----------------------------------------------------------------------------------------------------------------------------------------------------------------------------------------------------+
| calgetstats()                                                                                                                                                                                       |
+-----------------------------------------------------------------------------------------------------------------------------------------------------------------------------------------------------+
| Query Stats: MaxMemPct-0; NumTempFiles-0; TempFileSpace-0B; ApproxPhyI/O-0; CacheI/O-32508; BlocksTouched-32508; PartitionBlocksEliminated-0; MsgBytesIn-495KB; MsgBytesOut-463KB; Mode-Distributed |
+-----------------------------------------------------------------------------------------------------------------------------------------------------------------------------------------------------+
1 row in set (0.00 sec)

--------------
select now()
--------------

+---------------------+
| now()               |
+---------------------+
| 2014-11-19 16:29:31 |
+---------------------+
1 row in set (0.00 sec)

Bye
