--------------
select now()
--------------

+---------------------+
| now()               |
+---------------------+
| 2014-11-19 16:29:45 |
+---------------------+
1 row in set (0.00 sec)

--------------
select now()
--------------

+---------------------+
| now()               |
+---------------------+
| 2014-11-19 16:29:45 |
+---------------------+
1 row in set (0.00 sec)

--------------
select calflushcache()
--------------

+-----------------+
| calflushcache() |
+-----------------+
|               0 |
+-----------------+
1 row in set (0.02 sec)

--------------
select count(l_linenumber) from lineitem where l_shipdate <= '1992-05-15' and l_quantity <= 4
--------------

+---------------------+
| count(l_linenumber) |
+---------------------+
|              150190 |
+---------------------+
1 row in set (1.21 sec)

--------------
select calgetstats()
--------------

+-----------------------------------------------------------------------------------------------------------------------------------------------------------------------------------------------------------+
| calgetstats()                                                                                                                                                                                             |
+-----------------------------------------------------------------------------------------------------------------------------------------------------------------------------------------------------------+
| Query Stats: MaxMemPct-0; NumTempFiles-0; TempFileSpace-0B; ApproxPhyI/O-147637; CacheI/O-140889; BlocksTouched-140775; PartitionBlocksEliminated-0; MsgBytesIn-881KB; MsgBytesOut-10KB; Mode-Distributed |
+-----------------------------------------------------------------------------------------------------------------------------------------------------------------------------------------------------------+
1 row in set (0.00 sec)

--------------
select now()
--------------

+---------------------+
| now()               |
+---------------------+
| 2014-11-19 16:29:46 |
+---------------------+
1 row in set (0.00 sec)

--------------
select distinct l_linenumber from lineitem where l_shipdate <= '1992-05-15' and l_quantity <= 4
--------------

+--------------+
| l_linenumber |
+--------------+
|            2 |
|            4 |
|            5 |
|            7 |
|            1 |
|            3 |
|            6 |
+--------------+
7 rows in set (1.11 sec)

--------------
select calgetstats()
--------------

+-----------------------------------------------------------------------------------------------------------------------------------------------------------------------------------------------------------+
| calgetstats()                                                                                                                                                                                             |
+-----------------------------------------------------------------------------------------------------------------------------------------------------------------------------------------------------------+
| Query Stats: MaxMemPct-0; NumTempFiles-0; TempFileSpace-0B; ApproxPhyI/O-135861; CacheI/O-140869; BlocksTouched-140775; PartitionBlocksEliminated-0; MsgBytesIn-817KB; MsgBytesOut-10KB; Mode-Distributed |
+-----------------------------------------------------------------------------------------------------------------------------------------------------------------------------------------------------------+
1 row in set (0.00 sec)

--------------
select now()
--------------

+---------------------+
| now()               |
+---------------------+
| 2014-11-19 16:29:47 |
+---------------------+
1 row in set (0.00 sec)

--------------
select distinct l_linenumber from lineitem where l_shipdate <= '1992-08-15' and l_quantity <= 8
--------------

+--------------+
| l_linenumber |
+--------------+
|            2 |
|            4 |
|            5 |
|            7 |
|            1 |
|            6 |
|            3 |
+--------------+
7 rows in set (1.29 sec)

--------------
select calgetstats()
--------------

+-----------------------------------------------------------------------------------------------------------------------------------------------------------------------------------------------------------+
| calgetstats()                                                                                                                                                                                             |
+-----------------------------------------------------------------------------------------------------------------------------------------------------------------------------------------------------------+
| Query Stats: MaxMemPct-0; NumTempFiles-0; TempFileSpace-0B; ApproxPhyI/O-149173; CacheI/O-146670; BlocksTouched-146555; PartitionBlocksEliminated-0; MsgBytesIn-817KB; MsgBytesOut-10KB; Mode-Distributed |
+-----------------------------------------------------------------------------------------------------------------------------------------------------------------------------------------------------------+
1 row in set (0.00 sec)

--------------
select now()
--------------

+---------------------+
| now()               |
+---------------------+
| 2014-11-19 16:29:48 |
+---------------------+
1 row in set (0.00 sec)

--------------
select distinct l_linenumber, l_shipmode from lineitem where l_shipdate <= '1992-03-15' and l_quantity <= 8
--------------

+--------------+------------+
| l_linenumber | l_shipmode |
+--------------+------------+
|            1 | TRUCK      |
|            3 | TRUCK      |
|            5 | REG AIR    |
|            5 | FOB        |
|            6 | FOB        |
|            5 | SHIP       |
|            7 | AIR        |
|            5 | AIR        |
|            6 | MAIL       |
|            1 | RAIL       |
|            1 | AIR        |
|            2 | MAIL       |
|            7 | FOB        |
|            4 | SHIP       |
|            4 | TRUCK      |
|            4 | AIR        |
|            5 | TRUCK      |
|            1 | FOB        |
|            2 | RAIL       |
|            7 | TRUCK      |
|            4 | RAIL       |
|            3 | MAIL       |
|            3 | AIR        |
|            7 | SHIP       |
|            1 | SHIP       |
|            3 | SHIP       |
|            2 | TRUCK      |
|            5 | RAIL       |
|            3 | RAIL       |
|            2 | FOB        |
|            6 | AIR        |
|            7 | MAIL       |
|            4 | MAIL       |
|            3 | REG AIR    |
|            1 | REG AIR    |
|            5 | MAIL       |
|            7 | REG AIR    |
|            1 | MAIL       |
|            4 | FOB        |
|            2 | SHIP       |
|            3 | FOB        |
|            2 | AIR        |
|            6 | RAIL       |
|            6 | REG AIR    |
|            6 | SHIP       |
|            2 | REG AIR    |
|            6 | TRUCK      |
|            4 | REG AIR    |
|            7 | RAIL       |
+--------------+------------+
49 rows in set (1.66 sec)

--------------
select calgetstats()
--------------

+-----------------------------------------------------------------------------------------------------------------------------------------------------------------------------------------------------------+
| calgetstats()                                                                                                                                                                                             |
+-----------------------------------------------------------------------------------------------------------------------------------------------------------------------------------------------------------+
| Query Stats: MaxMemPct-0; NumTempFiles-0; TempFileSpace-0B; ApproxPhyI/O-215502; CacheI/O-183279; BlocksTouched-183165; PartitionBlocksEliminated-0; MsgBytesIn-925KB; MsgBytesOut-11KB; Mode-Distributed |
+-----------------------------------------------------------------------------------------------------------------------------------------------------------------------------------------------------------+
1 row in set (0.00 sec)

--------------
select now()
--------------

+---------------------+
| now()               |
+---------------------+
| 2014-11-19 16:29:50 |
+---------------------+
1 row in set (0.00 sec)

--------------
select distinct l_linenumber, l_shipmode from lineitem where l_shipdate <= '1992-03-15' and l_quantity <= 8
--------------

+--------------+------------+
| l_linenumber | l_shipmode |
+--------------+------------+
|            3 | TRUCK      |
|            1 | TRUCK      |
|            6 | FOB        |
|            5 | REG AIR    |
|            5 | FOB        |
|            5 | SHIP       |
|            7 | AIR        |
|            5 | AIR        |
|            6 | MAIL       |
|            2 | MAIL       |
|            1 | RAIL       |
|            1 | AIR        |
|            7 | FOB        |
|            2 | RAIL       |
|            4 | SHIP       |
|            5 | TRUCK      |
|            1 | FOB        |
|            4 | TRUCK      |
|            4 | AIR        |
|            7 | TRUCK      |
|            3 | MAIL       |
|            4 | RAIL       |
|            1 | SHIP       |
|            3 | AIR        |
|            7 | SHIP       |
|            2 | TRUCK      |
|            3 | SHIP       |
|            5 | RAIL       |
|            3 | RAIL       |
|            7 | MAIL       |
|            2 | FOB        |
|            6 | AIR        |
|            3 | REG AIR    |
|            4 | MAIL       |
|            5 | MAIL       |
|            1 | REG AIR    |
|            7 | REG AIR    |
|            2 | AIR        |
|            1 | MAIL       |
|            2 | SHIP       |
|            3 | FOB        |
|            4 | FOB        |
|            6 | RAIL       |
|            6 | REG AIR    |
|            6 | SHIP       |
|            7 | RAIL       |
|            2 | REG AIR    |
|            4 | REG AIR    |
|            6 | TRUCK      |
+--------------+------------+
49 rows in set (1.74 sec)

--------------
select calgetstats()
--------------

+-----------------------------------------------------------------------------------------------------------------------------------------------------------------------------------------------------------+
| calgetstats()                                                                                                                                                                                             |
+-----------------------------------------------------------------------------------------------------------------------------------------------------------------------------------------------------------+
| Query Stats: MaxMemPct-0; NumTempFiles-0; TempFileSpace-0B; ApproxPhyI/O-227786; CacheI/O-183279; BlocksTouched-183165; PartitionBlocksEliminated-0; MsgBytesIn-925KB; MsgBytesOut-11KB; Mode-Distributed |
+-----------------------------------------------------------------------------------------------------------------------------------------------------------------------------------------------------------+
1 row in set (0.00 sec)

--------------
select now()
--------------

+---------------------+
| now()               |
+---------------------+
| 2014-11-19 16:29:52 |
+---------------------+
1 row in set (0.00 sec)

--------------
select l_shipmode, count(distinct l_partkey) from lineitem where l_shipdate <= '1991-03-15' and l_quantity <= 8 group by 1
--------------

Empty set (0.02 sec)

--------------
select calgetstats()
--------------

+---------------------------------------------------------------------------------------------------------------------------------------------------------------------------------------------+
| calgetstats()                                                                                                                                                                               |
+---------------------------------------------------------------------------------------------------------------------------------------------------------------------------------------------+
| Query Stats: MaxMemPct-0; NumTempFiles-0; TempFileSpace-0B; ApproxPhyI/O-0; CacheI/O-0; BlocksTouched-0; PartitionBlocksEliminated-58645; MsgBytesIn-0B; MsgBytesOut-801B; Mode-Distributed |
+---------------------------------------------------------------------------------------------------------------------------------------------------------------------------------------------+
1 row in set (0.00 sec)

--------------
select now()
--------------

+---------------------+
| now()               |
+---------------------+
| 2014-11-19 16:29:52 |
+---------------------+
1 row in set (0.00 sec)

--------------
select l_shipdate, count(distinct l_orderkey), count(*) from lineitem where l_shipdate <= '1992-01-12' group by 1
--------------

+------------+----------------------------+----------+
| l_shipdate | count(distinct l_orderkey) | count(*) |
+------------+----------------------------+----------+
| 1992-01-12 |                        248 |     2500 |
| 1992-01-07 |                        129 |     1320 |
| 1992-01-06 |                        104 |     1060 |
| 1992-01-08 |                        131 |     1310 |
| 1992-01-09 |                        150 |     1530 |
| 1992-01-11 |                        200 |     2020 |
| 1992-01-04 |                         45 |      470 |
| 1992-01-05 |                         76 |      770 |
| 1992-01-10 |                        175 |     1780 |
| 1992-01-02 |                         17 |      170 |
| 1992-01-03 |                         41 |      410 |
+------------+----------------------------+----------+
11 rows in set (1.02 sec)

--------------
select calgetstats()
--------------

+-----------------------------------------------------------------------------------------------------------------------------------------------------------------------------------------------------+
| calgetstats()                                                                                                                                                                                       |
+-----------------------------------------------------------------------------------------------------------------------------------------------------------------------------------------------------+
| Query Stats: MaxMemPct-0; NumTempFiles-0; TempFileSpace-0B; ApproxPhyI/O-99232; CacheI/O-40238; BlocksTouched-40123; PartitionBlocksEliminated-0; MsgBytesIn-1MB; MsgBytesOut-9KB; Mode-Distributed |
+-----------------------------------------------------------------------------------------------------------------------------------------------------------------------------------------------------+
1 row in set (0.00 sec)

--------------
select now()
--------------

+---------------------+
| now()               |
+---------------------+
| 2014-11-19 16:29:53 |
+---------------------+
1 row in set (0.00 sec)

Bye
