--------------
select now()
--------------

+---------------------+
| now()               |
+---------------------+
| 2014-11-19 16:29:53 |
+---------------------+
1 row in set (0.00 sec)

--------------
select now()
--------------

+---------------------+
| now()               |
+---------------------+
| 2014-11-19 16:29:53 |
+---------------------+
1 row in set (0.00 sec)

--------------
select calflushcache()
--------------

+-----------------+
| calflushcache() |
+-----------------+
|               0 |
+-----------------+
1 row in set (0.03 sec)

--------------
select p_mfgr, count(*), avg(ps_availqty), avg(p_retailprice),
avg(ps_supplycost) from part, partsupp where p_size = 50 and p_retailprice <
1250 and ps_partkey = p_partkey and ps_suppkey <= 1000000 and ps_partkey <= 4000000 group by p_mfgr
order by p_mfgr
--------------

+----------------+----------+------------------+--------------------+--------------------+
| p_mfgr         | count(*) | avg(ps_availqty) | avg(p_retailprice) | avg(ps_supplycost) |
+----------------+----------+------------------+--------------------+--------------------+
| Manufacturer#1 |    77200 |        4795.7500 |        1129.060829 |         499.854663 |
| Manufacturer#2 |    79200 |        4890.7967 |        1117.545505 |         502.996073 |
| Manufacturer#3 |    74800 |        5004.4011 |        1114.669733 |         500.935922 |
| Manufacturer#4 |    75200 |        5204.3245 |        1113.329468 |         494.801277 |
| Manufacturer#5 |    84000 |        5047.2190 |        1107.064667 |         493.165845 |
+----------------+----------+------------------+--------------------+--------------------+
5 rows in set (0.58 sec)

--------------
select calgetstats()
--------------

+---------------------------------------------------------------------------------------------------------------------------------------------------------------------------------------------------------+
| calgetstats()                                                                                                                                                                                           |
+---------------------------------------------------------------------------------------------------------------------------------------------------------------------------------------------------------+
| Query Stats: MaxMemPct-0; NumTempFiles-0; TempFileSpace-0B; ApproxPhyI/O-25442; CacheI/O-32535; BlocksTouched-32508; PartitionBlocksEliminated-0; MsgBytesIn-495KB; MsgBytesOut-463KB; Mode-Distributed |
+---------------------------------------------------------------------------------------------------------------------------------------------------------------------------------------------------------+
1 row in set (0.00 sec)

--------------
select now()
--------------

+---------------------+
| now()               |
+---------------------+
| 2014-11-19 16:29:53 |
+---------------------+
1 row in set (0.00 sec)

--------------
select p_mfgr, count(*), avg(ps_availqty), avg(p_retailprice),
avg(ps_supplycost) from part, partsupp where p_size = 50 and p_retailprice <
1250 and ps_partkey = p_partkey and ps_suppkey <= 1000000 and ps_partkey <= 4000000 group by p_mfgr
order by p_mfgr
--------------

+----------------+----------+------------------+--------------------+--------------------+
| p_mfgr         | count(*) | avg(ps_availqty) | avg(p_retailprice) | avg(ps_supplycost) |
+----------------+----------+------------------+--------------------+--------------------+
| Manufacturer#1 |    77200 |        4795.7500 |        1129.060829 |         499.854663 |
| Manufacturer#2 |    79200 |        4890.7967 |        1117.545505 |         502.996073 |
| Manufacturer#3 |    74800 |        5004.4011 |        1114.669733 |         500.935922 |
| Manufacturer#4 |    75200 |        5204.3245 |        1113.329468 |         494.801277 |
| Manufacturer#5 |    84000 |        5047.2190 |        1107.064667 |         493.165845 |
+----------------+----------+------------------+--------------------+--------------------+
5 rows in set (0.29 sec)

--------------
select calgetstats()
--------------

+-----------------------------------------------------------------------------------------------------------------------------------------------------------------------------------------------------+
| calgetstats()                                                                                                                                                                                       |
+-----------------------------------------------------------------------------------------------------------------------------------------------------------------------------------------------------+
| Query Stats: MaxMemPct-0; NumTempFiles-0; TempFileSpace-0B; ApproxPhyI/O-0; CacheI/O-32508; BlocksTouched-32508; PartitionBlocksEliminated-0; MsgBytesIn-495KB; MsgBytesOut-463KB; Mode-Distributed |
+-----------------------------------------------------------------------------------------------------------------------------------------------------------------------------------------------------+
1 row in set (0.00 sec)

--------------
select calflushcache()
--------------

+-----------------+
| calflushcache() |
+-----------------+
|               0 |
+-----------------+
1 row in set (0.01 sec)

--------------
select p_mfgr, count(*), avg(ps_availqty), avg(p_retailprice),
avg(ps_supplycost) from part, partsupp where p_size = 50 and p_retailprice <
1250  and ps_partkey = p_partkey and ps_suppkey <= 7500000 and ps_partkey <= 4000000 group by p_mfgr
order by p_mfgr
--------------

+----------------+----------+------------------+--------------------+--------------------+
| p_mfgr         | count(*) | avg(ps_availqty) | avg(p_retailprice) | avg(ps_supplycost) |
+----------------+----------+------------------+--------------------+--------------------+
| Manufacturer#1 |    77200 |        4795.7500 |        1129.060829 |         499.854663 |
| Manufacturer#2 |    79200 |        4890.7967 |        1117.545505 |         502.996073 |
| Manufacturer#3 |    74800 |        5004.4011 |        1114.669733 |         500.935922 |
| Manufacturer#4 |    75200 |        5204.3245 |        1113.329468 |         494.801277 |
| Manufacturer#5 |    84000 |        5047.2190 |        1107.064667 |         493.165845 |
+----------------+----------+------------------+--------------------+--------------------+
5 rows in set (0.50 sec)

--------------
select calgetstats()
--------------

+---------------------------------------------------------------------------------------------------------------------------------------------------------------------------------------------------------+
| calgetstats()                                                                                                                                                                                           |
+---------------------------------------------------------------------------------------------------------------------------------------------------------------------------------------------------------+
| Query Stats: MaxMemPct-0; NumTempFiles-0; TempFileSpace-0B; ApproxPhyI/O-25442; CacheI/O-32536; BlocksTouched-32508; PartitionBlocksEliminated-0; MsgBytesIn-495KB; MsgBytesOut-463KB; Mode-Distributed |
+---------------------------------------------------------------------------------------------------------------------------------------------------------------------------------------------------------+
1 row in set (0.00 sec)

--------------
select now()
--------------

+---------------------+
| now()               |
+---------------------+
| 2014-11-19 16:29:54 |
+---------------------+
1 row in set (0.01 sec)

--------------
select p_mfgr, count(*), avg(ps_availqty), avg(p_retailprice),
avg(ps_supplycost) from part, partsupp where p_size = 50 and p_retailprice <
1250  and ps_partkey = p_partkey and ps_suppkey <= 7500000 and ps_partkey <= 4000000 group by p_mfgr
order by p_mfgr
--------------

+----------------+----------+------------------+--------------------+--------------------+
| p_mfgr         | count(*) | avg(ps_availqty) | avg(p_retailprice) | avg(ps_supplycost) |
+----------------+----------+------------------+--------------------+--------------------+
| Manufacturer#1 |    77200 |        4795.7500 |        1129.060829 |         499.854663 |
| Manufacturer#2 |    79200 |        4890.7967 |        1117.545505 |         502.996073 |
| Manufacturer#3 |    74800 |        5004.4011 |        1114.669733 |         500.935922 |
| Manufacturer#4 |    75200 |        5204.3245 |        1113.329468 |         494.801277 |
| Manufacturer#5 |    84000 |        5047.2190 |        1107.064667 |         493.165845 |
+----------------+----------+------------------+--------------------+--------------------+
5 rows in set (0.39 sec)

--------------
select calgetstats()
--------------

+-----------------------------------------------------------------------------------------------------------------------------------------------------------------------------------------------------+
| calgetstats()                                                                                                                                                                                       |
+-----------------------------------------------------------------------------------------------------------------------------------------------------------------------------------------------------+
| Query Stats: MaxMemPct-0; NumTempFiles-0; TempFileSpace-0B; ApproxPhyI/O-0; CacheI/O-32508; BlocksTouched-32508; PartitionBlocksEliminated-0; MsgBytesIn-495KB; MsgBytesOut-463KB; Mode-Distributed |
+-----------------------------------------------------------------------------------------------------------------------------------------------------------------------------------------------------+
1 row in set (0.00 sec)

--------------
select calflushcache()
--------------

+-----------------+
| calflushcache() |
+-----------------+
|               0 |
+-----------------+
1 row in set (0.01 sec)

--------------
select c_nationkey, count(*), sum(o_totalprice) Revenue, avg(c_acctbal)
from customer, orders where c_acctbal > 9963 and c_nationkey < 5 and o_custkey
=  c_custkey and o_orderdate <= '1994-03-13' group by c_nationkey order by 1
--------------

+-------------+----------+---------------+----------------+
| c_nationkey | count(*) | Revenue       | avg(c_acctbal) |
+-------------+----------+---------------+----------------+
|           0 |     4600 |  570120995.00 |    9983.097609 |
|           1 |     4000 |  596589756.00 |    9971.265750 |
|           2 |     9600 | 1480935743.00 |    9983.318438 |
|           3 |     6600 | 1028120220.00 |    9984.403788 |
|           4 |     5500 |  750959713.00 |    9980.114182 |
+-------------+----------+---------------+----------------+
5 rows in set (0.49 sec)

--------------
select calgetstats()
--------------

+--------------------------------------------------------------------------------------------------------------------------------------------------------------------------------------------------------+
| calgetstats()                                                                                                                                                                                          |
+--------------------------------------------------------------------------------------------------------------------------------------------------------------------------------------------------------+
| Query Stats: MaxMemPct-0; NumTempFiles-0; TempFileSpace-0B; ApproxPhyI/O-32406; CacheI/O-31046; BlocksTouched-30992; PartitionBlocksEliminated-0; MsgBytesIn-247KB; MsgBytesOut-35KB; Mode-Distributed |
+--------------------------------------------------------------------------------------------------------------------------------------------------------------------------------------------------------+
1 row in set (0.00 sec)

--------------
select now()
--------------

+---------------------+
| now()               |
+---------------------+
| 2014-11-19 16:29:55 |
+---------------------+
1 row in set (0.00 sec)

--------------
select c_nationkey, count(*), sum(o_totalprice) Revenue, avg(c_acctbal)
from customer, orders where c_acctbal > 9963 and c_nationkey < 5 and o_custkey
=  c_custkey and o_orderdate <= '1994-03-13' group by c_nationkey order by 1
--------------

+-------------+----------+---------------+----------------+
| c_nationkey | count(*) | Revenue       | avg(c_acctbal) |
+-------------+----------+---------------+----------------+
|           0 |     4600 |  570120995.00 |    9983.097609 |
|           1 |     4000 |  596589756.00 |    9971.265750 |
|           2 |     9600 | 1480935743.00 |    9983.318438 |
|           3 |     6600 | 1028120220.00 |    9984.403788 |
|           4 |     5500 |  750959713.00 |    9980.114182 |
+-------------+----------+---------------+----------------+
5 rows in set (0.29 sec)

--------------
select calgetstats()
--------------

+----------------------------------------------------------------------------------------------------------------------------------------------------------------------------------------------------+
| calgetstats()                                                                                                                                                                                      |
+----------------------------------------------------------------------------------------------------------------------------------------------------------------------------------------------------+
| Query Stats: MaxMemPct-0; NumTempFiles-0; TempFileSpace-0B; ApproxPhyI/O-0; CacheI/O-30992; BlocksTouched-30992; PartitionBlocksEliminated-0; MsgBytesIn-247KB; MsgBytesOut-35KB; Mode-Distributed |
+----------------------------------------------------------------------------------------------------------------------------------------------------------------------------------------------------+
1 row in set (0.00 sec)

--------------
select calflushcache()
--------------

+-----------------+
| calflushcache() |
+-----------------+
|               0 |
+-----------------+
1 row in set (0.00 sec)

--------------
select c_nationkey, count(*), sum(o_totalprice) Revenue, avg(c_acctbal)
from customer, orders where c_acctbal > 9963 and c_nationkey < 5 and o_custkey
= c_custkey and o_orderdate <= '1993-10-03' group by c_nationkey order by 1
--------------

+-------------+----------+---------------+----------------+
| c_nationkey | count(*) | Revenue       | avg(c_acctbal) |
+-------------+----------+---------------+----------------+
|           0 |     3800 |  462938658.00 |    9983.825263 |
|           1 |     3200 |  430579237.00 |    9970.953438 |
|           2 |     7600 | 1184540120.00 |    9983.232632 |
|           3 |     5900 |  894758362.00 |    9984.130847 |
|           4 |     4000 |  532789668.00 |    9979.968750 |
+-------------+----------+---------------+----------------+
5 rows in set (0.45 sec)

--------------
select calgetstats()
--------------

+--------------------------------------------------------------------------------------------------------------------------------------------------------------------------------------------------------+
| calgetstats()                                                                                                                                                                                          |
+--------------------------------------------------------------------------------------------------------------------------------------------------------------------------------------------------------+
| Query Stats: MaxMemPct-0; NumTempFiles-0; TempFileSpace-0B; ApproxPhyI/O-32406; CacheI/O-29346; BlocksTouched-29302; PartitionBlocksEliminated-0; MsgBytesIn-246KB; MsgBytesOut-35KB; Mode-Distributed |
+--------------------------------------------------------------------------------------------------------------------------------------------------------------------------------------------------------+
1 row in set (0.00 sec)

--------------
select now()
--------------

+---------------------+
| now()               |
+---------------------+
| 2014-11-19 16:29:56 |
+---------------------+
1 row in set (0.01 sec)

--------------
select c_nationkey, count(*), sum(o_totalprice) Revenue, avg(c_acctbal)
from customer, orders where c_acctbal > 9963 and c_nationkey < 5 and o_custkey
= c_custkey and o_orderdate <= '1993-10-03' group by c_nationkey order by 1
--------------

+-------------+----------+---------------+----------------+
| c_nationkey | count(*) | Revenue       | avg(c_acctbal) |
+-------------+----------+---------------+----------------+
|           0 |     3800 |  462938658.00 |    9983.825263 |
|           1 |     3200 |  430579237.00 |    9970.953438 |
|           2 |     7600 | 1184540120.00 |    9983.232632 |
|           3 |     5900 |  894758362.00 |    9984.130847 |
|           4 |     4000 |  532789668.00 |    9979.968750 |
+-------------+----------+---------------+----------------+
5 rows in set (0.24 sec)

--------------
select calgetstats()
--------------

+----------------------------------------------------------------------------------------------------------------------------------------------------------------------------------------------------+
| calgetstats()                                                                                                                                                                                      |
+----------------------------------------------------------------------------------------------------------------------------------------------------------------------------------------------------+
| Query Stats: MaxMemPct-0; NumTempFiles-0; TempFileSpace-0B; ApproxPhyI/O-0; CacheI/O-29302; BlocksTouched-29302; PartitionBlocksEliminated-0; MsgBytesIn-246KB; MsgBytesOut-35KB; Mode-Distributed |
+----------------------------------------------------------------------------------------------------------------------------------------------------------------------------------------------------+
1 row in set (0.00 sec)

--------------
select calflushcache()
--------------

+-----------------+
| calflushcache() |
+-----------------+
|               0 |
+-----------------+
1 row in set (0.00 sec)

--------------
select c_nationkey, count(*), sum(o_totalprice) Revenue, avg(c_acctbal)
from customer, orders where c_acctbal > 9963 and c_nationkey < 5 and o_custkey
= c_custkey and o_orderdate <= '1993-04-26'  group by c_nationkey order by 1
--------------

+-------------+----------+--------------+----------------+
| c_nationkey | count(*) | Revenue      | avg(c_acctbal) |
+-------------+----------+--------------+----------------+
|           0 |     3000 | 397229226.00 |    9982.627000 |
|           1 |     2400 | 332045632.00 |    9972.077500 |
|           2 |     5800 | 891411928.00 |    9982.487931 |
|           3 |     4300 | 690072379.00 |    9984.166047 |
|           4 |     2500 | 275959143.00 |    9980.819600 |
+-------------+----------+--------------+----------------+
5 rows in set (0.44 sec)

--------------
select calgetstats()
--------------

+--------------------------------------------------------------------------------------------------------------------------------------------------------------------------------------------------------+
| calgetstats()                                                                                                                                                                                          |
+--------------------------------------------------------------------------------------------------------------------------------------------------------------------------------------------------------+
| Query Stats: MaxMemPct-0; NumTempFiles-0; TempFileSpace-0B; ApproxPhyI/O-32406; CacheI/O-27901; BlocksTouched-27862; PartitionBlocksEliminated-0; MsgBytesIn-246KB; MsgBytesOut-35KB; Mode-Distributed |
+--------------------------------------------------------------------------------------------------------------------------------------------------------------------------------------------------------+
1 row in set (0.00 sec)

--------------
select now()
--------------

+---------------------+
| now()               |
+---------------------+
| 2014-11-19 16:29:57 |
+---------------------+
1 row in set (0.00 sec)

--------------
select c_nationkey, count(*), sum(o_totalprice) Revenue, avg(c_acctbal)
from customer, orders where c_acctbal > 9963 and c_nationkey < 5 and o_custkey
= c_custkey and o_orderdate <= '1993-04-26'  group by c_nationkey order by 1
--------------

+-------------+----------+--------------+----------------+
| c_nationkey | count(*) | Revenue      | avg(c_acctbal) |
+-------------+----------+--------------+----------------+
|           0 |     3000 | 397229226.00 |    9982.627000 |
|           1 |     2400 | 332045632.00 |    9972.077500 |
|           2 |     5800 | 891411928.00 |    9982.487931 |
|           3 |     4300 | 690072379.00 |    9984.166047 |
|           4 |     2500 | 275959143.00 |    9980.819600 |
+-------------+----------+--------------+----------------+
5 rows in set (0.20 sec)

--------------
select calgetstats()
--------------

+----------------------------------------------------------------------------------------------------------------------------------------------------------------------------------------------------+
| calgetstats()                                                                                                                                                                                      |
+----------------------------------------------------------------------------------------------------------------------------------------------------------------------------------------------------+
| Query Stats: MaxMemPct-0; NumTempFiles-0; TempFileSpace-0B; ApproxPhyI/O-0; CacheI/O-27862; BlocksTouched-27862; PartitionBlocksEliminated-0; MsgBytesIn-246KB; MsgBytesOut-35KB; Mode-Distributed |
+----------------------------------------------------------------------------------------------------------------------------------------------------------------------------------------------------+
1 row in set (0.00 sec)

--------------
select calflushcache()
--------------

+-----------------+
| calflushcache() |
+-----------------+
|               0 |
+-----------------+
1 row in set (0.01 sec)

--------------
select c_nationkey, count(*), sum(o_totalprice) Revenue, avg(c_acctbal)
from customer, orders where c_acctbal > 9963 and c_nationkey < 5 and o_custkey
= c_custkey and o_orderdate <=  '1992-02-16' group by c_nationkey order by 1
--------------

+-------------+----------+-------------+----------------+
| c_nationkey | count(*) | Revenue     | avg(c_acctbal) |
+-------------+----------+-------------+----------------+
|           0 |      200 | 31161061.00 |    9976.605000 |
|           1 |      200 | 29753130.00 |    9979.710000 |
|           2 |      400 | 54287334.00 |    9982.052500 |
|           3 |      400 | 86249370.00 |    9980.277500 |
+-------------+----------+-------------+----------------+
4 rows in set (0.38 sec)

--------------
select calgetstats()
--------------

+--------------------------------------------------------------------------------------------------------------------------------------------------------------------------------------------------------+
| calgetstats()                                                                                                                                                                                          |
+--------------------------------------------------------------------------------------------------------------------------------------------------------------------------------------------------------+
| Query Stats: MaxMemPct-0; NumTempFiles-0; TempFileSpace-0B; ApproxPhyI/O-32406; CacheI/O-19665; BlocksTouched-19622; PartitionBlocksEliminated-0; MsgBytesIn-244KB; MsgBytesOut-35KB; Mode-Distributed |
+--------------------------------------------------------------------------------------------------------------------------------------------------------------------------------------------------------+
1 row in set (0.00 sec)

--------------
select now()
--------------

+---------------------+
| now()               |
+---------------------+
| 2014-11-19 16:29:57 |
+---------------------+
1 row in set (0.00 sec)

--------------
select c_nationkey, count(*), sum(o_totalprice) Revenue, avg(c_acctbal)
from customer, orders where c_acctbal > 9963 and c_nationkey < 5 and o_custkey
= c_custkey and o_orderdate <=  '1992-02-16' group by c_nationkey order by 1
--------------

+-------------+----------+-------------+----------------+
| c_nationkey | count(*) | Revenue     | avg(c_acctbal) |
+-------------+----------+-------------+----------------+
|           0 |      200 | 31161061.00 |    9976.605000 |
|           1 |      200 | 29753130.00 |    9979.710000 |
|           2 |      400 | 54287334.00 |    9982.052500 |
|           3 |      400 | 86249370.00 |    9980.277500 |
+-------------+----------+-------------+----------------+
4 rows in set (0.17 sec)

--------------
select calgetstats()
--------------

+----------------------------------------------------------------------------------------------------------------------------------------------------------------------------------------------------+
| calgetstats()                                                                                                                                                                                      |
+----------------------------------------------------------------------------------------------------------------------------------------------------------------------------------------------------+
| Query Stats: MaxMemPct-0; NumTempFiles-0; TempFileSpace-0B; ApproxPhyI/O-0; CacheI/O-19622; BlocksTouched-19622; PartitionBlocksEliminated-0; MsgBytesIn-244KB; MsgBytesOut-35KB; Mode-Distributed |
+----------------------------------------------------------------------------------------------------------------------------------------------------------------------------------------------------+
1 row in set (0.00 sec)

--------------
select calflushcache()
--------------

+-----------------+
| calflushcache() |
+-----------------+
|               0 |
+-----------------+
1 row in set (0.00 sec)

--------------
select o_orderpriority, max(l_shipdate), avg(o_totalprice), count(*)
from orders, lineitem where o_orderdate > '1998-08-01' and o_totalprice < 1365 
and o_orderkey = l_orderkey and l_shipdate >  '1998-08-01' and l_suppkey <
10000000 group by o_orderpriority order by o_orderpriority
--------------

+-----------------+-----------------+-------------------+----------+
| o_orderpriority | max(l_shipdate) | avg(o_totalprice) | count(*) |
+-----------------+-----------------+-------------------+----------+
| 1-URGENT        | 1998-10-06      |       1154.100000 |      100 |
+-----------------+-----------------+-------------------+----------+
1 row in set (1.95 sec)

--------------
select calgetstats()
--------------

+-------------------------------------------------------------------------------------------------------------------------------------------------------------------------------------------------------------+
| calgetstats()                                                                                                                                                                                               |
+-------------------------------------------------------------------------------------------------------------------------------------------------------------------------------------------------------------+
| Query Stats: MaxMemPct-0; NumTempFiles-0; TempFileSpace-0B; ApproxPhyI/O-153038; CacheI/O-150744; BlocksTouched-150641; PartitionBlocksEliminated-651; MsgBytesIn-988KB; MsgBytesOut-14KB; Mode-Distributed |
+-------------------------------------------------------------------------------------------------------------------------------------------------------------------------------------------------------------+
1 row in set (0.00 sec)

--------------
select now()
--------------

+---------------------+
| now()               |
+---------------------+
| 2014-11-19 16:29:59 |
+---------------------+
1 row in set (0.00 sec)

--------------
select o_orderpriority, max(l_shipdate), avg(o_totalprice), count(*)
from orders, lineitem where o_orderdate > '1998-08-01' and o_totalprice < 1365 
and o_orderkey = l_orderkey and l_shipdate >  '1998-08-01' and l_suppkey <
10000000 group by o_orderpriority order by o_orderpriority
--------------

+-----------------+-----------------+-------------------+----------+
| o_orderpriority | max(l_shipdate) | avg(o_totalprice) | count(*) |
+-----------------+-----------------+-------------------+----------+
| 1-URGENT        | 1998-10-06      |       1154.100000 |      100 |
+-----------------+-----------------+-------------------+----------+
1 row in set (1.83 sec)

--------------
select calgetstats()
--------------

+-------------------------------------------------------------------------------------------------------------------------------------------------------------------------------------------------------------+
| calgetstats()                                                                                                                                                                                               |
+-------------------------------------------------------------------------------------------------------------------------------------------------------------------------------------------------------------+
| Query Stats: MaxMemPct-0; NumTempFiles-0; TempFileSpace-0B; ApproxPhyI/O-150989; CacheI/O-150742; BlocksTouched-150641; PartitionBlocksEliminated-651; MsgBytesIn-988KB; MsgBytesOut-14KB; Mode-Distributed |
+-------------------------------------------------------------------------------------------------------------------------------------------------------------------------------------------------------------+
1 row in set (0.00 sec)

--------------
select calflushcache()
--------------

+-----------------+
| calflushcache() |
+-----------------+
|               0 |
+-----------------+
1 row in set (0.02 sec)

--------------
select o_orderpriority, max(l_shipdate), avg(o_totalprice), count(*)
from orders, lineitem where o_orderdate > '1998-08-01' and o_totalprice < 1365 
  and o_orderkey = l_orderkey and l_shipdate >  '1998-08-01' and l_suppkey <
8000000 group by o_orderpriority order by o_orderpriority
--------------

+-----------------+-----------------+-------------------+----------+
| o_orderpriority | max(l_shipdate) | avg(o_totalprice) | count(*) |
+-----------------+-----------------+-------------------+----------+
| 1-URGENT        | 1998-10-06      |       1154.100000 |      100 |
+-----------------+-----------------+-------------------+----------+
1 row in set (2.05 sec)

--------------
select calgetstats()
--------------

+-------------------------------------------------------------------------------------------------------------------------------------------------------------------------------------------------------------+
| calgetstats()                                                                                                                                                                                               |
+-------------------------------------------------------------------------------------------------------------------------------------------------------------------------------------------------------------+
| Query Stats: MaxMemPct-0; NumTempFiles-0; TempFileSpace-0B; ApproxPhyI/O-155086; CacheI/O-150744; BlocksTouched-150641; PartitionBlocksEliminated-651; MsgBytesIn-988KB; MsgBytesOut-14KB; Mode-Distributed |
+-------------------------------------------------------------------------------------------------------------------------------------------------------------------------------------------------------------+
1 row in set (0.00 sec)

--------------
select now()
--------------

+---------------------+
| now()               |
+---------------------+
| 2014-11-19 16:30:03 |
+---------------------+
1 row in set (0.00 sec)

--------------
select o_orderpriority, max(l_shipdate), avg(o_totalprice), count(*)
from orders, lineitem where o_orderdate > '1998-08-01' and o_totalprice < 1365 
  and o_orderkey = l_orderkey and l_shipdate >  '1998-08-01' and l_suppkey <
8000000 group by o_orderpriority order by o_orderpriority
--------------

+-----------------+-----------------+-------------------+----------+
| o_orderpriority | max(l_shipdate) | avg(o_totalprice) | count(*) |
+-----------------+-----------------+-------------------+----------+
| 1-URGENT        | 1998-10-06      |       1154.100000 |      100 |
+-----------------+-----------------+-------------------+----------+
1 row in set (1.93 sec)

--------------
select calgetstats()
--------------

+-------------------------------------------------------------------------------------------------------------------------------------------------------------------------------------------------------------+
| calgetstats()                                                                                                                                                                                               |
+-------------------------------------------------------------------------------------------------------------------------------------------------------------------------------------------------------------+
| Query Stats: MaxMemPct-0; NumTempFiles-0; TempFileSpace-0B; ApproxPhyI/O-147917; CacheI/O-150736; BlocksTouched-150641; PartitionBlocksEliminated-651; MsgBytesIn-988KB; MsgBytesOut-14KB; Mode-Distributed |
+-------------------------------------------------------------------------------------------------------------------------------------------------------------------------------------------------------------+
1 row in set (0.00 sec)

--------------
select calflushcache()
--------------

+-----------------+
| calflushcache() |
+-----------------+
|               0 |
+-----------------+
1 row in set (0.02 sec)

--------------
select o_orderpriority, max(l_shipdate), avg(o_totalprice), count(*)  from
orders, lineitem  where o_orderdate > '1998-08-01' and o_totalprice < 1365 and
o_orderkey = l_orderkey and l_shipdate >  '1998-08-01' and l_suppkey < 6000000
group by o_orderpriority order by o_orderpriority
--------------

+-----------------+-----------------+-------------------+----------+
| o_orderpriority | max(l_shipdate) | avg(o_totalprice) | count(*) |
+-----------------+-----------------+-------------------+----------+
| 1-URGENT        | 1998-10-06      |       1154.100000 |      100 |
+-----------------+-----------------+-------------------+----------+
1 row in set (1.97 sec)

--------------
select calgetstats()
--------------

+-------------------------------------------------------------------------------------------------------------------------------------------------------------------------------------------------------------+
| calgetstats()                                                                                                                                                                                               |
+-------------------------------------------------------------------------------------------------------------------------------------------------------------------------------------------------------------+
| Query Stats: MaxMemPct-0; NumTempFiles-0; TempFileSpace-0B; ApproxPhyI/O-158158; CacheI/O-150744; BlocksTouched-150641; PartitionBlocksEliminated-651; MsgBytesIn-988KB; MsgBytesOut-14KB; Mode-Distributed |
+-------------------------------------------------------------------------------------------------------------------------------------------------------------------------------------------------------------+
1 row in set (0.00 sec)

--------------
select now()
--------------

+---------------------+
| now()               |
+---------------------+
| 2014-11-19 16:30:07 |
+---------------------+
1 row in set (0.00 sec)

--------------
select o_orderpriority, max(l_shipdate), avg(o_totalprice), count(*) 
from orders, lineitem  where o_orderdate > '1998-08-01' and o_totalprice < 1365
and o_orderkey = l_orderkey and l_shipdate >  '1998-08-01' and l_suppkey <
6000000 group by o_orderpriority order by o_orderpriority
--------------

+-----------------+-----------------+-------------------+----------+
| o_orderpriority | max(l_shipdate) | avg(o_totalprice) | count(*) |
+-----------------+-----------------+-------------------+----------+
| 1-URGENT        | 1998-10-06      |       1154.100000 |      100 |
+-----------------+-----------------+-------------------+----------+
1 row in set (1.88 sec)

--------------
select calgetstats()
--------------

+-------------------------------------------------------------------------------------------------------------------------------------------------------------------------------------------------------------+
| calgetstats()                                                                                                                                                                                               |
+-------------------------------------------------------------------------------------------------------------------------------------------------------------------------------------------------------------+
| Query Stats: MaxMemPct-0; NumTempFiles-0; TempFileSpace-0B; ApproxPhyI/O-143310; CacheI/O-150736; BlocksTouched-150641; PartitionBlocksEliminated-651; MsgBytesIn-988KB; MsgBytesOut-14KB; Mode-Distributed |
+-------------------------------------------------------------------------------------------------------------------------------------------------------------------------------------------------------------+
1 row in set (0.00 sec)

--------------
select calflushcache()
--------------

+-----------------+
| calflushcache() |
+-----------------+
|               0 |
+-----------------+
1 row in set (0.02 sec)

Bye
