
Version     : 4.6.6                             Vendor: MariaDB, Inc.
Release     : 2                             Build Date: Thu 30 Jul 2015 01:40:11 PM CDT

000 Create/Load Uncompressed Tables:  Passed
001 Working Folder Test:              Failed

-----------------------------------------------------------------------------------------------------------

+-------+---------+------+--------------------------+----------+-------+-------+--------+--------+----------+--------+
| runId | version | rel  | buildDtm                 | run_time | maxPP | maxEM | maxDMP | maxImp | maxCntlr | maxAll |
+-------+---------+------+--------------------------+----------+-------+-------+--------+--------+----------+--------+
|    26 | 4.6.6   | 2    | Thu 30 Jul 2015 01:40:11 | 00:20:48 |  14.4 |   6.3 |    0.7 |    3.4 |      1.2 |   20.9 |
+-------+---------+------+--------------------------+----------+-------+-------+--------+--------+----------+--------+

+---------+---------------------+--------+---------+------+----------+------------+------------+-----------+
| Run     | Start               | Run ID | Version | Rel  | Run Time | Max ExeMgr | Avg ExeMgr | Tests Run |
+---------+---------------------+--------+---------+------+----------+------------+------------+-----------+
| Current | 2015-08-05 13:23:17 |     26 | 4.6.6   | 2    | 00:20:48 |        6.3 |    0.66947 |         2 |
+---------+---------------------+--------+---------+------+----------+------------+------------+-----------+


+---------+----------+-------+-------+--------+--------+----------+---------+--------+
| test    | run_time | maxPP | maxEM | maxDMP | maxImp | maxCntlr | maxWrkr | maxAll |
+---------+----------+-------+-------+--------+--------+----------+---------+--------+
| test000 | 00:04:08 |  12.0 |   0.5 |    0.7 |    3.4 |      1.0 |     0.4 |   14.7 |
| test001 | 00:16:40 |  14.4 |   6.3 |    0.7 |    0.2 |      1.2 |     0.4 |   20.9 |
+---------+----------+-------+-------+--------+--------+----------+---------+--------+

-----------------------------------------------------------------------------------------------------------

Working Folder Test scripts that failed:
Compare failed - working_tpch1/qa_fe_cnxFunctions/REGEXP.SM.sql
Compare failed - working_tpch1/qa_fe_cnxFunctions/repeat.sql
Compare failed - working_tpch1/qa_fe_cnxFunctions/REPLACE.SM.sql
Compare failed - working_tpch1/qa_fe_cnxFunctions/reserve.sql
Compare failed - working_tpch1/qa_fe_cnxFunctions/RIGHT.SL.sql
Compare failed - working_tpch1/qa_fe_cnxFunctions/RIGHT.SM.sql
Compare failed - working_tpch1/qa_fe_cnxFunctions/ROUND.NM.SEL.sql
Compare failed - working_tpch1/qa_fe_cnxFunctions/ROUND.NM.sql
Compare failed - working_tpch1/qa_fe_cnxFunctions/round.sql
Compare failed - working_tpch1/qa_fe_cnxFunctions/RPAD.SL.sql
Compare failed - working_tpch1/qa_fe_cnxFunctions/RPAD.SM.sql
Compare failed - working_tpch1/qa_fe_cnxFunctions/RTRIM.SS.sql
Compare failed - working_tpch1/qa_fe_cnxFunctions/SECOND.DS.sql
Compare failed - working_tpch1/qa_fe_cnxFunctions/SEC_TO_TIME.sql
Compare failed - working_tpch1/qa_fe_cnxFunctions/sha.sql
Compare failed - working_tpch1/qa_fe_cnxFunctions/SIN.NS.sql
Compare failed - working_tpch1/qa_fe_cnxFunctions/space.sql
Compare failed - working_tpch1/qa_fe_cnxFunctions/SQRT.NS.sql
Compare failed - working_tpch1/qa_fe_cnxFunctions/strcmp.sql
Compare failed - working_tpch1/qa_fe_cnxFunctions/STR_TO_DATE.sql
Compare failed - working_tpch1/qa_fe_postProcessedFunctions/CONCAT_WS.SM.sql
Compare failed - working_tpch1/qa_fe_postProcessedFunctions/COUNT.DC.sql
Compare failed - working_tpch1/qa_fe_postProcessedFunctions/COUNT.NC.sql
Compare failed - working_tpch1/qa_fe_postProcessedFunctions/COUNT.SC.sql
Compare failed - working_tpch1/qa_fe_postProcessedFunctions/DATE_ADD.DM.sql
Compare failed - working_tpch1/qa_fe_postProcessedFunctions/MAX.NC.sql
Compare failed - working_tpch1/qa_fe_postProcessedFunctions/MAX.SC.sql
Compare failed - working_tpch1/qa_fe_postProcessedFunctions/MIN.DC.sql
Compare failed - working_tpch1/qa_fe_postProcessedFunctions/MIN.NC.sql
Compare failed - working_tpch1/qa_fe_postProcessedFunctions/MIN.SC.sql
Compare failed - working_tpch1/qa_fe_postProcessedFunctions/POSITION.SM.sql
Compare failed - working_tpch1/qa_fe_postProcessedFunctions/RIGHT.SL.sql
Compare failed - working_tpch1/qa_fe_postProcessedFunctions/RIGHT.SM.sql

-----------------------------------------------------------------------------------------------------------

Tests completed!
Archive directory ./archive/2015-08-05@13:22:33
