col1	col2
this is a test.	3
this is a test.	1
this is a test.	2
col1	t2
this is a test.	3
this is a test.	1
this is a test.	2
1
1
id	st
3	FL
1	GA
7	FL
id	count(st)
1	1
3	1
7	1
id	st
2	GA
4	FL
id	count(st)
2	1
4	1
count(*)
2
(SELECT SUM(t1.a)/AVG(t2.x) FROM t2)
3.3333
a	COUNT(*)
1	3
(SELECT SUM(t1.a) FROM t2 WHERE a=0)
NULL
(SELECT SUM(t1.a) FROM t2 WHERE a=1)
3
id	select_type	table	type	possible_keys	key	key_len	ref	rows	Extra
1	PRIMARY	t1	ALL	NULL	NULL	NULL	NULL	2	Using where
2	DEPENDENT SUBQUERY	t1	index_subquery	I1	I1	2	func	2	Using index; Using where
out_a	MIN(b)
1	2
2	4
2
2
2
