(select 2)
2
(SELECT 1)
1
2
(SELECT (SELECT 0 UNION SELECT 0))
0
(SELECT 1)	MAX(1)
1	1
1
1
a
1
id
1
1
1
1 IN (SELECT 1)
1
1
1
b
1
(SELECT 1,2,3) = ROW(1,2,3)
1
(SELECT 1,2,3) = ROW(1,2,1)
0
(SELECT 1,2,3) < ROW(1,2,1)
0
(SELECT 1,2,3) > ROW(1,2,1)
1
(SELECT 1,2,3) = ROW(1,2,NULL)
NULL
ROW(1,2,3) = (SELECT 1,2,3)
1
ROW(1,2,3) = (SELECT 1,2,1)
0
ROW(1,2,3) < (SELECT 1,2,1)
0
ROW(1,2,3) > (SELECT 1,2,1)
1
ROW(1,2,3) = (SELECT 1,2,NULL)
NULL
(SELECT 1.5,2,'a') = ROW(1.5,2,'a')
1
(SELECT 1.5,2,'a') = ROW(1.5,2,'b')
0
(SELECT 1.5,2,'a') = ROW('1.5b',2,'b')
0
(SELECT 'b',2,'a') = ROW(1.5,2,'a')
0
(SELECT 1.5,2,'a') = ROW(1.5,'2','a')
1
(SELECT 1.5,'c','a') = ROW(1.5,2,'a')
0
a	b	(SELECT b)
1	2	2
