CCHAR1
a
a
a
a
a
a
a
a
a
a
a
a
a
a
a
a
a
a
a
a
a
a
a
a
a
a
a
a
a
a
a
a
a
a
a
a
a
a
a
a
a
a
a
a
a
a
a
a
a
a
z
z
z
z
z
z
z
z
z
z
z
z
z
z
z
z
z
z
z
z
z
z
z
z
z
z
z
z
z
z
z
z
z
z
z
z
z
z
z
z
z
z
z
z
z
z
z
z
z
z
CCHAR9
aaaaaaaaa
aaaaaaaaa
i
i
ii
ii
iii
iii
iiii
iiii
rrrrrrr
rrrrrrr
rrrrrrrr
rrrrrrrr
rrrrrrrrr
rrrrrrrrr
rrrrrrrrr
rrrrrrrrr
rrrrrrrrr
rrrrrrrrr
rrrrrrrrr
rrrrrrrrr
zzzzzzzzz
zzzzzzzzz
CCHAR1
a
a
a
a
a
a
a
a
a
a
a
a
a
a
a
a
a
a
a
a
a
a
a
a
a
z
z
z
z
z
z
z
z
z
z
z
z
z
z
z
z
z
z
z
z
z
z
z
z
z
