n_name
ALGERIA
ALGERIA
ARGENTINA
ARGENTINA
BRAZIL
BRAZIL
CANADA
CANADA
CHINA
CHINA
EGYPT
EGYPT
ETHIOPIA
ETHIOPIA
FRANCE
FRANCE
GERMANY
GERMANY
INDIA
INDIA
INDONESIA
INDONESIA
IRAN
IRAN
IRAQ
IRAQ
JAPAN
JAPAN
JORDAN
JORDAN
KENYA
KENYA
MOROCCO
MOROCCO
MOZAMBIQUE
MOZAMBIQUE
PERU
PERU
ROMANIA
ROMANIA
RUSSIA
RUSSIA
SAUDI ARABIA
SAUDI ARABIA
UNITED KINGDOM
UNITED KINGDOM
UNITED STATES
UNITED STATES
VIETNAM
VIETNAM
n_name
ALGERIA
ARGENTINA
BRAZIL
CANADA
CHINA
EGYPT
ETHIOPIA
FRANCE
GERMANY
INDIA
INDONESIA
IRAN
IRAQ
JAPAN
JORDAN
KENYA
MOROCCO
MOZAMBIQUE
PERU
ROMANIA
RUSSIA
SAUDI ARABIA
UNITED KINGDOM
UNITED STATES
VIETNAM
a_name
ALGERIA
ARGENTINA
BRAZIL
CANADA
CHINA
EGYPT
ETHIOPIA
FRANCE
GERMANY
INDIA
INDONESIA
IRAN
IRAQ
JAPAN
JORDAN
KENYA
MOROCCO
MOZAMBIQUE
PERU
ROMANIA
RUSSIA
SAUDI ARABIA
UNITED KINGDOM
UNITED STATES
VIETNAM
name1
ALGERIA
ALGERIA
ARGENTINA
ARGENTINA
BRAZIL
BRAZIL
CANADA
CANADA
CHINA
CHINA
EGYPT
EGYPT
ETHIOPIA
ETHIOPIA
FRANCE
FRANCE
GERMANY
GERMANY
INDIA
INDIA
INDONESIA
INDONESIA
IRAN
IRAN
IRAQ
IRAQ
JAPAN
JAPAN
JORDAN
JORDAN
KENYA
KENYA
MOROCCO
MOROCCO
MOZAMBIQUE
MOZAMBIQUE
PERU
PERU
ROMANIA
ROMANIA
RUSSIA
RUSSIA
SAUDI ARABIA
SAUDI ARABIA
UNITED KINGDOM
UNITED KINGDOM
UNITED STATES
UNITED STATES
VIETNAM
VIETNAM
a_name	regionkey
ALGERIA	0
ARGENTINA	1
BRAZIL	1
CANADA	1
CHINA	2
EGYPT	4
ETHIOPIA	0
FRANCE	3
GERMANY	3
INDIA	2
INDONESIA	2
IRAN	4
IRAQ	4
JAPAN	2
JORDAN	4
KENYA	0
MOROCCO	0
MOZAMBIQUE	0
PERU	1
ROMANIA	3
RUSSIA	3
SAUDI ARABIA	4
UNITED KINGDOM	3
UNITED STATES	1
VIETNAM	2
a_name
ALGERIA
ALGERIA
ARGENTINA
ARGENTINA
BRAZIL
BRAZIL
CANADA
CANADA
CHINA
CHINA
EGYPT
EGYPT
ETHIOPIA
ETHIOPIA
FRANCE
FRANCE
GERMANY
GERMANY
INDIA
INDIA
INDONESIA
INDONESIA
IRAN
IRAN
IRAQ
IRAQ
JAPAN
JAPAN
JORDAN
JORDAN
KENYA
KENYA
MOROCCO
MOROCCO
MOZAMBIQUE
MOZAMBIQUE
PERU
PERU
ROMANIA
ROMANIA
RUSSIA
RUSSIA
SAUDI ARABIA
SAUDI ARABIA
UNITED KINGDOM
UNITED KINGDOM
UNITED STATES
UNITED STATES
VIETNAM
VIETNAM
a_name	regionkey
ALGERIA	0
ALGERIA	0
ARGENTINA	1
ARGENTINA	1
BRAZIL	1
BRAZIL	1
CANADA	1
CANADA	1
CHINA	2
CHINA	2
EGYPT	4
EGYPT	4
ETHIOPIA	0
ETHIOPIA	0
FRANCE	3
FRANCE	3
GERMANY	3
GERMANY	3
INDIA	2
INDIA	2
INDONESIA	2
INDONESIA	2
IRAN	4
IRAN	4
IRAQ	4
IRAQ	4
JAPAN	2
JAPAN	2
JORDAN	4
JORDAN	4
KENYA	0
KENYA	0
MOROCCO	0
MOROCCO	0
MOZAMBIQUE	0
MOZAMBIQUE	0
PERU	1
PERU	1
ROMANIA	3
ROMANIA	3
RUSSIA	3
RUSSIA	3
SAUDI ARABIA	4
SAUDI ARABIA	4
UNITED KINGDOM	3
UNITED KINGDOM	3
UNITED STATES	1
UNITED STATES	1
VIETNAM	2
VIETNAM	2
EntityType	EntityName	Frequency
1	ARGENTINA	1
1	BRAZIL	1
1	CANADA	1
1	PERU	1
1	UNITED STATES	1
2	al foxes promise slyly according to the regular accounts. bold requests alon	1
2	eas hang ironic, silent packages. slyly regular packages are furiously over the tithes. fluffily bold	1
2	platelets. blithely pending dependencies use fluffily across the even pinto beans. carefully silent accoun	1
2	y alongside of the pending deposits. carefully special packages are about the ironic forges. slyly special 	1
2	y final packages. slow foxes cajole quickly. quickly silent platelets breach ironic accounts. unusual pinto be	1
