NORMAL	OFERTA
1	1
1	1
1	1
1	1
NORMAL	OFERTA
1	1
1	1
1	1
1	1
NORMAL	OFERTA
1	1
1	1
1	1
1	1
NORMAL	OFERTA
1	1
NORMAL	OFERTA
1	1
NORMAL	OFERTA
1	1
r_regionkey	r_name	r_comment
0	AFRICA\0\0\0\0\0\0\0\0\0\0\0\0\0\0\0\0\0\0\0	lar deposits. blithely final packages cajole. regular waters are final requests. regular accounts are according to 
1	AMERICA\0\0\0\0\0\0\0\0\0\0\0\0\0\0\0\0\0\0	hs use ironic, even requests. s
2	ASIA\0\0\0\0\0\0\0\0\0\0\0\0\0\0\0\0\0\0\0\0\0	ges. thinly even pinto beans ca
3	EUROPE\0\0\0\0\0\0\0\0\0\0\0\0\0\0\0\0\0\0\0	ly final courts cajole furiously final excuse
4	MIDDLE EAST\0\0\0\0\0\0\0\0\0\0\0\0\0\0	uickly special accounts cajole carefully blithely close requests. carefully final asymptotes haggle furiousl
