c1	c2	c3	s1	s2	s3	c1	c2	c3	s1	s2	s3
1	1	1	1	1	1	1	1	1	1	1	1
2	2	2	2	2	2	NULL	NULL	NULL	NULL	NULL	NULL
3	3	3	3	3	3	NULL	NULL	NULL	NULL	NULL	NULL
4	1	1	1	1	1	NULL	NULL	NULL	NULL	NULL	NULL
5	99	99	99	99	99	NULL	NULL	NULL	NULL	NULL	NULL
6	NULL	NULL	NULL	NULL	NULL	NULL	NULL	NULL	NULL	NULL	NULL
c1	c2	c3	s1	s2	s3	c1	c2	c3	s1	s2	s3
NULL	NULL	NULL	NULL	NULL	NULL	1	2	2	2	2	2
NULL	NULL	NULL	NULL	NULL	NULL	1	3	3	3	3	3
NULL	NULL	NULL	NULL	NULL	NULL	2	NULL	NULL	NULL	NULL	NULL
NULL	NULL	NULL	NULL	NULL	NULL	2	4	4	4	4	4
NULL	NULL	NULL	NULL	NULL	NULL	2	5	5	5	5	5
NULL	NULL	NULL	NULL	NULL	NULL	6	2	2	2	2	2
1	1	1	1	1	1	1	1	1	1	1	1
c1	c2	c3	s1	s2	s3	c3	s1	s2	s3
1	1	1	1	1	1	1	1	1	1
2	2	2	2	2	2	NULL	NULL	NULL	NULL
3	3	3	3	3	3	NULL	NULL	NULL	NULL
4	1	1	1	1	1	NULL	NULL	NULL	NULL
5	99	99	99	99	99	NULL	NULL	NULL	NULL
6	NULL	NULL	NULL	NULL	NULL	NULL	NULL	NULL	NULL
c1	c2	c3	s1	s2	s3	c3	s1	s2	s3
1	1	1	1	1	1	1	1	1	1
1	2	2	2	2	2	NULL	NULL	NULL	NULL
1	3	3	3	3	3	NULL	NULL	NULL	NULL
2	NULL	NULL	NULL	NULL	NULL	NULL	NULL	NULL	NULL
2	4	4	4	4	4	NULL	NULL	NULL	NULL
2	5	5	5	5	5	NULL	NULL	NULL	NULL
6	2	2	2	2	2	NULL	NULL	NULL	NULL
