id	c1	c2	c3
0	2011-01-27	NULL	1999-08-25
2	2001-01-05	2.34	NULL
id	c1	c2	c3
0	2011-01-27	NULL	1999-08-25
2	2001-01-05	2.34	NULL
id	c1	c2	c3
0	2011-01-27	NULL	1999-08-25
id	c1	c2	c3
0	2011-01-27	NULL	1999-08-25
1	NULL	NULL	NULL
3	NULL	NULL	2001-05-03
id	c1	c2	c3
0	2011-01-27	NULL	1999-08-25
1	NULL	NULL	NULL
3	NULL	NULL	2001-05-03
id	c1	c2	c3
2	2001-01-05	2.34	NULL
id	c1	c2	c3
0	2011-01-27	NULL	1999-08-25
3	NULL	NULL	2001-05-03
id	c1	c2	c3
0	2011-01-27	NULL	1999-08-25
1	NULL	NULL	NULL
3	NULL	NULL	2001-05-03
id	c1	c2	c3
0	2011-01-27	NULL	1999-08-25
1	NULL	NULL	NULL
2	2001-01-05	2.34	NULL
3	NULL	NULL	2001-05-03
id	c1	c2	c3
0	2011-01-27	NULL	1999-08-25
3	NULL	NULL	2001-05-03
id	c1	c2	c3
0	2011-01-27	NULL	1999-08-25
2	2001-01-05	2.34	NULL
3	NULL	NULL	2001-05-03
id	c1	c2	c3
0	2011-01-27	NULL	1999-08-25
2	2001-01-05	2.34	NULL
3	NULL	NULL	2001-05-03
id	c1	c2	c3
0	2011-01-27	NULL	1999-08-25
3	NULL	NULL	2001-05-03
id	c1	c2	c3
0	2011-01-27	NULL	1999-08-25
3	NULL	NULL	2001-05-03
id	c1	c2	c3
0	2011-01-27	NULL	1999-08-25
3	NULL	NULL	2001-05-03
q1	idx
q1	1
q1	2
q1	3
q1	4
q1	5
q1	6
q1	7
q2	idx	bi1	dt1	dt2
q2	1	1	2008-01-25	2008-01-25
q2	2	2	2009-01-25	2009-01-25
q2	3	3	2010-01-25	2010-01-25
q2	4	NULL	NULL	2011-01-25
q2	5	5	2012-01-25	NULL
q2	8	8	2015-01-25	2012-01-25
q2	10	NULL	NULL	NULL
q3	idx	bi1	dt1	dt2
q3	4	NULL	NULL	2011-01-25
q3	8	8	2015-01-25	2012-01-25
q3	10	NULL	NULL	NULL
q4	idx	f1	f2
q4	1	1	1
q4	2	2	2
q4	3	3	3
q4	4	4	4
q4	5	5	5
q4	6	6	6
q4	7	7	7
q4	9	9	NULL
q5	idx	vc1	vc2
q5	2	2	NULL
q5	3	NULL	3
q5	4	4	4
q5	5	5	5
q5	6	6	6
q5	7	7	7
q5	8	8	8
q5	9	9	9
q6	idx	dtm1	dtm2
q6	6	NULL	2015-01-25 11:00:00
q6	7	2014-01-25 10:00:00	NULL
q6	8	2013-01-25 10:00:00	2015-01-25 11:00:00
q7	idx	d1	d2	f1	f2
q7	1	1	1	1	1
q7	2	2	2	2	2
q7	3	3	3	3	3
q7	4	4	4	4	4
q7	5	5	5	5	5
q7	8	8	8	NULL	8
q8	idx	dtm1	dtm2
q8	1	2008-01-25 10:00:00	2011-01-08 11:00:00
q8	2	2009-01-25 10:00:00	2019-01-25 11:00:00
q8	3	2010-01-25 10:00:00	2018-01-25 11:00:00
q8	4	2011-01-25 10:00:00	2017-01-25 11:00:00
q8	5	2012-01-25 10:00:00	2016-01-25 11:00:00
q8	6	NULL	2015-01-25 11:00:00
q8	7	2014-01-25 10:00:00	NULL
q8	8	2013-01-25 10:00:00	2015-01-25 11:00:00
q8	9	2012-01-25 10:00:00	2016-01-25 11:00:00
q9	idx
q9	1
q9	2
q9	3
q9	4
q9	5
q9	6
q9	7
q9	8
q9	9
q10	idx
q10	4
q10	5
q10	7
q10	9
q10	10
count(*)
3
count(*)
2
count(*)
2
count(*)
9
count(*)
3
24
