COL0	COL1
blue blanched tan indian olive	45
blush rosy metallic lemon navajo	1
chocolate metallic smoke ghost drab	14
dark green antique puff wheat	21
floral moccasin royal powder burnished	44
forest blush chiffon thistle chocolate	15
goldenrod lace spring peru powder	7
ivory khaki cream midnight rosy	41
thistle rose moccasin light floral	12
white ivory azure firebrick black	4
COL0	COL1
blue blanched tan indian olive	45
blush rosy metallic lemon navajo	1
chocolate metallic smoke ghost drab	14
dark green antique puff wheat	21
floral moccasin royal powder burnished	44
forest blush chiffon thistle chocolate	15
goldenrod lace spring peru powder	7
ivory khaki cream midnight rosy	41
thistle rose moccasin light floral	12
white ivory azure firebrick black	4
