count(*)
11
count(*)
11
count(*)
0
r_regionkey	r_name	r_comment
0	AFRICA	lar deposits. blithely final packages cajole. regular waters are final requests. regular accounts are according to 
1	AMERICA	hs use ironic, even requests. s
2	ASIA	ges. thinly even pinto beans ca
3	EUROPE	ly final courts cajole furiously final excuse
4	MIDDLE EAST	uickly special accounts cajole carefully blithely close requests. carefully final asymptotes haggle furiousl
r_regionkey	r_name	r_comment
2	ASIA	ges. thinly even pinto beans ca
3	EUROPE	ly final courts cajole furiously final excuse
r_regionkey	r_name	r_comment
0	AFRICA	lar deposits. blithely final packages cajole. regular waters are final requests. regular accounts are according to 
1	AMERICA	hs use ironic, even requests. s
2	ASIA	ges. thinly even pinto beans ca
3	EUROPE	ly final courts cajole furiously final excuse
4	MIDDLE EAST	uickly special accounts cajole carefully blithely close requests. carefully final asymptotes haggle furiousl
(select min(r_regionkey) from region where r_regionkey=n_regionkey)
0
1
1
1
4
0
3
3
2
2
4
4
2
4
0
0
0
1
2
3
4
2
3
3
1
