eigyo_shimei	(CASE (T1.`eigyo_shimei`)  WHEN 'SMITH' THEN 1 WHEN 'ALLEN' THEN 2 WHEN 'JONES' THEN 3 ELSE 4 END)	SUM(T1.`uriage`)
ALLEN	2	2000
BLAKE	4	5000
JONES	3	3000
SMITH	1	5000
eigyo_shimei	(CASE (T1.eigyo_shimei)  WHEN 'SMITH' THEN 1 WHEN 'ALLEN' THEN 2 WHEN 'JONES' THEN 3 ELSE 4 END)	SUM(T1.`uriage`)
ALLEN	2	2000
BLAKE	4	5000
JONES	3	3000
SMITH	1	5000
eigyo_shimei	number	SUM(T1.`uriage`)
ALLEN	2	2000
BLAKE	4	5000
JONES	3	3000
SMITH	1	5000
eigyo_shimei	(CASE (T1.`eigyo_shimei`)  WHEN 'SMITH' THEN 1 WHEN 'ALLEN' THEN 2 WHEN 'JONES' THEN 3 ELSE 4 END)	SUM(T1.`uriage`)
ALLEN	2	2000
BLAKE	4	5000
JONES	3	3000
SMITH	1	5000
eigyo_shimei	(CASE (T1.eigyo_shimei)  WHEN 'SMITH' THEN 1 WHEN 'ALLEN' THEN 2 WHEN 'JONES' THEN 3 ELSE 4 END)	SUM(T1.`uriage`)
ALLEN	2	2000
BLAKE	4	5000
JONES	3	3000
SMITH	1	5000
eigyo_shimei	number	SUM(T1.`uriage`)
ALLEN	2	2000
BLAKE	4	5000
JONES	3	3000
SMITH	1	5000
