
Version     : 4.6.6                             Vendor: MariaDB, Inc.
Release     : 2                             Build Date: Thu 30 Jul 2015 01:40:11 PM CDT

000 Create/Load Uncompressed Tables:  Passed
001 Working Folder Test:              Failed

-----------------------------------------------------------------------------------------------------------

+-------+---------+------+--------------------------+----------+-------+-------+--------+--------+----------+--------+
| runId | version | rel  | buildDtm                 | run_time | maxPP | maxEM | maxDMP | maxImp | maxCntlr | maxAll |
+-------+---------+------+--------------------------+----------+-------+-------+--------+--------+----------+--------+
|    16 | 4.6.6   | 2    | Thu 30 Jul 2015 01:40:11 | 00:20:36 |  14.7 |   6.1 |    0.8 |    3.3 |      1.1 |   20.9 |
+-------+---------+------+--------------------------+----------+-------+-------+--------+--------+----------+--------+

+---------+---------------------+--------+---------+------+----------+------------+------------+-----------+
| Run     | Start               | Run ID | Version | Rel  | Run Time | Max ExeMgr | Avg ExeMgr | Tests Run |
+---------+---------------------+--------+---------+------+----------+------------+------------+-----------+
| Current | 2015-08-04 14:08:16 |     16 | 4.6.6   | 2    | 00:20:36 |        6.1 |    0.65619 |         2 |
+---------+---------------------+--------+---------+------+----------+------------+------------+-----------+


+---------+----------+-------+-------+--------+--------+----------+---------+--------+
| test    | run_time | maxPP | maxEM | maxDMP | maxImp | maxCntlr | maxWrkr | maxAll |
+---------+----------+-------+-------+--------+--------+----------+---------+--------+
| test000 | 00:03:47 |  12.0 |   0.5 |    0.7 |    3.3 |      1.0 |     0.4 |   15.0 |
| test001 | 00:16:48 |  14.7 |   6.1 |    0.8 |    0.2 |      1.1 |     0.4 |   20.9 |
+---------+----------+-------+-------+--------+--------+----------+---------+--------+

-----------------------------------------------------------------------------------------------------------

Working Folder Test scripts that failed:
Compare failed - working_tpch1/misc/rename.negative.sql
Compare failed - working_tpch1/qa_fe_cnxFunctions/REGEXP.SM.sql
Compare failed - working_tpch1/qa_fe_cnxFunctions/repeat.sql
Compare failed - working_tpch1/qa_fe_cnxFunctions/REPLACE.SM.sql
Compare failed - working_tpch1/qa_fe_cnxFunctions/reserve.sql
Compare failed - working_tpch1/qa_fe_cnxFunctions/RIGHT.SL.sql
Compare failed - working_tpch1/qa_fe_cnxFunctions/RIGHT.SM.sql
Compare failed - working_tpch1/qa_fe_postProcessedFunctions/IF.SM.sql
Compare failed - working_tpch1/qa_fe_postProcessedFunctions/LPAD.SM.sql
Compare failed - working_tpch1/qa_fe_postProcessedFunctions/MATHEXPR.NL.sql
Compare failed - working_tpch1/qa_fe_postProcessedFunctions/MAX.DC.sql
Compare failed - working_tpch1/qa_fe_postProcessedFunctions/MAX.NC.sql
Compare failed - working_tpch1/qa_fe_postProcessedFunctions/MAX.SC.sql
Compare failed - working_tpch1/qa_fe_postProcessedFunctions/MIN.DC.sql
Compare failed - working_tpch1/qa_fe_postProcessedFunctions/MIN.NC.sql
Compare failed - working_tpch1/qa_fe_postProcessedFunctions/MIN.SC.sql
Compare failed - working_tpch1/qa_fe_postProcessedFunctions/POSITION.SM.sql
Compare failed - working_tpch1/qa_fe_postProcessedFunctions/RIGHT.SL.sql
Compare failed - working_tpch1/qa_fe_postProcessedFunctions/RIGHT.SM.sql

-----------------------------------------------------------------------------------------------------------

Tests completed!
Archive directory ./archive/2015-08-04@14:07:32
