
Version     : 4.6.6                             Vendor: MariaDB, Inc.
Release     : 2                             Build Date: Thu 30 Jul 2015 01:40:11 PM CDT

000 Create/Load Uncompressed Tables:  Passed
001 Working Folder Test:              Passed

-----------------------------------------------------------------------------------------------------------

+-------+---------+------+--------------------------+----------+-------+-------+--------+--------+----------+--------+
| runId | version | rel  | buildDtm                 | run_time | maxPP | maxEM | maxDMP | maxImp | maxCntlr | maxAll |
+-------+---------+------+--------------------------+----------+-------+-------+--------+--------+----------+--------+
|    24 | 4.6.6   | 2    | Thu 30 Jul 2015 01:40:11 | 01:03:35 |  14.4 |   7.2 |    1.1 |    3.5 |      1.3 |   22.5 |
+-------+---------+------+--------------------------+----------+-------+-------+--------+--------+----------+--------+

+---------+---------------------+--------+---------+------+----------+------------+------------+-----------+
| Run     | Start               | Run ID | Version | Rel  | Run Time | Max ExeMgr | Avg ExeMgr | Tests Run |
+---------+---------------------+--------+---------+------+----------+------------+------------+-----------+
| Current | 2015-08-05 01:07:44 |     24 | 4.6.6   | 2    | 01:03:35 |        7.2 |    0.93887 |         2 |
+---------+---------------------+--------+---------+------+----------+------------+------------+-----------+


+---------+----------+-------+-------+--------+--------+----------+---------+--------+
| test    | run_time | maxPP | maxEM | maxDMP | maxImp | maxCntlr | maxWrkr | maxAll |
+---------+----------+-------+-------+--------+--------+----------+---------+--------+
| test000 | 00:06:45 |  12.1 |   0.9 |    1.0 |    3.5 |      1.2 |     0.5 |   16.2 |
| test001 | 00:56:49 |  14.4 |   7.2 |    1.1 |    0.4 |      1.3 |     0.6 |   22.5 |
+---------+----------+-------+-------+--------+--------+----------+---------+--------+

-----------------------------------------------------------------------------------------------------------

Tests completed!
Archive directory ./archive/2015-08-05@01:06:58
