Running ./misc/bug2813.sql
Running ./misc/bug2838.sql
Running ./misc/bug2884.sql
Running ./misc/bug3019.sql
Running ./misc/bug3038.sql
Running ./misc/bug3067.sql
Running ./misc/bug3492.sql
Running ./misc/bug3509.sql
Running ./misc/bug3520.sql
Running ./misc/bug5098.sql
Running ./multijoin_ssb_dim_2colgrp/ssb_dim_2colgrp02.sql
Running ./multijoin_ssb_dim_2colgrp/ssb_dim_2colgrp03.sql
Running ./multijoin_ssb_dim_2colgrp/ssb_dim_2colgrp04.sql
Running ./multijoin_ssb_dim_2colgrp/ssb_dim_2colgrp05.sql
Running ./multijoin_ssb_dim_2colgrp/ssb_dim_2colgrp06.sql
Running ./multijoin_ssb_dim_2colgrp/ssb_dim_2colgrp07.sql
Running ./multijoin_ssb_dim_2colgrp/ssb_dim_2colgrp08.sql
Running ./multijoin_ssb_dim_2colgrp/ssb_dim_2colgrp09.sql
Running ./multijoin_ssb_dim_2colgrp/ssb_dim_2colgrp10.sql
Running ./multijoin_ssb_dim_2colgrp/ssb_dim_2colgrp11.sql
Running ./multijoin_ssb_dim_2colgrp/ssb_dim_2colgrp12.sql
Running ./multijoin_ssb_dim/ssb_dim01.sql
Running ./multijoin_ssb_dim/ssb_dim02.sql
Running ./multijoin_ssb_dim/ssb_dim03.sql
Running ./multijoin_ssb_dim/ssb_dim04.sql
Running ./multijoin_ssb_dim/ssb_dim05.sql
Running ./multijoin_ssb_dim/ssb_dim06.sql
Running ./multijoin_ssb_dim/ssb_dim07.sql
Running ./multijoin_ssb_dim/ssb_dim08.sql
Running ./multijoin_ssb_dim/ssb_dim09.sql
Running ./multijoin_ssb_dim/ssb_dim10.sql
Running ./multijoin_ssb_dim/ssb_dim11.sql
Running ./multijoin_ssb_dim/ssb_dim12.sql
Running ./ssb_dim_mixed_outer_2colgrp/ssb_dim_mixed_outer_2colgrp10.sql
Running ./ssb_dim_mixed_outer_2colgrp/ssb_dim_mixed_outer_2colgrp11.sql
Running ./ssb_dim_mixed_outer_2colgrp/ssb_dim_mixed_outer_2colgrp12.sql
Running ./ssb_dim_mixed_outer_2colgrp/ssb_dim_mixed_outer_2colgrp2.sql
Running ./ssb_dim_mixed_outer_2colgrp/ssb_dim_mixed_outer_2colgrp3.sql
Running ./ssb_dim_mixed_outer_2colgrp/ssb_dim_mixed_outer_2colgrp4.sql
Running ./ssb_dim_mixed_outer_2colgrp/ssb_dim_mixed_outer_2colgrp5.sql
Running ./ssb_dim_mixed_outer_2colgrp/ssb_dim_mixed_outer_2colgrp6.sql
Running ./ssb_dim_mixed_outer_2colgrp/ssb_dim_mixed_outer_2colgrp7.sql
Running ./ssb_dim_mixed_outer_2colgrp/ssb_dim_mixed_outer_2colgrp8.sql
Running ./ssb_dim_mixed_outer_2colgrp/ssb_dim_mixed_outer_2colgrp9.sql
Running ./ssb/q1.1.mod.sql
Running ./ssb/q1.2.mod.sql
Running ./ssb/q1.3.mod.sql
Running ./ssb/q2.1.mod.sql
Running ./ssb/q2.2.mod.sql
Running ./ssb/q2.3.mod.sql
Running ./ssb/q3.1.mod.sql
Running ./ssb/q3.2.mod.sql
Running ./ssb/q3.3.mod.sql
Running ./ssb/q3.4.mod.sql
Running ./ssb/q4.1.mod.sql
Running ./ssb/q4.2.mod.sql
Running ./ssb/q4.3.mod.sql
Running ./sub/bug2907.sql
Running ./sub/bug2909.sql
Running ./sub/bug2922.sql
Running ./sub/bug2924.sql
Running ./sub/complex_semijoin.ssb.sql
Running ./sub/correlated_scalar.ssb.sql
Running ./sub/having_sub.sql
Running ./sub/nested_sub.ssb.sql
Running ./sub/non_distributed_from.sql
Running ./sub/order_limit_sub.sql
Running ./sub/q10.1.sql
Running ./sub/q2.10.1.sql
Running ./sub/q2.10.2.sql
Running ./sub/q2.2.1.sql
Running ./sub/q2.3.1.sql
Running ./sub/q2.3.2.sql
Running ./sub/q2.4.1.sql
Running ./sub/q2.4.2.sql
Running ./sub/q2.5.1.sql
Running ./sub/q2.6.1.sql
Running ./sub/q2.6.2.sql
Running ./sub/q2.7.1.sql
Running ./sub/q2.8.1.sql
Running ./sub/q2.9.1.sql
Running ./sub/q3.2.1.sql
Running ./sub/q3.3.1.sql
Running ./sub/q3.3.2.sql
Running ./sub/q3.4.1.sql
Running ./sub/q3.4.2.sql
Running ./sub/q3.5.1.negative.sql
Running ./sub/q3.6.1.sql
Running ./sub/q3.7.1.sql
Running ./sub/q3.8.1.sql
Running ./sub/q3.9.1.sql
Running ./sub/q4.2.1.sql
Running ./sub/q4.2.2.sql
Running ./sub/q4.3.1.sql
Running ./sub/q4.3.2.sql
Running ./sub/q4.4.1.sql
Running ./sub/q4.4.2.sql
Running ./sub/q4.5.1.sql
Running ./sub/q5.2.1.sql
Running ./sub/q5.2.2.sql
Running ./sub/q5.3.1.negative.sql
Running ./sub/q6.1.1.sql
Running ./sub/q6.1.2.sql
Running ./sub/q6.1.3.sql
Running ./sub/q6.1.sql
Running ./sub/q6.sql
Running ./sub/q7.1.1.sql
Running ./sub/q7.1.2.sql
Running ./sub/q7.1.3.sql
Running ./sub/q7b.sql
Running ./sub/q7.sql
Running ./sub/q8.1.1.sql
Running ./sub/q8.1.2.sql
Running ./sub/q9.1.1.sql
Running ./sub/q9.1.2.sql
Running ./sub/q9.1.3.sql
Running ./sub/simple_scalar.ssb.sql
Running ./sub/standard_from.sql
Running ./sub/wsub01.sql
All tests passed.
