Running ./dataValidation/aggregate_tpch.lineitem.sql
Running ./dataValidation/aggregate_tpch.orders.sql
Running ./dataValidation/aggregate_tpch.others.sql
Running ./dataValidation/dataval.1gb.sql
Running ./dataValidation/str_aggregate_tpch.lineitem.sql
Running ./dataValidation/val_dtypes.sql
Running ./distinctAggregationAndGroupBy/distinctlineitem1.sql
Running ./distinctAggregationAndGroupBy/distinctonjoins.sql
Running ./distinctAggregationAndGroupBy/distinctorders.sql
Running ./functionsAndExpressions/01_singleTableFilters.sql
Running ./functionsAndExpressions/02_crossTableFiltersUM.sql
Running ./functionsAndExpressions/03_crossTableFiltersPM.sql
Running ./functionsAndExpressions/04_selectUM.sql
Running ./functionsAndExpressions/05_selectPM.sql
Running ./functionsAndExpressions/06_aggrUM.sql
Running ./functionsAndExpressions/07_aggrPM.sql
Running ./functionsAndExpressions/08_funcsOnAggr.sql
Running ./functionsAndExpressions/09_ors.sql
Running ./functionsAndExpressions/BITOR.sql
Running ./functionsAndExpressions/BITXOR.sql
Running ./functionsAndExpressions/bug3554b.sql
Running ./functionsAndExpressions/bug3554.sql
Running ./functionsAndExpressions/bug3784.sql
Running ./functionsAndExpressions/COS.NS.sql
Running ./functionsAndExpressions/COT.NS.sql
Running ./functionsAndExpressions/GREATEST.NM.sql
Running ./functionsAndExpressions/GREATEST.SM.sql
Running ./functionsAndExpressions/LEAST.NM.sql
Running ./functionsAndExpressions/LEAST.SM.sql
Running ./functionsAndExpressions/MATHEXPR11.NM.sql
Running ./functionsAndExpressions/MATHEXPR14.NM.sql
Running ./functionsAndExpressions/MATHEXPR17.NM.sql
Running ./functionsAndExpressions/SHIFTLEFT.sql
Running ./functionsAndExpressions/SHIFTRIGHT.sql
Running ./functionsAndExpressions/SUBSTRING.SM.sql
Running ./functionsAndExpressions/SUBSTR.SM.sql
Running ./functionsAndExpressions/TAN.NS.sql
Running ./functionsAndExpressions/UCASE.SS.sql
Running ./functionsAndExpressions/UPPER.SS.sql
Running ./having/having2.sql
Running ./having/having_mysql.sql
Running ./having/q01.sql
Running ./having/q02.sql
Running ./having/q03.sql
Running ./misc/1a-www.sql
Running ./misc/1b-www.sql
Running ./misc/1c-www.sql
Running ./misc/1d-www.sql
Running ./misc/2a-www.sql
Running ./misc/2b-bw.sql
Running ./misc/2c-bw.sql
Running ./misc/2d-bw.sql
Running ./misc/2e-CZH.sql
Running ./misc/2f-CZH.sql
Running ./misc/2g-dmc.sql
Running ./misc/2h-1.sql
Running ./misc/3a-patrick.sql
Running ./misc/3a-xlou.sql
Running ./misc/3a-Zhixuan.sql
Running ./misc/3b-bw.sql
Running ./misc/3b-CZH.sql
Running ./misc/3b-patrick.sql
Running ./misc/3b-xlou.sql
Running ./misc/3b-Zhixuan.sql
Running ./misc/aggregate_tpch.lineitem.sql
Running ./misc/aggregate_tpch.orders.sql
Running ./misc/aggregate_tpch.others.sql
Running ./misc/altertable.sql
Running ./misc/bug1632.sql
Running ./misc/bug1796.sql
Running ./misc/bug1903.sql
Running ./misc/bug1936-isNullisNotNull.sql
Running ./misc/bug1946-stringColToColComparisons.sql
Running ./misc/bug2762.sql
Running ./misc/bug2833.sql
Running ./misc/bug2834.sql
Running ./misc/bug2835.sql
Running ./misc/bug2887_negative.sql
Running ./misc/bug2891_negative.sql
Running ./misc/bug2911_negative.sql
Running ./misc/bug2990.sql
Running ./misc/bug3014.sql
Running ./misc/bug3024.sql
Running ./misc/bug3025.sql
Running ./misc/bug3076.sql
Running ./misc/bug3137.sql
Running ./misc/bug3151.sql
Running ./misc/bug3167.sql
Running ./misc/bug3181.sql
Running ./misc/bug3208.sql
Running ./misc/bug3258.sql
Running ./misc/bug3262.sql
Running ./misc/bug3267.sql
Running ./misc/bug3268.sql
Running ./misc/bug3270.sql
Running ./misc/bug3272.sql
Running ./misc/bug3274.sql
Running ./misc/bug3314.sql
Running ./misc/bug3436.sql
Running ./misc/bug3477.sql
Running ./misc/bug3483.sql
Running ./misc/bug3488.sql
Running ./misc/bug3497.sql
Running ./misc/bug3519.sql
Running ./misc/bug3691.sql
Running ./misc/bug3706.sql
Running ./misc/bug3791.sql
Running ./misc/bug3802.sql
Running ./misc/bug3852.sql
Running ./misc/bug3908.sql
Running ./misc/bug4033.sql
Running ./misc/bug4383_neg.sql
Running ./misc/bug4431.sql
Running ./misc/bug4433.sql
Running ./misc/bug4509.sql
Running ./misc/bug4543.sql
Running ./misc/bug4594.sql
Running ./misc/bug4767.sql
Running ./misc/bug4947.sql
Running ./misc/bug5099.sql
Running ./misc/bug5133.sql
Running ./misc/bug5176.sql
Running ./misc/calonlinealter.sql
Running ./misc/calshowpartitions.sql
Running ./misc/cj_01.sql
Running ./misc/cj_02.sql
Running ./misc/cj_03.sql
Running ./misc/cjdatatypetest.sql
Running ./misc/cjinnerandouterjoins.sql
Running ./misc/cjmixedsyntax.sql
Running ./misc/q3a-jer.sql
Running ./misc/q3b-jer.sql
Running ./misc/simple_outer.sql
Running ./misc/vtabledml.sql
Running ./onClauseJoins/01.sql
Running ./onClauseJoins/02.sql
Running ./onClauseJoins/03.sql
Running ./onClauseJoins/04.sql
Running ./onClauseJoins/05.sql
Running ./onClauseJoins/06.sql
Running ./onClauseJoins/07.sql
Running ./onClauseJoins/08.sql
Running ./onClauseJoins/09.sql
Running ./onClauseJoins/bug4031.sql
Running ./onClauseJoins/bug4487.sql
Running ./onClauseJoins/bug5091.sql
Running ./qa/00_drops.sql
Running ./qa/01_dtb.sql
Running ./qa/02_dtb.sql
Running ./qa/03_functions.sql
Running ./qa/04_expressions.sql
Running ./qa/05_conditions.sql
Running ./qa/06_query.sql
Running ./qa/07_query.sql
Running ./qa/08_aggregate.sql
Running ./qa/99_drops.sql
Running ./qa/cjmultitablejoins.sql
Running ./qa/DL_outerjoin.sql
Running ./qa/DL_union.sql
Running ./stddev/stddev.1.sql
Running ./stddev/stddev.2.sql
Running ./stddev/stddev.3.sql
Running ./stddev/stddev.4.sql
Running ./stddev/stddev.5.sql
Running ./stddev/stddev.6.sql
Running ./stddev/stddev_dtypes.sql
Running ./storedProcedures/sp_autoswitch.sql
Running ./storedProcedures/sp.sql
Running ./sub/bug3058.sql
Running ./sub/bug3767.sql
Running ./sub/bug3780.sql
Running ./sub/bug4848.sql
Running ./sub/correlated_scalar.sql
Running ./sub/g2_simple_scalar.negative.sql
Running ./sub/g2_simple_scalar.sql
Running ./sub/g3_simple_semi_join.negative.sql
Running ./sub/g3_simple_semi_join.sql
Running ./sub/g4_complex_semi_join.sql
Running ./sub/g5_complex_scaler.sql
Running ./sub/g6_standard_from_clause.sql
Running ./sub/g7_nested_with_aggr.sql
Running ./sub/g8_none_dist_from_clause.sql
Running ./sub/g9_orderby_limit.sql
Running ./sub/nested_sub.sql
Running ./sub/q2.3.01.sql
Running ./sub/q2.3.02.sql
Running ./sub/q2.3.04.sql
Running ./sub/q2.3.05.sql
Running ./sub/q2.3.06.sql
Running ./sub/q2.3.09.sql
Running ./sub/q2.3.10.sql
Running ./sub/q2.3.11.sql
Running ./sub/q2.3.12.sql
Running ./sub/q2.5.sql
Running ./sub/q2.6.sql
Running ./sub/q3.2.sql
Running ./sub/q3.3.sql
Running ./sub/q3.4.sql
Running ./sub/q3.5.sql
Running ./sub/q3.6b.sql
Running ./sub/q3.6.sql
Running ./sub/q3.7.sql
Running ./sub/simple_scalar.sql
Running ./sub/simple_semijoin.sql
Running ./sub/sub.nostreamingtable.01.sql
Running ./sub/sub.nostreamingtable.02.sql
Running ./sub/sub.nostreamingtable.03.sql
Running ./sub/sub.select.01.sql
Running ./sub/sub.select.02.sql
Running ./sub/sub.select.03.sql
Running ./sub/sub.select.04.sql
Running ./sub/sub.select.05.sql
Running ./sub/sub.select.06.sql
Running ./sub/www.sub.001.sql
Running ./sub/www.sub.002.sql
Running ./tableMode/autoswitch.sql
Running ./tableMode/tablemode.sql
Running ./tpch/tpch01.sql
Running ./tpch/tpch02.mod.sql
Running ./tpch/tpch03.sql
Running ./tpch/tpch04.sql
Running ./tpch/tpch05.mod.sql
Running ./tpch/tpch06.sql
Running ./tpch/tpch07.sql
Running ./tpch/tpch08.sql
Running ./tpch/tpch09.sql
Running ./tpch/tpch10.sql
Running ./tpch/tpch11.sql
Running ./tpch/tpch12.sql
Running ./tpch/tpch13.sql
Running ./tpch/tpch14.sql
Running ./tpch/tpch15.sql
Running ./tpch/tpch16.sql
Running ./tpch/tpch17.mod.sql
Running ./tpch/tpch18.sql
Running ./tpch/tpch19.mod.sql
Running ./tpch/tpch20.sql
Running ./tpch/tpch21.sql
Running ./tpch/tpch22.sql
Running ./unsigned/basicunsigned.sql
Running ./unsigned/unsigned_aggregate.sql
Running ./unsigned/unsigned_bitop.sql
Running ./unsigned/unsigned_greatest.sql
Running ./unsigned/unsigned_joins.sql
Running ./unsigned/unsigned_least.sql
Running ./unsigned/unsigned_math.sql
Running ./view/mts_view.10.sql
Running ./view/mts_view.20.sql
Running ./view/mts_view.30.sql
Running ./view/mts_view.40.sql
Running ./view/mts_view.50.sql
Running ./view/mts_view.60.sql
Running ./view/mts_view.70.sql
Running ./view/mts_view.80.sql
Running ./view/mts_view.90.sql
Running ./view/tpch15.sql
Running ./view/view_udf.sql
Running ./wide/bug3522.sql
Running ./windowFunctions/bug5345.sql
Running ./windowFunctions/bug5366.sql
Running ./windowFunctions/q0001.sql
Running ./windowFunctions/q0002.sql
Running ./windowFunctions/q0003.sql
Running ./windowFunctions/q0004b.sql
Running ./windowFunctions/q0004.sql
Running ./windowFunctions/q0005b.sql
Running ./windowFunctions/q0005.sql
Running ./windowFunctions/q0006.sql
Running ./windowFunctions/q0007b.sql
Running ./windowFunctions/q0007.sql
Running ./windowFunctions/q0008.sql
Running ./windowFunctions/q0009.sql
Running ./windowFunctions/q0010.sql
Running ./windowFunctions/q0011.sql
Running ./windowFunctions/q0012.sql
Running ./windowFunctions/q0013.sql
Running ./windowFunctions/q0014.sql
Running ./windowFunctions/q0015.sql
Running ./windowFunctions/q0016.sql
Running ./windowFunctions/q0017.sql
Running ./windowFunctions/q0018.sql
Running ./windowFunctions/q0019.sql
Running ./windowFunctions/q0020.sql
Running ./windowFunctions/q0021.sql
Running ./windowFunctions/q0022.sql
Running ./windowFunctions/q0023.sql
Running ./windowFunctions/q0024.sql
Running ./windowFunctions/q0026.sql
Running ./windowFunctions/q0027.sql
Running ./windowFunctions/q0028.sql
Running ./windowFunctions/q0029.sql
Running ./windowFunctions/q0030.sql
Running ./windowFunctions/q0031.sql
Running ./windowFunctions/q0032b.sql
Running ./windowFunctions/q0032.sql
Running ./windowFunctions/q0033.sql
Running ./windowFunctions/q0034b.sql
Running ./windowFunctions/q0034.sql
Running ./windowFunctions/q0035.sql
Running ./windowFunctions/q0036.sql
Running ./windowFunctions/q0037b.sql
Running ./windowFunctions/q0037.sql
Running ./windowFunctions/q0038.sql
Running ./windowFunctions/q0039.sql
Running ./windowFunctions/q0040.sql
Running ./windowFunctions/q0041.sql
Running ./windowFunctions/q0042.sql
Running ./windowFunctions/q0043.sql
Running ./windowFunctions/q0044.sql
Running ./windowFunctions/q0045.sql
Running ./windowFunctions/q0046.sql
Running ./windowFunctions/q0047.sql
Running ./windowFunctions/q0048.sql
Running ./windowFunctions/q0049.sql
Running ./windowFunctions/q0050.sql
Running ./windowFunctions/q0051.sql
Running ./windowFunctions/q0052b.sql
Running ./windowFunctions/q0052.sql
Running ./windowFunctions/q0053b.sql
Running ./windowFunctions/q0053.sql
Running ./windowFunctions/q0054b.sql
Running ./windowFunctions/q0054.sql
Running ./windowFunctions/q0055.sql
Running ./windowFunctions/q0059.sql
Running ./windowFunctions/q0060.sql
Running ./windowFunctions/q0061.sql
Running ./windowFunctions/q0062.sql
Running ./windowFunctions/q0063.sql
Running ./windowFunctions/q0064.sql
Running ./windowFunctions/q0065.sql
Running ./windowFunctions/q0066.sql
Running ./windowFunctions/q0067.sql
Running ./windowFunctions/q0068b.sql
Running ./windowFunctions/q0068.sql
Running ./windowFunctions/q0069.sql
Running ./windowFunctions/q0070.sql
Running ./windowFunctions/q0071.sql
Running ./windowFunctions/q0073.sql
Running ./windowFunctions/q0101.sql
Running ./windowFunctions/q0102.sql
Running ./windowFunctions/q0103.sql
Running ./windowFunctions/q0104.sql
Running ./windowFunctions/q0105.sql
Running ./windowFunctions/q0106.sql
Running ./windowFunctions/q0107.sql
Running ./windowFunctions/q0108.sql
Running ./windowFunctions/q0109.sql
Running ./windowFunctions/q0110.sql
Running ./windowFunctions/q0111.sql
Running ./windowFunctions/q0112.sql
Running ./windowFunctions/q0113.sql
Running ./windowFunctions/q0114.sql
Running ./windowFunctions/q0115.sql
Running ./windowFunctions/q0116.sql
Running ./windowFunctions/q0117a.sql
Running ./windowFunctions/q0117b.sql
Running ./windowFunctions/q0117c.sql
Running ./windowFunctions/q0117d.sql
Running ./windowFunctions/q0117e.sql
Running ./windowFunctions/q0117f.sql
Running ./windowFunctions/q0117g.sql
Running ./windowFunctions/q0117.sql
Running ./windowFunctions/q0118.sql
Running ./windowFunctions/q0119b.sql
Running ./windowFunctions/q0119.sql
Running ./windowFunctions/q0120.sql
Running ./windowFunctions/q0121.sql
Running ./windowFunctions/q0122b.sql
Running ./windowFunctions/q0122.sql
Running ./windowFunctions/q0123.sql
Running ./windowFunctions/q0124.sql
Running ./windowFunctions/q0125.sql
Running ./windowFunctions/q0126.sql
Running ./windowFunctions/q0127.sql
Running ./windowFunctions/q0128.sql
Running ./windowFunctions/q0129.sql
Running ./windowFunctions/q0130.sql
Running ./windowFunctions/q0131.sql
Running ./windowFunctions/q0132.sql
Running ./windowFunctions/q0133b.sql
Running ./windowFunctions/q0133.sql
Running ./windowFunctions/q0134.sql
Running ./windowFunctions/q0135.sql
Running ./windowFunctions/q0136.sql
Running ./windowFunctions/q0137.sql
Running ./windowFunctions/q0138.sql
Running ./windowFunctions/q0139.sql
Running ./windowFunctions/q0140.sql
Running ./windowFunctions/q0141.sql
Running ./windowFunctions/q0142.sql
Running ./windowFunctions/q0143.sql
Running ./windowFunctions/q0144.sql
Running ./windowFunctions/q0145.sql
Running ./windowFunctions/q0146.sql
Running ./windowFunctions/q0147.sql
Running ./windowFunctions/q0148.sql
Running ./windowFunctions/q0149.sql
Running ./windowFunctions/q0150.sql
Running ./windowFunctions/q0151.sql
Running ./windowFunctions/q0152.sql
Running ./windowFunctions/q0153.sql
Running ./windowFunctions/q0154.sql
Running ./windowFunctions/q0155.sql
Running ./windowFunctions/q0156.sql
Running ./windowFunctions/q0157.sql
Running ./windowFunctions/q0158.sql
Running ./windowFunctions/q0159.sql
Running ./windowFunctions/q0160.sql
Running ./windowFunctions/q0161.sql
Running ./windowFunctions/q0162.sql
Running ./windowFunctions/q0163.sql
Running ./windowFunctions/q0164.sql
Running ./windowFunctions/q0165.sql
Running ./windowFunctions/q0166.sql
Running ./windowFunctions/q0167.sql
Running ./windowFunctions/q0168.sql
Running ./windowFunctions/q0169.sql
Running ./windowFunctions/q0170.sql
Running ./windowFunctions/q0171.sql
Running ./windowFunctions/q0172.sql
Running ./windowFunctions/q0173b.sql
Running ./windowFunctions/q0173.sql
Running ./windowFunctions/q0174.sql
Running ./windowFunctions/q0175.sql
Running ./windowFunctions/q0176.sql
Running ./windowFunctions/q0177.sql
Running ./windowFunctions/q0178.sql
Running ./windowFunctions/q0179.sql
Running ./windowFunctions/q0180.sql
Running ./windowFunctions/q0181.sql
Running ./windowFunctions/q0182.sql
Running ./windowFunctions/q0183.sql
Running ./windowFunctions/q0184.sql
Running ./windowFunctions/q0185.sql
Running ./windowFunctions/q0186.sql
Running ./windowFunctions/q0187.sql
Running ./windowFunctions/q0188.sql
Running ./windowFunctions/q0189.sql
Running ./windowFunctions/q0190.sql
Running ./windowFunctions/q0191.sql
Running ./windowFunctions/q0192.sql
Running ./windowFunctions/q0193.sql
Running ./windowFunctions/q0194.sql
Running ./windowFunctions/q0195.sql
Running ./windowFunctions/q0196.sql
Running ./windowFunctions/q0197.sql
Running ./windowFunctions/q0198.sql
Running ./windowFunctions/q0199.sql
Running ./windowFunctions/q0200.sql
Running ./windowFunctions/q0201.sql
Running ./windowFunctions/q0202.sql
Running ./windowFunctions/q0209.sql
Running ./windowFunctions/q0210.sql
Running ./windowFunctions/q0211.sql
Running ./windowFunctions/q0212.sql
Running ./windowFunctions/q0213.sql
Running ./windowFunctions/q0214.sql
Running ./windowFunctions/q0215.sql
Running ./windowFunctions/q0216.sql
Running ./windowFunctions/q0217.sql
Running ./windowFunctions/q0218.sql
Running ./windowFunctions/q0219.sql
Running ./windowFunctions/q0220.sql
Running ./windowFunctions/q0221.sql
Running ./windowFunctions/q0222.sql
Running ./windowFunctions/q0223.sql
Running ./windowFunctions/q0224.sql
Running ./windowFunctions/q0225.sql
Running ./windowFunctions/q0226.sql
Running ./windowFunctions/q0227.sql
Running ./windowFunctions/q0228.sql
Running ./windowFunctions/q0229.sql
Running ./windowFunctions/q0230.sql
Running ./windowFunctions/q0231.sql
Running ./windowFunctions/q0232.sql
Running ./windowFunctions/q0233.sql
Running ./windowFunctions/q0234.sql
Running ./windowFunctions/q0235.sql
Running ./windowFunctions/q0236.sql
Running ./windowFunctions/q0237.sql
Running ./windowFunctions/q0238.sql
Running ./windowFunctions/q0239.sql
Running ./windowFunctions/q0240.sql
Running ./windowFunctions/q0241.sql
Running ./windowFunctions/q0242.sql
Running ./windowFunctions/q0243.sql
Running ./windowFunctions/q0244.sql
Running ./windowFunctions/q0245.sql
Running ./windowFunctions/q0246.sql
Running ./windowFunctions/q0247.sql
Running ./windowFunctions/q0248.sql
Running ./windowFunctions/q0249.sql
Running ./windowFunctions/q0250.sql
Running ./windowFunctions/q0251.sql
Running ./windowFunctions/q0252.sql
Running ./windowFunctions/q0253.sql
Running ./windowFunctions/q0254.sql
Running ./windowFunctions/q0255.sql
Running ./windowFunctions/q0256.sql
Running ./windowFunctions/q0257.sql
Running ./windowFunctions/q0258.sql
Running ./windowFunctions/q0259.sql
Running ./windowFunctions/q0260.sql
Running ./windowFunctions/q0261.sql
Running ./windowFunctions/q0262.sql
Running ./windowFunctions/q0263.sql
Running ./windowFunctions/q0264.sql
Running ./windowFunctions/q0265.sql
Running ./windowFunctions/q0266.sql
Running ./windowFunctions/q0267.sql
Running ./windowFunctions/q0268.sql
Running ./windowFunctions/q0269.sql
Running ./windowFunctions/q0270.sql
Running ./windowFunctions/q0271.sql
Running ./windowFunctions/q0272.sql
Running ./windowFunctions/q0273.sql
Running ./windowFunctions/q0274.sql
Running ./windowFunctions/q0275.sql
Running ./windowFunctions/q0276.sql
Running ./windowFunctions/q0277.sql
Running ./windowFunctions/q0278.sql
Running ./windowFunctions/q0279.sql
Running ./windowFunctions/q0280.sql
Running ./windowFunctions/q0281.sql
Running ./windowFunctions/q0282.sql
Running ./windowFunctions/q0283.sql
Running ./windowFunctions/q0284.sql
Running ./windowFunctions/q0285.sql
Running ./windowFunctions/q0286.sql
Running ./windowFunctions/q0287.sql
Running ./windowFunctions/q0288.sql
Running ./windowFunctions/q0289.sql
Running ./windowFunctions/q0290.sql
Running ./windowFunctions/q0291.sql
Running ./windowFunctions/q0292.sql
Running ./windowFunctions/q0293.sql
Running ./windowFunctions/q0294.sql
Running ./windowFunctions/q0295.sql
Running ./windowFunctions/q0296.sql
Running ./windowFunctions/q0297.sql
Running ./windowFunctions/q0298.sql
Running ./windowFunctions/q0299.sql
Running ./windowFunctions/q0300.sql
Running ./windowFunctions/q0301.sql
Running ./windowFunctions/q0302.sql
Running ./windowFunctions/q0303.sql
Running ./windowFunctions/q0304.sql
Running ./windowFunctions/q0305.sql
Running ./windowFunctions/q0306.sql
Running ./windowFunctions/q0307.sql
Running ./windowFunctions/q0308.sql
Running ./windowFunctions/q0309.sql
Running ./windowFunctions/q0310.sql
Running ./windowFunctions/q0311.sql
Running ./windowFunctions/q0312.sql
Running ./windowFunctions/q0313.sql
Running ./windowFunctions/q0314.sql
Running ./windowFunctions/q0315.sql
Running ./windowFunctions/q0316.sql
Running ./windowFunctions/q0317.sql
Running ./windowFunctions/q0318.sql
Running ./windowFunctions/q0319.sql
Running ./windowFunctions/q0321.sql
Running ./windowFunctions/q0322.sql
Running ./windowFunctions/q0323.sql
Running ./windowFunctions/q0324.sql
Running ./windowFunctions/q0325.sql
Running ./windowFunctions/q0326.sql
Running ./windowFunctions/q0327.sql
Running ./windowFunctions/q0328.sql
Running ./windowFunctions/q0329.sql
Running ./windowFunctions/q0330.sql
Running ./windowFunctions/q0331.sql
Running ./windowFunctions/q0332.sql
Running ./windowFunctions/q0333.sql
Running ./windowFunctions/q0334.sql
Running ./windowFunctions/q0335.sql
Running ./windowFunctions/q0336.sql
Running ./windowFunctions/q0337.sql
Running ./windowFunctions/q0338.sql
Running ./windowFunctions/q0400.sql
Running ./windowFunctions/q0401.sql
Running ./windowFunctions/q0402.sql
Running ./windowFunctions/q0405.sql
Running ./windowFunctions/q0406.sql
Running ./windowFunctions/q0407.sql
Running ./windowFunctions/q0408.sql
Running ./windowFunctions/q0409.sql
Running ./windowFunctions/q0410.sql
Running ./windowFunctions/q0411.sql
All tests passed.
