Running ./aggregation/bitop.sql
Running ./aggregation/funcAvg_m.sql
Running ./aggregation/funcCountCol_m.sql
Running ./aggregation/funcCountTable_m.sql
Running ./aggregation/funcGroupbyCol10Col_m.sql
Running ./aggregation/funcGroupbyCol1Col_m.sql
Running ./aggregation/funcGroupbyCol3Col_m.sql
Running ./aggregation/funcGroupbyTable10Col_m.sql
Running ./aggregation/funcGroupbyTable1Col_m.sql
Running ./aggregation/funcGroupbyTable3Col_m.sql
Running ./aggregation/funcMax_m.sql
Running ./aggregation/funcMin_m.sql
Running ./aggregation/funcSum_m.sql
Running ./aggregation/group_concat.sql
Running ./Bug1625/q0004.sql
Running ./Bug1625/q0005.sql
Running ./Bug1625/q0006.sql
Running ./Bug1625/q0007.sql
Running ./distinctAggregation/distinctlineitem1.sql
Running ./distinctAggregation/distinctNation1.sql
Running ./distinctAggregation/distinctorders.sql
Running ./distinctAggregation/distinctpart.sql
Running ./distinct/bug4250.sql
Running ./distinct/distinctlineitem1.sql
Running ./distinct/distinctNation1.sql
Running ./distinct/distinctorders.sql
Running ./distinct/distinctpart.sql
Running ./distinct/distinctregion.sql
Running ./distinct/distinctsupplier.sql
Running ./dml/dml1.sql
Running ./dml/dml2.sql
Running ./dml/dml3.sql
Running ./dml/stability01.sql
Running ./group/q2.3.1.1.1.sql
Running ./group/q2.3.1.1.2.sql
Running ./group/q2.3.2.1.1.sql
Running ./group/q2.3.2.1.2.sql
Running ./group/q2.3.2.1.3.sql
Running ./group/q2.3.2.1.4.sql
Running ./group/q2.3.4.1.sql
Running ./group/q2.3.4.2.sql
Running ./group/q2.3.4.3.sql
Running ./group/q2.3.4.4.sql
Running ./group/q2.3.6.sql
Running ./group/q4.2.sql
Running ./group/q4.3.sql
Running ./group/q4.4.sql
Running ./group/q4.6.1.sql
Running ./group/q4.6.2.sql
Running ./group/q4.6.sql
Running ./group/q4.8.1.sql
Running ./group/q4.8.2.sql
Running ./group/q4.8.3.sql
Running ./group/q4.8.4.sql
Running ./group/q4.8.5.sql
Running ./group/q4.8.6.sql
Running ./group/q4.8.7.sql
Running ./group/q4.8.8.sql
Running ./group/q4.8.9.sql
Running ./group/q5.1.1.sql
Running ./group/q5.1.2.sql
Running ./group/q5.1.3.sql
Running ./group/q5.2.1.sql
Running ./group/q5.2.2.sql
Running ./group/q5.2.3.sql
Running ./group/q5.2.4.sql
Running ./group/q5.2.5.sql
Running ./group/q5.3.1.sql
Running ./group/q5.4.1.sql
Running ./group/q5.4.2.sql
Running ./group/q5.4.3.sql
Running ./misc/bug2549.sql
Running ./misc/bug2584.sql
Running ./misc/bug2595.sql
Running ./misc/bug2634.sql
Running ./misc/bug2657.sql
Running ./misc/bug2712.sql
Running ./misc/bug2732.sql
Running ./misc/bug2788.sql
Running ./misc/bug2845.sql
Running ./misc/bug2876.sql
Running ./misc/bug2892.sql
Running ./misc/bug2912.sql
Running ./misc/bug2915.sql
Running ./misc/bug2919.sql
Running ./misc/bug2928.sql
Running ./misc/bug2932.sql
Running ./misc/bug2938.sql
Running ./misc/bug2954.sql
Running ./misc/bug2961.sql
Running ./misc/bug2976.sql
Running ./misc/bug2992.sql
Running ./misc/bug3002.sql
Running ./misc/bug3003.sql
Running ./misc/bug3007.sql
Running ./misc/bug3021.sql
Running ./misc/bug3067.sql
Running ./misc/bug3193.sql
Running ./misc/bug3194.sql
Running ./misc/bug3229.sql
Running ./misc/bug3292.sql
Running ./misc/bug3331.sql
Running ./misc/bug3344.sql
Running ./misc/bug3381.sql
Running ./misc/bug3398.sql
Running ./misc/bug3414.sql
Running ./misc/bug3442.sql
Running ./misc/bug3443.sql
Running ./misc/bug3458.sql
Running ./misc/bug3475.sql
Running ./misc/bug3481.sql
Running ./misc/bug3482.sql
Running ./misc/bug3484.sql
Running ./misc/bug3496.sql
Running ./misc/bug3518.sql
Running ./misc/bug3523.sql
Running ./misc/bug3524.sql
Running ./misc/bug3532.sql
Running ./misc/bug3551.sql
Running ./misc/bug3563.sql
Running ./misc/bug3669.sql
Running ./misc/bug3670.sql
Running ./misc/bug3682.sql
Running ./misc/bug3708.sql
Running ./misc/bug3719.sql
Running ./misc/bug3720.sql
Running ./misc/bug3728.sql
Running ./misc/bug3731.sql
Running ./misc/bug3736.sql
Running ./misc/bug3749.sql
Running ./misc/bug3752.sql
Running ./misc/bug3759.sql
Running ./misc/bug3761.sql
Running ./misc/bug3783.sql
Running ./misc/bug3798.sql
Running ./misc/bug3803.sql
Running ./misc/bug3819.sql
Running ./misc/bug3853.sql
Running ./misc/bug3881.sql
Running ./misc/bug3911.sql
Running ./misc/bug3932.sql
Running ./misc/bug3935.sql
Running ./misc/bug3948.sql
Running ./misc/bug3952.sql
Running ./misc/bug3961.sql
Running ./misc/bug4215.sql
Running ./misc/bug4222.sql
Running ./misc/bug4346.sql
Running ./misc/bug4359.sql
Running ./misc/bug4373.sql
Running ./misc/bug4386.sql
Running ./misc/bug4388.sql
Running ./misc/bug4422.sql
Running ./misc/bug4457.sql
Running ./misc/bug4488.sql
Running ./misc/bug4757.sql
Running ./misc/bug4767.sql
Running ./misc/bug4827.sql
Running ./misc/bug5044.sql
Running ./misc/bug5083.sql
Running ./misc/bug5126.sql
Running ./misc/bug5228.sql
Running ./misc/bug5229.sql
Running ./misc/bug5267.sql
Running ./misc/bug5286.sql
Running ./misc/bug5311.sql
Running ./misc/bug5319.sql
Running ./misc/bug5374.sql
Running ./misc/CCBillEU.sql
Running ./misc/fluffycat.sql
Running ./misc/insert_select.sql
Running ./misc/mapping.sql
Running ./misc/miscbugs.sql
Running ./misc/rename.sql
Running ./or/bug3570.sql
Running ./or/q0001.sql
Running ./or/q0002.sql
Running ./or/q0003.sql
Running ./or/q0004.sql
Running ./or/q0005.sql
Running ./or/q0006.sql
Running ./or/q0007.sql
Running ./or/q0008.sql
Running ./or/q0009.sql
Running ./postprocess/bug_1952.sql
Running ./postprocess/bug3680.sql
Running ./postprocess/expr.sql
Running ./postprocess/func_1.sql
Running ./postprocess/func_2.sql
Running ./postprocess/func_3.sql
Running ./postprocess/func_bug1678.sql
Running ./postprocess/func_bug1706.sql
Running ./postprocess/func_bug1910.sql
Running ./postprocess/func_case.sql
Running ./postprocess/limit.sql
Running ./postprocess/order_by_agg.sql
Running ./postprocess/order_by_alias.sql
Running ./postprocess/order_by_expr.sql
Running ./postprocess/order_by_func_bug.sql
Running ./postprocess/order_by.sql
Running ./postprocess/sel_dist_bug1679.sql
Running ./postprocess/select_into.sql
Running ./qa_fe_cnxExpressions/expAggrFunctions.sql
Running ./qa_fe_cnxExpressions/expAndOrTest.sql
Running ./qa_fe_cnxExpressions/expBetween.sql
Running ./qa_fe_cnxExpressions/expIn.sql
Running ./qa_fe_cnxExpressions/expMultiFunctions.sql
Running ./qa_fe_cnxExpressions/expSingleFunction.sql
Running ./qa_fe_cnxExpressions/expWhereBothSides.sql
Running ./qa_fe_cnxExpressions/MATHEXPR10.NM.sql
Running ./qa_fe_cnxExpressions/MATHEXPR18.NM.sql
Running ./qa_fe_cnxExpressions/MATHEXPR1.NL.sql
Running ./qa_fe_cnxExpressions/MATHEXPR2.NL.sql
Running ./qa_fe_cnxExpressions/MATHEXPR4.NM.sql
Running ./qa_fe_cnxExpressions/MATHEXPR6.NM.sql
Running ./qa_fe_cnxExpressions/MATHEXPR7.NM.sql
Running ./qa_fe_cnxExpressions/MATHEXPR9.NM.sql
Running ./qa_fe_cnxFunctions/ACOS.NS.sql
Running ./qa_fe_cnxFunctions/addtime.sql
Running ./qa_fe_cnxFunctions/ascii.sql
Running ./qa_fe_cnxFunctions/ASIN.NS.sql
Running ./qa_fe_cnxFunctions/ATAN.NS.sql
Running ./qa_fe_cnxFunctions/BITAND.sql
Running ./qa_fe_cnxFunctions/bug2577.sql
Running ./qa_fe_cnxFunctions/bug2589.sql
Running ./qa_fe_cnxFunctions/bug3333.sql
Running ./qa_fe_cnxFunctions/bug3334_ceil.sql
Running ./qa_fe_cnxFunctions/bug3334_overflow_error.sql
Running ./qa_fe_cnxFunctions/bug3338.sql
Running ./qa_fe_cnxFunctions/bug3506.sql
Running ./qa_fe_cnxFunctions/bug3584.sql
Running ./qa_fe_cnxFunctions/bug3585.sql
Running ./qa_fe_cnxFunctions/bug3671.sql
Running ./qa_fe_cnxFunctions/bug3788.sql
Running ./qa_fe_cnxFunctions/bug3792.sql
Running ./qa_fe_cnxFunctions/bug4703.sql
Running ./qa_fe_cnxFunctions/CASE1.DM.sql
Running ./qa_fe_cnxFunctions/CASE1.SM.sql
Running ./qa_fe_cnxFunctions/CASE2.DM.sql
Running ./qa_fe_cnxFunctions/CASE2.NM.sql
Running ./qa_fe_cnxFunctions/CASE2.SM.sql
Running ./qa_fe_cnxFunctions/CAST.DL.sql
Running ./qa_fe_cnxFunctions/CAST.DM.sql
Running ./qa_fe_cnxFunctions/CAST.NL.sql
Running ./qa_fe_cnxFunctions/CAST.NM.sql
Running ./qa_fe_cnxFunctions/CAST.SL.sql
Running ./qa_fe_cnxFunctions/CAST.SM.sql
Running ./qa_fe_cnxFunctions/CAST.sql
Running ./qa_fe_cnxFunctions/CEILING.NS.sql
Running ./qa_fe_cnxFunctions/CEIL.NS.sql
Running ./qa_fe_cnxFunctions/CHARACTER_LENGTH.SS.sql
Running ./qa_fe_cnxFunctions/CHAR_LENGTH.SS.sql
Running ./qa_fe_cnxFunctions/char.sql
Running ./qa_fe_cnxFunctions/coalesce.sql
Running ./qa_fe_cnxFunctions/CONCAT.SM.sql
Running ./qa_fe_cnxFunctions/concat_ws.sql
Running ./qa_fe_cnxFunctions/CONVERT.DL.sql
Running ./qa_fe_cnxFunctions/CONVERT.DM.sql
Running ./qa_fe_cnxFunctions/CONVERT.NL.sql
Running ./qa_fe_cnxFunctions/CONVERT.NM.sql
Running ./qa_fe_cnxFunctions/CONVERT.SL.sql
Running ./qa_fe_cnxFunctions/CONVERT.SM.sql
Running ./qa_fe_cnxFunctions/CONVERT.sql
Running ./qa_fe_cnxFunctions/conv.sql
Running ./qa_fe_cnxFunctions/crc32.sql
Running ./qa_fe_cnxFunctions/DATE_ADD.DM.sql
Running ./qa_fe_cnxFunctions/DATE_ADD.DT.sql
Running ./qa_fe_cnxFunctions/DATE_ADD.sql
Running ./qa_fe_cnxFunctions/DATEDIFF.DL.sql
Running ./qa_fe_cnxFunctions/DATEDIFF.DM.sql
Running ./qa_fe_cnxFunctions/DATE.DS.sql
Running ./qa_fe_cnxFunctions/DATE_FORMAT.DL.sql
Running ./qa_fe_cnxFunctions/DATE_FORMAT.DM.sql
Running ./qa_fe_cnxFunctions/DATE_SUB.DT.sql
Running ./qa_fe_cnxFunctions/DATE_SUB.sql
Running ./qa_fe_cnxFunctions/DAY.DS.sql
Running ./qa_fe_cnxFunctions/DAYNAME.DS.sql
Running ./qa_fe_cnxFunctions/DAYOFMONTH.DS.sql
Running ./qa_fe_cnxFunctions/DAYOFWEEK.DS.sql
Running ./qa_fe_cnxFunctions/DAYOFYEAR.DS.sql
Running ./qa_fe_cnxFunctions/degrees.sql
Running ./qa_fe_cnxFunctions/div.sql
Running ./qa_fe_cnxFunctions/elt.sql
Running ./qa_fe_cnxFunctions/EXTRACT.DM.sql
Running ./qa_fe_cnxFunctions/extract.sql
Running ./qa_fe_cnxFunctions/find_in_set.sql
Running ./qa_fe_cnxFunctions/FLOOR.NS.sql
Running ./qa_fe_cnxFunctions/FORMAT.NL.sql
Running ./qa_fe_cnxFunctions/FORMAT.NM.sql
Running ./qa_fe_cnxFunctions/FORMAT.NS.sql
Running ./qa_fe_cnxFunctions/from_days.sql
Running ./qa_fe_cnxFunctions/from_unixtime.sql
Running ./qa_fe_cnxFunctions/get_format.sql
Running ./qa_fe_cnxFunctions/GREATEST.NL.sql
Running ./qa_fe_cnxFunctions/GREATEST.SL.sql
Running ./qa_fe_cnxFunctions/hex.sql
Running ./qa_fe_cnxFunctions/HOUR.DS.sql
Running ./qa_fe_cnxFunctions/IF.NM.sql
Running ./qa_fe_cnxFunctions/IFNULL.NS.sql
Running ./qa_fe_cnxFunctions/IFNULL.SS.sql
Running ./qa_fe_cnxFunctions/inet_aton.sql
Running ./qa_fe_cnxFunctions/inet_ntoa.sql
Running ./qa_fe_cnxFunctions/insert.sql
Running ./qa_fe_cnxFunctions/INSTR.SL.sql
Running ./qa_fe_cnxFunctions/LAST_DAY.DM.sql
Running ./qa_fe_cnxFunctions/LCASE.SS.sql
Running ./qa_fe_cnxFunctions/LEAST.NL.sql
Running ./qa_fe_cnxFunctions/LEAST.SL.sql
Running ./qa_fe_cnxFunctions/LEFT.SL.sql
Running ./qa_fe_cnxFunctions/LEFT.SM.sql
Running ./qa_fe_cnxFunctions/LENGTH.SS.sql
Running ./qa_fe_cnxFunctions/LOG10.NS.sql
Running ./qa_fe_cnxFunctions/LOG2.NS.sql
Running ./qa_fe_cnxFunctions/LOG.NS.sql
Running ./qa_fe_cnxFunctions/LOWER.SS.sql
Running ./qa_fe_cnxFunctions/LPAD.SL.sql
Running ./qa_fe_cnxFunctions/LPAD.SM.sql
Running ./qa_fe_cnxFunctions/LTRIM.SS.sql
Running ./qa_fe_cnxFunctions/makedate.sql
Running ./qa_fe_cnxFunctions/maketime.sql
Running ./qa_fe_cnxFunctions/MATHEXPR.NL.sql
Running ./qa_fe_cnxFunctions/md5.sql
Running ./qa_fe_cnxFunctions/MICROSECOND.DT.sql
Running ./qa_fe_cnxFunctions/MID.SL.sql
Running ./qa_fe_cnxFunctions/MID.SM.sql
Running ./qa_fe_cnxFunctions/MINUTE.DS.sql
Running ./qa_fe_cnxFunctions/MOD.NM.sql
Running ./qa_fe_cnxFunctions/MONTH.DS.sql
Running ./qa_fe_cnxFunctions/MONTHNAME.DS.sql
Running ./qa_fe_cnxFunctions/NULLIF.DM.sql
Running ./qa_fe_cnxFunctions/NULLIF.NM.sql
Running ./qa_fe_cnxFunctions/NULLIF.SM.sql
Running ./qa_fe_cnxFunctions/nullif.sql
Running ./qa_fe_cnxFunctions/PERIOD_ADD_DIFF.sql
Running ./qa_fe_cnxFunctions/POSITION.SL.sql
Running ./qa_fe_cnxFunctions/POSITION.SM.sql
Running ./qa_fe_cnxFunctions/QUARTER.DS.sql
Running ./qa_fe_cnxFunctions/RADIANS.NS.sql
Running ./qa_fe_cnxFunctions/REGEXP.DM.sql
Running ./qa_fe_cnxFunctions/REGEXP.NM.sql
Running ./qa_fe_cnxFunctions/REGEXP.SM.sql
Running ./qa_fe_cnxFunctions/repeat.sql
Running ./qa_fe_cnxFunctions/REPLACE.SM.sql
Running ./qa_fe_cnxFunctions/reserve.sql
Running ./qa_fe_cnxFunctions/RIGHT.SL.sql
Running ./qa_fe_cnxFunctions/RIGHT.SM.sql
Running ./qa_fe_cnxFunctions/ROUND.NM.SEL.sql
Running ./qa_fe_cnxFunctions/ROUND.NM.sql
Running ./qa_fe_cnxFunctions/round.sql
Running ./qa_fe_cnxFunctions/RPAD.SL.sql
Running ./qa_fe_cnxFunctions/RPAD.SM.sql
Running ./qa_fe_cnxFunctions/RTRIM.SS.sql
Running ./qa_fe_cnxFunctions/SECOND.DS.sql
Running ./qa_fe_cnxFunctions/SEC_TO_TIME.sql
Running ./qa_fe_cnxFunctions/sha.sql
Running ./qa_fe_cnxFunctions/SIN.NS.sql
Running ./qa_fe_cnxFunctions/space.sql
Running ./qa_fe_cnxFunctions/SQRT.NS.sql
Running ./qa_fe_cnxFunctions/strcmp.sql
Running ./qa_fe_cnxFunctions/STR_TO_DATE.sql
Running ./qa_fe_cnxFunctions/SUBSTRING_INDEX.sql
Running ./qa_fe_cnxFunctions/SUBSTRING.SL.sql
Running ./qa_fe_cnxFunctions/SUBSTRING.SM.sql
Running ./qa_fe_cnxFunctions/SUBSTR.SL.sql
Running ./qa_fe_cnxFunctions/subtime.sql
Running ./qa_fe_cnxFunctions/TIMEDIFF.DL.sql
Running ./qa_fe_cnxFunctions/TIMEDIFF.DM.sql
Running ./qa_fe_cnxFunctions/TIME.DS.sql
Running ./qa_fe_cnxFunctions/TIME_FORMAT.DL.sql
Running ./qa_fe_cnxFunctions/TIME_FORMAT.DM.sql
Running ./qa_fe_cnxFunctions/timestampdiff.sql
Running ./qa_fe_cnxFunctions/TIME_TO_SEC.DM.sql
Running ./qa_fe_cnxFunctions/TIME_TO_SEC.DS.sql
Running ./qa_fe_cnxFunctions/TO_DAYS.DS.sql
Running ./qa_fe_cnxFunctions/trim.sql
Running ./qa_fe_cnxFunctions/TRIM.SS.sql
Running ./qa_fe_cnxFunctions/TRUNCATE.NL.sql
Running ./qa_fe_cnxFunctions/TRUNCATE.NM.sql
Running ./qa_fe_cnxFunctions/unhex.sql
Running ./qa_fe_cnxFunctions/unix_timestamp.sql
Running ./qa_fe_cnxFunctions/WEEKDAY.DS.sql
Running ./qa_fe_cnxFunctions/WEEK.DM.sql
Running ./qa_fe_cnxFunctions/WEEK.DS.sql
Running ./qa_fe_cnxFunctions/xor.sql
Running ./qa_fe_cnxFunctions/YEAR.DS.sql
Running ./qa_fe_cnxFunctions/YEARWEEK.DM.sql
Running ./qa_fe_cnxFunctions/YEARWEEK.DS.sql
Running ./qa_fe_postProcessedFunctions/ABS.NS.sql
Running ./qa_fe_postProcessedFunctions/ACOS.NS.sql
Running ./qa_fe_postProcessedFunctions/ASIN.NS.sql
Running ./qa_fe_postProcessedFunctions/ATAN.NS.sql
Running ./qa_fe_postProcessedFunctions/CASE1.DM.sql
Running ./qa_fe_postProcessedFunctions/CASE1.NM.sql
Running ./qa_fe_postProcessedFunctions/CASE1.SM.sql
Running ./qa_fe_postProcessedFunctions/CASE2.DM.sql
Running ./qa_fe_postProcessedFunctions/CASE2.NM.sql
Running ./qa_fe_postProcessedFunctions/CASE2.SM.sql
Running ./qa_fe_postProcessedFunctions/CEILING.NS.sql
Running ./qa_fe_postProcessedFunctions/CEIL.NS.sql
Running ./qa_fe_postProcessedFunctions/CONCAT.SM.sql
Running ./qa_fe_postProcessedFunctions/CONCAT_WS.SM.sql
Running ./qa_fe_postProcessedFunctions/COUNT.DC.sql
Running ./qa_fe_postProcessedFunctions/COUNT.NC.sql
Running ./qa_fe_postProcessedFunctions/COUNT.SC.sql
Running ./qa_fe_postProcessedFunctions/DATE_ADD.DM.sql
Running ./qa_fe_postProcessedFunctions/DATE_FORMAT.DL.sql
Running ./qa_fe_postProcessedFunctions/DATE_FORMAT.DM.sql
Running ./qa_fe_postProcessedFunctions/DATE_SUB.DM.sql
Running ./qa_fe_postProcessedFunctions/DAYNAME.DS.sql
Running ./qa_fe_postProcessedFunctions/DAYOFWEEK.DS.sql
Running ./qa_fe_postProcessedFunctions/DAYOFYEAR.DS.sql
Running ./qa_fe_postProcessedFunctions/EXTRACT.DL.sql
Running ./qa_fe_postProcessedFunctions/FORMAT.NL.sql
Running ./qa_fe_postProcessedFunctions/FORMAT.NM.sql
Running ./qa_fe_postProcessedFunctions/FROM_UNIXTIME.DL.sql
Running ./qa_fe_postProcessedFunctions/HOUR.DS.sql
Running ./qa_fe_postProcessedFunctions/IF.NM.sql
Running ./qa_fe_postProcessedFunctions/IFNULL.NS.sql
Running ./qa_fe_postProcessedFunctions/IFNULL.SS.sql
Running ./qa_fe_postProcessedFunctions/IF.SM.sql
Running ./qa_fe_postProcessedFunctions/INSTR.SL.sql
Running ./qa_fe_postProcessedFunctions/INSTR.SM.sql
Running ./qa_fe_postProcessedFunctions/LEFT.SM.sql
Running ./qa_fe_postProcessedFunctions/LENGTH.SS.sql
Running ./qa_fe_postProcessedFunctions/LN.NS.sql
Running ./qa_fe_postProcessedFunctions/LOCATE.SL.sql
Running ./qa_fe_postProcessedFunctions/LOCATE.SM.sql
Running ./qa_fe_postProcessedFunctions/LOG10.NS.sql
Running ./qa_fe_postProcessedFunctions/LOG2.NS.sql
Running ./qa_fe_postProcessedFunctions/LOG.NS.sql
Running ./qa_fe_postProcessedFunctions/LPAD.SM.sql
Running ./qa_fe_postProcessedFunctions/MATHEXPR.NL.sql
Running ./qa_fe_postProcessedFunctions/MAX.DC.sql
Running ./qa_fe_postProcessedFunctions/MAX.NC.sql
Running ./qa_fe_postProcessedFunctions/MAX.SC.sql
Running ./qa_fe_postProcessedFunctions/MIN.DC.sql
Running ./qa_fe_postProcessedFunctions/MIN.NC.sql
Running ./qa_fe_postProcessedFunctions/MIN.SC.sql
Running ./qa_fe_postProcessedFunctions/POSITION.SM.sql
Running ./qa_fe_postProcessedFunctions/RIGHT.SL.sql
Running ./qa_fe_postProcessedFunctions/RIGHT.SM.sql
Running ./qa_fe_postProcessedFunctions/ROUND.NL.sql
Running ./qa_fe_postProcessedFunctions/ROUND.NM.sql
Running ./qa_fe_postProcessedFunctions/RPAD.SL.sql
Running ./qa_fe_postProcessedFunctions/RPAD.SM.sql
Running ./qa_fe_postProcessedFunctions/SECOND.DS.sql
Running ./qa_fe_postProcessedFunctions/SEC_TO_TIME.NS.sql
Running ./qa_fe_postProcessedFunctions/SIGN.NS.sql
Running ./qa_fe_postProcessedFunctions/SPACE.SL.sql
Running ./qa_fe_postProcessedFunctions/SQRT.NS.sql
Running ./qa_fe_postProcessedFunctions/SUBSTRING.SM.sql
Running ./qa_fe_postProcessedFunctions/SUBTIME.DL.sql
Running ./qa_fe_postProcessedFunctions/SUBTIME.DM.sql
Running ./qa_fe_postProcessedFunctions/SUM.NC.sql
Running ./qa_fe_postProcessedFunctions/TIMEDIFF.DL.sql
Running ./qa_fe_postProcessedFunctions/TIMEDIFF.DM.sql
Running ./qa_fe_postProcessedFunctions/TIME_TO_SEC.DS.sql
Running ./qa_fe_postProcessedFunctions/TO_DAYS.DS.sql
Running ./qa_fe_postProcessedFunctions/TRUNCATE.NL.sql
Running ./qa_fe_postProcessedFunctions/TRUNCATE.NM.sql
Running ./qa_fe_postProcessedFunctions/WEEKDAY.DS.sql
Running ./qa_fe_postProcessedFunctions/WEEK.DM.sql
Running ./qa_fe_postProcessedFunctions/WEEK.DS.sql
Running ./qa_fe_postProcessedFunctions/WEEKOFYEAR.DS.sql
Running ./qa_fe_postProcessedFunctions/YEARWEEK.DM.sql
Running ./qa_fe_postProcessedFunctions/YEARWEEK.DS.sql
Running ./union/union01.sql
Running ./union/union02.sql
Running ./union/union03.sql
Running ./union/union04.sql
Running ./union/union05.sql
Running ./union/union06.sql
Running ./union/union.sql
Running ./view/view_prepare.sql
Running ./view/view_sp.sql
Running ./view/view.sql
All tests passed.
