cdate	addtime(cdate, '3 24:22:50.123456')	cdatetime	addtime(cdatetime, '3 24:22:50.123456')
1997-01-01	1997-01-05 00:22:50	1997-01-01 00:00:00	1997-01-05 00:22:50
1997-01-01	1997-01-05 00:22:50	1997-01-01 00:00:01	1997-01-05 00:22:51
1997-01-02	1997-01-06 00:22:50	1997-01-02 00:00:01	1997-01-06 00:22:51
1997-01-03	1997-01-07 00:22:50	1997-01-03 00:00:02	1997-01-07 00:22:52
1997-01-04	1997-01-08 00:22:50	1997-01-04 00:00:03	1997-01-08 00:22:53
2009-12-28	2010-01-01 00:22:50	2009-12-31 23:59:56	2010-01-05 00:22:46
2009-12-29	2010-01-02 00:22:50	2009-12-31 23:59:57	2010-01-05 00:22:47
2009-12-30	2010-01-03 00:22:50	2009-12-31 23:59:58	2010-01-05 00:22:48
2009-12-31	2010-01-04 00:22:50	2009-12-31 23:59:59	2010-01-05 00:22:49
2009-12-31	2010-01-04 00:22:50	2009-12-31 23:59:59	2010-01-05 00:22:49
2009-12-31	2010-01-04 00:22:50	2009-12-31 23:59:59	2010-01-05 00:22:49
cdate	addtime(cdate, '240:59:59')	cdatetime	addtime(cdatetime, '240:59:59')
1997-01-01	1997-01-11 00:59:59	1997-01-01 00:00:00	1997-01-11 00:59:59
1997-01-01	1997-01-11 00:59:59	1997-01-01 00:00:01	1997-01-11 01:00:00
1997-01-02	1997-01-12 00:59:59	1997-01-02 00:00:01	1997-01-12 01:00:00
1997-01-03	1997-01-13 00:59:59	1997-01-03 00:00:02	1997-01-13 01:00:01
1997-01-04	1997-01-14 00:59:59	1997-01-04 00:00:03	1997-01-14 01:00:02
2009-12-28	2010-01-07 00:59:59	2009-12-31 23:59:56	2010-01-11 00:59:55
2009-12-29	2010-01-08 00:59:59	2009-12-31 23:59:57	2010-01-11 00:59:56
2009-12-30	2010-01-09 00:59:59	2009-12-31 23:59:58	2010-01-11 00:59:57
2009-12-31	2010-01-10 00:59:59	2009-12-31 23:59:59	2010-01-11 00:59:58
2009-12-31	2010-01-10 00:59:59	2009-12-31 23:59:59	2010-01-11 00:59:58
2009-12-31	2010-01-10 00:59:59	2009-12-31 23:59:59	2010-01-11 00:59:58
cdate	addtime(cdate, '24:22:50 123456')	addtime(cdatetime, '24:22:50 123456')
1997-01-01	NULL	NULL
1997-01-01	NULL	NULL
1997-01-02	NULL	NULL
1997-01-03	NULL	NULL
1997-01-04	NULL	NULL
2009-12-28	NULL	NULL
2009-12-29	NULL	NULL
2009-12-30	NULL	NULL
2009-12-31	NULL	NULL
2009-12-31	NULL	NULL
2009-12-31	NULL	NULL
cdate	addtime(cdate, '3 24:22:50')	cdatetime	addtime(cdatetime, '240:59:59')
1997-01-01	1997-01-05 00:22:50	1997-01-01 00:00:00	1997-01-11 00:59:59
1997-01-01	1997-01-05 00:22:50	1997-01-01 00:00:01	1997-01-11 01:00:00
1997-01-02	1997-01-06 00:22:50	1997-01-02 00:00:01	1997-01-12 01:00:00
1997-01-03	1997-01-07 00:22:50	1997-01-03 00:00:02	1997-01-13 01:00:01
1997-01-04	1997-01-08 00:22:50	1997-01-04 00:00:03	1997-01-14 01:00:02
2009-12-28	2010-01-01 00:22:50	2009-12-31 23:59:56	2010-01-11 00:59:55
2009-12-29	2010-01-02 00:22:50	2009-12-31 23:59:57	2010-01-11 00:59:56
2009-12-30	2010-01-03 00:22:50	2009-12-31 23:59:58	2010-01-11 00:59:57
2009-12-31	2010-01-04 00:22:50	2009-12-31 23:59:59	2010-01-11 00:59:58
2009-12-31	2010-01-04 00:22:50	2009-12-31 23:59:59	2010-01-11 00:59:58
2009-12-31	2010-01-04 00:22:50	2009-12-31 23:59:59	2010-01-11 00:59:58
cdate	cdatetime
1997-01-01	1997-01-01 00:00:00
1997-01-01	1997-01-01 00:00:01
1997-01-02	1997-01-02 00:00:01
1997-01-03	1997-01-03 00:00:02
1997-01-04	1997-01-04 00:00:03
2009-12-28	2009-12-31 23:59:56
2009-12-29	2009-12-31 23:59:57
2009-12-30	2009-12-31 23:59:58
2009-12-31	2009-12-31 23:59:59
2009-12-31	2009-12-31 23:59:59
2009-12-31	2009-12-31 23:59:59
cdate	addtime(cdate, '66 10:59:12')
1997-01-01	1997-02-04 22:59:59
1997-01-01	1997-02-04 22:59:59
1997-01-02	1997-02-05 22:59:59
1997-01-03	1997-02-06 22:59:59
1997-01-04	1997-02-07 22:59:59
2009-12-28	2010-01-31 22:59:59
2009-12-29	2010-02-01 22:59:59
2009-12-30	2010-02-02 22:59:59
2009-12-31	2010-02-03 22:59:59
2009-12-31	2010-02-03 22:59:59
2009-12-31	2010-02-03 22:59:59
cdatetime	addtime(cdatetime, '-210:20:20')	addtime(cdatetime, '-20 10:10:10')
1997-01-01 00:00:00	1996-12-23 05:39:40	1996-12-11 13:49:50
1997-01-01 00:00:01	1996-12-23 05:39:41	1996-12-11 13:49:51
1997-01-02 00:00:01	1996-12-24 05:39:41	1996-12-12 13:49:51
1997-01-03 00:00:02	1996-12-25 05:39:42	1996-12-13 13:49:52
1997-01-04 00:00:03	1996-12-26 05:39:43	1996-12-14 13:49:53
2009-12-31 23:59:56	2009-12-23 05:39:36	2009-12-11 13:49:46
2009-12-31 23:59:57	2009-12-23 05:39:37	2009-12-11 13:49:47
2009-12-31 23:59:58	2009-12-23 05:39:38	2009-12-11 13:49:48
2009-12-31 23:59:59	2009-12-23 05:39:39	2009-12-11 13:49:49
2009-12-31 23:59:59	2009-12-23 05:39:39	2009-12-11 13:49:49
2009-12-31 23:59:59	2009-12-23 05:39:39	2009-12-11 13:49:49
cdatetime	subtime(cdatetime, '1 12:12:12')	subtime(cdatetime, '-1 10:20:22')
1997-01-01 00:00:00	1996-12-30 11:47:48	1997-01-02 10:20:22
1997-01-01 00:00:01	1996-12-30 11:47:49	1997-01-02 10:20:23
1997-01-02 00:00:01	1996-12-31 11:47:49	1997-01-03 10:20:23
1997-01-03 00:00:02	1997-01-01 11:47:50	1997-01-04 10:20:24
1997-01-04 00:00:03	1997-01-02 11:47:51	1997-01-05 10:20:25
2009-12-31 23:59:56	2009-12-30 11:47:44	2010-01-02 10:20:18
2009-12-31 23:59:57	2009-12-30 11:47:45	2010-01-02 10:20:19
2009-12-31 23:59:58	2009-12-30 11:47:46	2010-01-02 10:20:20
2009-12-31 23:59:59	2009-12-30 11:47:47	2010-01-02 10:20:21
2009-12-31 23:59:59	2009-12-30 11:47:47	2010-01-02 10:20:21
2009-12-31 23:59:59	2009-12-30 11:47:47	2010-01-02 10:20:21
