cidx	CDECIMAL18_2 & CDECIMAL18_2
6	100000000000
7	100000000000
8	100000000000
9	100000000000
10	100000000000
11	0
cidx	CDECIMAL18_2 & CDECIMAL4_2
6	0
7	0
8	0
9	0
10	0
11	0
cidx	CDECIMAL18_2 & CDATE
6	3309568
7	3309568
8	3309568
9	3309568
10	3309568
11	0
cidx	CDECIMAL18_2 & CBIGINT
6	18255882240
7	18255882240
8	18255882240
9	18255882240
10	18255882240
11	0
cidx	CDECIMAL18_2 & CDECIMAL1
6	0
7	0
8	0
9	0
10	0
11	0
cidx	CDECIMAL18_2 & CINTEGER
6	7479296
7	7479296
8	7479296
9	7479296
10	7479296
11	0
cidx	CDECIMAL18_2 & CSMALLINT
6	0
7	0
8	0
9	0
10	0
11	0
cidx	CDECIMAL18_2 & CTINYINT
6	0
7	0
8	0
9	0
10	0
11	0
cidx	CDECIMAL18_2 & CCHAR1
6	0
7	0
8	0
9	0
10	0
11	NULL
cidx	CDECIMAL18_2 & CVCHAR8
6	0
7	0
8	0
9	0
10	0
11	NULL
cidx	CDATE & CDECIMAL18_2
6	3309568
7	3309568
8	3309568
9	3309568
10	3309568
11	0
cidx	CDATE & CDECIMAL4_2
6	8
7	8
8	10
9	10
10	10
11	0
cidx	CDATE & CDATE
6	20091228
7	20091229
8	20091230
9	20091231
10	20091231
11	20091231
cidx	CDATE & CBIGINT
6	19042648
7	19042652
8	19042652
9	19042654
10	19042655
11	0
cidx	CDATE & CDECIMAL1
6	4
7	4
8	6
9	8
10	9
11	0
cidx	CDATE & CINTEGER
6	3280984
7	3280988
8	3280988
9	3280990
10	3280991
11	0
cidx	CDATE & CSMALLINT
6	88
7	92
8	92
9	94
10	95
11	0
cidx	CDATE & CTINYINT
6	20
7	24
8	24
9	26
10	27
11	0
cidx	CDATE & CCHAR1
6	0
7	0
8	0
9	0
10	0
11	NULL
cidx	CDATE & CVCHAR8
6	0
7	0
8	0
9	0
10	0
11	NULL
cidx	CBIGINT & CDECIMAL18_2
6	18255882240
7	18255882240
8	18255882240
9	18255882240
10	18255882240
11	0
cidx	CBIGINT & CDECIMAL4_2
6	10
7	8
8	8
9	10
10	10
11	0
cidx	CBIGINT & CDATE
6	19042648
7	19042652
8	19042652
9	19042654
10	19042655
11	0
cidx	CBIGINT & CBIGINT
6	72036854775803
7	72036854775804
8	72036854775805
9	72036854775806
10	72036854775807
11	0
cidx	CBIGINT & CDECIMAL1
6	1
7	4
8	5
9	8
10	9
11	0
cidx	CBIGINT & CINTEGER
6	2240763
7	2240764
8	2240765
9	2240766
10	2240767
11	0
cidx	CBIGINT & CSMALLINT
6	763
7	764
8	765
9	766
10	767
11	0
cidx	CBIGINT & CTINYINT
6	19
7	24
8	25
9	26
10	27
11	0
cidx	CBIGINT & CCHAR1
6	0
7	0
8	0
9	0
10	0
11	NULL
cidx	CBIGINT & CVCHAR8
6	0
7	0
8	0
9	0
10	0
11	NULL
cidx	CDECIMAL1 & CDECIMAL18_2
6	0
7	0
8	0
9	0
10	0
11	0
cidx	CDECIMAL1 & CDECIMAL4_2
6	0
7	2
8	2
9	8
10	8
11	0
cidx	CDECIMAL1 & CDATE
6	4
7	4
8	6
9	8
10	9
11	0
cidx	CDECIMAL1 & CBIGINT
6	1
7	4
8	5
9	8
10	9
11	0
cidx	CDECIMAL1 & CDECIMAL1
6	5
7	6
8	7
9	8
10	9
11	0
cidx	CDECIMAL1 & CINTEGER
6	1
7	4
8	5
9	8
10	9
11	0
cidx	CDECIMAL1 & CSMALLINT
6	1
7	4
8	5
9	8
10	9
11	0
cidx	CDECIMAL1 & CTINYINT
6	5
7	0
8	1
9	8
10	9
11	0
cidx	CDECIMAL1 & CCHAR1
6	0
7	0
8	0
9	0
10	0
11	NULL
cidx	CDECIMAL1 & CVCHAR8
6	0
7	0
8	0
9	0
10	0
11	NULL
cidx	CINTEGER & CDECIMAL18_2
6	7479296
7	7479296
8	7479296
9	7479296
10	7479296
11	0
cidx	CINTEGER & CDECIMAL4_2
6	10
7	8
8	8
9	10
10	10
11	0
cidx	CINTEGER & CDATE
6	3280984
7	3280988
8	3280988
9	3280990
10	3280991
11	0
cidx	CINTEGER & CBIGINT
6	2240763
7	2240764
8	2240765
9	2240766
10	2240767
11	0
cidx	CINTEGER & CDECIMAL1
6	1
7	4
8	5
9	8
10	9
11	0
cidx	CINTEGER & CINTEGER
6	7483643
7	7483644
8	7483645
9	7483646
10	7483647
11	0
cidx	CINTEGER & CSMALLINT
6	251
7	252
8	253
9	254
10	255
11	0
cidx	CINTEGER & CTINYINT
6	19
7	24
8	25
9	26
10	27
11	0
cidx	CINTEGER & CCHAR1
6	0
7	0
8	0
9	0
10	0
11	NULL
cidx	CINTEGER & CVCHAR8
6	0
7	0
8	0
9	0
10	0
11	NULL
cidx	CSMALLINT & CDECIMAL18_2
6	0
7	0
8	0
9	0
10	0
11	0
cidx	CSMALLINT & CDECIMAL4_2
6	10
7	8
8	8
9	10
10	10
11	0
cidx	CSMALLINT & CDATE
6	88
7	92
8	92
9	94
10	95
11	0
cidx	CSMALLINT & CBIGINT
6	763
7	764
8	765
9	766
10	767
11	0
cidx	CSMALLINT & CDECIMAL1
6	1
7	4
8	5
9	8
10	9
11	0
cidx	CSMALLINT & CINTEGER
6	251
7	252
8	253
9	254
10	255
11	0
cidx	CSMALLINT & CSMALLINT
6	763
7	764
8	765
9	766
10	767
11	0
cidx	CSMALLINT & CTINYINT
6	19
7	24
8	25
9	26
10	27
11	0
cidx	CSMALLINT & CCHAR1
6	0
7	0
8	0
9	0
10	0
11	NULL
cidx	CSMALLINT & CVCHAR8
6	0
7	0
8	0
9	0
10	0
11	NULL
cidx	CTINYINT & CDECIMAL18_2
6	0
7	0
8	0
9	0
10	0
11	0
cidx	CTINYINT & CDECIMAL4_2
6	2
7	8
8	8
9	10
10	10
11	0
cidx	CTINYINT & CDATE
6	20
7	24
8	24
9	26
10	27
11	0
cidx	CTINYINT & CBIGINT
6	19
7	24
8	25
9	26
10	27
11	0
cidx	CTINYINT & CDECIMAL1
6	5
7	0
8	1
9	8
10	9
11	0
cidx	CTINYINT & CINTEGER
6	19
7	24
8	25
9	26
10	27
11	0
cidx	CTINYINT & CSMALLINT
6	19
7	24
8	25
9	26
10	27
11	0
cidx	CTINYINT & CTINYINT
6	23
7	24
8	25
9	26
10	27
11	0
cidx	CTINYINT & CCHAR1
6	0
7	0
8	0
9	0
10	0
11	NULL
cidx	CTINYINT & CVCHAR8
6	0
7	0
8	0
9	0
10	0
11	NULL
cidx	CCHAR1 & CDECIMAL18_2
6	0
7	0
8	0
9	0
10	0
11	NULL
cidx	CCHAR1 & CDECIMAL4_2
6	0
7	0
8	0
9	0
10	0
11	NULL
cidx	CCHAR1 & CDATE
6	0
7	0
8	0
9	0
10	0
11	NULL
cidx	CCHAR1 & CBIGINT
6	0
7	0
8	0
9	0
10	0
11	NULL
cidx	CCHAR1 & CDECIMAL1
6	0
7	0
8	0
9	0
10	0
11	NULL
cidx	CCHAR1 & CINTEGER
6	0
7	0
8	0
9	0
10	0
11	NULL
cidx	CCHAR1 & CSMALLINT
6	0
7	0
8	0
9	0
10	0
11	NULL
cidx	CCHAR1 & CTINYINT
6	0
7	0
8	0
9	0
10	0
11	NULL
cidx	CCHAR1 & CCHAR1
6	0
7	0
8	0
9	0
10	0
11	NULL
cidx	CCHAR1 & CVCHAR8
6	0
7	0
8	0
9	0
10	0
11	NULL
cidx	CFLOAT & CDECIMAL18_2
6	0
7	0
8	0
9	0
10	0
11	0
cidx	CFLOAT & CDECIMAL4_2
6	0
7	0
8	0
9	0
10	0
11	0
cidx	CFLOAT & CDATE
6	0
7	0
8	0
9	0
10	0
11	0
cidx	CFLOAT & CDECIMAL1
6	0
7	0
8	0
9	0
10	0
11	0
cidx	CFLOAT & CINTEGER
6	0
7	0
8	0
9	0
10	0
11	0
cidx	CFLOAT & CSMALLINT
6	0
7	0
8	0
9	0
10	0
11	0
cidx	CFLOAT & CTINYINT
6	0
7	0
8	0
9	0
10	0
11	0
cidx	CFLOAT & CCHAR1
6	0
7	0
8	0
9	0
10	0
11	NULL
cidx	CFLOAT & CVCHAR8
6	0
7	0
8	0
9	0
10	0
11	NULL
cidx	CDOUBLE & CCHAR1
6	0
7	0
8	0
9	0
10	0
11	NULL
cidx	CDOUBLE & CVCHAR8
6	0
7	0
8	0
9	0
10	0
11	NULL
cidx	CDECIMAL18_2
11	0.00
cidx	CDECIMAL4_2
6	9.95
7	9.96
8	9.97
9	9.98
10	9.99
cidx	CDATE
6	2009-12-28
7	2009-12-29
8	2009-12-30
9	2009-12-31
10	2009-12-31
cidx	CBIGINT
6	72036854775803
7	72036854775804
8	72036854775805
9	72036854775806
10	72036854775807
cidx	CINTEGER
6	7483643
7	7483644
8	7483645
9	7483646
10	7483647
cidx	CSMALLINT
6	763
7	764
8	765
9	766
10	767
cidx	CTINYINT
6	23
7	24
8	25
9	26
10	27
