rand(0)
0.155220427694936
0.620881741513388
0.638747455215778
0.331092082272369
0.739218076448159
rand(-2)
0.119416923373395
0.12422981404162
0.632521976374576
0.654854223742014
0.804359142486341
rand(2)
0.354211017819318
0.857826109843167
0.64497318737672
0.655586646549019
0.122346619258026
n_nationkey	rand(1)
0	0.405403537121977
n_nationkey
22
rand(r_regionkey)
0.155220427694936
0.405403537121977
0.655586646549019
0.90576975597606
0.155952865403102
rand(r_name)
0.155220427694936
0.155220427694936
0.155220427694936
0.155220427694936
0.155220427694936
