cidx	CCHAR1	CONCAT(CCHAR1,CCHAR3,CCHAR7,'ALOHA')
1	a	aaaaaaaaaaaALOHA
2	a	acgALOHA
3	a	accggALOHA
4	a	acccgggALOHA
5	a	acccggggALOHA
6	z	zxxxtttttttALOHA
7	z	zxxxtttttttALOHA
8	z	zxxxtttttttALOHA
9	z	zxxxtttttttALOHA
10	z	zzzzzzzzzzzALOHA
11	NULL	NULL
cidx	CCHAR1	CONCAT(CCHAR1,CCHAR3)
1	a	aaaa
2	a	ac
3	a	acc
4	a	accc
5	a	accc
6	z	zxxx
7	z	zxxx
8	z	zxxx
9	z	zxxx
10	z	zzzz
11	NULL	NULL
cidx	CCHAR1	CONCAT(CCHAR1,CCHAR7)
1	a	aaaaaaaa
2	a	ag
3	a	agg
4	a	aggg
5	a	agggg
6	z	zttttttt
7	z	zttttttt
8	z	zttttttt
9	z	zttttttt
10	z	zzzzzzzz
11	NULL	NULL
cidx	CCHAR1	CONCAT(CCHAR1,'ALOHA')
1	a	aALOHA
2	a	aALOHA
3	a	aALOHA
4	a	aALOHA
5	a	aALOHA
6	z	zALOHA
7	z	zALOHA
8	z	zALOHA
9	z	zALOHA
10	z	zALOHA
11	NULL	NULL
cidx	CCHAR2	CONCAT(CCHAR2,CCHAR3,CCHAR7,'ALOHA')
1	aa	aaaaaaaaaaaaALOHA
2	b	bcgALOHA
3	bb	bbccggALOHA
4	bb	bbcccgggALOHA
5	bb	bbcccggggALOHA
6	yy	yyxxxtttttttALOHA
7	yy	yyxxxtttttttALOHA
8	yy	yyxxxtttttttALOHA
9	yy	yyxxxtttttttALOHA
10	zz	zzzzzzzzzzzzALOHA
11	NULL	NULL
cidx	CCHAR2	CONCAT(CCHAR2,CCHAR3)
1	aa	aaaaa
2	b	bc
3	bb	bbcc
4	bb	bbccc
5	bb	bbccc
6	yy	yyxxx
7	yy	yyxxx
8	yy	yyxxx
9	yy	yyxxx
10	zz	zzzzz
11	NULL	NULL
cidx	CCHAR2	CONCAT(CCHAR2,CCHAR7)
1	aa	aaaaaaaaa
2	b	bg
3	bb	bbgg
4	bb	bbggg
5	bb	bbgggg
6	yy	yyttttttt
7	yy	yyttttttt
8	yy	yyttttttt
9	yy	yyttttttt
10	zz	zzzzzzzzz
11	NULL	NULL
cidx	CCHAR2	CONCAT(CCHAR2,'ALOHA')
1	aa	aaALOHA
2	b	bALOHA
3	bb	bbALOHA
4	bb	bbALOHA
5	bb	bbALOHA
6	yy	yyALOHA
7	yy	yyALOHA
8	yy	yyALOHA
9	yy	yyALOHA
10	zz	zzALOHA
11	NULL	NULL
cidx	CCHAR3	CONCAT(CCHAR3,CCHAR3,CCHAR7,'ALOHA')
1	aaa	aaaaaaaaaaaaaALOHA
2	c	ccgALOHA
3	cc	ccccggALOHA
4	ccc	ccccccgggALOHA
5	ccc	ccccccggggALOHA
6	xxx	xxxxxxtttttttALOHA
7	xxx	xxxxxxtttttttALOHA
8	xxx	xxxxxxtttttttALOHA
9	xxx	xxxxxxtttttttALOHA
10	zzz	zzzzzzzzzzzzzALOHA
11	NULL	NULL
cidx	CCHAR3	CONCAT(CCHAR3,CCHAR3)
1	aaa	aaaaaa
2	c	cc
3	cc	cccc
4	ccc	cccccc
5	ccc	cccccc
6	xxx	xxxxxx
7	xxx	xxxxxx
8	xxx	xxxxxx
9	xxx	xxxxxx
10	zzz	zzzzzz
11	NULL	NULL
cidx	CCHAR3	CONCAT(CCHAR3,CCHAR7)
1	aaa	aaaaaaaaaa
2	c	cg
3	cc	ccgg
4	ccc	cccggg
5	ccc	cccgggg
6	xxx	xxxttttttt
7	xxx	xxxttttttt
8	xxx	xxxttttttt
9	xxx	xxxttttttt
10	zzz	zzzzzzzzzz
11	NULL	NULL
cidx	CCHAR3	CONCAT(CCHAR3,'ALOHA')
1	aaa	aaaALOHA
2	c	cALOHA
3	cc	ccALOHA
4	ccc	cccALOHA
5	ccc	cccALOHA
6	xxx	xxxALOHA
7	xxx	xxxALOHA
8	xxx	xxxALOHA
9	xxx	xxxALOHA
10	zzz	zzzALOHA
11	NULL	NULL
cidx	CCHAR4	CONCAT(CCHAR4,CCHAR3,CCHAR7,'ALOHA')
1	aaaa	aaaaaaaaaaaaaaALOHA
2	d	dcgALOHA
3	dd	ddccggALOHA
4	ddd	dddcccgggALOHA
5	dddd	ddddcccggggALOHA
6	wwww	wwwwxxxtttttttALOHA
7	wwww	wwwwxxxtttttttALOHA
8	wwww	wwwwxxxtttttttALOHA
9	wwww	wwwwxxxtttttttALOHA
10	zzzz	zzzzzzzzzzzzzzALOHA
11	NULL	NULL
cidx	CCHAR4	CONCAT(CCHAR4,CCHAR3)
1	aaaa	aaaaaaa
2	d	dc
3	dd	ddcc
4	ddd	dddccc
5	dddd	ddddccc
6	wwww	wwwwxxx
7	wwww	wwwwxxx
8	wwww	wwwwxxx
9	wwww	wwwwxxx
10	zzzz	zzzzzzz
11	NULL	NULL
cidx	CCHAR4	CONCAT(CCHAR4,CCHAR7)
1	aaaa	aaaaaaaaaaa
2	d	dg
3	dd	ddgg
4	ddd	dddggg
5	dddd	ddddgggg
6	wwww	wwwwttttttt
7	wwww	wwwwttttttt
8	wwww	wwwwttttttt
9	wwww	wwwwttttttt
10	zzzz	zzzzzzzzzzz
11	NULL	NULL
cidx	CCHAR4	CONCAT(CCHAR4,'ALOHA')
1	aaaa	aaaaALOHA
2	d	dALOHA
3	dd	ddALOHA
4	ddd	dddALOHA
5	dddd	ddddALOHA
6	wwww	wwwwALOHA
7	wwww	wwwwALOHA
8	wwww	wwwwALOHA
9	wwww	wwwwALOHA
10	zzzz	zzzzALOHA
11	NULL	NULL
cidx	CCHAR5	CONCAT(CCHAR5,CCHAR3,CCHAR7,'ALOHA')
1	aaaaa	aaaaaaaaaaaaaaaALOHA
2	e	ecgALOHA
3	ee	eeccggALOHA
4	eee	eeecccgggALOHA
5	eeee	eeeecccggggALOHA
6	vvvvv	vvvvvxxxtttttttALOHA
7	vvvvv	vvvvvxxxtttttttALOHA
8	vvvvv	vvvvvxxxtttttttALOHA
9	vvvvv	vvvvvxxxtttttttALOHA
10	zzzzz	zzzzzzzzzzzzzzzALOHA
11	NULL	NULL
cidx	CCHAR5	CONCAT(CCHAR5,CCHAR3)
1	aaaaa	aaaaaaaa
2	e	ec
3	ee	eecc
4	eee	eeeccc
5	eeee	eeeeccc
6	vvvvv	vvvvvxxx
7	vvvvv	vvvvvxxx
8	vvvvv	vvvvvxxx
9	vvvvv	vvvvvxxx
10	zzzzz	zzzzzzzz
11	NULL	NULL
cidx	CCHAR5	CONCAT(CCHAR5,CCHAR7)
1	aaaaa	aaaaaaaaaaaa
2	e	eg
3	ee	eegg
4	eee	eeeggg
5	eeee	eeeegggg
6	vvvvv	vvvvvttttttt
7	vvvvv	vvvvvttttttt
8	vvvvv	vvvvvttttttt
9	vvvvv	vvvvvttttttt
10	zzzzz	zzzzzzzzzzzz
11	NULL	NULL
cidx	CCHAR5	CONCAT(CCHAR5,'ALOHA')
1	aaaaa	aaaaaALOHA
2	e	eALOHA
3	ee	eeALOHA
4	eee	eeeALOHA
5	eeee	eeeeALOHA
6	vvvvv	vvvvvALOHA
7	vvvvv	vvvvvALOHA
8	vvvvv	vvvvvALOHA
9	vvvvv	vvvvvALOHA
10	zzzzz	zzzzzALOHA
11	NULL	NULL
cidx	CCHAR6	CONCAT(CCHAR6,CCHAR3,CCHAR7,'ALOHA')
1	aaaaaa	aaaaaaaaaaaaaaaaALOHA
2	f	fcgALOHA
3	ff	ffccggALOHA
4	fff	fffcccgggALOHA
5	ffff	ffffcccggggALOHA
6	uuuuuu	uuuuuuxxxtttttttALOHA
7	uuuuuu	uuuuuuxxxtttttttALOHA
8	uuuuuu	uuuuuuxxxtttttttALOHA
9	uuuuuu	uuuuuuxxxtttttttALOHA
10	zzzzzz	zzzzzzzzzzzzzzzzALOHA
11	NULL	NULL
cidx	CCHAR6	CONCAT(CCHAR6,CCHAR3)
1	aaaaaa	aaaaaaaaa
2	f	fc
3	ff	ffcc
4	fff	fffccc
5	ffff	ffffccc
6	uuuuuu	uuuuuuxxx
7	uuuuuu	uuuuuuxxx
8	uuuuuu	uuuuuuxxx
9	uuuuuu	uuuuuuxxx
10	zzzzzz	zzzzzzzzz
11	NULL	NULL
cidx	CCHAR6	CONCAT(CCHAR6,CCHAR7)
1	aaaaaa	aaaaaaaaaaaaa
2	f	fg
3	ff	ffgg
4	fff	fffggg
5	ffff	ffffgggg
6	uuuuuu	uuuuuuttttttt
7	uuuuuu	uuuuuuttttttt
8	uuuuuu	uuuuuuttttttt
9	uuuuuu	uuuuuuttttttt
10	zzzzzz	zzzzzzzzzzzzz
11	NULL	NULL
cidx	CCHAR6	CONCAT(CCHAR6,'ALOHA')
1	aaaaaa	aaaaaaALOHA
2	f	fALOHA
3	ff	ffALOHA
4	fff	fffALOHA
5	ffff	ffffALOHA
6	uuuuuu	uuuuuuALOHA
7	uuuuuu	uuuuuuALOHA
8	uuuuuu	uuuuuuALOHA
9	uuuuuu	uuuuuuALOHA
10	zzzzzz	zzzzzzALOHA
11	NULL	NULL
cidx	CCHAR7	CONCAT(CCHAR7,CCHAR3,CCHAR7,'ALOHA')
1	aaaaaaa	aaaaaaaaaaaaaaaaaALOHA
2	g	gcgALOHA
3	gg	ggccggALOHA
4	ggg	gggcccgggALOHA
5	gggg	ggggcccggggALOHA
6	ttttttt	tttttttxxxtttttttALOHA
7	ttttttt	tttttttxxxtttttttALOHA
8	ttttttt	tttttttxxxtttttttALOHA
9	ttttttt	tttttttxxxtttttttALOHA
10	zzzzzzz	zzzzzzzzzzzzzzzzzALOHA
11	NULL	NULL
cidx	CCHAR7	CONCAT(CCHAR7,CCHAR3)
1	aaaaaaa	aaaaaaaaaa
2	g	gc
3	gg	ggcc
4	ggg	gggccc
5	gggg	ggggccc
6	ttttttt	tttttttxxx
7	ttttttt	tttttttxxx
8	ttttttt	tttttttxxx
9	ttttttt	tttttttxxx
10	zzzzzzz	zzzzzzzzzz
11	NULL	NULL
cidx	CCHAR7	CONCAT(CCHAR7,CCHAR7)
1	aaaaaaa	aaaaaaaaaaaaaa
2	g	gg
3	gg	gggg
4	ggg	gggggg
5	gggg	gggggggg
6	ttttttt	tttttttttttttt
7	ttttttt	tttttttttttttt
8	ttttttt	tttttttttttttt
9	ttttttt	tttttttttttttt
10	zzzzzzz	zzzzzzzzzzzzzz
11	NULL	NULL
cidx	CCHAR7	CONCAT(CCHAR7,'ALOHA')
1	aaaaaaa	aaaaaaaALOHA
2	g	gALOHA
3	gg	ggALOHA
4	ggg	gggALOHA
5	gggg	ggggALOHA
6	ttttttt	tttttttALOHA
7	ttttttt	tttttttALOHA
8	ttttttt	tttttttALOHA
9	ttttttt	tttttttALOHA
10	zzzzzzz	zzzzzzzALOHA
11	NULL	NULL
cidx	CCHAR8	CONCAT(CCHAR8,CCHAR3,CCHAR7,'ALOHA')
1	aaaaaaaa	aaaaaaaaaaaaaaaaaaALOHA
2	h	hcgALOHA
3	hh	hhccggALOHA
4	hhh	hhhcccgggALOHA
5	hhhh	hhhhcccggggALOHA
6	sssssss	sssssssxxxtttttttALOHA
7	ssssssss	ssssssssxxxtttttttALOHA
8	ssssssss	ssssssssxxxtttttttALOHA
9	ssssssss	ssssssssxxxtttttttALOHA
10	zzzzzzzz	zzzzzzzzzzzzzzzzzzALOHA
11	NULL	NULL
cidx	CCHAR8	CONCAT(CCHAR8,CCHAR3)
1	aaaaaaaa	aaaaaaaaaaa
2	h	hc
3	hh	hhcc
4	hhh	hhhccc
5	hhhh	hhhhccc
6	sssssss	sssssssxxx
7	ssssssss	ssssssssxxx
8	ssssssss	ssssssssxxx
9	ssssssss	ssssssssxxx
10	zzzzzzzz	zzzzzzzzzzz
11	NULL	NULL
cidx	CCHAR8	CONCAT(CCHAR8,CCHAR7)
1	aaaaaaaa	aaaaaaaaaaaaaaa
2	h	hg
3	hh	hhgg
4	hhh	hhhggg
5	hhhh	hhhhgggg
6	sssssss	sssssssttttttt
7	ssssssss	ssssssssttttttt
8	ssssssss	ssssssssttttttt
9	ssssssss	ssssssssttttttt
10	zzzzzzzz	zzzzzzzzzzzzzzz
11	NULL	NULL
cidx	CCHAR8	CONCAT(CCHAR8,'ALOHA')
1	aaaaaaaa	aaaaaaaaALOHA
2	h	hALOHA
3	hh	hhALOHA
4	hhh	hhhALOHA
5	hhhh	hhhhALOHA
6	sssssss	sssssssALOHA
7	ssssssss	ssssssssALOHA
8	ssssssss	ssssssssALOHA
9	ssssssss	ssssssssALOHA
10	zzzzzzzz	zzzzzzzzALOHA
11	NULL	NULL
cidx	CCHAR9	CONCAT(CCHAR9,CCHAR3,CCHAR7,'ALOHA')
1	aaaaaaaaa	aaaaaaaaaaaaaaaaaaaALOHA
2	i	icgALOHA
3	ii	iiccggALOHA
4	iii	iiicccgggALOHA
5	iiii	iiiicccggggALOHA
6	rrrrrrr	rrrrrrrxxxtttttttALOHA
7	rrrrrrrr	rrrrrrrrxxxtttttttALOHA
8	rrrrrrrrr	rrrrrrrrrxxxtttttttALOHA
9	rrrrrrrrr	rrrrrrrrrxxxtttttttALOHA
10	zzzzzzzzz	zzzzzzzzzzzzzzzzzzzALOHA
11	NULL	NULL
cidx	CCHAR9	CONCAT(CCHAR9,CCHAR3)
1	aaaaaaaaa	aaaaaaaaaaaa
2	i	ic
3	ii	iicc
4	iii	iiiccc
5	iiii	iiiiccc
6	rrrrrrr	rrrrrrrxxx
7	rrrrrrrr	rrrrrrrrxxx
8	rrrrrrrrr	rrrrrrrrrxxx
9	rrrrrrrrr	rrrrrrrrrxxx
10	zzzzzzzzz	zzzzzzzzzzzz
11	NULL	NULL
cidx	CCHAR9	CONCAT(CCHAR9,CCHAR7)
1	aaaaaaaaa	aaaaaaaaaaaaaaaa
2	i	ig
3	ii	iigg
4	iii	iiiggg
5	iiii	iiiigggg
6	rrrrrrr	rrrrrrrttttttt
7	rrrrrrrr	rrrrrrrrttttttt
8	rrrrrrrrr	rrrrrrrrrttttttt
9	rrrrrrrrr	rrrrrrrrrttttttt
10	zzzzzzzzz	zzzzzzzzzzzzzzzz
11	NULL	NULL
cidx	CCHAR9	CONCAT(CCHAR9,'ALOHA')
1	aaaaaaaaa	aaaaaaaaaALOHA
2	i	iALOHA
3	ii	iiALOHA
4	iii	iiiALOHA
5	iiii	iiiiALOHA
6	rrrrrrr	rrrrrrrALOHA
7	rrrrrrrr	rrrrrrrrALOHA
8	rrrrrrrrr	rrrrrrrrrALOHA
9	rrrrrrrrr	rrrrrrrrrALOHA
10	zzzzzzzzz	zzzzzzzzzALOHA
11	NULL	NULL
cidx	CCHAR255	CONCAT(CCHAR255,CCHAR3,CCHAR7,'ALOHA')
1	aaaaaaaaaa	aaaaaaaaaaaaaaaaaaaaALOHA
2	j	jcgALOHA
3	jj	jjccggALOHA
4	jjj	jjjcccgggALOHA
5	jjjj	jjjjcccggggALOHA
6	qqqqqqq	qqqqqqqxxxtttttttALOHA
7	qqqqqqqq	qqqqqqqqxxxtttttttALOHA
8	qqqqqqqqq	qqqqqqqqqxxxtttttttALOHA
9	qqqqqqqqqq	qqqqqqqqqqxxxtttttttALOHA
10	zzzzzzzzzz	zzzzzzzzzzzzzzzzzzzzALOHA
11	NULL	NULL
cidx	CCHAR255	CONCAT(CCHAR255,CCHAR3)
1	aaaaaaaaaa	aaaaaaaaaaaaa
2	j	jc
3	jj	jjcc
4	jjj	jjjccc
5	jjjj	jjjjccc
6	qqqqqqq	qqqqqqqxxx
7	qqqqqqqq	qqqqqqqqxxx
8	qqqqqqqqq	qqqqqqqqqxxx
9	qqqqqqqqqq	qqqqqqqqqqxxx
10	zzzzzzzzzz	zzzzzzzzzzzzz
11	NULL	NULL
cidx	CCHAR255	CONCAT(CCHAR255,CCHAR7)
1	aaaaaaaaaa	aaaaaaaaaaaaaaaaa
2	j	jg
3	jj	jjgg
4	jjj	jjjggg
5	jjjj	jjjjgggg
6	qqqqqqq	qqqqqqqttttttt
7	qqqqqqqq	qqqqqqqqttttttt
8	qqqqqqqqq	qqqqqqqqqttttttt
9	qqqqqqqqqq	qqqqqqqqqqttttttt
10	zzzzzzzzzz	zzzzzzzzzzzzzzzzz
11	NULL	NULL
cidx	CCHAR255	CONCAT(CCHAR255,'ALOHA')
1	aaaaaaaaaa	aaaaaaaaaaALOHA
2	j	jALOHA
3	jj	jjALOHA
4	jjj	jjjALOHA
5	jjjj	jjjjALOHA
6	qqqqqqq	qqqqqqqALOHA
7	qqqqqqqq	qqqqqqqqALOHA
8	qqqqqqqqq	qqqqqqqqqALOHA
9	qqqqqqqqqq	qqqqqqqqqqALOHA
10	zzzzzzzzzz	zzzzzzzzzzALOHA
11	NULL	NULL
cidx	CVCHAR1	CONCAT(CVCHAR1,CCHAR3,CCHAR7,'ALOHA')
1	a	aaaaaaaaaaaALOHA
2	a	acgALOHA
3	a	accggALOHA
4	a	acccgggALOHA
5	a	acccggggALOHA
6	z	zxxxtttttttALOHA
7	z	zxxxtttttttALOHA
8	z	zxxxtttttttALOHA
9	z	zxxxtttttttALOHA
10	z	zzzzzzzzzzzALOHA
11	NULL	NULL
cidx	CVCHAR1	CONCAT(CVCHAR1,CCHAR3)
1	a	aaaa
2	a	ac
3	a	acc
4	a	accc
5	a	accc
6	z	zxxx
7	z	zxxx
8	z	zxxx
9	z	zxxx
10	z	zzzz
11	NULL	NULL
cidx	CVCHAR1	CONCAT(CVCHAR1,CCHAR7)
1	a	aaaaaaaa
2	a	ag
3	a	agg
4	a	aggg
5	a	agggg
6	z	zttttttt
7	z	zttttttt
8	z	zttttttt
9	z	zttttttt
10	z	zzzzzzzz
11	NULL	NULL
cidx	CVCHAR1	CONCAT(CVCHAR1,'ALOHA')
1	a	aALOHA
2	a	aALOHA
3	a	aALOHA
4	a	aALOHA
5	a	aALOHA
6	z	zALOHA
7	z	zALOHA
8	z	zALOHA
9	z	zALOHA
10	z	zALOHA
11	NULL	NULL
cidx	CVCHAR2	CONCAT(CVCHAR2,CCHAR3,CCHAR7,'ALOHA')
1	aa	aaaaaaaaaaaaALOHA
2	b	bcgALOHA
3	bb	bbccggALOHA
4	bb	bbcccgggALOHA
5	bb	bbcccggggALOHA
6	yy	yyxxxtttttttALOHA
7	yy	yyxxxtttttttALOHA
8	yy	yyxxxtttttttALOHA
9	yy	yyxxxtttttttALOHA
10	zz	zzzzzzzzzzzzALOHA
11	NULL	NULL
cidx	CVCHAR2	CONCAT(CVCHAR2,CCHAR3)
1	aa	aaaaa
2	b	bc
3	bb	bbcc
4	bb	bbccc
5	bb	bbccc
6	yy	yyxxx
7	yy	yyxxx
8	yy	yyxxx
9	yy	yyxxx
10	zz	zzzzz
11	NULL	NULL
cidx	CVCHAR2	CONCAT(CVCHAR2,CCHAR7)
1	aa	aaaaaaaaa
2	b	bg
3	bb	bbgg
4	bb	bbggg
5	bb	bbgggg
6	yy	yyttttttt
7	yy	yyttttttt
8	yy	yyttttttt
9	yy	yyttttttt
10	zz	zzzzzzzzz
11	NULL	NULL
cidx	CVCHAR2	CONCAT(CVCHAR2,'ALOHA')
1	aa	aaALOHA
2	b	bALOHA
3	bb	bbALOHA
4	bb	bbALOHA
5	bb	bbALOHA
6	yy	yyALOHA
7	yy	yyALOHA
8	yy	yyALOHA
9	yy	yyALOHA
10	zz	zzALOHA
11	NULL	NULL
cidx	CVCHAR3	CONCAT(CVCHAR3,CCHAR3,CCHAR7,'ALOHA')
1	aaa	aaaaaaaaaaaaaALOHA
2	c	ccgALOHA
3	cc	ccccggALOHA
4	ccc	ccccccgggALOHA
5	ccc	ccccccggggALOHA
6	xxx	xxxxxxtttttttALOHA
7	xxx	xxxxxxtttttttALOHA
8	xxx	xxxxxxtttttttALOHA
9	xxx	xxxxxxtttttttALOHA
10	zzz	zzzzzzzzzzzzzALOHA
11	NULL	NULL
cidx	CVCHAR3	CONCAT(CVCHAR3,CCHAR3)
1	aaa	aaaaaa
2	c	cc
3	cc	cccc
4	ccc	cccccc
5	ccc	cccccc
6	xxx	xxxxxx
7	xxx	xxxxxx
8	xxx	xxxxxx
9	xxx	xxxxxx
10	zzz	zzzzzz
11	NULL	NULL
cidx	CVCHAR3	CONCAT(CVCHAR3,CCHAR7)
1	aaa	aaaaaaaaaa
2	c	cg
3	cc	ccgg
4	ccc	cccggg
5	ccc	cccgggg
6	xxx	xxxttttttt
7	xxx	xxxttttttt
8	xxx	xxxttttttt
9	xxx	xxxttttttt
10	zzz	zzzzzzzzzz
11	NULL	NULL
cidx	CVCHAR3	CONCAT(CVCHAR3,'ALOHA')
1	aaa	aaaALOHA
2	c	cALOHA
3	cc	ccALOHA
4	ccc	cccALOHA
5	ccc	cccALOHA
6	xxx	xxxALOHA
7	xxx	xxxALOHA
8	xxx	xxxALOHA
9	xxx	xxxALOHA
10	zzz	zzzALOHA
11	NULL	NULL
cidx	CVCHAR4	CONCAT(CVCHAR4,CCHAR3,CCHAR7,'ALOHA')
1	aaaa	aaaaaaaaaaaaaaALOHA
2	d	dcgALOHA
3	dd	ddccggALOHA
4	ddd	dddcccgggALOHA
5	dddd	ddddcccggggALOHA
6	wwww	wwwwxxxtttttttALOHA
7	wwww	wwwwxxxtttttttALOHA
8	wwww	wwwwxxxtttttttALOHA
9	wwww	wwwwxxxtttttttALOHA
10	zzzz	zzzzzzzzzzzzzzALOHA
11	NULL	NULL
cidx	CVCHAR4	CONCAT(CVCHAR4,CCHAR3)
1	aaaa	aaaaaaa
2	d	dc
3	dd	ddcc
4	ddd	dddccc
5	dddd	ddddccc
6	wwww	wwwwxxx
7	wwww	wwwwxxx
8	wwww	wwwwxxx
9	wwww	wwwwxxx
10	zzzz	zzzzzzz
11	NULL	NULL
cidx	CVCHAR4	CONCAT(CVCHAR4,CCHAR7)
1	aaaa	aaaaaaaaaaa
2	d	dg
3	dd	ddgg
4	ddd	dddggg
5	dddd	ddddgggg
6	wwww	wwwwttttttt
7	wwww	wwwwttttttt
8	wwww	wwwwttttttt
9	wwww	wwwwttttttt
10	zzzz	zzzzzzzzzzz
11	NULL	NULL
cidx	CVCHAR4	CONCAT(CVCHAR4,'ALOHA')
1	aaaa	aaaaALOHA
2	d	dALOHA
3	dd	ddALOHA
4	ddd	dddALOHA
5	dddd	ddddALOHA
6	wwww	wwwwALOHA
7	wwww	wwwwALOHA
8	wwww	wwwwALOHA
9	wwww	wwwwALOHA
10	zzzz	zzzzALOHA
11	NULL	NULL
cidx	CVCHAR5	CONCAT(CVCHAR5,CCHAR3,CCHAR7,'ALOHA')
1	aaaaa	aaaaaaaaaaaaaaaALOHA
2	e	ecgALOHA
3	ee	eeccggALOHA
4	eee	eeecccgggALOHA
5	eeee	eeeecccggggALOHA
6	vvvvv	vvvvvxxxtttttttALOHA
7	vvvvv	vvvvvxxxtttttttALOHA
8	vvvvv	vvvvvxxxtttttttALOHA
9	vvvvv	vvvvvxxxtttttttALOHA
10	zzzzz	zzzzzzzzzzzzzzzALOHA
11	NULL	NULL
cidx	CVCHAR5	CONCAT(CVCHAR5,CCHAR3)
1	aaaaa	aaaaaaaa
2	e	ec
3	ee	eecc
4	eee	eeeccc
5	eeee	eeeeccc
6	vvvvv	vvvvvxxx
7	vvvvv	vvvvvxxx
8	vvvvv	vvvvvxxx
9	vvvvv	vvvvvxxx
10	zzzzz	zzzzzzzz
11	NULL	NULL
cidx	CVCHAR5	CONCAT(CVCHAR5,CCHAR7)
1	aaaaa	aaaaaaaaaaaa
2	e	eg
3	ee	eegg
4	eee	eeeggg
5	eeee	eeeegggg
6	vvvvv	vvvvvttttttt
7	vvvvv	vvvvvttttttt
8	vvvvv	vvvvvttttttt
9	vvvvv	vvvvvttttttt
10	zzzzz	zzzzzzzzzzzz
11	NULL	NULL
cidx	CVCHAR5	CONCAT(CVCHAR5,'ALOHA')
1	aaaaa	aaaaaALOHA
2	e	eALOHA
3	ee	eeALOHA
4	eee	eeeALOHA
5	eeee	eeeeALOHA
6	vvvvv	vvvvvALOHA
7	vvvvv	vvvvvALOHA
8	vvvvv	vvvvvALOHA
9	vvvvv	vvvvvALOHA
10	zzzzz	zzzzzALOHA
11	NULL	NULL
cidx	CVCHAR6	CONCAT(CVCHAR6,CCHAR3,CCHAR7,'ALOHA')
1	aaaaaa	aaaaaaaaaaaaaaaaALOHA
2	f	fcgALOHA
3	ff	ffccggALOHA
4	fff	fffcccgggALOHA
5	ffff	ffffcccggggALOHA
6	uuuuuu	uuuuuuxxxtttttttALOHA
7	uuuuuu	uuuuuuxxxtttttttALOHA
8	uuuuuu	uuuuuuxxxtttttttALOHA
9	uuuuuu	uuuuuuxxxtttttttALOHA
10	zzzzzz	zzzzzzzzzzzzzzzzALOHA
11	NULL	NULL
cidx	CVCHAR6	CONCAT(CVCHAR6,CCHAR3)
1	aaaaaa	aaaaaaaaa
2	f	fc
3	ff	ffcc
4	fff	fffccc
5	ffff	ffffccc
6	uuuuuu	uuuuuuxxx
7	uuuuuu	uuuuuuxxx
8	uuuuuu	uuuuuuxxx
9	uuuuuu	uuuuuuxxx
10	zzzzzz	zzzzzzzzz
11	NULL	NULL
cidx	CVCHAR6	CONCAT(CVCHAR6,CCHAR7)
1	aaaaaa	aaaaaaaaaaaaa
2	f	fg
3	ff	ffgg
4	fff	fffggg
5	ffff	ffffgggg
6	uuuuuu	uuuuuuttttttt
7	uuuuuu	uuuuuuttttttt
8	uuuuuu	uuuuuuttttttt
9	uuuuuu	uuuuuuttttttt
10	zzzzzz	zzzzzzzzzzzzz
11	NULL	NULL
cidx	CVCHAR6	CONCAT(CVCHAR6,'ALOHA')
1	aaaaaa	aaaaaaALOHA
2	f	fALOHA
3	ff	ffALOHA
4	fff	fffALOHA
5	ffff	ffffALOHA
6	uuuuuu	uuuuuuALOHA
7	uuuuuu	uuuuuuALOHA
8	uuuuuu	uuuuuuALOHA
9	uuuuuu	uuuuuuALOHA
10	zzzzzz	zzzzzzALOHA
11	NULL	NULL
cidx	CVCHAR7	CONCAT(CVCHAR7,CCHAR3,CCHAR7,'ALOHA')
1	aaaaaaa	aaaaaaaaaaaaaaaaaALOHA
2	g	gcgALOHA
3	gg	ggccggALOHA
4	ggg	gggcccgggALOHA
5	gggg	ggggcccggggALOHA
6	ttttttt	tttttttxxxtttttttALOHA
7	ttttttt	tttttttxxxtttttttALOHA
8	ttttttt	tttttttxxxtttttttALOHA
9	ttttttt	tttttttxxxtttttttALOHA
10	zzzzzzz	zzzzzzzzzzzzzzzzzALOHA
11	NULL	NULL
cidx	CVCHAR7	CONCAT(CVCHAR7,CCHAR3)
1	aaaaaaa	aaaaaaaaaa
2	g	gc
3	gg	ggcc
4	ggg	gggccc
5	gggg	ggggccc
6	ttttttt	tttttttxxx
7	ttttttt	tttttttxxx
8	ttttttt	tttttttxxx
9	ttttttt	tttttttxxx
10	zzzzzzz	zzzzzzzzzz
11	NULL	NULL
cidx	CVCHAR7	CONCAT(CVCHAR7,CCHAR7)
1	aaaaaaa	aaaaaaaaaaaaaa
2	g	gg
3	gg	gggg
4	ggg	gggggg
5	gggg	gggggggg
6	ttttttt	tttttttttttttt
7	ttttttt	tttttttttttttt
8	ttttttt	tttttttttttttt
9	ttttttt	tttttttttttttt
10	zzzzzzz	zzzzzzzzzzzzzz
11	NULL	NULL
cidx	CVCHAR7	CONCAT(CVCHAR7,'ALOHA')
1	aaaaaaa	aaaaaaaALOHA
2	g	gALOHA
3	gg	ggALOHA
4	ggg	gggALOHA
5	gggg	ggggALOHA
6	ttttttt	tttttttALOHA
7	ttttttt	tttttttALOHA
8	ttttttt	tttttttALOHA
9	ttttttt	tttttttALOHA
10	zzzzzzz	zzzzzzzALOHA
11	NULL	NULL
cidx	CVCHAR8	CONCAT(CVCHAR8,CCHAR3,CCHAR7,'ALOHA')
1	aaaaaaaa	aaaaaaaaaaaaaaaaaaALOHA
2	h	hcgALOHA
3	hh	hhccggALOHA
4	hhh	hhhcccgggALOHA
5	hhhh	hhhhcccggggALOHA
6	sssssss	sssssssxxxtttttttALOHA
7	ssssssss	ssssssssxxxtttttttALOHA
8	ssssssss	ssssssssxxxtttttttALOHA
9	ssssssss	ssssssssxxxtttttttALOHA
10	zzzzzzzz	zzzzzzzzzzzzzzzzzzALOHA
11	NULL	NULL
cidx	CVCHAR8	CONCAT(CVCHAR8,CCHAR3)
1	aaaaaaaa	aaaaaaaaaaa
2	h	hc
3	hh	hhcc
4	hhh	hhhccc
5	hhhh	hhhhccc
6	sssssss	sssssssxxx
7	ssssssss	ssssssssxxx
8	ssssssss	ssssssssxxx
9	ssssssss	ssssssssxxx
10	zzzzzzzz	zzzzzzzzzzz
11	NULL	NULL
cidx	CVCHAR8	CONCAT(CVCHAR8,CCHAR7)
1	aaaaaaaa	aaaaaaaaaaaaaaa
2	h	hg
3	hh	hhgg
4	hhh	hhhggg
5	hhhh	hhhhgggg
6	sssssss	sssssssttttttt
7	ssssssss	ssssssssttttttt
8	ssssssss	ssssssssttttttt
9	ssssssss	ssssssssttttttt
10	zzzzzzzz	zzzzzzzzzzzzzzz
11	NULL	NULL
cidx	CVCHAR8	CONCAT(CVCHAR8,'ALOHA')
1	aaaaaaaa	aaaaaaaaALOHA
2	h	hALOHA
3	hh	hhALOHA
4	hhh	hhhALOHA
5	hhhh	hhhhALOHA
6	sssssss	sssssssALOHA
7	ssssssss	ssssssssALOHA
8	ssssssss	ssssssssALOHA
9	ssssssss	ssssssssALOHA
10	zzzzzzzz	zzzzzzzzALOHA
11	NULL	NULL
cidx	CVCHAR255	CONCAT(CVCHAR255,CCHAR3,CCHAR7,'ALOHA')
1	aaaaaaaaaa	aaaaaaaaaaaaaaaaaaaaALOHA
2	j	jcgALOHA
3	jj	jjccggALOHA
4	jjj	jjjcccgggALOHA
5	jjjj	jjjjcccggggALOHA
6	qqqqqqq	qqqqqqqxxxtttttttALOHA
7	qqqqqqqq	qqqqqqqqxxxtttttttALOHA
8	qqqqqqqqq	qqqqqqqqqxxxtttttttALOHA
9	qqqqqqqqqq	qqqqqqqqqqxxxtttttttALOHA
10	zzzzzzzzzz	zzzzzzzzzzzzzzzzzzzzALOHA
11	NULL	NULL
cidx	CVCHAR255	CONCAT(CVCHAR255,CCHAR3)
1	aaaaaaaaaa	aaaaaaaaaaaaa
2	j	jc
3	jj	jjcc
4	jjj	jjjccc
5	jjjj	jjjjccc
6	qqqqqqq	qqqqqqqxxx
7	qqqqqqqq	qqqqqqqqxxx
8	qqqqqqqqq	qqqqqqqqqxxx
9	qqqqqqqqqq	qqqqqqqqqqxxx
10	zzzzzzzzzz	zzzzzzzzzzzzz
11	NULL	NULL
cidx	CVCHAR255	CONCAT(CVCHAR255,CCHAR7)
1	aaaaaaaaaa	aaaaaaaaaaaaaaaaa
2	j	jg
3	jj	jjgg
4	jjj	jjjggg
5	jjjj	jjjjgggg
6	qqqqqqq	qqqqqqqttttttt
7	qqqqqqqq	qqqqqqqqttttttt
8	qqqqqqqqq	qqqqqqqqqttttttt
9	qqqqqqqqqq	qqqqqqqqqqttttttt
10	zzzzzzzzzz	zzzzzzzzzzzzzzzzz
11	NULL	NULL
cidx	CVCHAR255	CONCAT(CVCHAR255,'ALOHA')
1	aaaaaaaaaa	aaaaaaaaaaALOHA
2	j	jALOHA
3	jj	jjALOHA
4	jjj	jjjALOHA
5	jjjj	jjjjALOHA
6	qqqqqqq	qqqqqqqALOHA
7	qqqqqqqq	qqqqqqqqALOHA
8	qqqqqqqqq	qqqqqqqqqALOHA
9	qqqqqqqqqq	qqqqqqqqqqALOHA
10	zzzzzzzzzz	zzzzzzzzzzALOHA
11	NULL	NULL
cidx	CCHAR1
1	a
2	a
3	a
4	a
5	a
6	z
7	z
8	z
9	z
10	z
cidx	CCHAR1
1	a
2	a
3	a
4	a
5	a
6	z
7	z
8	z
9	z
10	z
cidx	CCHAR1
1	a
2	a
3	a
4	a
5	a
6	z
7	z
8	z
9	z
10	z
cidx	CCHAR1
1	a
2	a
3	a
4	a
5	a
6	z
7	z
8	z
9	z
10	z
cidx	CCHAR2
1	aa
2	b
3	bb
4	bb
5	bb
6	yy
7	yy
8	yy
9	yy
10	zz
cidx	CCHAR2
1	aa
2	b
3	bb
4	bb
5	bb
6	yy
7	yy
8	yy
9	yy
10	zz
cidx	CCHAR2
1	aa
2	b
3	bb
4	bb
5	bb
6	yy
7	yy
8	yy
9	yy
10	zz
cidx	CCHAR2
1	aa
2	b
3	bb
4	bb
5	bb
6	yy
7	yy
8	yy
9	yy
10	zz
cidx	CCHAR3
1	aaa
2	c
3	cc
4	ccc
5	ccc
6	xxx
7	xxx
8	xxx
9	xxx
10	zzz
cidx	CCHAR3
1	aaa
2	c
3	cc
4	ccc
5	ccc
6	xxx
7	xxx
8	xxx
9	xxx
10	zzz
cidx	CCHAR3
1	aaa
2	c
3	cc
4	ccc
5	ccc
6	xxx
7	xxx
8	xxx
9	xxx
10	zzz
cidx	CCHAR3
1	aaa
2	c
3	cc
4	ccc
5	ccc
6	xxx
7	xxx
8	xxx
9	xxx
10	zzz
cidx	CCHAR4
1	aaaa
2	d
3	dd
4	ddd
5	dddd
6	wwww
7	wwww
8	wwww
9	wwww
10	zzzz
cidx	CCHAR4
1	aaaa
2	d
3	dd
4	ddd
5	dddd
6	wwww
7	wwww
8	wwww
9	wwww
10	zzzz
cidx	CCHAR4
1	aaaa
2	d
3	dd
4	ddd
5	dddd
6	wwww
7	wwww
8	wwww
9	wwww
10	zzzz
cidx	CCHAR4
1	aaaa
2	d
3	dd
4	ddd
5	dddd
6	wwww
7	wwww
8	wwww
9	wwww
10	zzzz
cidx	CCHAR5
1	aaaaa
2	e
3	ee
4	eee
5	eeee
6	vvvvv
7	vvvvv
8	vvvvv
9	vvvvv
10	zzzzz
cidx	CCHAR5
1	aaaaa
2	e
3	ee
4	eee
5	eeee
6	vvvvv
7	vvvvv
8	vvvvv
9	vvvvv
10	zzzzz
cidx	CCHAR5
1	aaaaa
2	e
3	ee
4	eee
5	eeee
6	vvvvv
7	vvvvv
8	vvvvv
9	vvvvv
10	zzzzz
cidx	CCHAR5
1	aaaaa
2	e
3	ee
4	eee
5	eeee
6	vvvvv
7	vvvvv
8	vvvvv
9	vvvvv
10	zzzzz
cidx	CCHAR6
1	aaaaaa
2	f
3	ff
4	fff
5	ffff
6	uuuuuu
7	uuuuuu
8	uuuuuu
9	uuuuuu
10	zzzzzz
cidx	CCHAR6
1	aaaaaa
2	f
3	ff
4	fff
5	ffff
6	uuuuuu
7	uuuuuu
8	uuuuuu
9	uuuuuu
10	zzzzzz
cidx	CCHAR6
1	aaaaaa
2	f
3	ff
4	fff
5	ffff
6	uuuuuu
7	uuuuuu
8	uuuuuu
9	uuuuuu
10	zzzzzz
cidx	CCHAR6
1	aaaaaa
2	f
3	ff
4	fff
5	ffff
6	uuuuuu
7	uuuuuu
8	uuuuuu
9	uuuuuu
10	zzzzzz
cidx	CCHAR7
1	aaaaaaa
2	g
3	gg
4	ggg
5	gggg
6	ttttttt
7	ttttttt
8	ttttttt
9	ttttttt
10	zzzzzzz
cidx	CCHAR7
1	aaaaaaa
2	g
3	gg
4	ggg
5	gggg
6	ttttttt
7	ttttttt
8	ttttttt
9	ttttttt
10	zzzzzzz
cidx	CCHAR7
1	aaaaaaa
2	g
3	gg
4	ggg
5	gggg
6	ttttttt
7	ttttttt
8	ttttttt
9	ttttttt
10	zzzzzzz
cidx	CCHAR7
1	aaaaaaa
2	g
3	gg
4	ggg
5	gggg
6	ttttttt
7	ttttttt
8	ttttttt
9	ttttttt
10	zzzzzzz
cidx	CCHAR8
1	aaaaaaaa
2	h
3	hh
4	hhh
5	hhhh
6	sssssss
7	ssssssss
8	ssssssss
9	ssssssss
10	zzzzzzzz
cidx	CCHAR8
1	aaaaaaaa
2	h
3	hh
4	hhh
5	hhhh
6	sssssss
7	ssssssss
8	ssssssss
9	ssssssss
10	zzzzzzzz
cidx	CCHAR8
1	aaaaaaaa
2	h
3	hh
4	hhh
5	hhhh
6	sssssss
7	ssssssss
8	ssssssss
9	ssssssss
10	zzzzzzzz
cidx	CCHAR8
1	aaaaaaaa
2	h
3	hh
4	hhh
5	hhhh
6	sssssss
7	ssssssss
8	ssssssss
9	ssssssss
10	zzzzzzzz
cidx	CCHAR9
1	aaaaaaaaa
2	i
3	ii
4	iii
5	iiii
6	rrrrrrr
7	rrrrrrrr
8	rrrrrrrrr
9	rrrrrrrrr
10	zzzzzzzzz
cidx	CCHAR9
1	aaaaaaaaa
2	i
3	ii
4	iii
5	iiii
6	rrrrrrr
7	rrrrrrrr
8	rrrrrrrrr
9	rrrrrrrrr
10	zzzzzzzzz
cidx	CCHAR9
1	aaaaaaaaa
2	i
3	ii
4	iii
5	iiii
6	rrrrrrr
7	rrrrrrrr
8	rrrrrrrrr
9	rrrrrrrrr
10	zzzzzzzzz
cidx	CCHAR9
1	aaaaaaaaa
2	i
3	ii
4	iii
5	iiii
6	rrrrrrr
7	rrrrrrrr
8	rrrrrrrrr
9	rrrrrrrrr
10	zzzzzzzzz
cidx	CCHAR255
1	aaaaaaaaaa
2	j
3	jj
4	jjj
5	jjjj
6	qqqqqqq
7	qqqqqqqq
8	qqqqqqqqq
9	qqqqqqqqqq
10	zzzzzzzzzz
cidx	CCHAR255
1	aaaaaaaaaa
2	j
3	jj
4	jjj
5	jjjj
6	qqqqqqq
7	qqqqqqqq
8	qqqqqqqqq
9	qqqqqqqqqq
10	zzzzzzzzzz
cidx	CCHAR255
1	aaaaaaaaaa
2	j
3	jj
4	jjj
5	jjjj
6	qqqqqqq
7	qqqqqqqq
8	qqqqqqqqq
9	qqqqqqqqqq
10	zzzzzzzzzz
cidx	CCHAR255
1	aaaaaaaaaa
2	j
3	jj
4	jjj
5	jjjj
6	qqqqqqq
7	qqqqqqqq
8	qqqqqqqqq
9	qqqqqqqqqq
10	zzzzzzzzzz
cidx	CVCHAR1
1	a
2	a
3	a
4	a
5	a
6	z
7	z
8	z
9	z
10	z
cidx	CVCHAR1
1	a
2	a
3	a
4	a
5	a
6	z
7	z
8	z
9	z
10	z
cidx	CVCHAR1
1	a
2	a
3	a
4	a
5	a
6	z
7	z
8	z
9	z
10	z
cidx	CVCHAR1
1	a
2	a
3	a
4	a
5	a
6	z
7	z
8	z
9	z
10	z
cidx	CVCHAR2
1	aa
2	b
3	bb
4	bb
5	bb
6	yy
7	yy
8	yy
9	yy
10	zz
cidx	CVCHAR2
1	aa
2	b
3	bb
4	bb
5	bb
6	yy
7	yy
8	yy
9	yy
10	zz
cidx	CVCHAR2
1	aa
2	b
3	bb
4	bb
5	bb
6	yy
7	yy
8	yy
9	yy
10	zz
cidx	CVCHAR2
1	aa
2	b
3	bb
4	bb
5	bb
6	yy
7	yy
8	yy
9	yy
10	zz
cidx	CVCHAR3
1	aaa
2	c
3	cc
4	ccc
5	ccc
6	xxx
7	xxx
8	xxx
9	xxx
10	zzz
cidx	CVCHAR3
1	aaa
2	c
3	cc
4	ccc
5	ccc
6	xxx
7	xxx
8	xxx
9	xxx
10	zzz
cidx	CVCHAR3
1	aaa
2	c
3	cc
4	ccc
5	ccc
6	xxx
7	xxx
8	xxx
9	xxx
10	zzz
cidx	CVCHAR3
1	aaa
2	c
3	cc
4	ccc
5	ccc
6	xxx
7	xxx
8	xxx
9	xxx
10	zzz
cidx	CVCHAR4
1	aaaa
2	d
3	dd
4	ddd
5	dddd
6	wwww
7	wwww
8	wwww
9	wwww
10	zzzz
cidx	CVCHAR4
1	aaaa
2	d
3	dd
4	ddd
5	dddd
6	wwww
7	wwww
8	wwww
9	wwww
10	zzzz
cidx	CVCHAR4
1	aaaa
2	d
3	dd
4	ddd
5	dddd
6	wwww
7	wwww
8	wwww
9	wwww
10	zzzz
cidx	CVCHAR4
1	aaaa
2	d
3	dd
4	ddd
5	dddd
6	wwww
7	wwww
8	wwww
9	wwww
10	zzzz
cidx	CVCHAR5
1	aaaaa
2	e
3	ee
4	eee
5	eeee
6	vvvvv
7	vvvvv
8	vvvvv
9	vvvvv
10	zzzzz
cidx	CVCHAR5
1	aaaaa
2	e
3	ee
4	eee
5	eeee
6	vvvvv
7	vvvvv
8	vvvvv
9	vvvvv
10	zzzzz
cidx	CVCHAR5
1	aaaaa
2	e
3	ee
4	eee
5	eeee
6	vvvvv
7	vvvvv
8	vvvvv
9	vvvvv
10	zzzzz
cidx	CVCHAR5
1	aaaaa
2	e
3	ee
4	eee
5	eeee
6	vvvvv
7	vvvvv
8	vvvvv
9	vvvvv
10	zzzzz
cidx	CVCHAR6
1	aaaaaa
2	f
3	ff
4	fff
5	ffff
6	uuuuuu
7	uuuuuu
8	uuuuuu
9	uuuuuu
10	zzzzzz
cidx	CVCHAR6
1	aaaaaa
2	f
3	ff
4	fff
5	ffff
6	uuuuuu
7	uuuuuu
8	uuuuuu
9	uuuuuu
10	zzzzzz
cidx	CVCHAR6
1	aaaaaa
2	f
3	ff
4	fff
5	ffff
6	uuuuuu
7	uuuuuu
8	uuuuuu
9	uuuuuu
10	zzzzzz
cidx	CVCHAR6
1	aaaaaa
2	f
3	ff
4	fff
5	ffff
6	uuuuuu
7	uuuuuu
8	uuuuuu
9	uuuuuu
10	zzzzzz
cidx	CVCHAR7
1	aaaaaaa
2	g
3	gg
4	ggg
5	gggg
6	ttttttt
7	ttttttt
8	ttttttt
9	ttttttt
10	zzzzzzz
cidx	CVCHAR7
1	aaaaaaa
2	g
3	gg
4	ggg
5	gggg
6	ttttttt
7	ttttttt
8	ttttttt
9	ttttttt
10	zzzzzzz
cidx	CVCHAR7
1	aaaaaaa
2	g
3	gg
4	ggg
5	gggg
6	ttttttt
7	ttttttt
8	ttttttt
9	ttttttt
10	zzzzzzz
cidx	CVCHAR7
1	aaaaaaa
2	g
3	gg
4	ggg
5	gggg
6	ttttttt
7	ttttttt
8	ttttttt
9	ttttttt
10	zzzzzzz
cidx	CVCHAR8
1	aaaaaaaa
2	h
3	hh
4	hhh
5	hhhh
6	sssssss
7	ssssssss
8	ssssssss
9	ssssssss
10	zzzzzzzz
cidx	CVCHAR8
1	aaaaaaaa
2	h
3	hh
4	hhh
5	hhhh
6	sssssss
7	ssssssss
8	ssssssss
9	ssssssss
10	zzzzzzzz
cidx	CVCHAR8
1	aaaaaaaa
2	h
3	hh
4	hhh
5	hhhh
6	sssssss
7	ssssssss
8	ssssssss
9	ssssssss
10	zzzzzzzz
cidx	CVCHAR8
1	aaaaaaaa
2	h
3	hh
4	hhh
5	hhhh
6	sssssss
7	ssssssss
8	ssssssss
9	ssssssss
10	zzzzzzzz
cidx	CVCHAR255
1	aaaaaaaaaa
2	j
3	jj
4	jjj
5	jjjj
6	qqqqqqq
7	qqqqqqqq
8	qqqqqqqqq
9	qqqqqqqqqq
10	zzzzzzzzzz
cidx	CVCHAR255
1	aaaaaaaaaa
2	j
3	jj
4	jjj
5	jjjj
6	qqqqqqq
7	qqqqqqqq
8	qqqqqqqqq
9	qqqqqqqqqq
10	zzzzzzzzzz
cidx	CVCHAR255
1	aaaaaaaaaa
2	j
3	jj
4	jjj
5	jjjj
6	qqqqqqq
7	qqqqqqqq
8	qqqqqqqqq
9	qqqqqqqqqq
10	zzzzzzzzzz
cidx	CVCHAR255
1	aaaaaaaaaa
2	j
3	jj
4	jjj
5	jjjj
6	qqqqqqq
7	qqqqqqqq
8	qqqqqqqqq
9	qqqqqqqqqq
10	zzzzzzzzzz
