concat_ws(":", r_regionkey, r_name, r_comment)
0:AFRICA:lar deposits. blithely final packages cajole. regular waters are final requests. regular accounts are according to 
1:AMERICA:hs use ironic, even requests. s
2:ASIA:ges. thinly even pinto beans ca
3:EUROPE:ly final courts cajole furiously final excuse
4:MIDDLE EAST:uickly special accounts cajole carefully blithely close requests. carefully final asymptotes haggle furiousl
concat_ws(s1,c1,c2,c3)
33333
599999999
concat_ws(" ", cidx, cchar5, cvchar5)	count(*)
1 aaaaa aaaaa	1
10 zzzzz zzzzz	1
11	1
2 e e	1
3 ee ee	1
4 eee eee	1
5 eeee eeee	1
6 vvvvv vvvvv	1
7 vvvvv vvvvv	1
8 vvvvv vvvvv	1
9 vvvvv vvvvv	1
cidx
1
2
3
4
5
6
7
8
9
10
concat_ws(r_comment, r_comment,r_comment,r_comment)
lar deposits. blithely final packages cajole. regular waters are final requests. regular accounts are according to lar deposits. blithely final packages cajole. regular waters are final requests. regular accounts are according to lar deposits. blithely final packages cajole. regular waters are final requests. regular accounts are according to lar deposits. blithely final packages cajole. regular waters are final requests. regular accounts are according to lar deposits. blithely final packages cajole. regular waters are final requests. regular accounts are according to 
hs use ironic, even requests. shs use ironic, even requests. shs use ironic, even requests. shs use ironic, even requests. shs use ironic, even requests. s
ges. thinly even pinto beans cages. thinly even pinto beans cages. thinly even pinto beans cages. thinly even pinto beans cages. thinly even pinto beans ca
ly final courts cajole furiously final excusely final courts cajole furiously final excusely final courts cajole furiously final excusely final courts cajole furiously final excusely final courts cajole furiously final excuse
uickly special accounts cajole carefully blithely close requests. carefully final asymptotes haggle furiousluickly special accounts cajole carefully blithely close requests. carefully final asymptotes haggle furiousluickly special accounts cajole carefully blithely close requests. carefully final asymptotes haggle furiousluickly special accounts cajole carefully blithely close requests. carefully final asymptotes haggle furiousluickly special accounts cajole carefully blithely close requests. carefully final asymptotes haggle furiousl
concat_ws('-',cidx,null,null,0)
1-0
2-0
3-0
4-0
5-0
6-0
7-0
8-0
9-0
10-0
11-0
cchar4	cchar5	concat_ws(null, cchar4, cchar5)
aaaa	aaaaa	NULL
d	e	NULL
dd	ee	NULL
ddd	eee	NULL
dddd	eeee	NULL
wwww	vvvvv	NULL
wwww	vvvvv	NULL
wwww	vvvvv	NULL
wwww	vvvvv	NULL
zzzz	zzzzz	NULL
NULL	NULL	NULL
