DATE_FORMAT('2003-10-03',GET_FORMAT(DATE,'EUR'))
03.10.2003
STR_TO_DATE('10.31.2003',GET_FORMAT(DATE,'USA'))
2003-10-31
DATE_FORMAT(cdate,GET_FORMAT(DATE,'EUR'))
01.01.1997
01.01.1997
02.01.1997
03.01.1997
04.01.1997
28.12.2009
29.12.2009
30.12.2009
31.12.2009
31.12.2009
31.12.2009
DATE_FORMAT(cdate,GET_FORMAT(DATE,'eur'))
01.01.1997
01.01.1997
02.01.1997
03.01.1997
04.01.1997
28.12.2009
29.12.2009
30.12.2009
31.12.2009
31.12.2009
31.12.2009
DATE_FORMAT(cdate,GET_FORMAT(DATE,'USA'))
01.01.1997
01.01.1997
01.02.1997
01.03.1997
01.04.1997
12.28.2009
12.29.2009
12.30.2009
12.31.2009
12.31.2009
12.31.2009
DATE_FORMAT(cdate,GET_FORMAT(DATE,'usa'))
01.01.1997
01.01.1997
01.02.1997
01.03.1997
01.04.1997
12.28.2009
12.29.2009
12.30.2009
12.31.2009
12.31.2009
12.31.2009
DATE_FORMAT(cdate,GET_FORMAT(DATE,'ISO'))
1997-01-01
1997-01-01
1997-01-02
1997-01-03
1997-01-04
2009-12-28
2009-12-29
2009-12-30
2009-12-31
2009-12-31
2009-12-31
DATE_FORMAT(cdate,GET_FORMAT(DATE,'JIS'))
1997-01-01
1997-01-01
1997-01-02
1997-01-03
1997-01-04
2009-12-28
2009-12-29
2009-12-30
2009-12-31
2009-12-31
2009-12-31
DATE_FORMAT(cdate,GET_FORMAT(DATE,'INTERNAL'))
19970101
19970101
19970102
19970103
19970104
20091228
20091229
20091230
20091231
20091231
20091231
DATE_FORMAT(cdatetime,GET_FORMAT(DATEtime,'EUR'))
1997-01-01 00.00.00
1997-01-01 00.00.01
1997-01-02 00.00.01
1997-01-03 00.00.02
1997-01-04 00.00.03
2009-12-31 23.59.56
2009-12-31 23.59.57
2009-12-31 23.59.58
2009-12-31 23.59.59
2009-12-31 23.59.59
2009-12-31 23.59.59
DATE_FORMAT(cdatetime,GET_FORMAT(DATEtime,'eur'))
1997-01-01 00.00.00
1997-01-01 00.00.01
1997-01-02 00.00.01
1997-01-03 00.00.02
1997-01-04 00.00.03
2009-12-31 23.59.56
2009-12-31 23.59.57
2009-12-31 23.59.58
2009-12-31 23.59.59
2009-12-31 23.59.59
2009-12-31 23.59.59
DATE_FORMAT(cdatetime,GET_FORMAT(DATEtime,'USA'))
1997-01-01 00.00.00
1997-01-01 00.00.01
1997-01-02 00.00.01
1997-01-03 00.00.02
1997-01-04 00.00.03
2009-12-31 23.59.56
2009-12-31 23.59.57
2009-12-31 23.59.58
2009-12-31 23.59.59
2009-12-31 23.59.59
2009-12-31 23.59.59
DATE_FORMAT(cdatetime,GET_FORMAT(DATEtime,'usa'))
1997-01-01 00.00.00
1997-01-01 00.00.01
1997-01-02 00.00.01
1997-01-03 00.00.02
1997-01-04 00.00.03
2009-12-31 23.59.56
2009-12-31 23.59.57
2009-12-31 23.59.58
2009-12-31 23.59.59
2009-12-31 23.59.59
2009-12-31 23.59.59
DATE_FORMAT(cdatetime,GET_FORMAT(DATEtime,'ISO'))
1997-01-01 00:00:00
1997-01-01 00:00:01
1997-01-02 00:00:01
1997-01-03 00:00:02
1997-01-04 00:00:03
2009-12-31 23:59:56
2009-12-31 23:59:57
2009-12-31 23:59:58
2009-12-31 23:59:59
2009-12-31 23:59:59
2009-12-31 23:59:59
DATE_FORMAT(cdatetime,GET_FORMAT(DATEtime,'JIS'))
1997-01-01 00:00:00
1997-01-01 00:00:01
1997-01-02 00:00:01
1997-01-03 00:00:02
1997-01-04 00:00:03
2009-12-31 23:59:56
2009-12-31 23:59:57
2009-12-31 23:59:58
2009-12-31 23:59:59
2009-12-31 23:59:59
2009-12-31 23:59:59
DATE_FORMAT(cdatetime,GET_FORMAT(DATEtime,'INTERNAL'))
19970101000000
19970101000001
19970102000001
19970103000002
19970104000003
20091231235956
20091231235957
20091231235958
20091231235959
20091231235959
20091231235959
DATE_FORMAT(cdatetime,GET_FORMAT(time,'EUR'))
00.00.00
00.00.01
00.00.01
00.00.02
00.00.03
23.59.56
23.59.57
23.59.58
23.59.59
23.59.59
23.59.59
DATE_FORMAT(cdatetime,GET_FORMAT(time,'eur'))
00.00.00
00.00.01
00.00.01
00.00.02
00.00.03
23.59.56
23.59.57
23.59.58
23.59.59
23.59.59
23.59.59
DATE_FORMAT(cdatetime,GET_FORMAT(time,'USA'))
12:00:00 AM
12:00:01 AM
12:00:01 AM
12:00:02 AM
12:00:03 AM
11:59:56 PM
11:59:57 PM
11:59:58 PM
11:59:59 PM
11:59:59 PM
11:59:59 PM
DATE_FORMAT(cdatetime,GET_FORMAT(time,'usa'))
12:00:00 AM
12:00:01 AM
12:00:01 AM
12:00:02 AM
12:00:03 AM
11:59:56 PM
11:59:57 PM
11:59:58 PM
11:59:59 PM
11:59:59 PM
11:59:59 PM
DATE_FORMAT(cdatetime,GET_FORMAT(time,'ISO'))
00:00:00
00:00:01
00:00:01
00:00:02
00:00:03
23:59:56
23:59:57
23:59:58
23:59:59
23:59:59
23:59:59
DATE_FORMAT(cdatetime,GET_FORMAT(time,'JIS'))
00:00:00
00:00:01
00:00:01
00:00:02
00:00:03
23:59:56
23:59:57
23:59:58
23:59:59
23:59:59
23:59:59
DATE_FORMAT(cdatetime,GET_FORMAT(time,'INTERNAL'))
000000
000001
000001
000002
000003
235956
235957
235958
235959
235959
235959
cdate
1997-01-01
1997-01-01
1997-01-02
1997-01-03
1997-01-04
2009-12-28
2009-12-29
2009-12-30
2009-12-31
2009-12-31
2009-12-31
cdatetime
1997-01-01 00:00:00
1997-01-01 00:00:01
1997-01-02 00:00:01
1997-01-03 00:00:02
1997-01-04 00:00:03
2009-12-31 23:59:56
2009-12-31 23:59:57
2009-12-31 23:59:58
2009-12-31 23:59:59
2009-12-31 23:59:59
2009-12-31 23:59:59
cdatetime
1997-01-01 00:00:00
1997-01-01 00:00:01
1997-01-02 00:00:01
1997-01-03 00:00:02
1997-01-04 00:00:03
2009-12-31 23:59:56
2009-12-31 23:59:57
2009-12-31 23:59:58
2009-12-31 23:59:59
2009-12-31 23:59:59
2009-12-31 23:59:59
