hex(r_name)	hex(r_regionkey)	hex(r_comment)
414652494341	0	6C6172206465706F736974732E20626C697468656C792066696E616C207061636B616765732063616A6F6C652E20726567756C617220776174657273206172652066696E616C2072657175657374732E20726567756C6172206163636F756E747320617265206163636F7264696E6720746F20
414D4552494341	1	6873207573652069726F6E69632C206576656E2072657175657374732E2073
41534941	2	6765732E207468696E6C79206576656E2070696E746F206265616E73206361
4555524F5045	3	6C792066696E616C20636F757274732063616A6F6C6520667572696F75736C792066696E616C20657863757365
4D4944444C452045415354	4	7569636B6C79207370656369616C206163636F756E74732063616A6F6C65206361726566756C6C7920626C697468656C7920636C6F73652072657175657374732E206361726566756C6C792066696E616C206173796D70746F74657320686167676C6520667572696F75736C
hex(c2)
1
2
3
1
63
NULL
hex(r_name)
414D4552494341
41534941
4555524F5045
4D4944444C452045415354
hex(r_name)
414652494341
414D4552494341
41534941
4555524F5045
4D4944444C452045415354
hex(r_name)
414D4552494341
4D4944444C452045415354
hex(cchar5)
NULL
6161616161
65
6565
656565
65656565
7676767676
7676767676
7676767676
7676767676
7A7A7A7A7A
hex(r_name)	count(*)
414652494341	1
414D4552494341	1
41534941	1
4555524F5045	1
4D4944444C452045415354	1
cidx	CDATE	HEX(CDATE)
1	1997-01-01	313939372D30312D3031
2	1997-01-01	313939372D30312D3031
3	1997-01-02	313939372D30312D3032
4	1997-01-03	313939372D30312D3033
5	1997-01-04	313939372D30312D3034
6	2009-12-28	323030392D31322D3238
7	2009-12-29	323030392D31322D3239
8	2009-12-30	323030392D31322D3330
9	2009-12-31	323030392D31322D3331
10	2009-12-31	323030392D31322D3331
11	2009-12-31	323030392D31322D3331
cidx	CDATETIME	HEX(CDATETIME)
1	1997-01-01 00:00:00	313939372D30312D30312030303A30303A3030
2	1997-01-01 00:00:01	313939372D30312D30312030303A30303A3031
3	1997-01-02 00:00:01	313939372D30312D30322030303A30303A3031
4	1997-01-03 00:00:02	313939372D30312D30332030303A30303A3032
5	1997-01-04 00:00:03	313939372D30312D30342030303A30303A3033
6	2009-12-31 23:59:56	323030392D31322D33312032333A35393A3536
7	2009-12-31 23:59:57	323030392D31322D33312032333A35393A3537
8	2009-12-31 23:59:58	323030392D31322D33312032333A35393A3538
9	2009-12-31 23:59:59	323030392D31322D33312032333A35393A3539
10	2009-12-31 23:59:59	323030392D31322D33312032333A35393A3539
11	2009-12-31 23:59:59	323030392D31322D33312032333A35393A3539
cidx	CDECIMAL1	HEX(CDECIMAL1)
1	-9	FFFFFFFFFFFFFFF7
2	-8	FFFFFFFFFFFFFFF8
3	-7	FFFFFFFFFFFFFFF9
4	-6	FFFFFFFFFFFFFFFA
5	-5	FFFFFFFFFFFFFFFB
6	5	5
7	6	6
8	7	7
9	8	8
10	9	9
11	0	0
cidx	CDECIMAL4_2	HEX(CDECIMAL4_2)
1	-9.99	FFFFFFFFFFFFFFF6
2	-9.98	FFFFFFFFFFFFFFF6
3	-9.97	FFFFFFFFFFFFFFF6
4	-9.96	FFFFFFFFFFFFFFF6
5	-9.95	FFFFFFFFFFFFFFF6
6	9.95	A
7	9.96	A
8	9.97	A
9	9.98	A
10	9.99	A
11	0.00	0
cidx	CDECIMAL9_2	HEX(CDECIMAL9_2)
1	-9999.99	FFFFFFFFFFFFD8F0
2	-9999.98	FFFFFFFFFFFFD8F0
3	-9999.97	FFFFFFFFFFFFD8F0
4	-9999.96	FFFFFFFFFFFFD8F0
5	-9999.95	FFFFFFFFFFFFD8F0
6	9999.95	2710
7	9999.96	2710
8	9999.97	2710
9	9999.98	2710
10	9999.99	2710
11	0.00	0
