cdate	makedate(year(cdate),1)
1997-01-01	1997-01-01
1997-01-01	1997-01-01
1997-01-02	1997-01-01
1997-01-03	1997-01-01
1997-01-04	1997-01-01
2009-12-28	2009-01-01
2009-12-29	2009-01-01
2009-12-30	2009-01-01
2009-12-31	2009-01-01
2009-12-31	2009-01-01
2009-12-31	2009-01-01
cdatetime	makedate(year(cdatetime),1)
1997-01-01 00:00:00	1997-01-01
1997-01-01 00:00:01	1997-01-01
1997-01-02 00:00:01	1997-01-01
1997-01-03 00:00:02	1997-01-01
1997-01-04 00:00:03	1997-01-01
2009-12-31 23:59:56	2009-01-01
2009-12-31 23:59:57	2009-01-01
2009-12-31 23:59:58	2009-01-01
2009-12-31 23:59:59	2009-01-01
2009-12-31 23:59:59	2009-01-01
2009-12-31 23:59:59	2009-01-01
cdate	makedate(year(cdate),0)
1997-01-01	NULL
1997-01-01	NULL
1997-01-02	NULL
1997-01-03	NULL
1997-01-04	NULL
2009-12-28	NULL
2009-12-29	NULL
2009-12-30	NULL
2009-12-31	NULL
2009-12-31	NULL
2009-12-31	NULL
cdate	makedate(year(cdate),-1)
1997-01-01	NULL
1997-01-01	NULL
1997-01-02	NULL
1997-01-03	NULL
1997-01-04	NULL
2009-12-28	NULL
2009-12-29	NULL
2009-12-30	NULL
2009-12-31	NULL
2009-12-31	NULL
2009-12-31	NULL
cfloat	makedate(year(cfloat),1)
-3.40287e+18	NULL
-3.40287e+18	NULL
-3.40286e+18	NULL
-3.40286e+18	NULL
-3.40286e+18	NULL
3.40286e+18	NULL
3.40286e+18	NULL
3.40286e+18	NULL
3.40287e+18	NULL
3.40287e+18	NULL
0	NULL
cdate	makedate(year(cdate),1)
1997-01-01	1997-01-01
1997-01-01	1997-01-01
1997-01-02	1997-01-01
1997-01-03	1997-01-01
1997-01-04	1997-01-01
2009-12-28	2009-01-01
2009-12-29	2009-01-01
2009-12-30	2009-01-01
2009-12-31	2009-01-01
2009-12-31	2009-01-01
2009-12-31	2009-01-01
cdatetime	makedate(year(cdatetime),1)
1997-01-01 00:00:00	1997-01-01
1997-01-01 00:00:01	1997-01-01
1997-01-02 00:00:01	1997-01-01
1997-01-03 00:00:02	1997-01-01
1997-01-04 00:00:03	1997-01-01
2009-12-31 23:59:56	2009-01-01
2009-12-31 23:59:57	2009-01-01
2009-12-31 23:59:58	2009-01-01
2009-12-31 23:59:59	2009-01-01
2009-12-31 23:59:59	2009-01-01
2009-12-31 23:59:59	2009-01-01
cdatetime	makedate(year(cdatetime),1)
1997-01-01 00:00:00	1997-01-01
1997-01-01 00:00:01	1997-01-01
1997-01-02 00:00:01	1997-01-01
1997-01-03 00:00:02	1997-01-01
1997-01-04 00:00:03	1997-01-01
2009-12-31 23:59:56	2009-01-01
2009-12-31 23:59:57	2009-01-01
2009-12-31 23:59:58	2009-01-01
2009-12-31 23:59:59	2009-01-01
2009-12-31 23:59:59	2009-01-01
2009-12-31 23:59:59	2009-01-01
makedate(2011, CDECIMAL1)
NULL
NULL
NULL
NULL
NULL
2011-01-05
2011-01-06
2011-01-07
2011-01-08
2011-01-09
NULL
makedate(2011, CDECIMAL4)
NULL
NULL
NULL
NULL
NULL
2013-09-21
2013-09-22
2013-09-23
2013-09-24
2013-09-25
NULL
makedate(2011, CDECIMAL4_2)
NULL
NULL
NULL
NULL
NULL
2011-01-10
2011-01-10
2011-01-10
2011-01-10
2011-01-10
NULL
makedate(2011, CDECIMAL5)
NULL
NULL
NULL
NULL
NULL
2013-09-21
2013-09-22
2013-09-23
2013-09-24
2013-09-25
NULL
makedate(2011, CDECIMAL9)
NULL
NULL
NULL
NULL
NULL
4748-11-22
4748-11-23
4748-11-24
4748-11-25
4748-11-26
NULL
makedate(2011, CDECIMAL9_2)
NULL
NULL
NULL
NULL
NULL
2038-05-18
2038-05-18
2038-05-18
2038-05-18
2038-05-18
NULL
makedate(2011, CDECIMAL10)
NULL
NULL
NULL
NULL
NULL
NULL
NULL
NULL
NULL
NULL
NULL
makedate(2011, CDECIMAL18)
NULL
NULL
NULL
NULL
NULL
NULL
NULL
NULL
NULL
NULL
NULL
makedate(2011, CDECIMAL18_2)
NULL
NULL
NULL
NULL
NULL
NULL
NULL
NULL
NULL
NULL
NULL
cidx	CDATE	MAKEDATE(2010, CDATE)
1	1997-01-01	NULL
2	1997-01-01	NULL
3	1997-01-02	NULL
4	1997-01-03	NULL
5	1997-01-04	NULL
6	2009-12-28	NULL
7	2009-12-29	NULL
8	2009-12-30	NULL
9	2009-12-31	NULL
10	2009-12-31	NULL
11	2009-12-31	NULL
cdate	date(makedate(year(cdate),1))
1997-01-01	1997-01-01
1997-01-01	1997-01-01
1997-01-02	1997-01-01
1997-01-03	1997-01-01
1997-01-04	1997-01-01
2009-12-28	2009-01-01
2009-12-29	2009-01-01
2009-12-30	2009-01-01
2009-12-31	2009-01-01
2009-12-31	2009-01-01
2009-12-31	2009-01-01
cdate	date(makedate(year(cdate),0))
1997-01-01	NULL
1997-01-01	NULL
1997-01-02	NULL
1997-01-03	NULL
1997-01-04	NULL
2009-12-28	NULL
2009-12-29	NULL
2009-12-30	NULL
2009-12-31	NULL
2009-12-31	NULL
2009-12-31	NULL
cdate	date(makedate(year(cdate),-1))
1997-01-01	NULL
1997-01-01	NULL
1997-01-02	NULL
1997-01-03	NULL
1997-01-04	NULL
2009-12-28	NULL
2009-12-29	NULL
2009-12-30	NULL
2009-12-31	NULL
2009-12-31	NULL
2009-12-31	NULL
