md5(cinteger)	md5(cbigint)	md5(cdecimal4)	md5(cdecimal18_2)	md5(cchar4)	md5(cvchar255)	md5(cdate)	md5(cdatetime)
af3c7458a7702182a0c656b25e9a07cb	56518dc87aaf795edc058e66d51e58fd	dc9a0d67a31dae74f0ae340fc5ebbddb	4b4c4bd6853d4d36cc0e8030219128af	74b87337454200d4d33f80c4663dc5e5	e09c80c42fda55f9d992e59ca6b3307d	7e4e47ae134cb247e80b5e0393cfb4c0	fb8c36abb3ecffd47e85e15f8b0a490d
37e71a3d6487d19eecbfb4494ef4829f	306403a097ee70e2f0d5226b199a19df	166f65b105fa087455cebde33e811b85	76b7e46a93fe4d09786121e90d6fd641	8277e0910d750195b448797616e091ad	363b122c528f54df4a0446b6bab05515	7e4e47ae134cb247e80b5e0393cfb4c0	90c4792e34a36c1be1b7e3fbe67d70b8
f131c33d3994d7306a2af6bc9d871592	43b274ce6d7b7d1f1b9e847641d8130b	e944aeaaf375eb0321121e0804c052a5	a2f46fc6580dd2a06f9b39a164816d11	1aabac6d068eef6a7bad3fdf50a05cc8	bf2bc2545a4a5f5683d9ef3ed0d977e0	42984d82979473dbdd703f606cee5229	d512ecea7f37b26dd6f8d37356363e1e
b0e273e27131ac830c4cf3d498b904ea	a74aaee5343ee61015cd893a6ecedc0b	a9de21334ef11f3403c0193b7d6494ff	491c19be1f69bb589e8e358ffdc83504	77963b7a931377ad4ab5ad6a9cd718aa	2af54305f183778d87de0c70c591fae4	9a5004d5dd4e04a8fb06f6cc48e8019c	35f54c028318b60f6a9fe40da7bd89cb
efc8dd6c964b50ab50c500e63ab300c9	115aa78ca8d6f01cf5d904cf375095fa	008f22ae8b8481d92e7e6c75d89856f2	a3d71a337626fb7a9a8a7f8b9ca51da4	11ddbaf3386aea1f2974eee984542152	3b6281fa2ce2b6c20669490ef4b026a4	25cce180ab8c1cee6847bda4689e5a6c	bcfbef9c0c858acd8c86eb45bba41e53
ee2ba457591f406427bfc971df4ef172	d62558f3a812734b77d0eecc7f030e56	2bcab9d935d219641434683dd9d18a03	63fd478a9416610f6a97f995a8b60215	e34a8899ef6468b74f8a1048419ccc8b	02a05c6e278d3e19afaca4f3f7cf47d9	95621174293cf062a98df35c0f36541d	d7064127d665666bfb26fd7feb0b1e50
c4ed154a73f3ef240c5d5220f6042074	d0e1618b1c1594ded4cc9e5763246fef	0b8aff0438617c055eb55f0ba5d226fa	ceaf40b948a1e84be9a25870840fe624	e34a8899ef6468b74f8a1048419ccc8b	94b8cea57c49a3007225a0c70c475450	3e1c63896370a95c2d5ac62199fa32be	349dfac41354e513706647c8cb1d40b4
88c1bd5a61f1f91ee48129b4f1864f2f	59a4d6bbb5563dcf1cad506c5dff9454	ec5aa0b7846082a2415f0902f0da88f2	e92cfa55c73e8ead244622d7a61b1ff9	e34a8899ef6468b74f8a1048419ccc8b	beee47d70a7fc4c0c2cd2b517cc4b134	b1461e76d015781afa55f93aa62a1d3c	6e0f7141b096c9b5efdfc15d674060a5
2fe3dd9382ca798092bfa2656c24f5e9	a75bd3886e579c023a6a2dcee31e7f49	9ab0d88431732957a618d4a469a0d4c3	a9f5d38432df1b644f94b3ff37c92197	e34a8899ef6468b74f8a1048419ccc8b	e6c1ef25b5bcaaacc285489eae10d5e1	b8e05d25324266bd61ffef9b3e16eb0a	685435e33cf5b3135e7661f1158fa82b
a5bbafd95eb2913bf32f8fc6cbae3c06	dabcdf21a8294d88f39748411e17d4d3	b706835de79a2b4e80506f582af3676a	663d85edcb3c0bf11cb6eb8c13c1c6fd	02c425157ecd32f259548b33402ff6d3	db2e0733e95218f98f7eafafdfcb681a	b8e05d25324266bd61ffef9b3e16eb0a	685435e33cf5b3135e7661f1158fa82b
cfcd208495d565ef66e7dff9f98764da	cfcd208495d565ef66e7dff9f98764da	cfcd208495d565ef66e7dff9f98764da	f7ddd489ab0a82567b241b05971cbdb3	NULL	NULL	b8e05d25324266bd61ffef9b3e16eb0a	685435e33cf5b3135e7661f1158fa82b
cidx
3
9
7
5
1
4
10
2
6
11
8
