cidx	CBIGINT	NULLIF(CBIGINT,CBIGINT)
1	-72036854775806	NULL
2	-72036854775805	NULL
3	-72036854775804	NULL
4	-72036854775803	NULL
5	-72036854775802	NULL
6	72036854775803	NULL
7	72036854775804	NULL
8	72036854775805	NULL
9	72036854775806	NULL
10	72036854775807	NULL
11	0	NULL
cidx	CDECIMAL1	NULLIF(CDECIMAL1,CDECIMAL1)
1	-9	NULL
2	-8	NULL
3	-7	NULL
4	-6	NULL
5	-5	NULL
6	5	NULL
7	6	NULL
8	7	NULL
9	8	NULL
10	9	NULL
11	0	NULL
cidx	CDECIMAL4	NULLIF(CDECIMAL4,CDECIMAL4)
1	-999	NULL
2	-998	NULL
3	-997	NULL
4	-996	NULL
5	-995	NULL
6	995	NULL
7	996	NULL
8	997	NULL
9	998	NULL
10	999	NULL
11	0	NULL
cidx	CDECIMAL4_2	NULLIF(CDECIMAL4_2,CDECIMAL4_2)
1	-9.99	NULL
2	-9.98	NULL
3	-9.97	NULL
4	-9.96	NULL
5	-9.95	NULL
6	9.95	NULL
7	9.96	NULL
8	9.97	NULL
9	9.98	NULL
10	9.99	NULL
11	0.00	NULL
cidx	CINTEGER	NULLIF(CINTEGER,CINTEGER)
1	-7483646	NULL
2	-7483645	NULL
3	-7483644	NULL
4	-7483643	NULL
5	-7483642	NULL
6	7483643	NULL
7	7483644	NULL
8	7483645	NULL
9	7483646	NULL
10	7483647	NULL
11	0	NULL
cidx	CSMALLINT	NULLIF(CSMALLINT,CSMALLINT)
1	-766	NULL
2	-765	NULL
3	-764	NULL
4	-763	NULL
5	-762	NULL
6	763	NULL
7	764	NULL
8	765	NULL
9	766	NULL
10	767	NULL
11	0	NULL
cidx	CTINYINT	NULLIF(CTINYINT,CTINYINT)
1	-26	NULL
2	-25	NULL
3	-24	NULL
4	-23	NULL
5	-22	NULL
6	23	NULL
7	24	NULL
8	25	NULL
9	26	NULL
10	27	NULL
11	0	NULL
cidx	CDOUBLE	NULLIF(CDOUBLE,CDOUBLE)
1	-1.797693231e+108	NULL
2	-1.79769323e+108	NULL
3	-1.797693229e+108	NULL
4	-1.797693228e+108	NULL
5	-1.797693227e+108	NULL
6	1.797693227e+108	NULL
7	1.797693228e+108	NULL
8	1.797693229e+108	NULL
9	1.79769323e+108	NULL
10	1.797693231e+108	NULL
11	0	NULL
cidx	CFLOAT	NULLIF(CFLOAT,CFLOAT)
1	-3.40287e+18	NULL
2	-3.40287e+18	NULL
3	-3.40286e+18	NULL
4	-3.40286e+18	NULL
5	-3.40286e+18	NULL
6	3.40286e+18	NULL
7	3.40286e+18	NULL
8	3.40286e+18	NULL
9	3.40287e+18	NULL
10	3.40287e+18	NULL
11	0	NULL
cidx	CCHAR2	NULLIF(CCHAR2,CCHAR2)
1	aa	NULL
2	b	NULL
3	bb	NULL
4	bb	NULL
5	bb	NULL
6	yy	NULL
7	yy	NULL
8	yy	NULL
9	yy	NULL
10	zz	NULL
11	NULL	NULL
cidx	CBIGINT	NULLIF(CBIGINT,CBIGINT)
1	-72036854775806	NULL
2	-72036854775805	NULL
3	-72036854775804	NULL
4	-72036854775803	NULL
5	-72036854775802	NULL
6	72036854775803	NULL
7	72036854775804	NULL
8	72036854775805	NULL
9	72036854775806	NULL
10	72036854775807	NULL
11	0	NULL
cidx	CDATE	NULLIF(CDATE,CDATE)
1	1997-01-01	NULL
2	1997-01-01	NULL
3	1997-01-02	NULL
4	1997-01-03	NULL
5	1997-01-04	NULL
6	2009-12-28	NULL
7	2009-12-29	NULL
8	2009-12-30	NULL
9	2009-12-31	NULL
10	2009-12-31	NULL
11	2009-12-31	NULL
cidx	CDATETIME	NULLIF(CDATETIME,CDATETIME)
1	1997-01-01 00:00:00	NULL
2	1997-01-01 00:00:01	NULL
3	1997-01-02 00:00:01	NULL
4	1997-01-03 00:00:02	NULL
5	1997-01-04 00:00:03	NULL
6	2009-12-31 23:59:56	NULL
7	2009-12-31 23:59:57	NULL
8	2009-12-31 23:59:58	NULL
9	2009-12-31 23:59:59	NULL
10	2009-12-31 23:59:59	NULL
11	2009-12-31 23:59:59	NULL
cidx	CBIGINT	NULLIF(CBIGINT,CDATETIME)
1	-72036854775806	-72036854775806
2	-72036854775805	-72036854775805
3	-72036854775804	-72036854775804
4	-72036854775803	-72036854775803
5	-72036854775802	-72036854775802
6	72036854775803	72036854775803
7	72036854775804	72036854775804
8	72036854775805	72036854775805
9	72036854775806	72036854775806
10	72036854775807	72036854775807
11	0	0
cidx	CDECIMAL1	NULLIF(CDECIMAL1,CDATE)
1	-9	-9
2	-8	-8
3	-7	-7
4	-6	-6
5	-5	-5
6	5	5
7	6	6
8	7	7
9	8	8
10	9	9
11	0	0
cidx	CDECIMAL4	NULLIF(CDECIMAL4,CBIGINT)
1	-999	-999
2	-998	-998
3	-997	-997
4	-996	-996
5	-995	-995
6	995	995
7	996	996
8	997	997
9	998	998
10	999	999
11	0	NULL
cidx	CDECIMAL4_2	NULLIF(CDECIMAL4_2,CCHAR2)
1	-9.99	-9.99
2	-9.98	-9.98
3	-9.97	-9.97
4	-9.96	-9.96
5	-9.95	-9.95
6	9.95	9.95
7	9.96	9.96
8	9.97	9.97
9	9.98	9.98
10	9.99	9.99
11	0.00	0.00
cidx	CINTEGER	NULLIF(CINTEGER,CFLOAT)
1	-7483646	-7483646
2	-7483645	-7483645
3	-7483644	-7483644
4	-7483643	-7483643
5	-7483642	-7483642
6	7483643	7483643
7	7483644	7483644
8	7483645	7483645
9	7483646	7483646
10	7483647	7483647
11	0	NULL
cidx	CSMALLINT	NULLIF(CSMALLINT,CDOUBLE)
1	-766	-766
2	-765	-765
3	-764	-764
4	-763	-763
5	-762	-762
6	763	763
7	764	764
8	765	765
9	766	766
10	767	767
11	0	NULL
cidx	CTINYINT	NULLIF(CTINYINT,CVCHAR2)
1	-26	-26
2	-25	-25
3	-24	-24
4	-23	-23
5	-22	-22
6	23	23
7	24	24
8	25	25
9	26	26
10	27	27
11	0	0
cidx	CDOUBLE	NULLIF(CDOUBLE,CFLOAT)
1	-1.797693231e+108	-1.797693231e+108
2	-1.79769323e+108	-1.79769323e+108
3	-1.797693229e+108	-1.797693229e+108
4	-1.797693228e+108	-1.797693228e+108
5	-1.797693227e+108	-1.797693227e+108
6	1.797693227e+108	1.797693227e+108
7	1.797693228e+108	1.797693228e+108
8	1.797693229e+108	1.797693229e+108
9	1.79769323e+108	1.79769323e+108
10	1.797693231e+108	1.797693231e+108
11	0	NULL
cidx	CFLOAT	NULLIF(CCHAR2,CDOUBLE)
1	-3.40287e+18	aa
2	-3.40287e+18	b
3	-3.40286e+18	bb
4	-3.40286e+18	bb
5	-3.40286e+18	bb
6	3.40286e+18	yy
7	3.40286e+18	yy
8	3.40286e+18	yy
9	3.40287e+18	yy
10	3.40287e+18	zz
11	0	NULL
cidx	CCHAR2	NULLIF(CCHAR2,CBIGINT)
1	aa	aa
2	b	b
3	bb	bb
4	bb	bb
5	bb	bb
6	yy	yy
7	yy	yy
8	yy	yy
9	yy	yy
10	zz	zz
11	NULL	NULL
cidx	CBIGINT	NULLIF(CBIGINT,CDECIMAL1)
1	-72036854775806	-72036854775806
2	-72036854775805	-72036854775805
3	-72036854775804	-72036854775804
4	-72036854775803	-72036854775803
5	-72036854775802	-72036854775802
6	72036854775803	72036854775803
7	72036854775804	72036854775804
8	72036854775805	72036854775805
9	72036854775806	72036854775806
10	72036854775807	72036854775807
11	0	NULL
cidx	CDATE	NULLIF(CDATE,CDECIMAL4_2)
1	1997-01-01	1997-01-01
2	1997-01-01	1997-01-01
3	1997-01-02	1997-01-02
4	1997-01-03	1997-01-03
5	1997-01-04	1997-01-04
6	2009-12-28	2009-12-28
7	2009-12-29	2009-12-29
8	2009-12-30	2009-12-30
9	2009-12-31	2009-12-31
10	2009-12-31	2009-12-31
11	2009-12-31	2009-12-31
cidx	CDATETIME	NULLIF(CDATETIME,CBIGINT)
1	1997-01-01 00:00:00	1997-01-01 00:00:00
2	1997-01-01 00:00:01	1997-01-01 00:00:01
3	1997-01-02 00:00:01	1997-01-02 00:00:01
4	1997-01-03 00:00:02	1997-01-03 00:00:02
5	1997-01-04 00:00:03	1997-01-04 00:00:03
6	2009-12-31 23:59:56	2009-12-31 23:59:56
7	2009-12-31 23:59:57	2009-12-31 23:59:57
8	2009-12-31 23:59:58	2009-12-31 23:59:58
9	2009-12-31 23:59:59	2009-12-31 23:59:59
10	2009-12-31 23:59:59	2009-12-31 23:59:59
11	2009-12-31 23:59:59	2009-12-31 23:59:59
cidx	CDATETIME	NULLIF(CBIGINT,1)
1	1997-01-01 00:00:00	-72036854775806
2	1997-01-01 00:00:01	-72036854775805
3	1997-01-02 00:00:01	-72036854775804
4	1997-01-03 00:00:02	-72036854775803
5	1997-01-04 00:00:03	-72036854775802
6	2009-12-31 23:59:56	72036854775803
7	2009-12-31 23:59:57	72036854775804
8	2009-12-31 23:59:58	72036854775805
9	2009-12-31 23:59:59	72036854775806
10	2009-12-31 23:59:59	72036854775807
11	2009-12-31 23:59:59	0
cidx	CDATETIME	NULLIF(CCHAR2,'aa')
1	1997-01-01 00:00:00	NULL
2	1997-01-01 00:00:01	b
3	1997-01-02 00:00:01	bb
4	1997-01-03 00:00:02	bb
5	1997-01-04 00:00:03	bb
6	2009-12-31 23:59:56	yy
7	2009-12-31 23:59:57	yy
8	2009-12-31 23:59:58	yy
9	2009-12-31 23:59:59	yy
10	2009-12-31 23:59:59	zz
11	2009-12-31 23:59:59	NULL
cidx	CCHAR8	CVCHAR8	NULLIF(CCHAR8,CVCHAR8)
1	aaaaaaaa	aaaaaaaa	NULL
2	h	h	NULL
3	hh	hh	NULL
4	hhh	hhh	NULL
5	hhhh	hhhh	NULL
6	sssssss	sssssss	NULL
7	ssssssss	ssssssss	NULL
8	ssssssss	ssssssss	NULL
9	ssssssss	ssssssss	NULL
10	zzzzzzzz	zzzzzzzz	NULL
11	NULL	NULL	NULL
cidx	CCHAR255	CVCHAR255	NULLIF(CCHAR255,CVCHAR255)
1	aaaaaaaaaa	aaaaaaaaaa	NULL
2	j	j	NULL
3	jj	jj	NULL
4	jjj	jjj	NULL
5	jjjj	jjjj	NULL
6	qqqqqqq	qqqqqqq	NULL
7	qqqqqqqq	qqqqqqqq	NULL
8	qqqqqqqqq	qqqqqqqqq	NULL
9	qqqqqqqqqq	qqqqqqqqqq	NULL
10	zzzzzzzzzz	zzzzzzzzzz	NULL
11	NULL	NULL	NULL
cidx	CCHAR9	CCHAR255	NULLIF(CCHAR9,CCHAR255)
1	aaaaaaaaa	aaaaaaaaaa	aaaaaaaaa
2	i	j	i
3	ii	jj	ii
4	iii	jjj	iii
5	iiii	jjjj	iiii
6	rrrrrrr	qqqqqqq	rrrrrrr
7	rrrrrrrr	qqqqqqqq	rrrrrrrr
8	rrrrrrrrr	qqqqqqqqq	rrrrrrrrr
9	rrrrrrrrr	qqqqqqqqqq	rrrrrrrrr
10	zzzzzzzzz	zzzzzzzzzz	zzzzzzzzz
11	NULL	NULL	NULL
cidx	CDECIMAL1
1	-9
2	-8
3	-7
4	-6
5	-5
6	5
7	6
8	7
9	8
10	9
11	0
cidx	CDECIMAL4_2
1	-9.99
2	-9.98
3	-9.97
4	-9.96
5	-9.95
6	9.95
7	9.96
8	9.97
9	9.98
10	9.99
11	0.00
cidx	CTINYINT
1	-26
2	-25
3	-24
4	-23
5	-22
6	23
7	24
8	25
9	26
10	27
11	0
