col1	period_add(col1,2)
201101	201103
201112	201202
1101	201103
1112	201202
col1	period_add(col1,12)
201101	201201
201112	201212
1101	201201
1112	201212
col1	period_add(col1,-1)
201101	201012
201112	201111
1101	201012
1112	201111
col1	period_add(col1,-20)
201101	200905
201112	201004
1101	200905
1112	201004
col1
201101
1101
col1	period_diff(col1,201101)
201101	0
201112	11
1101	0
1112	11
col1	period_diff(col1,201201)
201101	-12
201112	-1
1101	-12
1112	-1
col1	period_diff(col1,1101)
201101	0
201112	11
1101	0
1112	11
col1	period_diff(col1,1201)
201101	-12
201112	-1
1101	-12
1112	-1
col1	period_diff(col1,301101)
201101	-12000
201112	-11989
1101	-12000
1112	-11989
col1	period_diff(col1,100000)
201101	12133
201112	12144
1101	12133
1112	12144
col1
201112
1112
col1
201112
1112
