cdate	subtime(cdate, '3 24:22:50.123456')	cdatetime	subtime(cdatetime, '3 24:22:50.123456')
1997-01-01	1996-12-27 23:37:09	1997-01-01 00:00:00	1996-12-27 23:37:09
1997-01-01	1996-12-27 23:37:09	1997-01-01 00:00:01	1996-12-27 23:37:10
1997-01-02	1996-12-28 23:37:09	1997-01-02 00:00:01	1996-12-28 23:37:10
1997-01-03	1996-12-29 23:37:09	1997-01-03 00:00:02	1996-12-29 23:37:11
1997-01-04	1996-12-30 23:37:09	1997-01-04 00:00:03	1996-12-30 23:37:12
2009-12-28	2009-12-23 23:37:09	2009-12-31 23:59:56	2009-12-27 23:37:05
2009-12-29	2009-12-24 23:37:09	2009-12-31 23:59:57	2009-12-27 23:37:06
2009-12-30	2009-12-25 23:37:09	2009-12-31 23:59:58	2009-12-27 23:37:07
2009-12-31	2009-12-26 23:37:09	2009-12-31 23:59:59	2009-12-27 23:37:08
2009-12-31	2009-12-26 23:37:09	2009-12-31 23:59:59	2009-12-27 23:37:08
2009-12-31	2009-12-26 23:37:09	2009-12-31 23:59:59	2009-12-27 23:37:08
cdate	subtime(cdate, '240:59:59')	cdatetime	subtime(cdatetime, '240:59:59')
1997-01-01	1996-12-21 23:00:01	1997-01-01 00:00:00	1996-12-21 23:00:01
1997-01-01	1996-12-21 23:00:01	1997-01-01 00:00:01	1996-12-21 23:00:02
1997-01-02	1996-12-22 23:00:01	1997-01-02 00:00:01	1996-12-22 23:00:02
1997-01-03	1996-12-23 23:00:01	1997-01-03 00:00:02	1996-12-23 23:00:03
1997-01-04	1996-12-24 23:00:01	1997-01-04 00:00:03	1996-12-24 23:00:04
2009-12-28	2009-12-17 23:00:01	2009-12-31 23:59:56	2009-12-21 22:59:57
2009-12-29	2009-12-18 23:00:01	2009-12-31 23:59:57	2009-12-21 22:59:58
2009-12-30	2009-12-19 23:00:01	2009-12-31 23:59:58	2009-12-21 22:59:59
2009-12-31	2009-12-20 23:00:01	2009-12-31 23:59:59	2009-12-21 23:00:00
2009-12-31	2009-12-20 23:00:01	2009-12-31 23:59:59	2009-12-21 23:00:00
2009-12-31	2009-12-20 23:00:01	2009-12-31 23:59:59	2009-12-21 23:00:00
cdate	subtime(cdate, '24:22:50 123456')	subtime(cdatetime, '24:22:50 123456')
1997-01-01	NULL	NULL
1997-01-01	NULL	NULL
1997-01-02	NULL	NULL
1997-01-03	NULL	NULL
1997-01-04	NULL	NULL
2009-12-28	NULL	NULL
2009-12-29	NULL	NULL
2009-12-30	NULL	NULL
2009-12-31	NULL	NULL
2009-12-31	NULL	NULL
2009-12-31	NULL	NULL
cdate	subtime(cdate, '3 24:22:50')	cdatetime	subtime(cdatetime, '240:59:59')
1997-01-01	1996-12-27 23:37:10	1997-01-01 00:00:00	1996-12-21 23:00:01
1997-01-01	1996-12-27 23:37:10	1997-01-01 00:00:01	1996-12-21 23:00:02
1997-01-02	1996-12-28 23:37:10	1997-01-02 00:00:01	1996-12-22 23:00:02
1997-01-03	1996-12-29 23:37:10	1997-01-03 00:00:02	1996-12-23 23:00:03
1997-01-04	1996-12-30 23:37:10	1997-01-04 00:00:03	1996-12-24 23:00:04
2009-12-28	2009-12-23 23:37:10	2009-12-31 23:59:56	2009-12-21 22:59:57
2009-12-29	2009-12-24 23:37:10	2009-12-31 23:59:57	2009-12-21 22:59:58
2009-12-30	2009-12-25 23:37:10	2009-12-31 23:59:58	2009-12-21 22:59:59
2009-12-31	2009-12-26 23:37:10	2009-12-31 23:59:59	2009-12-21 23:00:00
2009-12-31	2009-12-26 23:37:10	2009-12-31 23:59:59	2009-12-21 23:00:00
2009-12-31	2009-12-26 23:37:10	2009-12-31 23:59:59	2009-12-21 23:00:00
cdate	cdatetime
2009-12-28	2009-12-31 23:59:56
2009-12-29	2009-12-31 23:59:57
2009-12-30	2009-12-31 23:59:58
2009-12-31	2009-12-31 23:59:59
2009-12-31	2009-12-31 23:59:59
2009-12-31	2009-12-31 23:59:59
cdate	subtime(cdate, '66 10:59:12')
1997-01-01	1996-11-27 01:00:01
1997-01-01	1996-11-27 01:00:01
1997-01-02	1996-11-28 01:00:01
1997-01-03	1996-11-29 01:00:01
1997-01-04	1996-11-30 01:00:01
2009-12-28	2009-11-23 01:00:01
2009-12-29	2009-11-24 01:00:01
2009-12-30	2009-11-25 01:00:01
2009-12-31	2009-11-26 01:00:01
2009-12-31	2009-11-26 01:00:01
2009-12-31	2009-11-26 01:00:01
cdatetime	subtime(cdatetime, '-210:20:20')	subtime(cdatetime, '-20 10:10:10')
1997-01-01 00:00:00	1997-01-09 18:20:20	1997-01-21 10:10:10
1997-01-01 00:00:01	1997-01-09 18:20:21	1997-01-21 10:10:11
1997-01-02 00:00:01	1997-01-10 18:20:21	1997-01-22 10:10:11
1997-01-03 00:00:02	1997-01-11 18:20:22	1997-01-23 10:10:12
1997-01-04 00:00:03	1997-01-12 18:20:23	1997-01-24 10:10:13
2009-12-31 23:59:56	2010-01-09 18:20:16	2010-01-21 10:10:06
2009-12-31 23:59:57	2010-01-09 18:20:17	2010-01-21 10:10:07
2009-12-31 23:59:58	2010-01-09 18:20:18	2010-01-21 10:10:08
2009-12-31 23:59:59	2010-01-09 18:20:19	2010-01-21 10:10:09
2009-12-31 23:59:59	2010-01-09 18:20:19	2010-01-21 10:10:09
2009-12-31 23:59:59	2010-01-09 18:20:19	2010-01-21 10:10:09
cdatetime	subtime(cdatetime, '1 12:12:12')	subtime(cdatetime, '-1 10:20:22')
1997-01-01 00:00:00	1996-12-30 11:47:48	1997-01-02 10:20:22
1997-01-01 00:00:01	1996-12-30 11:47:49	1997-01-02 10:20:23
1997-01-02 00:00:01	1996-12-31 11:47:49	1997-01-03 10:20:23
1997-01-03 00:00:02	1997-01-01 11:47:50	1997-01-04 10:20:24
1997-01-04 00:00:03	1997-01-02 11:47:51	1997-01-05 10:20:25
2009-12-31 23:59:56	2009-12-30 11:47:44	2010-01-02 10:20:18
2009-12-31 23:59:57	2009-12-30 11:47:45	2010-01-02 10:20:19
2009-12-31 23:59:58	2009-12-30 11:47:46	2010-01-02 10:20:20
2009-12-31 23:59:59	2009-12-30 11:47:47	2010-01-02 10:20:21
2009-12-31 23:59:59	2009-12-30 11:47:47	2010-01-02 10:20:21
2009-12-31 23:59:59	2009-12-30 11:47:47	2010-01-02 10:20:21
