cidx	CDATE
1	1997-01-01
2	1997-01-01
3	1997-01-02
4	1997-01-03
5	1997-01-04
6	2009-12-28
7	2009-12-29
8	2009-12-30
9	2009-12-31
10	2009-12-31
11	2009-12-31
cidx	CDATE	UNIX_TIMESTAMP(CDATE)
1	1997-01-01	852098400
2	1997-01-01	852098400
3	1997-01-02	852184800
4	1997-01-03	852271200
5	1997-01-04	852357600
6	2009-12-28	1261980000
7	2009-12-29	1262066400
8	2009-12-30	1262152800
9	2009-12-31	1262239200
10	2009-12-31	1262239200
11	2009-12-31	1262239200
cidx	CDATETIME	UNIX_TIMESTAMP(CDATETIME)
1	1997-01-01 00:00:00	852098400
2	1997-01-01 00:00:01	852098401
3	1997-01-02 00:00:01	852184801
4	1997-01-03 00:00:02	852271202
5	1997-01-04 00:00:03	852357603
6	2009-12-31 23:59:56	1262325596
7	2009-12-31 23:59:57	1262325597
8	2009-12-31 23:59:58	1262325598
9	2009-12-31 23:59:59	1262325599
10	2009-12-31 23:59:59	1262325599
11	2009-12-31 23:59:59	1262325599
cidx	UNIX_TIMESTAMP('2009-02-28')
1	1235800800
2	1235800800
3	1235800800
4	1235800800
5	1235800800
6	1235800800
7	1235800800
8	1235800800
9	1235800800
10	1235800800
11	1235800800
cidx	UNIX_TIMESTAMP('2009-07-04')
1	1246683600
2	1246683600
3	1246683600
4	1246683600
5	1246683600
6	1246683600
7	1246683600
8	1246683600
9	1246683600
10	1246683600
11	1246683600
cidx	UNIX_TIMESTAMP('2009-07-04 11:24:16')
1	1246724656
2	1246724656
3	1246724656
4	1246724656
5	1246724656
6	1246724656
7	1246724656
8	1246724656
9	1246724656
10	1246724656
11	1246724656
cidx	CDATE
1	1997-01-01
2	1997-01-01
3	1997-01-02
4	1997-01-03
5	1997-01-04
6	2009-12-28
7	2009-12-29
8	2009-12-30
9	2009-12-31
10	2009-12-31
11	2009-12-31
cidx	CDATETIME
1	1997-01-01 00:00:00
2	1997-01-01 00:00:01
3	1997-01-02 00:00:01
4	1997-01-03 00:00:02
5	1997-01-04 00:00:03
6	2009-12-31 23:59:56
7	2009-12-31 23:59:57
8	2009-12-31 23:59:58
9	2009-12-31 23:59:59
10	2009-12-31 23:59:59
11	2009-12-31 23:59:59
o_orderdate	unix_timestamp(o_orderdate)
1992-02-21	698652000
1993-10-14	750574800
1994-07-30	775544400
1995-10-11	813387600
1996-01-02	820562400
1996-01-10	821253600
1996-12-01	849420000
o_orderdate	count(unix_timestamp(o_orderdate))
1992-01-13	1
1992-02-18	1
1992-02-21	1
1992-02-22	1
1992-03-03	1
1992-03-19	1
1992-03-20	1
1992-04-05	1
1992-04-19	1
1992-04-26	1
1992-05-01	2
1992-05-08	1
1992-05-09	1
1992-06-03	1
1992-06-09	1
1992-06-15	1
1992-06-21	1
1992-07-13	1
1992-08-05	1
1992-08-18	1
1992-08-29	1
1992-10-02	2
1992-10-08	1
1992-10-21	2
1992-11-19	1
1992-11-28	1
1992-12-01	1
1992-12-07	1
1992-12-16	1
1993-01-02	1
1993-01-04	1
1993-01-23	1
1993-01-27	1
1993-01-29	1
1993-01-30	1
1993-02-17	1
1993-02-25	1
1993-02-27	1
1993-03-02	1
1993-03-09	1
1993-03-10	1
1993-03-12	1
1993-03-17	1
1993-03-21	1
1993-04-17	1
1993-05-04	1
1993-05-08	1
1993-06-02	1
1993-06-03	1
1993-06-11	1
1993-06-20	1
1993-06-29	1
1993-07-16	1
1993-08-08	1
1993-08-29	1
1993-08-30	1
1993-09-05	1
1993-09-20	1
1993-09-23	1
1993-09-26	1
1993-09-27	1
1993-09-29	1
1993-10-14	1
1993-10-17	1
1993-10-19	1
1993-10-27	2
1993-11-16	1
1993-11-24	2
1993-12-16	1
1993-12-18	1
1993-12-28	1
1993-12-29	2
1993-12-31	1
1994-01-01	1
1994-01-20	1
1994-02-06	1
1994-02-13	1
1994-02-17	1
1994-03-08	1
1994-03-10	1
1994-03-13	2
1994-03-26	1
1994-04-14	1
1994-04-17	1
1994-04-20	1
1994-05-06	1
1994-05-17	1
1994-05-23	1
1994-05-26	1
1994-06-01	1
1994-06-04	1
1994-06-08	1
1994-06-14	1
1994-06-15	1
1994-06-18	1
1994-06-30	1
1994-07-16	1
1994-07-27	1
1994-07-30	1
1994-08-31	1
1994-09-21	2
1994-09-25	1
1994-09-29	2
1994-10-01	1
1994-11-17	1
1994-11-20	1
1994-11-22	1
1994-11-26	1
1994-12-03	1
1994-12-17	1
1994-12-19	2
1994-12-23	1
1995-01-05	1
1995-01-25	1
1995-03-02	1
1995-03-05	1
1995-03-18	2
1995-03-20	1
1995-03-25	1
1995-04-07	1
1995-04-13	1
1995-04-17	1
1995-05-01	1
1995-05-08	1
1995-05-15	1
1995-05-20	2
1995-05-25	1
1995-05-30	1
1995-05-31	1
1995-06-04	2
1995-06-17	1
1995-06-18	1
1995-07-05	1
1995-07-07	1
1995-07-11	1
1995-07-16	2
1995-07-20	1
1995-08-02	2
1995-08-08	1
1995-08-21	1
1995-09-09	1
1995-09-10	1
1995-09-12	1
1995-10-08	1
1995-10-11	1
1995-10-21	1
1995-10-23	1
1995-10-31	1
1995-11-03	1
1995-11-07	1
1995-11-10	1
1995-11-15	1
1995-11-25	1
1995-12-04	1
1995-12-15	1
1995-12-27	1
1996-01-02	1
1996-01-10	1
1996-02-28	1
1996-03-07	1
1996-03-11	1
1996-03-14	1
1996-03-17	1
1996-03-22	1
1996-03-26	1
1996-04-04	1
1996-06-01	1
1996-06-20	2
1996-06-22	1
1996-07-03	1
1996-08-20	1
1996-08-21	1
1996-09-20	1
1996-10-01	1
1996-10-04	1
1996-10-09	1
1996-11-01	1
1996-11-21	1
1996-11-25	1
1996-12-01	1
1996-12-04	1
1996-12-10	1
1996-12-13	1
1996-12-19	2
1997-01-03	1
1997-01-10	1
1997-01-12	1
1997-01-26	1
1997-02-10	1
1997-02-13	1
1997-02-21	1
1997-02-23	1
1997-03-19	1
1997-03-26	1
1997-04-07	1
1997-04-29	1
1997-05-09	1
1997-05-13	1
1997-05-16	1
1997-05-19	1
1997-05-26	1
1997-05-31	1
1997-07-05	1
1997-07-31	1
1997-08-07	1
1997-08-17	1
1997-09-05	1
1997-09-24	1
1997-10-14	1
1997-10-21	1
1997-10-31	1
1997-11-11	1
1997-11-21	1
1997-11-25	1
1997-11-29	1
1997-12-29	1
1998-01-02	1
1998-01-24	1
1998-01-29	1
1998-02-08	1
1998-02-28	1
1998-03-11	1
1998-03-28	1
1998-04-07	1
1998-04-08	1
1998-04-18	1
1998-04-21	2
1998-04-30	1
1998-05-23	1
1998-05-25	1
1998-05-31	1
1998-06-21	1
1998-07-03	1
1998-07-07	1
1998-07-14	1
1998-07-21	2
