c_name	c_nationkey	o_totalprice
Customer#000000004	4	71845.26
Customer#000000004	4	40347.48
Customer#000000004	4	277493.04
Customer#000000002	13	103297.68
Customer#000000004	4	71845.26
Customer#000000004	4	277493.04
Customer#000000004	4	277493.04
Customer#000000004	4	277493.04
Customer#000000004	4	152929.80
Customer#000000004	4	152929.80
Customer#000000004	4	88317.19
Customer#000000004	4	91152.97
Customer#000000004	4	91152.97
Customer#000000002	13	16495.33
Customer#000000004	4	311722.87
Customer#000000004	4	152929.80
Customer#000000004	4	152929.80
Customer#000000002	13	312692.22
Customer#000000002	13	312692.22
Customer#000000001	15	95911.01
Customer#000000004	4	277493.04
Customer#000000004	4	46227.94
Customer#000000004	4	75928.49
Customer#000000004	4	225294.26
Customer#000000002	13	33082.83
Customer#000000001	15	95911.01
Customer#000000004	4	277493.04
Customer#000000004	4	277493.04
Customer#000000004	4	76100.95
Customer#000000004	4	91152.97
Customer#000000004	4	225294.26
Customer#000000004	4	225294.26
Customer#000000001	15	54048.26
Customer#000000002	13	221397.35
Customer#000000004	4	76100.95
Customer#000000004	4	76100.95
Customer#000000004	4	311722.87
Customer#000000004	4	311722.87
Customer#000000001	15	74602.81
Customer#000000002	13	167016.61
Customer#000000002	13	167016.61
Customer#000000002	13	167016.61
Customer#000000001	15	174645.94
Customer#000000001	15	174645.94
Customer#000000001	15	174645.94
Customer#000000004	4	104934.65
Customer#000000004	4	143971.54
Customer#000000004	4	143971.54
Customer#000000002	13	312692.22
Customer#000000002	13	312692.22
Customer#000000002	13	312692.22
Customer#000000002	13	174291.41
Customer#000000002	13	174291.41
Customer#000000004	4	235621.83
Customer#000000004	4	314671.82
Customer#000000004	4	314671.82
Customer#000000004	4	225294.26
Customer#000000004	4	225294.26
Customer#000000005	3	13620.11
Customer#000000001	15	65478.05
Customer#000000001	15	174645.94
Customer#000000004	4	75928.49
Customer#000000004	4	311722.87
Customer#000000002	13	312692.22
Customer#000000002	13	312692.22
Customer#000000002	13	174291.41
Customer#000000002	13	174291.41
Customer#000000004	4	314671.82
Customer#000000004	4	314671.82
Customer#000000001	15	74602.81
Customer#000000004	4	8332.33
Customer#000000002	13	167016.61
Customer#000000004	4	311722.87
Customer#000000004	4	311722.87
Customer#000000002	13	167016.61
Customer#000000002	13	174291.41
Customer#000000005	3	85170.68
Customer#000000004	4	88317.19
Customer#000000004	4	1131.20
Customer#000000005	3	85170.68
Customer#000000004	4	143971.54
Customer#000000004	4	143971.54
Customer#000000004	4	75928.49
Customer#000000004	4	314671.82
Customer#000000004	4	314671.82
Customer#000000005	3	85170.68
Customer#000000004	4	17938.41
Customer#000000002	13	221397.35
Customer#000000002	13	221397.35
Customer#000000004	4	182956.01
Customer#000000004	4	182956.01
Customer#000000004	4	91152.97
Customer#000000005	3	324835.83
Customer#000000005	3	324835.83
Customer#000000005	3	261338.66
Customer#000000002	13	221397.35
Customer#000000002	13	221397.35
Customer#000000004	4	143971.54
Customer#000000004	4	143971.54
Customer#000000004	4	235621.83
Customer#000000004	4	235621.83
Customer#000000004	4	235621.83
Customer#000000004	4	235621.83
Customer#000000004	4	235621.83
Customer#000000004	4	104934.65
Customer#000000001	15	65478.05
Customer#000000005	3	85170.68
Customer#000000002	13	174291.41
Customer#000000004	4	235621.83
Customer#000000005	3	324835.83
Customer#000000004	4	104934.65
Customer#000000001	15	123076.84
Customer#000000001	15	123076.84
Customer#000000005	3	261338.66
Customer#000000005	3	261338.66
Customer#000000005	3	261338.66
Customer#000000005	3	261338.66
Customer#000000004	4	182956.01
Customer#000000005	3	261338.66
Customer#000000001	15	123076.84
Customer#000000001	15	123076.84
Customer#000000004	4	182956.01
Customer#000000005	3	261338.66
Customer#000000005	3	324835.83
Customer#000000005	3	324835.83
Customer#000000005	3	324835.83
Customer#000000005	3	324835.83
Customer#000000004	4	181618.75
Customer#000000004	4	181618.75
Customer#000000004	4	181618.75
Customer#000000004	4	40347.48
Customer#000000004	4	181618.75
Customer#000000004	4	181618.75
o_totalprice	c_acctbal	o_orderstatus	o_shippriority
225294.26	2866.83	O	0
225294.26	2866.83	O	0
221397.35	121.65	P	0
221397.35	121.65	P	0
277493.04	2866.83	O	0
312692.22	121.65	O	0
312692.22	121.65	O	0
95911.01	711.56	O	0
71845.26	2866.83	O	0
261338.66	794.47	O	0
221397.35	121.65	P	0
221397.35	121.65	P	0
75928.49	2866.83	O	0
104934.65	2866.83	P	0
85170.68	794.47	O	0
261338.66	794.47	O	0
261338.66	794.47	O	0
261338.66	794.47	O	0
261338.66	794.47	O	0
71845.26	2866.83	O	0
104934.65	2866.83	P	0
181618.75	2866.83	O	0
181618.75	2866.83	O	0
181618.75	2866.83	O	0
85170.68	794.47	O	0
143971.54	2866.83	O	0
143971.54	2866.83	O	0
261338.66	794.47	O	0
95911.01	711.56	O	0
91152.97	2866.83	O	0
91152.97	2866.83	O	0
85170.68	794.47	O	0
1131.20	2866.83	O	0
261338.66	794.47	O	0
143971.54	2866.83	O	0
143971.54	2866.83	O	0
235621.83	2866.83	O	0
235621.83	2866.83	O	0
235621.83	2866.83	O	0
235621.83	2866.83	O	0
235621.83	2866.83	O	0
65478.05	711.56	O	0
85170.68	794.47	O	0
174291.41	121.65	O	0
235621.83	2866.83	O	0
76100.95	2866.83	O	0
181618.75	2866.83	O	0
181618.75	2866.83	O	0
324835.83	794.47	F	0
324835.83	794.47	F	0
277493.04	2866.83	O	0
277493.04	2866.83	O	0
277493.04	2866.83	O	0
91152.97	2866.83	O	0
152929.80	2866.83	O	0
152929.80	2866.83	O	0
311722.87	2866.83	F	0
17938.41	2866.83	O	0
324835.83	794.47	F	0
152929.80	2866.83	O	0
152929.80	2866.83	O	0
40347.48	2866.83	F	0
311722.87	2866.83	F	0
311722.87	2866.83	F	0
74602.81	711.56	F	0
167016.61	121.65	F	0
167016.61	121.65	F	0
167016.61	121.65	F	0
54048.26	711.56	O	0
277493.04	2866.83	O	0
76100.95	2866.83	O	0
76100.95	2866.83	O	0
46227.94	2866.83	O	0
123076.84	711.56	F	0
123076.84	711.56	F	0
311722.87	2866.83	F	0
182956.01	2866.83	F	0
225294.26	2866.83	O	0
91152.97	2866.83	O	0
74602.81	711.56	F	0
167016.61	121.65	F	0
277493.04	2866.83	O	0
277493.04	2866.83	O	0
123076.84	711.56	F	0
123076.84	711.56	F	0
182956.01	2866.83	F	0
312692.22	121.65	O	0
312692.22	121.65	O	0
312692.22	121.65	O	0
311722.87	2866.83	F	0
311722.87	2866.83	F	0
167016.61	121.65	F	0
40347.48	2866.83	F	0
13620.11	794.47	O	0
75928.49	2866.83	O	0
225294.26	2866.83	O	0
225294.26	2866.83	O	0
182956.01	2866.83	F	0
182956.01	2866.83	F	0
312692.22	121.65	O	0
312692.22	121.65	O	0
75928.49	2866.83	O	0
324835.83	794.47	F	0
324835.83	794.47	F	0
324835.83	794.47	F	0
324835.83	794.47	F	0
103297.68	121.65	F	0
174645.94	711.56	O	0
174645.94	711.56	O	0
174645.94	711.56	O	0
143971.54	2866.83	O	0
143971.54	2866.83	O	0
174291.41	121.65	O	0
174291.41	121.65	O	0
16495.33	121.65	F	0
235621.83	2866.83	O	0
314671.82	2866.83	O	0
314671.82	2866.83	O	0
65478.05	711.56	O	0
174645.94	711.56	O	0
174291.41	121.65	O	0
174291.41	121.65	O	0
314671.82	2866.83	O	0
314671.82	2866.83	O	0
8332.33	2866.83	O	0
33082.83	121.65	F	0
174291.41	121.65	O	0
88317.19	2866.83	F	0
221397.35	121.65	P	0
314671.82	2866.83	O	0
314671.82	2866.83	O	0
104934.65	2866.83	P	0
88317.19	2866.83	F	0
o_orderdate	o_orderpriority	o_clerk	o_shippriority	o_comment	l_receiptdate	c_nationkey
1997-02-22	1-URGENT	Clerk#000000768	0	. theodolites nag fluffily above the blithely iron	1997-06-12	13
1997-02-22	1-URGENT	Clerk#000000768	0	. theodolites nag fluffily above the blithely iron	1997-06-27	13
1997-03-23	3-MEDIUM	Clerk#000000381	0	ep fluffily along the carefull	1997-06-13	15
1995-11-01	2-HIGH	Clerk#000000465	0	e even foxes. regularly even instructions boost carefully along	1995-11-29	4
1994-06-10	3-MEDIUM	Clerk#000000633	0	, bold accounts use slyly even excuses. pending req	1994-09-10	4
1992-04-26	3-MEDIUM	Clerk#000000361	0	accounts among the regular, 	1992-05-22	4
1996-07-01	1-URGENT	Clerk#000000463	0	al accounts could have to cajole furiously even	1996-09-18	15
1996-07-01	1-URGENT	Clerk#000000463	0	al accounts could have to cajole furiously even	1996-08-28	15
1996-07-01	1-URGENT	Clerk#000000463	0	al accounts could have to cajole furiously even	1996-08-30	15
1994-05-21	4-NOT SPECIFIED	Clerk#000000913	0	owly slyly final platelets. ironic instructions wake carefully unusual plate	1994-10-03	13
1997-03-07	2-HIGH	Clerk#000000217	0	y pending pinto beans. carefully express theodolites cajole 	1997-07-07	4
1996-06-03	1-URGENT	Clerk#000000978	0	osits haggle carefully. carefully final grouches are. blithely si	1996-10-09	4
1996-06-03	1-URGENT	Clerk#000000978	0	osits haggle carefully. carefully final grouches are. blithely si	1996-09-30	4
1996-08-05	1-URGENT	Clerk#000000521	0	s. excuses lose. pen	1996-09-11	13
1996-08-05	1-URGENT	Clerk#000000521	0	s. excuses lose. pen	1996-10-02	13
1996-06-06	2-HIGH	Clerk#000000288	0	iers are. quickly final instructi	1996-09-14	4
1996-08-02	3-MEDIUM	Clerk#000000661	0	es. blithely special theodolites cajole slyly carefully regular asymp	1996-10-06	4
1996-08-02	3-MEDIUM	Clerk#000000661	0	es. blithely special theodolites cajole slyly carefully regular asymp	1996-10-06	4
1997-03-23	3-MEDIUM	Clerk#000000381	0	ep fluffily along the carefull	1997-07-25	15
1992-04-26	3-MEDIUM	Clerk#000000361	0	accounts among the regular, 	1992-06-11	4
1992-04-26	3-MEDIUM	Clerk#000000361	0	accounts among the regular, 	1992-05-24	4
1994-08-28	1-URGENT	Clerk#000000450	0	ven requests. blithely express excuses nag or	1994-11-23	13
1992-04-19	1-URGENT	Clerk#000000815	0	uriously ironic deposits wake across the s	1992-05-10	15
1992-04-05	1-URGENT	Clerk#000000440	0	lithe packages. acco	1992-05-25	13
1992-04-05	1-URGENT	Clerk#000000440	0	lithe packages. acco	1992-05-30	13
1992-04-05	1-URGENT	Clerk#000000440	0	lithe packages. acco	1992-05-25	13
1993-06-27	4-NOT SPECIFIED	Clerk#000000966	0	carefully final deposits. quickly silent pains are among the careful	1993-08-12	3
1993-06-27	4-NOT SPECIFIED	Clerk#000000966	0	carefully final deposits. quickly silent pains are among the careful	1993-07-27	3
1996-06-29	2-HIGH	Clerk#000000473	0	eposits use against the express accounts. carefully regular ideas sleep blithe	1996-09-25	15
1996-07-01	1-URGENT	Clerk#000000463	0	al accounts could have to cajole furiously even	1996-10-24	15
1992-04-26	3-MEDIUM	Clerk#000000361	0	accounts among the regular, 	1992-07-03	4
1992-04-19	1-URGENT	Clerk#000000815	0	uriously ironic deposits wake across the s	1992-07-11	15
1992-04-05	1-URGENT	Clerk#000000440	0	lithe packages. acco	1992-07-18	13
1996-08-05	1-URGENT	Clerk#000000521	0	s. excuses lose. pen	1996-11-14	13
1996-08-05	1-URGENT	Clerk#000000521	0	s. excuses lose. pen	1996-11-09	13
1996-08-02	3-MEDIUM	Clerk#000000661	0	es. blithely special theodolites cajole slyly carefully regular asymp	1996-10-23	4
1996-08-02	3-MEDIUM	Clerk#000000661	0	es. blithely special theodolites cajole slyly carefully regular asymp	1996-10-21	4
1996-08-11	4-NOT SPECIFIED	Clerk#000000618	0	onic packages. slyly express requests	1996-11-07	4
1992-04-26	3-MEDIUM	Clerk#000000361	0	accounts among the regular, 	1992-08-12	4
1992-04-26	3-MEDIUM	Clerk#000000361	0	accounts among the regular, 	1992-08-06	4
1993-06-27	4-NOT SPECIFIED	Clerk#000000966	0	carefully final deposits. quickly silent pains are among the careful	1993-08-19	3
1992-04-05	1-URGENT	Clerk#000000440	0	lithe packages. acco	1992-08-05	13
1995-11-01	2-HIGH	Clerk#000000465	0	e even foxes. regularly even instructions boost carefully along	1996-01-11	4
1995-11-01	2-HIGH	Clerk#000000465	0	e even foxes. regularly even instructions boost carefully along	1995-12-28	4
1995-11-01	2-HIGH	Clerk#000000465	0	e even foxes. regularly even instructions boost carefully along	1996-01-05	4
1992-08-22	5-LOW	Clerk#000000536	0	. furiously bold asymptotes are instructions. quickly ironic dep	1992-10-30	15
1992-08-22	5-LOW	Clerk#000000536	0	. furiously bold asymptotes are instructions. quickly ironic dep	1992-11-26	15
1992-09-20	2-HIGH	Clerk#000000994	0	 silently ironic theodolites are around the r	1992-11-13	4
1997-06-12	5-LOW	Clerk#000000765	0	s. slyly ironic packa	1997-08-05	4
1993-10-04	1-URGENT	Clerk#000000154	0	al theodolites. quickly ruthless accounts lose blithely furiously re	1993-11-22	4
1995-11-01	2-HIGH	Clerk#000000465	0	e even foxes. regularly even instructions boost carefully along	1996-02-06	4
1992-09-20	2-HIGH	Clerk#000000994	0	 silently ironic theodolites are around the r	1992-12-14	4
1992-09-20	2-HIGH	Clerk#000000994	0	 silently ironic theodolites are around the r	1993-01-14	4
1992-08-22	5-LOW	Clerk#000000536	0	. furiously bold asymptotes are instructions. quickly ironic dep	1992-12-02	15
1992-08-22	5-LOW	Clerk#000000536	0	. furiously bold asymptotes are instructions. quickly ironic dep	1992-11-21	15
1992-09-20	2-HIGH	Clerk#000000994	0	 silently ironic theodolites are around the r	1992-11-28	4
1996-01-03	5-LOW	Clerk#000000917	0	iously ironic pinto beans sleep furiously across the quickly unusual notornis.	1996-01-27	4
1996-01-06	5-LOW	Clerk#000000310	0	arefully final packages boost against the furiously	1996-01-30	4
1993-10-04	1-URGENT	Clerk#000000154	0	al theodolites. quickly ruthless accounts lose blithely furiously re	1994-01-15	4
1993-06-27	4-NOT SPECIFIED	Clerk#000000966	0	carefully final deposits. quickly silent pains are among the careful	1993-10-18	3
1993-06-27	4-NOT SPECIFIED	Clerk#000000966	0	carefully final deposits. quickly silent pains are among the careful	1993-10-24	3
1993-06-27	4-NOT SPECIFIED	Clerk#000000966	0	carefully final deposits. quickly silent pains are among the careful	1993-10-14	3
1993-06-27	4-NOT SPECIFIED	Clerk#000000966	0	carefully final deposits. quickly silent pains are among the careful	1993-10-12	3
1996-08-05	1-URGENT	Clerk#000000521	0	s. excuses lose. pen	1996-12-01	13
1995-11-01	2-HIGH	Clerk#000000465	0	e even foxes. regularly even instructions boost carefully along	1996-02-24	4
1995-11-01	2-HIGH	Clerk#000000465	0	e even foxes. regularly even instructions boost carefully along	1996-02-22	4
1996-01-06	5-LOW	Clerk#000000310	0	arefully final packages boost against the furiously	1996-03-08	4
1996-01-06	5-LOW	Clerk#000000310	0	arefully final packages boost against the furiously	1996-03-05	4
1995-03-10	2-HIGH	Clerk#000000408	0	al, unusual packages. furiously final requests use quickly. f	1995-06-26	13
1995-03-10	2-HIGH	Clerk#000000408	0	al, unusual packages. furiously final requests use quickly. f	1995-06-15	13
1996-01-06	5-LOW	Clerk#000000310	0	arefully final packages boost against the furiously	1996-04-13	4
1996-01-06	5-LOW	Clerk#000000310	0	arefully final packages boost against the furiously	1996-03-25	4
1997-07-12	2-HIGH	Clerk#000000360	0	s sleep idly foxes. final accounts x-ray slyly. slyly even platelets h	1997-09-08	4
1995-07-05	4-NOT SPECIFIED	Clerk#000000254	0	arefully ironic attainments cajole slyly furiou	1995-08-07	3
1995-03-10	2-HIGH	Clerk#000000408	0	al, unusual packages. furiously final requests use quickly. f	1995-07-16	13
1995-03-10	2-HIGH	Clerk#000000408	0	al, unusual packages. furiously final requests use quickly. f	1995-07-17	13
1997-09-07	3-MEDIUM	Clerk#000000999	0	quests boost fluffily. blithely f	1997-10-24	4
1996-08-02	3-MEDIUM	Clerk#000000661	0	es. blithely special theodolites cajole slyly carefully regular asymp	1996-12-21	4
1996-08-02	3-MEDIUM	Clerk#000000661	0	es. blithely special theodolites cajole slyly carefully regular asymp	1996-12-20	4
1995-05-06	1-URGENT	Clerk#000000580	0	deas wake. slyly silent packa	1995-07-31	4
1997-10-03	4-NOT SPECIFIED	Clerk#000000706	0	ithely final dependencies cajole blithely. express instructions are slyly a	1997-11-11	4
1996-05-08	5-LOW	Clerk#000000657	0	s along the carefully special pinto beans cajole carefully even sentim	1996-05-28	3
1996-11-29	3-MEDIUM	Clerk#000000652	0	lve. furiously silent fret	1997-01-24	4
1996-11-29	3-MEDIUM	Clerk#000000652	0	lve. furiously silent fret	1997-01-14	4
1998-05-16	3-MEDIUM	Clerk#000000762	0	refully even pinto beans. furiously	1998-08-10	4
1998-05-16	3-MEDIUM	Clerk#000000762	0	refully even pinto beans. furiously	1998-07-31	4
1998-05-16	3-MEDIUM	Clerk#000000762	0	refully even pinto beans. furiously	1998-07-27	4
1996-05-08	5-LOW	Clerk#000000657	0	s along the carefully special pinto beans cajole carefully even sentim	1996-06-22	3
1996-06-03	1-URGENT	Clerk#000000978	0	osits haggle carefully. carefully final grouches are. blithely si	1996-06-15	4
1996-06-03	1-URGENT	Clerk#000000978	0	osits haggle carefully. carefully final grouches are. blithely si	1996-06-23	4
1997-09-07	3-MEDIUM	Clerk#000000999	0	quests boost fluffily. blithely f	1997-12-19	4
1996-05-08	5-LOW	Clerk#000000657	0	s along the carefully special pinto beans cajole carefully even sentim	1996-07-17	3
1997-10-03	4-NOT SPECIFIED	Clerk#000000706	0	ithely final dependencies cajole blithely. express instructions are slyly a	1997-12-29	4
1997-10-03	4-NOT SPECIFIED	Clerk#000000706	0	ithely final dependencies cajole blithely. express instructions are slyly a	1997-12-27	4
1996-06-03	1-URGENT	Clerk#000000978	0	osits haggle carefully. carefully final grouches are. blithely si	1996-07-12	4
1996-06-03	1-URGENT	Clerk#000000978	0	osits haggle carefully. carefully final grouches are. blithely si	1996-07-16	4
1995-07-05	4-NOT SPECIFIED	Clerk#000000254	0	arefully ironic attainments cajole slyly furiou	1995-08-16	3
1995-07-05	4-NOT SPECIFIED	Clerk#000000254	0	arefully ironic attainments cajole slyly furiou	1995-09-06	3
1995-07-05	4-NOT SPECIFIED	Clerk#000000254	0	arefully ironic attainments cajole slyly furiou	1995-08-22	3
1995-07-05	4-NOT SPECIFIED	Clerk#000000254	0	arefully ironic attainments cajole slyly furiou	1995-08-08	3
1996-11-29	3-MEDIUM	Clerk#000000652	0	lve. furiously silent fret	1997-03-06	4
1996-11-29	3-MEDIUM	Clerk#000000652	0	lve. furiously silent fret	1997-02-26	4
1994-12-24	4-NOT SPECIFIED	Clerk#000000121	0	n braids among the final packages cajole pendin	1995-04-06	13
1996-12-09	5-LOW	Clerk#000000783	0	 asymptotes. regular requests boost blithely. pending gifts according to the	1997-04-25	15
1995-05-06	1-URGENT	Clerk#000000580	0	deas wake. slyly silent packa	1995-09-04	4
1997-11-23	3-MEDIUM	Clerk#000000341	0	ly express platelets above the carefully	1998-02-03	4
1997-02-22	1-URGENT	Clerk#000000768	0	. theodolites nag fluffily above the blithely iron	1997-03-09	13
1997-02-22	1-URGENT	Clerk#000000768	0	. theodolites nag fluffily above the blithely iron	1997-04-02	13
1997-02-22	1-URGENT	Clerk#000000768	0	. theodolites nag fluffily above the blithely iron	1997-04-02	13
1996-06-06	2-HIGH	Clerk#000000288	0	iers are. quickly final instructi	1996-07-11	4
1996-06-06	2-HIGH	Clerk#000000288	0	iers are. quickly final instructi	1996-08-16	4
1996-06-06	2-HIGH	Clerk#000000288	0	iers are. quickly final instructi	1996-08-05	4
1996-06-06	2-HIGH	Clerk#000000288	0	iers are. quickly final instructi	1996-07-16	4
1996-06-06	2-HIGH	Clerk#000000288	0	iers are. quickly final instructi	1996-07-26	4
1998-05-16	3-MEDIUM	Clerk#000000762	0	refully even pinto beans. furiously	1998-09-03	4
1998-05-16	3-MEDIUM	Clerk#000000762	0	refully even pinto beans. furiously	1998-09-07	4
1996-06-29	2-HIGH	Clerk#000000473	0	eposits use against the express accounts. carefully regular ideas sleep blithe	1996-08-03	15
1997-10-03	4-NOT SPECIFIED	Clerk#000000706	0	ithely final dependencies cajole blithely. express instructions are slyly a	1998-02-10	4
1996-05-08	5-LOW	Clerk#000000657	0	s along the carefully special pinto beans cajole carefully even sentim	1996-09-19	3
1996-08-05	1-URGENT	Clerk#000000521	0	s. excuses lose. pen	1996-08-28	13
1996-06-06	2-HIGH	Clerk#000000288	0	iers are. quickly final instructi	1996-08-11	4
1996-12-26	5-LOW	Clerk#000000854	0	r requests must sleep carefully furiously regular tithes? slyly unusual reque	1997-05-04	3
1997-03-07	2-HIGH	Clerk#000000217	0	y pending pinto beans. carefully express theodolites cajole 	1997-04-12	4
1995-03-10	2-HIGH	Clerk#000000408	0	al, unusual packages. furiously final requests use quickly. f	1995-04-13	13
1995-07-05	4-NOT SPECIFIED	Clerk#000000254	0	arefully ironic attainments cajole slyly furiou	1995-10-04	3
1997-11-23	3-MEDIUM	Clerk#000000341	0	ly express platelets above the carefully	1998-03-10	4
1997-11-23	3-MEDIUM	Clerk#000000341	0	ly express platelets above the carefully	1998-03-16	4
1997-02-22	1-URGENT	Clerk#000000768	0	. theodolites nag fluffily above the blithely iron	1997-04-18	13
1997-02-22	1-URGENT	Clerk#000000768	0	. theodolites nag fluffily above the blithely iron	1997-04-30	13
1997-03-07	2-HIGH	Clerk#000000217	0	y pending pinto beans. carefully express theodolites cajole 	1997-06-06	4
1995-07-05	4-NOT SPECIFIED	Clerk#000000254	0	arefully ironic attainments cajole slyly furiou	1995-10-17	3
1995-05-06	1-URGENT	Clerk#000000580	0	deas wake. slyly silent packa	1995-05-20	4
1994-06-10	3-MEDIUM	Clerk#000000633	0	, bold accounts use slyly even excuses. pending req	1994-08-16	4
c_comment	l_shipdate
 requests. final, regular ideas sleep final accou	1992-12-03
 requests. final, regular ideas sleep final accou	1992-12-24
 requests. final, regular ideas sleep final accou	1992-04-27
 requests. final, regular ideas sleep final accou	1994-08-12
 requests. final, regular ideas sleep final accou	1992-05-18
 requests. final, regular ideas sleep final accou	1992-05-09
to the even, regular platelets. regular, ironic epitaphs nag e	1992-05-02
to the even, regular platelets. regular, ironic epitaphs nag e	1992-10-29
to the even, regular platelets. regular, ironic epitaphs nag e	1992-10-27
 requests. final, regular ideas sleep final accou	1992-10-22
l accounts. blithely ironic theodolites integrate boldly: caref	1995-03-28
l accounts. blithely ironic theodolites integrate boldly: caref	1992-05-01
l accounts. blithely ironic theodolites integrate boldly: caref	1992-05-10
l accounts. blithely ironic theodolites integrate boldly: caref	1992-05-20
to the even, regular platelets. regular, ironic epitaphs nag e	1992-11-29
to the even, regular platelets. regular, ironic epitaphs nag e	1992-11-03
 requests. final, regular ideas sleep final accou	1992-11-23
 requests. final, regular ideas sleep final accou	1992-06-12
to the even, regular platelets. regular, ironic epitaphs nag e	1992-06-24
l accounts. blithely ironic theodolites integrate boldly: caref	1994-09-12
l accounts. blithely ironic theodolites integrate boldly: caref	1992-06-21
n accounts will have to unwind. foxes cajole accor	1993-07-14
n accounts will have to unwind. foxes cajole accor	1993-07-15
l accounts. blithely ironic theodolites integrate boldly: caref	1995-04-08
 requests. final, regular ideas sleep final accou	1992-07-17
 requests. final, regular ideas sleep final accou	1992-07-16
l accounts. blithely ironic theodolites integrate boldly: caref	1992-07-06
l accounts. blithely ironic theodolites integrate boldly: caref	1994-10-30
 requests. final, regular ideas sleep final accou	1993-11-02
n accounts will have to unwind. foxes cajole accor	1993-08-07
l accounts. blithely ironic theodolites integrate boldly: caref	1995-06-12
l accounts. blithely ironic theodolites integrate boldly: caref	1995-06-08
 requests. final, regular ideas sleep final accou	1994-01-09
 requests. final, regular ideas sleep final accou	1997-01-13
 requests. final, regular ideas sleep final accou	1997-01-08
n accounts will have to unwind. foxes cajole accor	1995-07-24
l accounts. blithely ironic theodolites integrate boldly: caref	1995-07-09
l accounts. blithely ironic theodolites integrate boldly: caref	1995-07-03
 requests. final, regular ideas sleep final accou	1995-07-16
 requests. final, regular ideas sleep final accou	1998-07-29
 requests. final, regular ideas sleep final accou	1998-07-18
 requests. final, regular ideas sleep final accou	1998-07-21
 requests. final, regular ideas sleep final accou	1995-05-15
 requests. final, regular ideas sleep final accou	1996-03-22
 requests. final, regular ideas sleep final accou	1996-03-01
n accounts will have to unwind. foxes cajole accor	1993-09-19
n accounts will have to unwind. foxes cajole accor	1993-09-29
n accounts will have to unwind. foxes cajole accor	1993-09-25
n accounts will have to unwind. foxes cajole accor	1993-09-25
n accounts will have to unwind. foxes cajole accor	1995-08-08
n accounts will have to unwind. foxes cajole accor	1995-08-25
n accounts will have to unwind. foxes cajole accor	1995-08-17
n accounts will have to unwind. foxes cajole accor	1995-08-03
 requests. final, regular ideas sleep final accou	1998-08-29
 requests. final, regular ideas sleep final accou	1998-08-27
 requests. final, regular ideas sleep final accou	1997-10-11
 requests. final, regular ideas sleep final accou	1997-02-25
 requests. final, regular ideas sleep final accou	1997-02-01
 requests. final, regular ideas sleep final accou	1995-11-05
n accounts will have to unwind. foxes cajole accor	1996-05-26
 requests. final, regular ideas sleep final accou	1995-12-17
 requests. final, regular ideas sleep final accou	1995-12-11
 requests. final, regular ideas sleep final accou	1995-12-25
 requests. final, regular ideas sleep final accou	1995-08-06
n accounts will have to unwind. foxes cajole accor	1996-06-10
 requests. final, regular ideas sleep final accou	1996-06-06
 requests. final, regular ideas sleep final accou	1996-06-19
 requests. final, regular ideas sleep final accou	1997-11-29
n accounts will have to unwind. foxes cajole accor	1996-07-05
 requests. final, regular ideas sleep final accou	1996-07-10
 requests. final, regular ideas sleep final accou	1996-07-14
 requests. final, regular ideas sleep final accou	1996-07-08
 requests. final, regular ideas sleep final accou	1996-07-24
 requests. final, regular ideas sleep final accou	1996-07-15
 requests. final, regular ideas sleep final accou	1996-07-14
 requests. final, regular ideas sleep final accou	1996-07-23
to the even, regular platelets. regular, ironic epitaphs nag e	1997-03-30
to the even, regular platelets. regular, ironic epitaphs nag e	1996-07-26
n accounts will have to unwind. foxes cajole accor	1996-08-25
 requests. final, regular ideas sleep final accou	1997-12-24
 requests. final, regular ideas sleep final accou	1997-12-15
 requests. final, regular ideas sleep final accou	1998-01-21
l accounts. blithely ironic theodolites integrate boldly: caref	1996-08-17
 requests. final, regular ideas sleep final accou	1996-08-02
n accounts will have to unwind. foxes cajole accor	1995-09-07
 requests. final, regular ideas sleep final accou	1998-01-19
 requests. final, regular ideas sleep final accou	1994-07-19
 requests. final, regular ideas sleep final accou	1996-01-17
l accounts. blithely ironic theodolites integrate boldly: caref	1997-03-06
l accounts. blithely ironic theodolites integrate boldly: caref	1997-03-28
l accounts. blithely ironic theodolites integrate boldly: caref	1997-03-08
n accounts will have to unwind. foxes cajole accor	1995-10-11
 requests. final, regular ideas sleep final accou	1998-02-08
 requests. final, regular ideas sleep final accou	1998-02-21
n accounts will have to unwind. foxes cajole accor	1997-04-14
to the even, regular platelets. regular, ironic epitaphs nag e	1996-08-19
to the even, regular platelets. regular, ironic epitaphs nag e	1996-08-12
to the even, regular platelets. regular, ironic epitaphs nag e	1996-08-16
 requests. final, regular ideas sleep final accou	1997-04-02
 requests. final, regular ideas sleep final accou	1996-01-22
 requests. final, regular ideas sleep final accou	1996-01-22
 requests. final, regular ideas sleep final accou	1996-09-25
 requests. final, regular ideas sleep final accou	1996-09-25
 requests. final, regular ideas sleep final accou	1996-09-09
 requests. final, regular ideas sleep final accou	1996-09-30
 requests. final, regular ideas sleep final accou	1996-09-19
 requests. final, regular ideas sleep final accou	1996-02-03
 requests. final, regular ideas sleep final accou	1996-02-15
 requests. final, regular ideas sleep final accou	1997-05-08
l accounts. blithely ironic theodolites integrate boldly: caref	1997-04-10
l accounts. blithely ironic theodolites integrate boldly: caref	1997-04-03
l accounts. blithely ironic theodolites integrate boldly: caref	1996-09-05
l accounts. blithely ironic theodolites integrate boldly: caref	1996-09-13
 requests. final, regular ideas sleep final accou	1996-02-28
 requests. final, regular ideas sleep final accou	1996-02-23
l accounts. blithely ironic theodolites integrate boldly: caref	1997-06-04
l accounts. blithely ironic theodolites integrate boldly: caref	1997-06-09
to the even, regular platelets. regular, ironic epitaphs nag e	1997-06-06
to the even, regular platelets. regular, ironic epitaphs nag e	1996-09-15
to the even, regular platelets. regular, ironic epitaphs nag e	1996-09-28
 requests. final, regular ideas sleep final accou	1997-07-06
l accounts. blithely ironic theodolites integrate boldly: caref	1996-10-23
l accounts. blithely ironic theodolites integrate boldly: caref	1996-10-17
 requests. final, regular ideas sleep final accou	1996-10-20
 requests. final, regular ideas sleep final accou	1996-10-03
to the even, regular platelets. regular, ironic epitaphs nag e	1997-07-04
 requests. final, regular ideas sleep final accou	1996-10-27
 requests. final, regular ideas sleep final accou	1997-08-04
l accounts. blithely ironic theodolites integrate boldly: caref	1996-11-30
 requests. final, regular ideas sleep final accou	1996-12-01
 requests. final, regular ideas sleep final accou	1996-12-01
 requests. final, regular ideas sleep final accou	1997-09-03
 requests. final, regular ideas sleep final accou	1997-10-20
