count(*)
200000
count(*)
2997697
l_orderkey	l_quantity	l_extendedprice
1119813	41.00	61639.81
1168417	35.00	61487.30
1168417	33.00	51429.51
1168417	18.00	35261.82
1248736	35.00	47299.70
1495106	23.00	32807.20
1495106	25.00	35584.75
306439	39.00	56726.28
5287012	30.00	34144.80
5379745	3.00	3333.39
5379745	4.00	6294.68
5612065	27.00	49460.76
5745185	28.00	33913.88
5745185	41.00	58688.63
5754464	23.00	44481.77
5811008	18.00	31261.68
4706437	5.00	6611.65
4706437	27.00	36701.10
4829253	38.00	35873.14
4833511	13.00	18296.33
4972039	29.00	44300.40
5199234	49.00	52237.43
1049990	12.00	14101.08
1049990	16.00	26138.72
1049990	39.00	52155.09
1049990	28.00	51964.64
1127620	11.00	14722.51
1603585	12.00	17153.64
1620672	22.00	43403.58
139072	38.00	55531.68
139072	25.00	43766.50
152289	9.00	16117.29
152289	28.00	34725.32
427971	42.00	79037.70
5392004	26.00	47338.98
5392004	49.00	68618.62
5392004	18.00	35296.92
5407235	19.00	21891.99
5407235	18.00	20054.52
5739076	23.00	23807.07
5739076	36.00	65044.08
5805349	29.00	44501.66
1775687	11.00	18145.05
1925447	35.00	43970.15
1925447	3.00	5390.22
1925447	26.00	38519.78
1932643	42.00	76224.12
1932643	20.00	31972.80
2007493	25.00	34056.50
5961251	40.00	70267.20
5961251	29.00	45574.95
5961251	12.00	20852.40
83684	37.00	66038.34
361671	5.00	8643.90
438881	46.00	72567.76
438881	40.00	63941.20
2438016	3.00	4867.71
2438016	37.00	66667.34
2673088	24.00	36925.92
2673088	50.00	58311.00
2872675	46.00	94667.54
2872675	18.00	29259.36
869574	8.00	8184.48
869574	17.00	29472.56
3040804	32.00	34947.84
3051493	24.00	43244.16
3051493	18.00	33028.20
3051493	43.00	62802.79
3051493	5.00	8638.45
3139556	15.00	16021.65
3368547	21.00	25685.52
3368547	1.00	2079.98
3368547	16.00	25609.28
3504453	21.00	36534.12
3504453	22.00	28671.94
3504453	49.00	98143.08
1288420	2.00	2710.52
1522214	14.00	23626.68
1649920	18.00	24289.56
1649920	7.00	9066.75
1649920	2.00	2580.62
1859778	5.00	8263.65
4144037	47.00	81204.72
4144037	12.00	17008.20
4485731	45.00	70317.00
4485731	33.00	46309.23
4603875	19.00	35812.34
4603875	27.00	42242.85
3671879	46.00	84536.04
3727234	1.00	1111.04
3727234	34.00	47580.28
3727234	11.00	17992.26
3986496	32.00	37576.32
3986496	28.00	41704.88
4068771	5.00	6526.50
4188902	33.00	50475.48
4188902	8.00	12692.48
4188902	23.00	42407.63
1868608	39.00	54106.26
1883718	16.00	22214.56
1883718	6.00	11579.88
2205862	46.00	75792.82
2341222	32.00	35520.64
4254181	24.00	46941.36
4254181	41.00	79330.49
4270019	14.00	19086.06
4273923	42.00	62015.52
4314274	38.00	49946.44
4314274	42.00	70970.76
4587526	13.00	15160.73
4587526	48.00	82743.36
4613986	28.00	34335.00
787105	5.00	9024.05
1046082	12.00	23147.52
1066274	46.00	76348.50
1202788	14.00	15330.98
1202788	39.00	54342.60
1202788	18.00	28700.82
1362726	36.00	56827.80
1362726	14.00	28153.86
1376704	4.00	7607.80
2671008	10.00	13403.40
2723524	37.00	47738.14
2723524	16.00	20547.20
1823424	26.00	46119.32
3952354	1.00	1088.12
4381216	39.00	44545.02
1365316	38.00	49338.44
1521157	50.00	89486.00
1521157	22.00	39792.94
4999392	4.00	6882.60
4999392	37.00	37704.11
5271109	1.00	1747.79
5271109	29.00	40929.44
5534435	49.00	89075.63
4937380	46.00	60594.88
4937380	16.00	27963.84
4937380	48.00	64332.00
4937380	15.00	20058.60
4976422	8.00	12852.80
4976422	31.00	49214.98
4976422	24.00	22488.24
5121954	31.00	28737.00
5121954	35.00	67969.65
5397218	40.00	61464.80
3271333	8.00	11947.84
3271333	48.00	69961.92
3354726	12.00	23915.88
3354726	6.00	9537.96
3366240	44.00	56596.32
3366240	42.00	52299.24
3368833	3.00	5005.77
3419044	18.00	28774.26
3419044	49.00	52923.43
3562055	46.00	91029.40
2084997	24.00	25944.48
1595332	1.00	1360.41
1595332	7.00	7728.63
1595332	26.00	34065.98
1595332	19.00	28625.02
1950947	8.00	13829.36
1950947	41.00	68495.83
1953381	41.00	72437.98
2022438	33.00	61739.70
2022438	9.00	10450.44
2333249	33.00	39804.60
2459332	46.00	50281.22
2459332	27.00	40026.96
2522405	32.00	47405.12
2522405	34.00	52344.36
2522405	16.00	30558.40
2290245	18.00	20071.98
2290245	24.00	35794.56
2290245	31.00	49712.84
2302246	21.00	23479.47
2632326	11.00	19797.58
2632326	19.00	31056.45
2782659	6.00	7898.28
2782659	17.00	22666.78
2090534	6.00	8733.30
2581345	50.00	56361.00
2588320	1.00	1714.63
5637637	29.00	38578.99
5637637	50.00	65366.50
5637637	16.00	24984.32
5742502	13.00	25869.87
5976837	42.00	52300.50
2891394	39.00	44466.24
2916320	21.00	30249.45
2916320	31.00	51016.08
2986913	3.00	5318.34
2646244	17.00	28232.41
2646244	48.00	90903.84
3123489	19.00	22289.66
3429057	8.00	12364.48
3768484	6.00	11453.88
3860257	34.00	48324.88
3860257	2.00	1992.06
3860257	13.00	19051.76
4128289	31.00	37825.89
4253186	27.00	48489.03
4395841	13.00	15875.73
4395841	7.00	7056.07
3069221	2.00	3125.24
3119776	12.00	17488.56
3268516	41.00	46295.15
3487745	42.00	46200.00
4569348	15.00	20376.00
4629824	26.00	33104.76
4706437	27.00	47218.41
4706437	34.00	60819.54
4706437	41.00	49990.89
4829253	18.00	35026.20
4972039	28.00	49693.28
5096387	45.00	75499.65
491620	14.00	26359.48
491620	17.00	27957.69
917893	6.00	7681.38
4235046	13.00	14456.13
4303745	12.00	17200.92
4327493	14.00	26472.04
3683623	25.00	39364.50
3683623	33.00	61508.04
3950849	38.00	54359.00
3952544	38.00	46139.60
4143526	45.00	82477.80
4143526	17.00	34032.81
5199234	47.00	47708.76
5199234	4.00	5733.40
5199234	7.00	8338.05
5206016	25.00	49424.00
5207073	35.00	37768.15
5293862	22.00	34352.56
5347076	16.00	29741.28
5407235	34.00	40193.10
5407235	34.00	39072.12
5621349	19.00	24723.18
5739076	26.00	40910.74
5805349	50.00	73321.50
5805349	19.00	28720.21
5805349	16.00	23207.04
5805349	29.00	46763.66
1485505	10.00	11722.30
1485505	50.00	89092.50
1572644	41.00	61849.32
1572644	19.00	22501.13
1572644	40.00	65786.80
1572644	14.00	22535.80
1576097	10.00	19709.60
1650627	22.00	37284.06
4692995	28.00	30413.04
4702695	39.00	75145.98
4968129	50.00	86184.00
5003109	20.00	30670.80
5207685	44.00	63728.28
4428354	43.00	43432.15
4428354	19.00	32465.30
4468801	41.00	60866.96
4610343	43.00	58455.06
4718403	2.00	2214.40
34019	19.00	19228.95
438881	45.00	84685.95
2408480	46.00	73446.36
2408480	16.00	28138.88
2592801	16.00	20213.44
2592801	8.00	11667.76
2592801	12.00	12936.12
2708037	40.00	75838.00
2708037	41.00	41698.23
2809669	2.00	2918.74
2813698	44.00	76153.00
2813698	17.00	33522.30
5091364	5.00	6400.90
5091364	23.00	34236.42
5261861	13.00	21679.71
5406599	32.00	47374.08
5589733	20.00	37999.60
5749952	4.00	6867.08
5749952	42.00	66762.36
3696386	43.00	74546.09
5754464	48.00	92346.72
9154	46.00	58158.26
9154	47.00	71507.68
68579	10.00	13773.00
5619718	33.00	43934.22
5819459	9.00	17009.46
5864416	43.00	75321.81
5882432	1.00	1319.39
5882432	19.00	35299.34
5882432	50.00	58605.00
5897442	45.00	64414.80
5925216	47.00	90137.54
5957861	21.00	24552.36
5957861	42.00	63359.10
5206661	42.00	44352.84
5206661	13.00	18270.33
306439	49.00	95449.06
306439	18.00	37259.46
306439	36.00	69367.68
4603875	22.00	29114.14
4976422	43.00	61031.19
4976422	29.00	30364.74
5027840	15.00	26367.30
5027840	32.00	54966.08
5121954	23.00	45194.08
5121954	46.00	91765.86
144610	42.00	75463.08
144610	27.00	34592.40
212870	39.00	47668.53
225379	11.00	14733.51
374723	44.00	90374.24
374723	48.00	80189.76
440964	45.00	57746.70
440964	33.00	62661.39
601794	45.00	51076.80
1049990	24.00	43603.20
1049990	9.00	16846.56
1061287	21.00	35797.65
1127620	23.00	42959.40
1127620	35.00	62398.00
1400006	28.00	30523.36
1400006	16.00	21798.08
906884	21.00	36155.70
1119813	29.00	42325.21
1578944	10.00	15364.50
1584903	48.00	56892.96
1590469	12.00	21081.96
1603585	26.00	44815.68
1775687	6.00	7075.50
1775687	41.00	58855.09
1932643	26.00	27354.86
1943620	22.00	36488.54
5999748	9.00	13990.95
287366	49.00	94316.67
309891	39.00	55007.94
309891	33.00	44759.88
309891	44.00	55674.96
410595	33.00	48295.50
5608869	42.00	60327.54
5608869	48.00	84319.20
5692738	47.00	53824.87
5692738	35.00	50767.15
2229729	24.00	26016.72
2370438	17.00	20095.70
2438016	6.00	9561.90
2438016	9.00	11388.15
2438016	5.00	6827.10
2546947	15.00	29309.40
2673088	50.00	62560.00
2673088	20.00	24723.40
5975365	6.00	11537.28
5975365	12.00	14079.12
112964	48.00	81246.72
193030	3.00	5942.94
193030	32.00	42792.32
545218	1.00	1093.00
545218	33.00	41255.61
3040804	40.00	72473.20
3139556	40.00	59981.20
605441	22.00	42016.04
686918	28.00	35317.52
828801	11.00	11011.66
828801	26.00	47651.24
888615	43.00	67188.36
1035265	15.00	26950.95
1074979	8.00	8617.12
1074979	49.00	49588.98
5359271	42.00	82948.32
5397218	42.00	60664.38
5637637	25.00	47471.50
5976837	28.00	54288.08
5976837	44.00	48053.28
345858	19.00	35186.29
3368547	20.00	38597.80
3504453	24.00	37091.52
3671879	2.00	2566.64
3837959	44.00	58313.20
3837959	10.00	18157.20
3838532	14.00	24257.10
3916288	30.00	54322.50
1495106	22.00	36535.18
1591941	36.00	48830.76
2014848	48.00	80622.24
2084997	40.00	48528.80
1247233	46.00	87808.48
1536067	49.00	87061.24
3588422	10.00	14805.60
3588422	49.00	67738.58
5452483	42.00	52843.14
5452483	3.00	4429.68
161568	23.00	40910.33
1037540	23.00	25393.84
4188902	8.00	8168.00
4270019	19.00	21473.99
4270019	15.00	21201.30
4273923	28.00	33632.76
4314274	25.00	39065.75
4587526	11.00	15139.41
1876550	11.00	12023.44
1876550	8.00	7304.00
1982691	6.00	5946.48
2046658	48.00	69382.08
2103748	4.00	7103.28
2103748	3.00	4828.98
2279493	38.00	44311.42
2488771	43.00	58884.63
3909318	30.00	40359.60
3909318	25.00	34035.25
3916288	15.00	16111.20
3916288	6.00	12341.82
3936550	28.00	53617.20
3945702	37.00	44666.77
4039460	15.00	22327.20
4039460	39.00	66991.08
4641314	36.00	38557.08
4999392	49.00	61944.33
5271109	44.00	67784.20
760615	13.00	18374.07
760615	34.00	48057.30
760615	39.00	42279.51
787105	48.00	49778.40
1073670	41.00	77527.31
2510146	21.00	34182.12
2510146	27.00	32082.21
2712836	7.00	9985.50
2747429	37.00	66701.38
2818886	13.00	13612.04
2818886	29.00	34049.77
2818886	45.00	46173.15
5379745	10.00	10360.30
5379745	17.00	22650.46
5600390	46.00	69254.38
5653925	49.00	81273.85
5653925	30.00	39038.70
5754464	19.00	25371.46
5832548	7.00	11904.48
2290245	48.00	61498.08
2809985	49.00	95444.65
2809985	45.00	70724.70
5612065	22.00	23211.98
3318789	33.00	59396.04
3318789	14.00	14938.00
3318789	36.00	39458.16
3580034	17.00	22701.80
3580034	45.00	72878.85
3580034	31.00	48005.36
3580034	33.00	50277.81
1823424	47.00	63415.22
1823424	14.00	22659.56
1823424	3.00	3552.39
9154	31.00	53215.22
9154	12.00	24287.28
306439	7.00	10755.99
139072	50.00	79326.50
152289	21.00	26886.30
324740	21.00	38403.96
324740	23.00	43997.62
380740	45.00	43652.25
380740	48.00	55979.04
3938053	45.00	61758.00
3938053	13.00	19103.76
3938053	37.00	71071.08
3938053	41.00	74408.85
4099329	11.00	16186.17
4161248	29.00	52659.65
4161248	8.00	12708.24
823525	33.00	59225.76
998598	34.00	62384.90
1061287	50.00	96798.00
1061287	2.00	3975.90
1127620	17.00	22684.12
1127620	21.00	39583.53
608132	47.00	84310.95
608132	40.00	81958.40
608132	45.00	56667.60
3952354	49.00	84904.26
4381216	42.00	57597.96
4404676	48.00	70677.12
5112389	17.00	22410.25
4593444	44.00	68797.96
4650021	11.00	13918.41
4650021	33.00	39934.29
4659813	7.00	7315.42
5052385	17.00	24009.61
1400006	27.00	37809.18
1755398	1.00	1134.05
1775687	2.00	2646.62
3069221	13.00	23280.53
3082272	31.00	59081.35
3082272	4.00	7927.60
3352611	20.00	29988.00
1275745	47.00	53731.81
1522214	26.00	40706.12
1932643	32.00	35168.00
1932643	34.00	45059.52
1943620	4.00	4104.04
1954561	33.00	63618.39
1954561	29.00	45051.21
2007493	26.00	38359.88
2007493	17.00	22869.93
2022438	11.00	14424.19
2370438	4.00	5617.64
2370438	3.00	4558.44
2370438	43.00	71582.10
5060002	20.00	38679.40
5060002	43.00	66762.66
5060002	25.00	43368.25
5060002	1.00	1173.26
5093856	3.00	4528.59
5496967	29.00	52339.20
1176518	10.00	12411.60
1313185	6.00	8215.86
1313185	47.00	83371.42
1313185	28.00	56922.32
1362726	2.00	3229.26
1718016	30.00	53784.30
1718016	5.00	6441.80
1884448	22.00	22088.22
2032356	46.00	81088.34
2333249	43.00	70845.94
2522405	32.00	49138.88
2528931	46.00	62531.48
2546947	40.00	56660.00
3011172	35.00	70664.65
3040804	27.00	56159.46
5876613	6.00	7693.50
5936868	20.00	25503.80
112964	14.00	20026.02
193030	31.00	55980.11
3139556	1.00	1165.22
3368547	18.00	35945.64
3368547	27.00	34485.48
3426337	30.00	28950.90
3671879	40.00	75030.80
1950947	9.00	15541.29
1950947	5.00	4620.00
545218	32.00	42409.92
686918	33.00	65239.02
686918	27.00	45677.79
828801	14.00	16481.22
917893	37.00	49923.36
917893	20.00	23223.20
1485505	46.00	88086.32
1485505	34.00	52138.32
1485505	6.00	9705.36
1543201	3.00	4585.62
1543201	39.00	65737.62
1783749	29.00	49813.01
1783749	7.00	9914.59
2121571	30.00	38529.90
3838532	31.00	34164.17
3909318	46.00	74043.44
3936550	16.00	21060.48
4065153	3.00	5489.46
4065153	47.00	77158.96
4068771	7.00	12129.81
4068771	35.00	62254.85
5452483	13.00	18438.03
161568	47.00	52408.76
3123489	7.00	11399.92
3123489	28.00	53367.16
3588422	31.00	52724.18
1428645	30.00	54744.90
4641314	17.00	23262.97
838821	11.00	15316.95
1037540	42.00	42168.00
1037540	48.00	81774.24
1252005	29.00	34980.67
1252005	39.00	55085.16
1252005	30.00	56875.50
1252005	35.00	56861.35
1357410	15.00	16860.45
3909318	44.00	52414.12
3936550	8.00	8481.12
4039460	44.00	42109.32
4039460	41.00	48102.84
2046658	39.00	71516.25
2046658	11.00	19764.14
2046658	33.00	52255.83
2103748	41.00	80439.54
2103748	26.00	27041.04
5003462	45.00	51844.50
5271109	25.00	28879.50
5271109	18.00	30737.52
5287012	15.00	17581.65
5379745	43.00	69087.24
5379745	47.00	63799.68
5379745	29.00	42496.31
1823424	4.00	4885.04
2488771	1.00	1729.81
2488771	44.00	81436.08
2510146	9.00	15946.65
2538276	8.00	9152.40
2747429	21.00	28819.14
2818886	1.00	1542.61
2818886	14.00	17489.78
5653925	25.00	38388.25
5653925	17.00	32434.13
5754464	13.00	19284.59
9154	45.00	67477.95
9154	7.00	7883.47
139072	40.00	41600.40
139072	24.00	44037.84
152289	1.00	1615.70
3683623	3.00	3537.63
3683623	35.00	45722.25
3727234	37.00	56484.94
3732196	45.00	60046.20
3732196	34.00	52170.96
3946786	25.00	48874.25
3946786	28.00	39013.24
3950849	24.00	28249.92
3952544	17.00	22684.80
4084932	1.00	1175.23
4192001	41.00	66322.01
4208006	14.00	14588.56
3312515	48.00	51749.76
3312515	17.00	29184.58
3357730	44.00	56817.64
3401094	3.00	4165.11
3440902	26.00	43204.72
3580034	20.00	26005.00
4250786	23.00	37757.95
4428354	3.00	3759.84
4468801	46.00	52356.28
4610343	22.00	44262.24
4718403	24.00	31856.64
2408480	29.00	46649.98
2408480	44.00	78091.20
2708037	21.00	31680.18
3938053	33.00	59061.42
3942656	50.00	93240.50
4161248	33.00	64545.03
3699876	30.00	50658.90
3952354	4.00	5513.48
3952354	38.00	61699.08
4381216	5.00	5550.45
4937380	7.00	9572.08
5106981	33.00	39771.60
5121954	42.00	59701.32
2581345	48.00	80526.24
2736865	41.00	56763.68
2826500	32.00	46512.96
2842599	50.00	65361.00
2842599	45.00	78467.40
2891394	34.00	38528.80
2891394	25.00	47073.25
2916320	2.00	2778.64
2992930	50.00	95646.00
4364800	45.00	90179.10
4364800	38.00	43627.42
4593444	41.00	65333.50
4593444	8.00	13302.00
4593444	9.00	15440.94
823525	30.00	49251.30
1485505	32.00	50320.00
1646340	5.00	7452.45
1650627	35.00	53600.40
1650627	49.00	90589.73
2408480	48.00	86964.48
2708037	6.00	7993.50
1859778	27.00	53619.03
1868608	30.00	49912.20
1868608	46.00	57420.88
5052385	47.00	57539.75
5052385	10.00	15395.90
5052385	2.00	3535.54
5093856	4.00	4044.00
5214082	27.00	39837.15
5214082	2.00	2724.84
5214082	5.00	9484.90
5414466	44.00	67916.20
5414466	20.00	26606.40
5496967	10.00	12672.60
5496967	32.00	56053.12
5555686	23.00	45997.93
5555686	48.00	82837.44
5555686	28.00	46528.44
5555686	41.00	76415.39
5590690	43.00	73260.39
5106981	37.00	74738.89
998598	26.00	48616.10
1177350	25.00	28354.75
1400006	35.00	52975.30
1400006	43.00	57889.61
5261861	14.00	21034.86
5262498	5.00	5505.70
5418919	50.00	86232.50
2341222	13.00	24425.57
2379907	43.00	43604.15
2379907	8.00	8753.28
2379907	38.00	43892.66
2671008	9.00	12667.50
2723524	24.00	46487.28
2809669	3.00	3732.81
2809669	27.00	47136.33
5692738	23.00	33474.89
5959683	17.00	27804.18
106243	36.00	68072.76
106243	28.00	47705.56
1584903	18.00	20341.62
1584903	42.00	67101.72
1584903	8.00	9513.52
1932643	40.00	58656.40
1932643	41.00	51875.25
1943620	41.00	56550.89
1943620	41.00	71573.70
1954561	23.00	31471.13
1954561	21.00	33589.71
1954561	49.00	86910.81
2007493	41.00	60416.37
2022438	9.00	16216.47
3271333	34.00	45874.84
3271333	11.00	15317.28
3354726	8.00	14959.44
3419044	22.00	44350.46
3419044	3.00	3744.66
3419044	43.00	79588.70
3541094	3.00	4345.50
3562055	43.00	51698.47
3562055	4.00	7243.56
545218	31.00	60108.69
545218	8.00	8184.32
554115	46.00	55484.28
675940	45.00	65814.30
686918	35.00	51956.10
2229729	25.00	48096.25
2370438	19.00	30392.21
2370438	30.00	58526.40
2459332	18.00	31638.96
2546947	9.00	15467.76
2546947	44.00	68045.56
3860257	48.00	50785.92
3860257	34.00	64084.56
3860257	43.00	51475.30
4085285	12.00	22355.04
4144037	16.00	21588.32
4144037	19.00	32999.20
5882432	37.00	45219.18
5897442	21.00	34033.02
5957861	37.00	52223.28
5957861	40.00	63141.60
24322	16.00	28090.72
24322	29.00	44588.95
24322	44.00	53559.00
24322	22.00	30611.46
36422	31.00	63021.14
70819	31.00	37329.89
225379	21.00	22953.00
969474	12.00	13656.72
1428645	19.00	22117.71
1478917	35.00	53705.75
1478917	20.00	20520.00
3933538	9.00	15045.84
3933538	38.00	68357.44
3942656	50.00	95444.00
4068167	31.00	49184.60
4068167	38.00	45987.22
4068167	46.00	83575.56
4068167	37.00	47520.95
4320612	24.00	33872.88
4320612	37.00	75256.15
3051493	8.00	15030.64
3139556	22.00	36049.86
4395841	23.00	27603.68
4395841	48.00	87155.52
4516484	47.00	53301.76
4516484	45.00	75184.20
4562949	16.00	30830.40
4569348	46.00	60826.26
4569348	46.00	48346.00
4569348	25.00	47898.00
4706437	8.00	12339.76
4833511	44.00	76330.76
4833511	49.00	101331.02
4833511	31.00	40124.54
4833511	37.00	39890.44
1616512	50.00	66511.50
3433858	9.00	15937.02
3540450	2.00	3249.42
3540450	8.00	14182.56
3568032	28.00	33464.48
3838532	34.00	37066.12
3909318	4.00	6482.48
3936550	47.00	73864.26
3936550	17.00	16456.51
3945702	6.00	9676.08
3945702	25.00	27251.25
3945702	17.00	32452.66
3945702	9.00	12053.79
4039460	45.00	80494.65
4039460	16.00	23926.88
4065153	29.00	59855.42
4068771	37.00	51960.95
4982115	8.00	8120.48
5096387	39.00	48331.53
5096387	8.00	10289.68
5206016	1.00	1382.42
5206016	26.00	30890.60
5207073	18.00	19980.90
5293862	30.00	39636.60
5293862	43.00	50916.30
5293862	3.00	4153.26
5323937	41.00	42891.33
5347076	31.00	33760.55
5383973	12.00	23843.52
2510146	41.00	57293.40
2554949	41.00	54869.48
2747429	22.00	42743.80
2818886	14.00	19268.34
2818886	4.00	6986.60
4641314	46.00	76388.98
5621349	36.00	72214.20
5621349	11.00	18355.59
5739076	34.00	47645.56
374723	25.00	44095.50
374723	17.00	30085.92
440964	46.00	49549.82
440964	1.00	1735.72
579908	33.00	53513.13
601794	14.00	17727.08
601794	47.00	92020.36
601794	41.00	69766.01
3312867	28.00	39797.52
3312867	16.00	26184.96
3312867	9.00	15918.66
3312867	46.00	77998.06
4593444	50.00	86689.50
4743364	41.00	57866.99
4942119	11.00	13687.52
5080485	19.00	29004.26
5129313	32.00	38083.52
4960614	10.00	18809.70
4960614	21.00	32035.29
5228454	39.00	49888.41
5407235	45.00	85723.65
4327493	25.00	43917.25
3580034	3.00	5189.25
3580034	6.00	8462.94
3868359	36.00	48649.68
3868359	9.00	14891.76
3942656	10.00	20439.60
3942656	45.00	71217.45
3942656	41.00	65292.91
4068167	40.00	78076.80
1427296	40.00	78837.20
1495106	38.00	61432.32
4810978	39.00	70464.03
5112389	36.00	63132.48
5112389	11.00	18851.58
5452483	27.00	29133.81
5452483	47.00	84492.37
5745185	35.00	43549.45
5811008	50.00	92090.50
14656	21.00	31469.13
146884	36.00	59384.16
152289	28.00	42744.24
5003109	35.00	63345.80
5003109	21.00	19446.21
1620672	13.00	16774.81
1620672	13.00	14874.73
1925447	12.00	18090.36
2014848	44.00	43122.64
2014848	30.00	37444.50
2084997	2.00	2314.38
2084997	7.00	8401.47
380740	29.00	39709.12
5237730	49.00	80245.83
5406599	32.00	34849.28
5406599	18.00	31764.24
5425221	15.00	16890.60
5569570	47.00	82428.60
5569570	38.00	47089.60
5789540	48.00	60448.80
5794178	41.00	48383.28
164711	34.00	51323.68
4203687	5.00	9604.20
4320612	48.00	58574.40
4593444	15.00	18844.05
438881	33.00	37523.31
4827302	34.00	37402.04
4827302	8.00	11235.84
4999392	11.00	21019.79
5003462	42.00	44693.04
5271109	45.00	92159.10
5271109	32.00	36035.20
5287012	23.00	25902.60
5453440	14.00	17084.20
5206661	38.00	75200.86
5206661	5.00	8093.30
5754464	17.00	30237.90
5754464	50.00	50851.00
883557	40.00	56452.80
5590690	29.00	52283.23
5959683	15.00	23001.90
5987111	24.00	29619.36
5987111	36.00	64254.24
139072	46.00	72568.22
152289	21.00	32961.39
152289	49.00	60576.74
324740	44.00	85618.28
427971	24.00	45477.84
1572644	43.00	72309.66
1868608	17.00	24725.65
1959365	34.00	47820.66
1959365	22.00	44879.12
106243	19.00	36172.58
106243	14.00	20923.42
545218	36.00	71638.56
554115	39.00	38807.73
554115	44.00	71876.64
675940	30.00	40151.40
888615	38.00	68238.88
888615	15.00	18244.35
1252005	3.00	3081.30
1252005	37.00	50293.73
823525	7.00	7147.00
998598	25.00	33407.75
1061287	36.00	41585.76
1400006	5.00	8578.20
2264739	38.00	54242.34
2379907	33.00	46810.83
2379907	41.00	61398.73
2379907	6.00	7195.74
2671747	15.00	23992.95
2671747	11.00	19367.92
846112	8.00	11819.60
846112	33.00	50013.48
846112	50.00	89338.50
1521157	39.00	54964.65
1584903	49.00	72443.56
1943620	9.00	11297.97
1954561	16.00	20323.04
1954561	33.00	49649.16
2022438	17.00	33335.98
2022438	18.00	25748.28
2809669	37.00	38003.07
2870055	7.00	9116.24
2870055	19.00	36403.81
1353314	27.00	29187.81
1357410	15.00	18933.15
1357410	1.00	1509.42
1733158	41.00	57296.68
1733158	27.00	43267.50
1733158	42.00	55707.12
1733158	30.00	36005.40
1823424	38.00	63255.56
1823424	27.00	36190.80
1982691	4.00	5044.96
1428645	42.00	54063.24
1478917	8.00	12596.48
1478917	10.00	17117.30
1843907	34.00	64151.20
1843907	6.00	12521.94
2333249	19.00	22974.61
2370438	5.00	7843.10
2507303	12.00	16383.36
2522405	30.00	33660.60
2522405	8.00	12469.04
2522405	43.00	75407.38
2546947	7.00	10475.71
2646244	40.00	59098.40
2290245	46.00	85410.50
2302246	9.00	13874.22
2632326	2.00	3609.78
2096544	4.00	6706.36
2720773	19.00	34365.68
5235045	48.00	78939.84
5489316	37.00	59739.83
5489316	7.00	12388.81
1275745	16.00	25352.64
1275745	34.00	63676.22
1288420	15.00	25676.70
1288420	28.00	29820.28
1365316	32.00	48718.08
1365316	33.00	62893.38
2872675	47.00	79652.31
2872675	20.00	34916.60
3326466	48.00	83601.12
3326466	10.00	15895.80
3431909	38.00	42941.14
2892036	7.00	10573.22
3193248	46.00	90940.62
3357730	3.00	5378.19
3401094	2.00	3012.98
3401094	30.00	48828.60
3478503	27.00	30321.81
360067	1.00	1509.52
360067	8.00	13276.56
360067	4.00	6278.16
1519395	34.00	40265.52
1519395	27.00	31377.51
1522214	4.00	4652.88
1522214	30.00	43093.80
1649920	3.00	2877.00
1884448	7.00	13250.44
2035073	47.00	81106.02
2035073	2.00	3337.42
3950849	50.00	84787.00
3950849	7.00	13326.74
3986496	49.00	71123.99
3986496	14.00	24343.06
3986496	44.00	65406.44
3994567	14.00	14631.54
3994567	13.00	18685.55
4084932	17.00	17357.17
4084932	30.00	40988.40
3699876	34.00	53606.10
441696	48.00	92730.24
441696	44.00	86588.92
554115	25.00	39016.00
554115	26.00	33549.36
709665	20.00	35675.80
801249	45.00	53422.65
846112	19.00	20065.14
1050688	50.00	64715.50
1050688	33.00	42615.87
2205862	7.00	13180.86
2205862	34.00	54831.80
2205862	21.00	29618.40
2333249	3.00	3360.60
2333249	39.00	78740.22
2392480	40.00	74514.00
2643777	20.00	37756.40
4192001	34.00	52036.66
4192001	32.00	57751.04
4192001	1.00	1123.17
4208006	39.00	69878.64
4254181	17.00	30033.39
4468801	44.00	61528.72
4468801	38.00	45344.26
4563873	41.00	40017.64
4616224	12.00	20648.88
4328998	23.00	35661.50
4391456	13.00	12480.00
4391456	40.00	56179.20
4411653	46.00	85508.02
4455394	33.00	50504.85
4455394	17.00	18293.53
4455394	36.00	42665.76
4810978	44.00	70781.48
1131267	13.00	24556.74
1131267	29.00	40261.57
1267014	3.00	4588.83
1267014	3.00	5567.25
1267014	47.00	70054.91
1267014	17.00	31854.26
1478917	40.00	75150.80
1674405	22.00	40169.58
3562055	5.00	9033.65
3562055	1.00	1815.77
3696386	8.00	7504.16
3860257	28.00	49135.24
5917185	42.00	77990.22
5917185	15.00	22551.30
5999748	21.00	22010.31
4881061	26.00	39244.66
4953319	24.00	22320.00
5261861	35.00	42568.75
5261861	26.00	41851.68
2106343	26.00	38961.00
2249606	44.00	66155.76
2279493	28.00	40863.48
2342115	32.00	51602.56
2524452	12.00	14377.68
2524452	24.00	29380.08
2524452	29.00	48099.69
2524452	18.00	35818.56
5925216	3.00	3042.03
5957861	16.00	28284.48
4485731	12.00	16563.36
4485731	17.00	20555.21
4516484	8.00	8912.32
4562949	15.00	23797.50
4569348	22.00	21561.10
4603875	32.00	44172.80
4603875	48.00	92008.80
4706437	27.00	47595.60
4968519	38.00	65847.16
4972039	39.00	67032.03
5027840	18.00	25675.56
5199234	37.00	43738.81
5206016	24.00	43364.16
5207073	6.00	10492.98
5207073	20.00	24944.80
5207073	19.00	37275.34
5359271	5.00	8493.95
5383973	38.00	53711.48
5397218	25.00	45494.75
410595	47.00	63372.92
410595	33.00	55628.10
24322	50.00	95194.50
287619	11.00	14336.96
446499	15.00	16427.55
446499	1.00	988.00
601794	22.00	37326.74
3440902	6.00	8017.92
3868359	32.00	54680.32
3868359	6.00	8732.16
1819008	13.00	19831.24
1819008	45.00	50540.85
1819008	27.00	40137.39
1843907	4.00	7167.48
1978854	12.00	21382.20
1978854	13.00	23723.70
1978854	45.00	62518.50
2096611	24.00	34738.80
2096611	26.00	44349.76
2096611	28.00	36462.16
2106343	18.00	24161.04
2342115	22.00	29133.50
2342115	45.00	59101.20
2342115	18.00	25459.20
5535201	33.00	55228.80
5621349	4.00	6474.32
5621349	1.00	1010.09
5621349	41.00	53025.71
5976837	21.00	31258.71
34019	35.00	60435.20
66695	33.00	44595.54
66695	1.00	1241.24
2524452	34.00	52681.30
2524452	20.00	38758.80
2773829	44.00	52850.60
2773829	19.00	25201.79
2773829	11.00	17948.48
2916672	42.00	56548.38
2916672	40.00	79958.40
4161248	10.00	19339.70
4161248	19.00	26815.65
4320612	17.00	22307.57
438881	22.00	21164.66
438881	15.00	29234.55
438881	15.00	22701.30
491620	5.00	6411.35
3036614	28.00	35342.16
3036614	37.00	53963.39
906884	16.00	18995.68
4791744	29.00	47867.69
4942119	25.00	31508.00
4942119	2.00	3959.96
4942119	27.00	40028.85
5052385	2.00	3465.50
5052385	14.00	22309.98
5129313	29.00	32396.19
5129313	14.00	17981.04
5235045	19.00	27141.88
917893	39.00	74603.10
917893	44.00	64388.72
3933538	33.00	36037.98
4159620	20.00	21822.20
1176518	26.00	39899.60
1176518	40.00	71629.60
1313185	19.00	24858.27
1313185	5.00	7917.45
1313185	21.00	29556.87
1362726	36.00	55244.52
1559623	17.00	22803.63
1543201	36.00	39852.72
1543201	30.00	59218.20
1572644	18.00	28469.52
1646340	23.00	32715.20
1783749	15.00	25030.95
3123489	27.00	54564.84
3330400	2.00	2556.50
3354726	23.00	33289.74
5112389	40.00	70026.80
5112389	5.00	9254.65
5608869	40.00	40401.60
5608869	37.00	40558.66
5794178	31.00	50704.22
4791744	19.00	37011.05
4791744	16.00	21589.76
4791744	4.00	5998.32
4888039	23.00	32577.89
4888039	16.00	21414.88
1427296	46.00	89189.86
1427296	46.00	60552.10
1578944	22.00	25874.64
1578944	3.00	4690.59
1590469	11.00	20424.47
1603585	31.00	58215.21
1603585	38.00	52343.10
1620672	37.00	53743.24
1620672	30.00	37209.90
1760066	32.00	61244.48
1925447	20.00	22281.00
3368833	41.00	76786.85
3568032	13.00	16981.25
3583204	27.00	34974.72
3583204	45.00	78648.75
3588422	35.00	59559.15
3951331	10.00	12241.40
74055	35.00	58927.40
164711	15.00	16652.70
164711	34.00	59764.52
240325	10.00	11381.60
337861	26.00	30344.08
4968294	38.00	53782.92
5080485	9.00	15873.57
5104326	13.00	17256.46
5104326	10.00	11590.90
5489316	35.00	37522.80
4324037	16.00	23944.32
454791	13.00	25011.61
1037540	47.00	70292.73
1074979	14.00	19171.32
1074979	1.00	1969.90
1718016	23.00	31910.89
1718016	40.00	58778.00
1732771	1.00	929.00
1737250	47.00	55941.28
1763205	10.00	15416.20
1950947	36.00	55028.16
1953381	22.00	33517.44
2103202	8.00	9656.88
5748323	3.00	3630.54
5748323	16.00	23414.88
5748323	6.00	12101.64
5982466	23.00	35615.50
4829253	50.00	86188.50
4960614	8.00	12492.96
2014848	9.00	16711.56
2290245	1.00	1628.59
2438016	26.00	35136.92
2632326	50.00	64009.50
1252005	23.00	35180.34
1357410	47.00	94419.24
1357410	12.00	13801.92
1358113	44.00	81218.28
1358113	20.00	25667.00
1374019	39.00	38884.95
1374019	13.00	20586.41
1374019	33.00	46016.19
1597121	30.00	49670.70
1597121	48.00	56694.72
1733158	47.00	93623.06
1733158	33.00	34883.64
360067	45.00	87704.55
441696	27.00	27704.70
441696	23.00	36535.73
656674	27.00	51839.46
656674	22.00	41576.04
709665	40.00	43647.60
801249	49.00	96722.08
5323937	14.00	26458.74
5323937	31.00	56011.42
5392004	8.00	13404.80
5805349	11.00	18101.38
5811008	22.00	33449.90
1795040	9.00	13864.05
1876550	24.00	43578.48
1933572	18.00	28289.16
1982691	38.00	49148.44
2096544	20.00	30009.20
2096544	13.00	22746.62
2096544	23.00	45146.24
2261507	18.00	27351.00
2261507	3.00	3003.06
2268992	8.00	8969.20
2268992	42.00	75594.12
2369446	11.00	10758.11
2541543	3.00	4762.65
2541543	19.00	21093.23
2541543	10.00	18368.80
2581345	22.00	22948.64
2581345	21.00	35271.60
2736865	49.00	89959.10
2736865	9.00	13216.32
2826500	33.00	54340.44
2842599	41.00	39813.46
2891394	42.00	42546.42
983748	35.00	44632.00
983748	3.00	3952.08
1131267	40.00	50128.00
1267014	25.00	37037.00
1441313	18.00	28362.06
361671	49.00	74991.56
361671	45.00	70808.40
361671	29.00	32862.22
361671	31.00	40901.40
2463009	2.00	2310.24
2602208	50.00	91593.50
2814946	16.00	21428.64
1674405	30.00	38951.10
1819008	44.00	61574.92
1819008	4.00	7383.28
1843907	39.00	46537.92
1876263	40.00	45326.00
1876263	22.00	24289.32
2096611	45.00	53561.25
2106343	47.00	59938.16
2872675	1.00	1100.08
3193248	21.00	36682.59
3318789	15.00	26335.50
3480546	17.00	30818.45
3545637	15.00	27581.55
3545637	31.00	52785.25
3079554	40.00	65021.60
3079554	28.00	32734.24
3154945	40.00	64301.60
3433858	9.00	11379.06
3540450	3.00	4158.90
3431909	36.00	71133.48
3727234	32.00	31840.96
3938022	27.00	36295.29
3952544	24.00	45980.40
4328998	38.00	53367.58
3330400	32.00	50610.24
3568032	21.00	21568.68
3588422	40.00	69071.60
3909318	17.00	27788.54
3916288	8.00	12500.80
3916288	7.00	10839.99
4065153	22.00	23213.08
4065153	46.00	88914.78
4114983	5.00	8548.05
5489316	12.00	11952.24
5496967	29.00	50421.43
5779717	50.00	84988.50
5779717	19.00	36344.34
5803201	30.00	54867.00
5803201	44.00	51447.44
5987111	4.00	5297.08
106243	14.00	23515.38
360067	40.00	70070.40
2264739	42.00	65291.94
2264739	33.00	61472.07
2264739	3.00	5921.91
2592801	37.00	47814.73
2592801	37.00	43927.14
4641314	49.00	81566.87
4641314	12.00	20911.80
4958979	12.00	22894.56
4958979	15.00	26922.00
4960614	29.00	28305.74
5003462	4.00	5841.56
2708037	1.00	1585.49
2708037	1.00	1704.69
2809669	20.00	33614.00
2809669	45.00	54950.40
2809669	24.00	25296.24
675940	18.00	34613.46
709665	45.00	86076.45
846112	12.00	14905.80
1050688	43.00	52211.89
1131267	35.00	57734.60
290182	28.00	33042.80
290182	11.00	20425.90
3271333	13.00	19051.37
3271333	1.00	1569.60
3421092	36.00	41765.76
3421092	38.00	64249.64
3421092	42.00	38934.84
3562055	3.00	2871.06
3562055	19.00	19893.95
3696386	35.00	69474.30
3696386	1.00	1688.68
1616512	42.00	65333.10
1616512	25.00	41343.50
1674405	41.00	43589.15
1674405	15.00	26998.05
1819008	48.00	80289.12
1843907	6.00	10678.62
1843907	24.00	34164.24
1921698	49.00	64159.62
1468323	47.00	77160.37
1546274	34.00	58604.78
2620641	38.00	50137.58
2773829	36.00	58020.84
2916672	22.00	26314.64
2916672	9.00	15476.67
1737250	25.00	34258.50
1737250	48.00	81967.20
1876000	22.00	39310.04
2103202	13.00	24307.27
2332928	47.00	57018.05
3312867	32.00	39524.48
3312867	30.00	39758.40
5003109	40.00	78836.40
5237730	16.00	17297.44
5388740	35.00	63554.40
5388740	14.00	20250.02
5388740	42.00	65585.10
5388740	25.00	42443.00
4562949	42.00	61507.32
4562949	38.00	43514.56
4603875	9.00	9675.36
4603875	15.00	17207.70
4937380	32.00	43148.80
4937380	20.00	28987.00
4976422	3.00	5588.76
4976422	28.00	52412.64
5027840	23.00	45169.24
5027840	23.00	24910.38
5027840	34.00	47204.58
5096387	35.00	47122.25
5121954	28.00	50253.28
2369446	36.00	68537.52
2415204	27.00	34002.18
2415204	7.00	9199.82
2415204	40.00	68228.40
2541543	11.00	13664.31
2541543	29.00	36403.70
2719043	50.00	65411.50
3640352	13.00	20885.41
3934949	45.00	62616.60
4060806	45.00	84503.25
4535970	28.00	40194.56
2773829	8.00	9825.44
2958117	27.00	48108.87
2958117	4.00	4564.44
3036614	41.00	65788.19
3255588	48.00	55974.24
1275745	31.00	34849.58
1275745	12.00	12828.00
1365316	30.00	56426.70
1519395	28.00	44677.92
1519395	11.00	20171.58
1522214	42.00	54067.44
1522214	26.00	44451.94
1649920	2.00	2898.90
1649920	25.00	49374.25
1853315	6.00	10877.16
1859778	46.00	64971.32
1859778	48.00	57606.24
1883718	50.00	60913.50
1883718	6.00	10420.38
5199234	23.00	34256.89
5206016	38.00	55538.90
5206016	24.00	42475.92
5206016	37.00	64520.23
5207073	12.00	22125.48
5359271	28.00	34501.04
5621349	39.00	65271.57
5637637	44.00	45324.40
5637637	25.00	32932.00
5637637	35.00	46000.85
5791200	6.00	6690.54
3318785	4.00	6222.56
5976837	16.00	27706.88
5976837	41.00	68208.01
3640352	34.00	65752.26
608132	12.00	14042.28
608132	32.00	48465.28
869574	4.00	4564.60
869574	6.00	10696.20
869574	8.00	14022.48
3986496	21.00	27664.56
3986496	30.00	36036.00
3994567	23.00	25096.68
4084932	9.00	15414.39
4084932	16.00	26715.20
4192001	50.00	88192.00
4192001	40.00	59580.40
4208006	15.00	18634.35
4314274	6.00	6978.48
5573184	31.00	36241.79
5630020	11.00	19214.36
5630020	27.00	52025.22
5630020	37.00	60371.79
5862787	25.00	27725.25
5862787	24.00	32839.20
4702695	35.00	57703.45
2943521	21.00	30479.19
3241061	9.00	11261.25
954660	38.00	53711.86
954660	28.00	35344.12
3933538	35.00	40467.35
3933538	34.00	42134.50
2035073	14.00	23920.68
2035073	37.00	57926.83
2035073	40.00	41283.60
2205862	23.00	35456.34
2205862	20.00	29029.20
2392480	10.00	10650.60
4953319	24.00	30560.40
4953319	7.00	11029.27
4953319	25.00	43343.25
4953319	41.00	48063.07
4953319	12.00	12816.00
5262498	19.00	18602.33
5262498	33.00	56684.76
1543201	23.00	36607.72
1543201	11.00	18246.25
1543201	8.00	11026.96
1576097	5.00	8112.75
1646340	50.00	78874.00
1650627	43.00	67964.51
1783749	49.00	75925.50
1783749	24.00	46631.52
4085285	45.00	49508.10
4144037	4.00	6178.36
4144037	12.00	11748.12
2249606	25.00	35685.50
2342115	48.00	75006.72
491620	48.00	53191.68
4324961	19.00	24629.70
4794213	12.00	20924.64
4862951	29.00	41364.73
4966627	21.00	31259.34
4970980	36.00	55101.60
4970980	24.00	29811.60
4970980	46.00	57880.88
5060293	10.00	14164.40
5060293	10.00	17468.40
5926656	43.00	57078.20
31653	6.00	8498.28
3583204	29.00	45371.08
3583204	17.00	33182.98
3951331	18.00	20305.62
3951331	27.00	44081.01
4743364	49.00	76764.87
4791744	40.00	77637.20
4888039	50.00	55306.00
4888039	42.00	75043.50
4942119	42.00	52843.98
4968294	39.00	59573.28
5080485	45.00	83060.55
724805	21.00	36932.49
977125	35.00	41904.45
983748	21.00	29913.24
5534435	46.00	48028.60
5600390	12.00	19266.72
5600390	16.00	22471.52
4378720	39.00	47240.31
4378720	47.00	45261.47
4395841	44.00	84387.60
4395841	32.00	33664.00
4395841	43.00	48679.87
24322	4.00	7027.36
36422	27.00	31484.97
36422	42.00	76135.92
68579	30.00	32612.40
68579	37.00	71108.82
68579	22.00	43711.58
306439	18.00	25638.48
5293862	44.00	66201.08
5323937	9.00	13035.78
5347076	41.00	59756.27
5392004	30.00	54294.90
5392004	36.00	61803.72
5392004	10.00	17457.30
5407235	24.00	34256.64
1302596	28.00	44171.12
1664676	23.00	25349.22
1664676	42.00	44568.72
1664676	18.00	34234.38
1857794	26.00	44502.12
1857794	3.00	6068.88
1857794	26.00	53402.96
1857794	22.00	37944.28
1876263	21.00	38677.17
1876263	18.00	33874.56
1895491	30.00	55646.40
1959365	37.00	57001.46
2121571	40.00	47167.20
2121571	39.00	62305.62
2264739	44.00	58046.56
2264739	4.00	6258.04
2264739	27.00	30163.86
2408480	40.00	46723.20
2592801	29.00	45021.34
1127620	48.00	56122.08
5739076	15.00	21217.20
5805349	14.00	22099.84
5961251	48.00	81150.72
146884	7.00	9326.59
146884	46.00	46047.38
146884	4.00	8127.96
146884	46.00	80122.80
1953926	20.00	25206.20
1953926	1.00	1618.53
1953926	1.00	989.06
2081381	39.00	50710.92
2081381	12.00	11868.84
2322629	39.00	72492.03
2395876	4.00	5585.64
2403396	16.00	26667.84
2565058	22.00	33343.20
2813698	22.00	23673.10
2813698	31.00	34288.79
2813698	46.00	78688.98
5749952	39.00	62577.06
5917185	2.00	2152.26
5917185	14.00	19451.88
2755046	27.00	34700.40
2755046	32.00	60956.80
2942627	35.00	32445.00
2942627	7.00	12262.88
2983938	7.00	7414.05
4381216	41.00	76498.62
4381216	36.00	46957.32
4391456	35.00	47330.15
4391456	7.00	14055.86
4455394	36.00	56755.80
4650021	22.00	37016.98
4734019	12.00	18053.76
4734019	32.00	63069.44
4734019	19.00	27994.60
4810978	36.00	64035.72
3421092	5.00	8839.25
3421092	21.00	30503.34
3696386	27.00	35000.64
290182	14.00	16172.52
290182	18.00	21314.52
290182	22.00	44417.12
410595	3.00	4813.86
760615	22.00	34619.20
760615	18.00	23928.66
608132	21.00	35629.86
608132	31.00	31961.62
5112389	30.00	54923.40
5235045	35.00	36085.70
1176518	8.00	8616.88
1176518	46.00	48122.44
5789540	37.00	63002.49
5794178	26.00	48069.06
5794178	28.00	32934.72
5794178	12.00	15315.48
5876613	19.00	34822.44
5876613	12.00	19242.84
112964	10.00	18237.50
164711	33.00	62728.71
193030	29.00	43163.31
193030	24.00	39324.96
240325	25.00	36362.25
3252322	16.00	32111.68
3754946	28.00	39433.80
3754946	43.00	79711.25
3772225	36.00	60326.64
3772225	12.00	20936.28
3772225	26.00	42501.42
3864070	1.00	1347.27
3864070	29.00	41189.28
1718016	3.00	3147.06
1732771	34.00	33797.02
1737250	20.00	26167.40
454791	40.00	51771.60
828801	6.00	11465.94
828801	9.00	13648.05
828801	12.00	24179.88
888615	50.00	68970.00
1160903	24.00	36300.72
1275745	26.00	41119.00
1275745	45.00	80675.10
656674	46.00	50977.20
656674	6.00	7651.14
656674	49.00	85595.16
656674	20.00	29707.80
801249	27.00	41216.85
827042	21.00	32959.29
827042	39.00	62771.67
827042	10.00	10551.20
983748	1.00	1557.61
983748	27.00	35650.26
1050688	30.00	46367.10
1050688	10.00	17327.20
1131267	4.00	7363.40
2369446	9.00	10297.98
2369446	19.00	19646.95
2369446	7.00	11218.76
2369446	47.00	68354.45
2415204	49.00	73768.52
2415204	5.00	6932.10
2581345	49.00	85447.18
2736865	24.00	32024.16
2736865	13.00	17462.64
995716	14.00	24257.94
1374019	1.00	1630.55
1536067	24.00	26716.80
1163718	24.00	33106.32
1163718	31.00	42856.26
1674405	12.00	12529.08
1519395	23.00	41715.56
1519395	38.00	52678.64
1522214	43.00	60564.21
1649920	42.00	78153.18
1853315	27.00	42002.28
1859778	40.00	78039.20
1883718	14.00	20839.84
1884448	31.00	46763.19
1884448	25.00	37110.50
4259814	37.00	74183.52
4529089	16.00	29820.16
4932935	40.00	69866.80
5101668	28.00	53366.88
5314916	19.00	23906.37
5314916	14.00	12992.00
4687556	6.00	9766.32
4970980	39.00	66169.35
5060293	38.00	62193.08
5060293	39.00	62849.28
5573184	38.00	62652.12
5573184	18.00	31297.68
5650368	47.00	45733.35
1427296	34.00	66771.92
1578944	32.00	55865.60
1578944	36.00	62164.44
1578944	44.00	58802.48
1590469	30.00	34264.20
1591941	10.00	19269.90
1591941	15.00	18647.70
1591941	30.00	50423.10
1603585	35.00	58436.70
1603585	8.00	13533.44
1760066	5.00	7427.65
1775687	1.00	1393.35
774304	43.00	49067.30
5926656	15.00	20166.60
5926656	37.00	47663.77
5926656	11.00	19666.57
5926656	35.00	62013.35
5971713	13.00	16865.81
31653	12.00	16757.76
135943	37.00	72518.52
223687	22.00	33562.32
410660	46.00	82420.04
410660	11.00	17617.16
1597121	44.00	59852.76
1597121	8.00	11483.44
1733158	48.00	65153.76
1876550	31.00	39935.44
1876550	28.00	40415.20
1884806	4.00	7287.00
1933572	47.00	82758.07
1982691	26.00	43515.94
2046658	1.00	1214.15
2096544	31.00	53128.11
2842599	32.00	41127.04
2891394	19.00	34232.30
2916320	27.00	32350.05
3079554	4.00	6594.32
3079554	27.00	31242.24
3433858	30.00	36904.20
3433858	42.00	40952.10
954660	46.00	51851.66
1468323	30.00	30812.10
1546274	45.00	72792.45
1546274	29.00	53559.81
2205862	3.00	3853.11
2379907	17.00	30885.09
2392480	40.00	47208.80
2392480	4.00	5393.04
2392480	10.00	11812.60
2643777	36.00	65368.80
2643777	1.00	1707.68
2671008	25.00	33234.00
714625	46.00	67231.30
724805	36.00	44795.52
724805	22.00	33978.56
724805	10.00	11622.10
977125	50.00	80478.50
977125	38.00	65005.08
977125	21.00	37985.64
3640352	8.00	11835.28
3640352	34.00	45125.82
3804452	31.00	62183.21
1737250	24.00	39183.60
1876000	46.00	41768.00
1876000	14.00	13468.14
1959075	27.00	30784.86
1959075	49.00	72201.50
1975937	11.00	20800.56
1302596	19.00	35661.10
1420035	24.00	30174.48
1574022	21.00	39477.69
1651463	40.00	45969.60
1664676	47.00	57487.11
1664676	7.00	9150.89
1774689	10.00	13824.00
2351813	20.00	24323.60
2561285	5.00	5055.10
2561285	35.00	47960.50
2719043	26.00	40758.90
4702695	24.00	44444.88
4702695	13.00	16449.16
4702695	15.00	19578.45
2488771	50.00	55302.50
2488771	47.00	53819.70
2488771	1.00	1083.05
2602208	34.00	54725.04
2602208	49.00	82009.83
2602208	43.00	65126.94
2720773	18.00	29007.18
2720773	39.00	73709.22
2720773	14.00	21034.44
2720773	1.00	1011.09
2720773	34.00	48803.60
1838375	41.00	61926.81
1857794	34.00	66942.26
1857794	37.00	61186.16
1953926	47.00	79929.61
2081381	34.00	43225.56
2322629	46.00	58568.58
2322629	41.00	60244.58
2395876	3.00	5354.37
2403396	9.00	12909.24
2403396	14.00	17614.38
2403396	5.00	6181.55
3318785	47.00	92114.36
3318785	45.00	75721.95
3330881	15.00	20991.15
3640352	19.00	22270.47
4968129	34.00	50985.04
5101668	7.00	7294.56
5101668	34.00	39174.80
5388740	3.00	3552.45
5406599	8.00	9642.08
2565058	9.00	13792.86
2565058	39.00	59611.11
2630562	45.00	56166.30
2630562	39.00	53913.99
2789703	45.00	61979.85
2806528	44.00	74303.68
2942627	40.00	48925.20
2983938	44.00	50254.60
4324961	17.00	31702.79
1895491	21.00	27600.72
1895491	47.00	80730.02
1895491	32.00	29984.96
1978854	34.00	60442.82
2096611	5.00	7392.00
2096611	27.00	26271.81
2501219	1.00	1856.76
2705092	41.00	63859.96
3012964	12.00	20481.12
1925447	8.00	7496.16
3354726	39.00	70932.03
3419044	19.00	27253.03
5749952	32.00	42411.20
4128289	10.00	17126.90
4164579	4.00	4616.88
4378720	2.00	3767.68
4516484	31.00	45303.09
4516484	19.00	28358.07
4516484	25.00	41441.50
4516484	25.00	46797.00
4569348	43.00	67710.38
2604326	44.00	77825.44
2620641	28.00	35905.80
2773829	7.00	6944.07
2773829	39.00	74248.59
2958117	2.00	2820.70
2958117	14.00	22379.14
2948996	32.00	53271.68
3193248	34.00	53501.38
3193248	23.00	42843.48
3401094	48.00	50209.92
3480546	13.00	13741.39
3211909	4.00	4928.68
3211909	35.00	36754.55
3217060	31.00	45338.43
3217060	24.00	42404.16
3247714	10.00	15414.80
3247714	35.00	48664.00
3394118	1.00	1346.36
3514688	28.00	55409.48
3255588	20.00	33054.00
3918433	18.00	33152.40
3947046	39.00	49700.04
3993184	35.00	55672.40
4059748	17.00	29046.37
4259814	26.00	48874.80
4259814	13.00	22772.23
3545637	46.00	69478.86
3938053	8.00	15439.44
3940897	3.00	3918.75
4099329	42.00	49695.24
4363712	38.00	72421.92
4363712	1.00	1243.25
4625152	22.00	41290.04
4625152	36.00	39714.48
4872388	45.00	79235.10
1894087	23.00	35111.11
2073893	26.00	30423.90
2073893	23.00	31402.36
2248546	36.00	41330.52
290182	50.00	102749.50
290182	22.00	35389.20
322501	17.00	30614.11
410595	29.00	45226.37
2528931	16.00	26424.80
2528931	21.00	23143.26
2528931	40.00	46289.20
2872675	50.00	92088.00
2872675	3.00	3876.99
3217060	42.00	74457.60
3252322	13.00	23396.49
3252322	46.00	64558.70
3499620	34.00	44005.86
3514688	38.00	51088.72
3514688	8.00	14061.76
2589862	30.00	53120.40
2738817	40.00	77477.20
2738817	38.00	39333.80
2738817	37.00	60738.46
4604864	47.00	88404.65
4720422	26.00	41170.74
4794213	37.00	52662.84
4794213	6.00	7988.16
4794213	41.00	52741.17
4794213	11.00	21614.12
5101668	44.00	72010.40
5101668	46.00	91121.40
5279264	20.00	32190.60
3358691	26.00	53403.22
5314916	13.00	15928.25
5348804	33.00	56290.41
5373091	8.00	7528.16
5692003	12.00	14738.76
5715522	5.00	5760.35
90019	6.00	8823.30
90019	17.00	20231.70
3815718	33.00	39145.59
3815718	14.00	19086.76
3815718	44.00	74216.12
3851905	48.00	85671.84
3995111	25.00	30077.75
4216389	4.00	6522.80
3139556	12.00	22187.28
3326466	45.00	65675.70
3326466	20.00	38897.40
3368547	44.00	77694.32
3431909	29.00	35094.06
3504453	25.00	41063.50
3504453	6.00	8918.70
3671879	37.00	42630.66
3692388	15.00	26037.00
5885190	33.00	42086.88
5885190	48.00	92447.52
5980134	12.00	14343.24
210945	27.00	39970.80
430243	23.00	30941.67
449031	41.00	77936.08
681730	7.00	10517.36
849831	44.00	42064.44
854375	47.00	51655.35
854375	3.00	4948.77
854375	16.00	23544.48
854375	9.00	11621.88
4382212	13.00	23085.40
4382212	16.00	18483.36
4584001	42.00	42212.10
4584001	2.00	3207.24
4724485	26.00	38336.48
4764547	31.00	55853.32
4764547	45.00	87254.10
4764547	6.00	7351.26
4839942	3.00	4251.96
3946786	2.00	2818.70
3952544	5.00	8017.70
3994567	19.00	29668.31
3994567	17.00	22973.63
4188902	36.00	48795.48
4188902	21.00	21947.52
4208006	12.00	19435.92
4208006	32.00	38278.08
4254181	35.00	51013.55
4254181	12.00	20240.28
4254181	41.00	70837.75
4314274	49.00	61603.29
4314274	17.00	20727.42
537219	18.00	20540.34
655010	11.00	20403.68
655010	36.00	42273.00
663840	31.00	42014.30
663840	20.00	29088.20
954660	50.00	89791.00
943270	17.00	25456.14
943270	26.00	43593.16
1226497	32.00	49937.60
1469089	42.00	68525.94
5237284	50.00	63063.00
5378496	30.00	54863.70
5466434	18.00	20523.60
5466434	11.00	14665.75
5496389	1.00	1115.13
5496389	45.00	57211.20
4953319	37.00	54704.13
1120898	27.00	52620.57
1186787	4.00	6774.64
1186787	21.00	23900.94
1186787	13.00	25440.09
1769315	37.00	61074.05
1991461	45.00	65810.25
2137510	40.00	74791.60
5636773	32.00	37955.52
5787300	25.00	40691.00
161892	36.00	43134.12
5600390	35.00	52270.05
2396803	48.00	61882.56
2501219	16.00	17856.96
2705092	19.00	36954.05
2705092	17.00	21119.27
2705092	39.00	66132.30
2788581	9.00	16818.93
417280	30.00	31680.00
417280	14.00	22071.42
576263	13.00	16513.90
1876000	21.00	27244.56
1959075	5.00	8658.80
1959075	37.00	49368.36
1959075	24.00	30436.08
9154	40.00	51129.20
36422	37.00	59257.35
36422	14.00	23501.52
36422	9.00	8325.00
36422	27.00	30109.32
68579	18.00	34142.76
68579	23.00	42592.55
3084997	27.00	55780.92
3217060	50.00	47901.50
3247714	44.00	65230.44
3394118	23.00	35040.27
1046082	28.00	29681.68
1046082	39.00	77293.32
1066274	19.00	23734.04
1072832	26.00	37451.96
1218950	47.00	90137.54
2351813	27.00	32920.56
2561285	15.00	25451.40
2678819	12.00	20395.32
2678819	40.00	50246.40
2719043	23.00	30572.98
2719043	12.00	14631.48
2719043	40.00	62700.80
2825158	39.00	59491.77
5076133	41.00	45963.87
5476355	14.00	19437.74
5476355	35.00	49467.95
3772225	46.00	70221.76
3772225	4.00	4408.36
4060806	14.00	18049.36
4060806	33.00	38122.26
4259814	41.00	75597.03
3625088	17.00	23568.29
3631968	38.00	48115.60
3631968	24.00	38726.64
3631968	30.00	57865.80
3742659	29.00	35037.80
3851905	30.00	33991.80
3995111	16.00	21302.40
4072832	33.00	61903.05
4328998	7.00	13719.02
4328998	39.00	73080.15
4328998	47.00	90185.48
4328998	32.00	40134.08
4391456	44.00	86720.92
4391456	8.00	10531.28
4764293	37.00	49145.62
4810978	36.00	55063.08
4810978	23.00	34625.81
5862787	46.00	63263.34
4932935	14.00	23584.82
4932935	45.00	74234.70
4950721	17.00	16575.51
4960323	6.00	8504.82
4960323	13.00	19741.67
5202403	6.00	9363.36
5314916	1.00	1737.64
5314916	12.00	19422.84
5348804	42.00	68110.98
5372992	29.00	32222.48
4216389	12.00	23794.80
4216389	5.00	7432.70
4477568	1.00	1161.23
4477568	19.00	17423.19
4584001	39.00	75461.10
4724485	28.00	30296.28
4724485	11.00	17011.72
4764547	7.00	12072.83
4764547	1.00	1294.23
4764547	45.00	78470.10
5093856	40.00	52692.00
5112389	2.00	2756.82
5414466	43.00	59311.62
360067	37.00	45631.36
441696	18.00	22072.68
450533	28.00	53755.52
724805	9.00	15279.03
801249	11.00	19313.80
801249	23.00	44480.85
801249	10.00	20259.90
801249	36.00	69911.64
827042	30.00	38196.60
5569156	40.00	64064.80
5569156	31.00	58278.76
5569156	21.00	38088.33
5692003	9.00	13107.24
5693440	6.00	9188.82
5693440	5.00	7917.60
5847456	32.00	31296.64
120160	18.00	20414.70
5237284	13.00	17347.20
5241223	43.00	55393.03
5608869	12.00	16156.68
5608869	46.00	56962.26
5789540	21.00	35818.65
5789540	48.00	57992.16
5789540	35.00	68494.30
5794178	37.00	42409.77
5794178	42.00	69285.72
5876613	16.00	32975.36
5876613	50.00	99747.00
5876613	30.00	58588.50
5975365	4.00	7623.36
5975365	48.00	74378.40
74055	34.00	37166.42
74055	8.00	11964.32
74055	50.00	98896.50
74055	42.00	65248.26
88128	37.00	56852.35
164711	38.00	51694.82
164711	38.00	72463.72
1163718	1.00	1910.87
1302596	17.00	20897.08
1302596	17.00	21390.42
1302596	19.00	23392.80
193030	49.00	97067.53
193030	21.00	37205.70
337861	49.00	62442.66
337861	40.00	68588.80
337861	1.00	1377.45
605441	46.00	89648.48
5496389	13.00	18841.55
5496389	14.00	22085.14
5533287	36.00	43349.76
5787300	39.00	38416.95
52263	27.00	54483.84
1876263	31.00	36305.65
1978854	21.00	26150.04
1978854	10.00	19629.30
1978854	28.00	39661.44
828801	24.00	25728.96
888615	46.00	66534.40
888615	40.00	78676.80
1247233	43.00	46400.01
1353314	50.00	59705.00
1353314	14.00	21666.68
1353314	37.00	55670.20
1374019	42.00	71972.46
5650368	50.00	58754.50
5650368	8.00	10514.88
5715522	13.00	24282.31
5715522	6.00	7579.62
5790119	23.00	28894.67
5926656	20.00	41259.80
5971713	9.00	9171.63
31653	33.00	31416.33
135943	37.00	54668.98
223687	28.00	29543.36
223687	47.00	62432.45
760615	45.00	85401.00
760615	29.00	38114.99
1120898	17.00	33234.83
1120898	47.00	56785.40
1166336	2.00	2454.64
2023140	30.00	36547.80
2023140	37.00	51075.91
2177348	31.00	47447.05
3933538	37.00	67073.97
4009575	42.00	43009.26
4150085	47.00	68406.15
4150085	27.00	36404.10
4150085	25.00	35885.50
3318785	4.00	3956.00
3330881	40.00	65749.60
3330881	33.00	47533.20
3330881	45.00	71262.90
3554659	27.00	47431.71
4687556	1.00	1938.87
4687556	13.00	15095.99
2248546	40.00	44928.40
2514754	10.00	12001.70
2589862	32.00	44137.60
2782083	24.00	38703.12
4529089	23.00	40034.72
4529089	36.00	61660.08
4914661	9.00	13262.13
3934949	31.00	42328.64
3934949	14.00	16103.50
3934949	34.00	38489.02
5060293	49.00	72298.03
5060293	31.00	48655.12
5433765	22.00	22111.98
5573184	45.00	90358.20
5573184	26.00	32348.94
2923650	32.00	46829.76
3017056	7.00	7841.47
3253126	5.00	7972.50
4968294	21.00	41410.74
4968294	5.00	6446.00
4970980	3.00	4098.90
4970980	17.00	32639.66
5104326	42.00	48726.72
5129313	28.00	43669.92
5235045	9.00	15296.85
5316935	10.00	12833.70
4303206	28.00	34362.44
4324961	10.00	11771.70
4324961	15.00	16832.85
4520518	36.00	47064.60
4604864	12.00	11604.48
4604864	10.00	19639.30
4604864	5.00	8779.05
4720422	37.00	59779.79
4862951	20.00	25284.80
4862951	50.00	68715.00
410660	8.00	9442.00
681730	30.00	51383.10
681730	22.00	26317.28
681730	3.00	3936.93
714625	42.00	72858.24
714625	48.00	52135.20
835173	46.00	87209.10
161892	38.00	42829.04
189732	20.00	22460.80
233089	21.00	30395.61
233089	49.00	53807.88
235779	18.00	24268.50
235779	11.00	20602.56
615872	5.00	9884.80
1420035	5.00	9549.20
1469089	26.00	27692.60
1469089	11.00	14457.30
1490849	17.00	22801.42
1490849	2.00	2358.48
1490849	50.00	79578.00
890018	33.00	61768.41
978311	12.00	13657.20
1218950	1.00	1339.29
1218950	42.00	83285.58
1376704	13.00	16644.29
1376704	50.00	77123.00
1376704	7.00	7294.21
1376704	7.00	12177.97
1574022	10.00	15716.30
1857794	11.00	11418.88
1953926	20.00	33473.80
1991461	7.00	11021.64
2126688	20.00	23522.40
626305	33.00	43902.87
653063	36.00	38489.40
653063	15.00	20436.15
663840	6.00	7231.08
663840	17.00	23907.44
1876550	5.00	9113.70
1982691	3.00	2943.15
1982691	44.00	75490.80
1768549	33.00	35644.62
1775493	27.00	37730.61
1775493	23.00	25832.22
1775493	41.00	37761.82
1974624	2.00	3751.90
1974624	23.00	36512.96
2403396	20.00	22342.60
2403396	13.00	16525.21
2630562	23.00	43696.32
928997	30.00	58049.40
987201	39.00	75107.76
1071617	11.00	15635.18
1186787	37.00	54706.35
2096544	9.00	12189.78
2096544	9.00	14198.31
2103748	4.00	5758.04
2103748	36.00	59172.12
2463009	44.00	71750.36
2488771	2.00	3269.34
2510146	39.00	45554.73
2510146	24.00	23256.00
2510146	32.00	43016.96
2602208	46.00	46323.84
2242243	28.00	36074.64
2251845	42.00	61087.32
2514754	7.00	12550.16
2588320	8.00	8384.56
2589862	33.00	49777.86
2651266	11.00	20261.23
2651266	15.00	26440.05
2651266	42.00	66429.30
2982693	6.00	10408.80
3012964	31.00	53032.01
3211909	22.00	33054.34
3211909	29.00	49754.43
3211909	43.00	47303.44
3217060	25.00	34410.75
3217060	17.00	18259.02
3252322	19.00	27690.79
3252322	22.00	27173.96
3394118	15.00	24805.50
2720773	50.00	88891.00
2747429	35.00	38710.70
2892036	42.00	49061.46
3193248	21.00	37373.49
3193248	44.00	52191.92
3318789	33.00	34522.62
3318789	39.00	47356.14
3318789	26.00	29069.56
3357730	39.00	63676.08
3357730	23.00	46273.93
1651687	12.00	17356.56
1656517	25.00	32407.75
2923650	45.00	49996.35
2923650	37.00	66293.64
3499620	25.00	45694.75
3514688	40.00	76439.20
3514688	9.00	10847.07
3555492	29.00	46622.72
3947046	45.00	67428.45
3993184	38.00	64737.18
3545637	50.00	72818.00
2254176	14.00	19788.86
2254176	15.00	23888.85
2254176	24.00	27457.20
2351813	8.00	15303.52
2351813	8.00	9322.00
3429057	2.00	4033.90
3631968	20.00	24764.20
4060806	3.00	4549.65
4060806	30.00	51951.60
4060806	24.00	22224.00
4687556	27.00	51700.95
4687556	8.00	11307.76
4099329	25.00	46572.25
4099329	5.00	7176.85
4328998	14.00	21806.12
4391456	10.00	14845.30
4650021	49.00	65186.17
4650021	19.00	35718.29
4650021	34.00	55744.70
2825158	24.00	33202.32
3057349	16.00	18401.60
3057349	27.00	41620.23
3057349	27.00	31081.05
3057349	32.00	49585.60
3330881	14.00	22940.12
2322629	23.00	27626.91
2322629	6.00	6654.78
2395876	2.00	2156.06
2395876	36.00	41403.96
2789703	11.00	14766.62
3995111	13.00	16460.21
3995111	5.00	9794.95
4033763	41.00	48753.51
4216389	47.00	56648.16
4216389	6.00	11381.64
4303745	42.00	59826.90
4303745	39.00	50597.82
4477568	19.00	36649.86
4477568	34.00	61570.26
4584001	24.00	33152.40
4584001	12.00	19796.40
2897441	16.00	21126.08
3036614	26.00	49317.84
3672357	13.00	26194.35
4692995	2.00	3853.72
4692995	38.00	43554.08
4764547	49.00	99957.06
5366593	33.00	59657.73
5573184	1.00	1377.35
5650368	37.00	74144.30
5650368	22.00	30368.58
5715522	3.00	6014.70
5715522	39.00	65198.25
5790119	21.00	28104.09
5790119	30.00	52615.20
5971713	22.00	34661.88
4009575	48.00	80908.32
4150085	39.00	39975.78
4141668	41.00	76416.62
4324961	24.00	34091.04
4383265	15.00	23018.40
4409734	49.00	60088.70
5241223	36.00	66627.00
5378496	25.00	28153.00
5496389	38.00	55611.86
5496389	3.00	3669.93
5533287	35.00	40290.25
5636773	20.00	28006.20
5636773	3.00	5567.34
5636773	26.00	34300.76
5787300	18.00	33944.58
5787300	13.00	24957.79
31653	46.00	75004.84
31653	15.00	24235.35
43879	17.00	32044.32
43879	37.00	55889.24
135943	43.00	76829.82
135943	28.00	51347.80
410660	4.00	6050.36
449031	42.00	49905.66
4535970	38.00	51431.10
233089	3.00	4984.71
233089	42.00	55912.92
235779	30.00	59067.90
235779	30.00	53396.10
235779	13.00	17073.16
235779	29.00	40584.92
309891	42.00	48471.78
835173	13.00	18777.46
835173	26.00	26936.52
943270	17.00	26443.16
943270	43.00	76530.97
943270	24.00	34858.08
977125	28.00	32763.36
4888039	47.00	87931.36
4888039	42.00	70506.24
4970980	11.00	17760.38
5104326	36.00	45370.80
576263	24.00	45764.16
576263	32.00	50192.32
576263	49.00	60377.31
615872	24.00	24000.96
787105	9.00	8244.00
787105	4.00	5701.40
890018	3.00	4267.02
1046082	20.00	22603.20
1046082	24.00	44110.32
4862951	8.00	14509.76
4862951	32.00	56311.04
4932935	5.00	5500.60
4950721	24.00	23568.72
5076133	28.00	46864.16
5202403	12.00	19086.12
5202403	4.00	4404.60
5202403	43.00	59098.34
5202403	20.00	24143.20
5202403	33.00	51627.51
5202403	24.00	26714.88
1420035	49.00	50519.49
1574022	19.00	25693.32
1838375	9.00	11188.62
1953926	13.00	12662.65
5862787	49.00	50768.41
1218950	4.00	7242.84
1376704	32.00	53237.12
2401414	46.00	54243.66
2471840	24.00	42714.48
2480834	9.00	10883.34
2480834	16.00	28780.32
2480834	31.00	37733.20
2520736	6.00	6829.08
2520736	31.00	32612.93
2520736	32.00	55770.56
2559110	44.00	69279.76
2559110	46.00	54060.12
2559110	10.00	14433.80
2580229	24.00	37142.88
2580229	8.00	8120.64
2580229	50.00	67462.50
2659781	30.00	59337.00
1991461	14.00	26275.48
1991461	17.00	31975.30
2403396	36.00	53226.00
1468323	7.00	12585.09
1468323	45.00	79868.25
1546274	34.00	36108.00
1546274	28.00	48037.92
1546274	13.00	26701.35
1546274	19.00	35775.86
1732771	1.00	1832.90
1974624	36.00	59603.04
1974624	6.00	8997.36
2248546	7.00	13151.81
5373091	5.00	6030.70
5569156	40.00	52691.60
5693440	20.00	32631.00
5776643	20.00	27366.60
5776643	10.00	9910.70
5980134	47.00	46767.35
2630562	37.00	64888.38
2630562	47.00	64079.80
2630562	8.00	15871.36
2630562	26.00	30789.20
2806528	13.00	23606.18
2942627	17.00	24419.99
2942627	27.00	52971.84
3012964	11.00	16417.39
3012964	38.00	48686.74
3154370	22.00	21407.32
3154370	25.00	44419.25
3154370	3.00	3552.48
3211909	5.00	5530.25
3211909	8.00	9682.08
3217060	25.00	38211.25
3247714	5.00	6465.95
3261731	49.00	51551.92
2103202	10.00	11220.40
2103202	14.00	19339.32
2369446	2.00	2122.18
2541543	39.00	49497.63
2541543	24.00	36036.72
2514754	40.00	75878.40
2589862	20.00	38079.60
2589862	17.00	19842.91
2923650	1.00	1848.87
3394118	37.00	58299.05
3394118	25.00	50048.75
3394118	4.00	7603.92
3394118	4.00	7246.84
3499620	9.00	14585.76
3514688	3.00	5252.52
2736865	48.00	74333.28
2825158	34.00	36621.74
2842599	48.00	80571.84
2891394	50.00	93697.00
2891394	49.00	66020.64
2840384	19.00	34746.44
2840384	41.00	71123.93
3043008	11.00	17429.61
3118211	4.00	7819.72
3118211	33.00	32637.00
3120674	31.00	50051.98
3378979	33.00	42479.58
537219	2.00	2060.00
537219	50.00	92340.50
3318785	29.00	35705.09
3554659	40.00	79717.60
3640352	28.00	41453.72
3640352	32.00	43147.52
3775236	12.00	14642.52
3872644	34.00	53501.04
3872644	14.00	25940.88
3154945	45.00	74142.00
3429057	32.00	33280.00
3429057	36.00	63208.44
3429057	25.00	40263.25
626305	2.00	2554.68
626305	35.00	66743.60
774304	33.00	57379.41
3918433	7.00	12024.11
3918433	29.00	40031.31
3947046	40.00	52493.60
3947046	30.00	38530.20
3993184	28.00	47477.36
3993184	15.00	22476.00
3795685	39.00	76945.83
3815718	18.00	34124.40
3815718	31.00	54273.56
3995111	34.00	38426.80
4033763	35.00	63659.05
4033763	20.00	25944.00
4072832	39.00	68282.37
4216389	32.00	32448.00
4216389	11.00	19578.13
4303745	32.00	54454.72
4303745	31.00	48534.84
1651687	8.00	15054.40
5101668	21.00	32100.39
4584001	26.00	30423.12
4692995	47.00	46907.41
4692995	1.00	992.03
4625152	49.00	63956.27
4687556	16.00	23527.20
4687556	20.00	28606.80
4909280	32.00	58845.12
5693440	14.00	16619.54
5693440	34.00	49420.02
5747558	36.00	67708.44
5747558	18.00	19693.08
5776643	12.00	21165.72
5980134	21.00	35968.59
5980134	25.00	28103.00
120160	17.00	32637.79
1876000	29.00	57650.84
1944711	37.00	57334.46
2149889	46.00	75058.66
2149889	40.00	56897.20
2254176	12.00	15603.84
2254176	49.00	57486.80
2254176	36.00	60684.84
2254176	16.00	19315.68
2351813	8.00	11067.04
4080259	6.00	11831.58
4405509	11.00	16901.61
4683938	27.00	35029.26
5207685	33.00	35938.98
5207685	2.00	3138.98
5241223	8.00	13276.64
5533287	31.00	52346.91
5533287	7.00	7063.21
5569570	4.00	4664.76
5569570	42.00	63402.36
5589733	2.00	3565.70
5636773	14.00	15484.98
5636773	15.00	27312.60
537219	21.00	33298.44
537219	32.00	64702.08
626305	5.00	7757.25
626305	9.00	13775.22
709287	8.00	15767.68
2678819	46.00	62253.18
2678819	42.00	78369.48
2787527	22.00	41224.48
3057349	33.00	42149.25
235779	17.00	18379.21
256998	30.00	45136.80
309891	22.00	42369.36
5279264	19.00	34366.25
5395138	3.00	5969.88
5395138	2.00	2106.24
5650368	43.00	65297.65
5790119	47.00	79458.20
987201	35.00	63027.30
1071617	30.00	38949.00
1071617	39.00	70891.08
1137926	1.00	1838.78
1470437	8.00	13221.12
1525472	47.00	76309.20
1526534	13.00	19064.89
4773985	35.00	58820.65
5066818	40.00	41882.80
5066818	50.00	66769.00
5133509	28.00	36741.88
5133509	35.00	63199.50
5133509	33.00	53713.77
3448710	50.00	73627.50
3448710	25.00	45847.75
3448710	14.00	26655.02
615872	38.00	37356.28
615872	13.00	21121.23
615872	29.00	28334.45
787105	50.00	53303.00
890018	45.00	80807.40
1656517	13.00	13300.04
1656517	3.00	4519.68
1709703	32.00	60089.28
2149889	39.00	52505.31
3922340	12.00	16960.20
4141668	23.00	36377.95
4141668	22.00	30039.46
4141668	22.00	32461.88
4208674	27.00	35432.37
4208674	10.00	13783.90
4312036	34.00	44959.90
4312036	16.00	24809.44
4324961	20.00	27706.00
4383265	49.00	73869.46
4383265	28.00	47814.48
4383265	14.00	17208.52
1046082	42.00	68400.36
1046082	6.00	10528.80
1202788	23.00	33935.81
1362726	44.00	41624.88
1362726	30.00	51859.80
1362726	47.00	61440.75
1376704	14.00	22646.82
1595332	20.00	23662.80
5971713	21.00	35464.38
5971713	32.00	44783.04
5971713	7.00	10699.99
135943	34.00	58162.10
223687	45.00	79095.15
449031	48.00	59004.96
449031	4.00	7499.40
449031	24.00	27145.20
449031	12.00	20791.92
2665734	26.00	51063.48
2678819	25.00	35733.50
2787527	14.00	25939.06
2787527	42.00	42842.94
5789926	37.00	50072.84
5789926	46.00	48210.30
5793253	49.00	77354.83
5948677	31.00	52502.22
5957250	28.00	31837.40
1974624	30.00	46903.80
1974624	45.00	70447.05
2090534	43.00	51175.16
2090534	32.00	57465.92
2090534	27.00	29486.97
2248546	46.00	57373.50
4409734	25.00	30832.25
4409734	39.00	57623.67
4794213	21.00	33904.92
4950721	35.00	41864.90
4950721	16.00	21299.68
4950721	41.00	80357.54
2941313	25.00	42494.75
2588320	25.00	35008.50
2651266	40.00	55176.40
2916320	30.00	58315.50
4148227	50.00	60261.00
4148227	45.00	61572.60
4148227	47.00	68734.68
4175458	16.00	16192.00
4175458	35.00	64642.90
4175458	50.00	68117.00
4225824	10.00	17197.60
4225824	1.00	1585.68
4341568	45.00	77654.70
4341568	47.00	85671.60
4341568	5.00	8978.70
4370304	33.00	49550.16
4370304	12.00	21080.28
4474501	23.00	23254.61
3955908	21.00	26148.15
4208674	41.00	71989.85
681730	4.00	6038.12
714625	18.00	35441.46
754534	24.00	27914.16
754534	33.00	48492.18
754534	24.00	38054.16
835173	19.00	35354.63
835173	17.00	18498.89
835173	4.00	6955.12
943270	1.00	1276.28
943270	13.00	20364.89
2986913	29.00	37043.44
3154945	48.00	62608.32
3154945	18.00	21675.96
3154945	46.00	55024.74
3154945	24.00	43891.20
3429057	44.00	80685.88
4550145	47.00	79744.90
4600129	43.00	50019.75
4600129	4.00	7791.80
4639746	39.00	50946.09
4639746	28.00	28252.56
4639746	42.00	75715.92
4639746	18.00	19620.18
5008352	47.00	74708.38
4312036	22.00	31973.92
4383265	46.00	76526.52
3768484	37.00	66442.75
4033763	12.00	22293.84
4072832	13.00	24125.14
5237730	48.00	100223.52
5348804	42.00	80597.58
5372992	13.00	23228.53
5372992	27.00	33782.94
5388740	29.00	49117.88
5599520	22.00	39264.72
5599520	4.00	5297.24
670277	34.00	57587.50
1115366	34.00	60885.16
1192231	9.00	15747.84
1192231	15.00	18529.80
4950721	44.00	57517.68
4950721	10.00	18549.30
5476355	43.00	47134.02
5476355	15.00	19969.80
5476355	46.00	79884.98
1420035	18.00	25244.10
1469089	14.00	26052.18
1469089	1.00	1032.03
1490849	32.00	44783.68
1490849	32.00	53267.20
1570976	28.00	38788.68
1570976	3.00	4171.38
1574022	22.00	43955.78
1769315	11.00	19026.48
1769315	21.00	36469.86
1838375	49.00	52629.43
1991461	27.00	29754.81
1991461	8.00	14366.96
1991461	40.00	80517.60
2126688	26.00	27146.86
2137510	4.00	7347.24
2396803	5.00	7117.25
5533287	45.00	68558.40
5569570	14.00	18414.48
5589733	14.00	18665.64
5917185	14.00	20487.32
905633	39.00	49385.70
1071617	27.00	48244.95
1071617	36.00	45985.32
1137926	45.00	77884.20
1137926	6.00	9201.12
1137926	33.00	44792.88
1953441	2.00	3575.70
1978756	45.00	63014.85
1978756	35.00	45893.75
1995872	47.00	43663.00
1995872	43.00	46956.00
2020162	14.00	16859.08
2020162	6.00	7837.50
2081953	26.00	38856.74
2366401	42.00	57810.06
2480834	41.00	66283.88
256998	20.00	35675.20
256998	4.00	4360.32
287366	31.00	63611.69
309891	27.00	35378.37
5760641	1.00	1152.14
5760641	48.00	82692.48
53283	7.00	7560.42
53283	27.00	52999.38
53283	50.00	84336.50
160516	17.00	30851.60
358886	23.00	31610.05
358886	38.00	34960.00
383492	9.00	12017.52
385825	28.00	50956.64
2840384	40.00	72195.20
2840384	36.00	61913.16
3118211	50.00	53503.50
3118211	12.00	11412.36
3120674	46.00	90477.40
1470437	26.00	43673.24
1470437	11.00	18025.04
1526534	30.00	48287.70
1656517	5.00	7217.55
1709703	15.00	14130.30
1709703	14.00	18512.76
1869056	35.00	53741.45
1869056	32.00	38757.12
1869056	6.00	11837.40
1944711	13.00	24646.57
4303745	25.00	42243.25
4303745	50.00	90694.00
4327493	21.00	34136.55
4692995	39.00	42554.07
4692995	23.00	43814.08
4724485	37.00	54367.43
4724485	38.00	52074.44
5776643	19.00	30523.88
5847456	42.00	45781.26
5979142	27.00	34108.02
5979142	36.00	47240.28
120160	48.00	92349.60
120160	21.00	40863.06
5320001	50.00	68215.00
5592773	45.00	50089.50
5003109	31.00	36648.20
5003109	45.00	83826.00
5207685	24.00	47183.04
5207685	21.00	28356.93
5207685	6.00	9513.36
1490087	22.00	43162.90
1490087	14.00	20515.18
1597378	48.00	53523.36
1842406	6.00	7273.20
1842406	40.00	51569.20
1914272	29.00	51324.20
226818	2.00	3573.54
226818	38.00	39067.80
413985	23.00	28571.75
413985	15.00	19037.70
483301	1.00	1759.66
483301	40.00	75953.20
626305	15.00	17702.10
655010	39.00	71205.03
709287	6.00	8667.06
709287	31.00	36619.06
2125318	5.00	8723.85
2129698	41.00	51837.53
2129698	44.00	63598.04
2149889	37.00	47739.99
2222403	38.00	55761.20
2515750	49.00	94126.06
2601378	32.00	56887.36
2787527	36.00	46125.00
2790881	17.00	29558.07
3345830	4.00	8015.96
3345830	2.00	3117.24
413985	40.00	49888.40
859235	23.00	23138.92
859235	2.00	3389.20
921573	43.00	53154.88
952132	50.00	83086.00
1008069	17.00	31888.77
3951590	35.00	39448.50
3951590	27.00	26353.89
4200071	21.00	23921.31
4200071	40.00	49045.60
3448710	44.00	43472.88
3465376	27.00	32377.05
3723172	7.00	14097.58
3723172	48.00	69285.12
3723172	18.00	23800.50
3765443	14.00	15458.80
3765443	19.00	27290.27
3765443	5.00	7107.25
3955908	45.00	72746.55
3955908	35.00	65973.95
1216773	25.00	44367.25
1458755	49.00	87895.71
1490341	16.00	28685.76
4683938	12.00	14738.28
4773985	12.00	13610.40
4784898	23.00	36076.19
4808192	11.00	17529.27
5066818	15.00	24083.40
5090183	20.00	22121.00
5090183	18.00	36466.74
5133509	12.00	23399.76
5180359	34.00	60510.14
5180359	41.00	45637.51
1717063	9.00	14747.49
1717063	17.00	35002.49
1971076	36.00	52723.08
1971076	34.00	42266.76
2195810	16.00	24617.92
2195810	30.00	41798.70
2231556	37.00	63479.05
2292896	19.00	37828.24
4208674	25.00	40292.50
4337954	7.00	6797.28
4550145	34.00	61671.24
5381863	35.00	51989.70
5789926	40.00	62221.60
5789926	35.00	58262.05
5957250	26.00	38334.66
5957250	31.00	42854.71
301350	42.00	82653.90
301350	46.00	59032.26
301350	27.00	33242.67
301350	49.00	80543.26
330404	16.00	31278.72
330404	46.00	62301.02
330404	37.00	59373.90
330404	17.00	22531.63
5008352	46.00	64831.48
5008352	36.00	43278.84
5076133	12.00	12229.20
2662502	7.00	8891.33
2662502	38.00	73452.86
2708259	16.00	24072.64
2754727	27.00	51620.49
512195	46.00	66766.70
670277	19.00	29802.26
726051	8.00	14734.40
1115366	33.00	36896.64
5476355	20.00	39719.60
5476355	24.00	30390.96
5747558	12.00	19243.08
5747558	26.00	33757.88
3038880	3.00	5771.67
3176421	19.00	21150.42
3176421	10.00	16065.50
3628518	14.00	23291.38
3647366	50.00	91990.50
3647366	46.00	86245.86
120160	45.00	55944.00
413985	49.00	81907.42
413985	8.00	9248.88
483301	18.00	20486.70
1490087	36.00	40718.52
1646117	49.00	88390.12
3692615	31.00	42078.47
3692615	50.00	56309.50
3743973	17.00	26596.16
3807267	12.00	19904.16
4148227	35.00	35876.05
4225824	22.00	33427.46
641253	18.00	27261.36
641253	11.00	16021.83
709287	44.00	63552.28
792900	23.00	32092.36
792900	18.00	23370.30
905633	43.00	75798.25
905633	3.00	4474.20
905633	38.00	50931.78
905633	12.00	16431.48
1842406	7.00	8002.61
1842406	19.00	29801.50
1978756	49.00	99076.53
1978756	35.00	53466.00
2020162	33.00	52095.78
2366401	2.00	2410.58
4370304	45.00	59418.00
4370304	5.00	9639.50
4407621	5.00	5215.50
4600129	14.00	21440.30
4639746	4.00	5493.72
4860421	5.00	9714.45
4860421	4.00	5381.64
2559110	40.00	63866.40
2765152	5.00	8734.10
1216773	35.00	50764.00
1526534	2.00	2674.84
1526534	46.00	81411.26
1656517	34.00	58915.54
1656517	28.00	32822.16
1709703	1.00	1810.74
1709703	36.00	40719.96
1709703	13.00	24933.74
5320001	8.00	13773.60
5320001	32.00	52274.24
3120674	27.00	37243.80
3378979	13.00	19674.33
3493479	30.00	51800.10
1869056	19.00	30011.26
1869056	48.00	54097.92
1944711	15.00	26532.30
2129698	46.00	79891.88
2195810	43.00	57545.61
2222403	38.00	52301.68
53283	48.00	80333.76
76292	1.00	1592.53
160516	49.00	80589.32
160516	31.00	44091.92
4080259	25.00	47172.50
4143526	1.00	1460.44
4143526	8.00	11540.16
4143526	22.00	28672.38
4177380	48.00	87593.76
4177380	50.00	55607.50
4200071	34.00	54486.70
2515750	11.00	14335.75
2515750	1.00	1610.65
2601378	48.00	74952.96
2601378	22.00	26005.76
2708259	23.00	40220.10
2790881	44.00	51444.80
2790881	17.00	30256.09
358886	30.00	41530.20
383492	10.00	14865.30
383492	15.00	29548.80
385825	2.00	2961.00
385825	22.00	24333.76
385825	16.00	28716.80
593664	27.00	46053.63
593664	6.00	9116.70
705860	29.00	50279.04
705860	34.00	42949.14
705860	42.00	47341.56
895172	30.00	53153.40
3514688	42.00	60248.58
3947046	27.00	30944.16
3993184	50.00	55758.50
3993184	2.00	1986.06
4059748	8.00	12669.04
4784898	50.00	62811.50
4784898	26.00	39560.82
4784898	10.00	13733.30
410660	40.00	70791.20
410660	4.00	7791.96
724805	15.00	27823.65
3345830	34.00	46419.52
3345830	12.00	13537.80
827042	2.00	2240.40
827042	40.00	79599.60
827042	25.00	51223.75
977125	10.00	18828.10
1163718	43.00	82727.70
3765443	35.00	50837.50
3765443	22.00	33981.42
3765443	36.00	41910.48
4148227	46.00	79386.80
4225824	50.00	55856.00
4341568	16.00	31631.36
4204384	44.00	63999.32
4204384	16.00	17986.56
4363712	50.00	86741.00
4363712	12.00	19952.52
4363712	9.00	14107.50
4625152	2.00	2248.08
1664676	21.00	26593.35
1664676	12.00	22052.76
5279264	21.00	36722.49
5279264	13.00	24750.05
5279264	15.00	15766.80
5395138	50.00	84937.50
5395138	37.00	52594.76
5395138	5.00	9079.15
2081381	5.00	5285.05
2081381	46.00	76526.52
2081381	40.00	39241.20
2322629	19.00	25637.46
2322629	42.00	62388.06
2395876	2.00	2156.16
2541764	20.00	23221.40
5008352	25.00	43594.25
5008352	26.00	41978.04
5592773	25.00	36112.00
1008069	31.00	53002.56
1250848	48.00	51172.80
1303333	9.00	16783.74
1458755	23.00	44478.32
1458755	47.00	54246.93
1490341	4.00	4324.00
1490341	2.00	2484.40
3252322	28.00	33912.76
3166273	20.00	35255.40
3178627	12.00	21742.56
3200098	47.00	79410.73
3251169	25.00	27352.00
3251169	48.00	59049.60
3637924	25.00	28679.50
3637924	50.00	51706.50
5979142	12.00	17440.20
86947	29.00	49694.69
226818	42.00	82232.22
5090183	14.00	22576.12
5329186	38.00	42868.56
5329186	33.00	66162.36
5381317	31.00	36990.75
5479907	29.00	50682.14
358886	44.00	55939.84
413985	4.00	7727.80
641253	28.00	54541.76
641253	39.00	42048.24
709287	25.00	36385.25
709287	10.00	10730.60
709287	50.00	68768.00
792900	15.00	17926.65
3768480	16.00	28924.16
3783492	25.00	45873.25
3783492	25.00	33734.75
3840420	15.00	18587.55
4134594	6.00	7110.66
4134594	19.00	33738.87
4243142	44.00	58625.16
1717063	7.00	7490.70
1717063	50.00	96699.00
1971076	10.00	18418.50
2064615	44.00	46907.52
905633	15.00	26022.15
1216773	47.00	86000.60
1458755	18.00	19712.70
1458755	34.00	43428.20
1526534	4.00	6987.28
4525251	2.00	3847.78
4585188	47.00	62905.74
4660775	22.00	35655.62
4660775	15.00	26426.55
4776288	6.00	7645.32
4776288	10.00	16077.00
400101	49.00	62833.68
449031	46.00	82833.58
681730	48.00	97006.56
729504	31.00	44344.57
729504	8.00	15663.44
729504	47.00	53066.29
754534	22.00	30719.26
754534	6.00	6954.42
5656900	9.00	8433.00
5721506	6.00	11687.16
5721506	38.00	68127.54
5864416	48.00	71492.64
5864416	26.00	45465.42
5880160	41.00	77488.77
5957250	43.00	43646.72
144610	13.00	20105.93
144610	23.00	46068.54
5024647	9.00	9225.27
5081639	34.00	45470.58
5173218	5.00	9879.55
5352838	11.00	19170.14
5363140	10.00	15875.60
5541157	12.00	18498.72
5586403	9.00	14575.95
835173	7.00	7413.14
849831	45.00	85359.60
1097954	28.00	40133.52
1717063	24.00	43578.48
1717063	5.00	7657.65
1783941	35.00	38857.00
1869056	37.00	36927.48
1869056	12.00	21309.48
1971076	37.00	69665.82
1971076	3.00	4128.87
301350	15.00	16156.50
330404	47.00	90330.71
330404	20.00	38857.00
374723	4.00	6522.56
726051	41.00	80356.31
726051	47.00	53771.76
726051	39.00	35646.00
2292896	4.00	5237.56
2292896	18.00	34935.30
2292896	40.00	58380.80
2292896	17.00	31091.30
2387077	8.00	14990.88
2387077	31.00	31930.00
2387077	15.00	24894.30
2455749	22.00	33363.44
2455749	32.00	61535.36
2701478	5.00	7152.35
1115366	26.00	30998.50
1115366	1.00	1695.67
1115366	2.00	2874.76
1119813	19.00	23356.51
1119813	18.00	23099.58
1168417	50.00	60557.50
1168417	30.00	40571.40
2917345	19.00	34121.72
3038880	31.00	56815.25
3176421	12.00	14271.24
1646117	17.00	20997.89
1702149	29.00	54951.52
1702149	4.00	6698.28
1702149	34.00	57824.82
1702149	40.00	62223.60
1717509	38.00	42833.22
1842406	13.00	14587.69
1914272	17.00	27634.35
1967460	12.00	13812.96
2020162	7.00	13278.86
2020162	47.00	65963.56
2081953	13.00	17045.99
3628518	44.00	59151.84
3628518	14.00	18287.78
3647366	15.00	19488.15
3692615	18.00	26775.36
3692615	38.00	45379.60
3743973	33.00	59163.39
3743973	32.00	38697.28
3743973	30.00	37869.30
3807267	16.00	20836.32
3933767	41.00	59713.22
138657	8.00	10915.44
138657	11.00	18763.69
269922	10.00	18689.30
2302246	46.00	78788.34
2366401	43.00	66583.78
2520736	5.00	9639.90
4175458	44.00	68134.88
4402819	13.00	23032.23
4407621	10.00	17968.40
4407621	40.00	54496.80
4413826	37.00	34706.74
4473250	28.00	32960.76
4474501	21.00	31278.03
4474501	40.00	74512.80
4585188	33.00	36865.95
4585188	40.00	75398.00
4600129	16.00	18562.56
2195810	13.00	17398.68
2292896	29.00	33907.09
2292896	36.00	57115.80
2708259	9.00	13827.87
369155	27.00	43592.04
369155	7.00	7805.84
780740	29.00	38374.83
816323	25.00	30503.75
859108	33.00	62166.39
2809985	4.00	7555.36
3119776	38.00	53595.96
3119776	4.00	7491.56
3119776	7.00	10762.99
3378979	11.00	13124.43
4860421	41.00	55853.89
4860421	29.00	28101.00
4860421	6.00	9699.42
5200901	29.00	41774.79
2941313	47.00	75652.61
2941313	33.00	49448.19
2941313	28.00	40557.16
2941313	49.00	59058.23
3038880	11.00	14480.29
3345830	15.00	15736.20
1198339	35.00	70768.60
1229602	30.00	38019.60
1233318	39.00	72733.05
1307012	18.00	22845.06
1307012	47.00	88683.83
1406820	6.00	10095.72
1539911	34.00	54248.36
1539911	10.00	12511.60
3487745	27.00	38000.07
4022886	18.00	21875.40
4022886	4.00	6614.92
4022886	30.00	56547.60
3647366	9.00	13270.14
3723172	20.00	19220.60
3807267	36.00	48901.32
3955908	22.00	30612.12
1693984	24.00	36469.92
1711491	50.00	53750.50
1711491	42.00	69537.30
1711491	23.00	25671.91
1761700	37.00	42591.07
1951169	47.00	93762.18
1951169	43.00	81654.42
4080259	33.00	66757.68
4080259	15.00	13665.00
4428354	40.00	54532.40
4428354	49.00	92013.67
1550053	43.00	77946.53
1669924	44.00	59190.56
76292	26.00	41458.82
76292	4.00	3976.20
76292	13.00	25830.48
76292	37.00	65410.08
385825	47.00	70473.21
593664	8.00	15855.92
639490	8.00	14686.00
639490	47.00	58992.99
639490	31.00	51355.22
2420194	41.00	46131.56
2802948	6.00	10540.44
2802948	8.00	9890.00
4718403	13.00	22407.06
4718403	17.00	25167.99
4718403	37.00	74036.63
4784898	21.00	25790.94
4784898	30.00	47178.00
4906690	26.00	36332.92
1947971	31.00	55889.28
1947971	5.00	8107.75
2064615	38.00	47930.92
2231556	6.00	6228.48
2231556	33.00	39935.94
2387077	28.00	42742.00
2455749	10.00	10861.70
2455749	49.00	53018.49
2455749	23.00	26915.06
2459619	42.00	43640.10
726051	18.00	30451.86
726051	17.00	24878.99
737345	27.00	48835.17
906884	7.00	13705.79
906884	29.00	44992.05
1119813	8.00	13149.60
1119813	41.00	55978.94
1119813	6.00	7862.40
1168417	46.00	64968.56
1248736	25.00	47496.25
1248736	5.00	7527.45
1248736	29.00	34777.38
4585188	18.00	31026.60
4776288	5.00	5830.70
4059748	4.00	4704.76
4163013	4.00	6053.64
4204384	42.00	80763.06
4204384	8.00	9705.36
4287619	11.00	17254.38
4363712	2.00	3479.56
4382212	19.00	38778.62
2799425	21.00	30733.71
2799425	15.00	29548.80
3176421	15.00	19218.30
1423333	16.00	16849.28
1702149	10.00	18457.80
5024647	11.00	12265.99
5081639	28.00	54399.80
5173218	24.00	25922.40
5363140	3.00	3525.51
5363140	18.00	19586.52
5363140	47.00	51983.41
5363140	26.00	35342.84
5541157	41.00	39565.82
4148227	37.00	72112.63
4175458	37.00	48223.95
4473250	42.00	65923.62
4625152	47.00	64358.51
4773763	45.00	76984.20
4773763	7.00	10047.38
4872388	32.00	58298.24
4909280	37.00	71593.15
1914272	40.00	61223.20
1914272	27.00	32458.05
1967460	19.00	32181.63
1978756	25.00	44419.75
1978756	22.00	28143.50
2084997	16.00	17841.92
5586403	2.00	3235.12
2073893	41.00	80846.67
2137510	18.00	30901.86
2396803	27.00	30782.16
2396803	5.00	4955.00
2501219	21.00	24890.67
895172	19.00	21489.76
895172	3.00	3312.42
952132	18.00	34703.10
1008069	48.00	91670.88
1201223	2.00	2142.20
1250848	12.00	22629.60
3071330	17.00	29508.94
3094342	41.00	54957.22
3094342	46.00	87399.08
3094342	48.00	62365.44
3166273	44.00	80339.60
3178627	26.00	30317.82
3200098	2.00	2290.18
3433728	27.00	29269.62
3433728	41.00	43871.23
3433728	31.00	63207.45
5479907	32.00	53650.56
5551104	16.00	19843.52
5721506	20.00	38058.00
5721506	30.00	28200.90
5819459	15.00	16606.20
5864416	30.00	40930.80
5864416	22.00	32812.34
5880160	13.00	24569.09
5880160	26.00	37555.70
5880160	32.00	56761.92
5957250	46.00	49086.14
2705092	7.00	7526.05
2705092	38.00	71702.58
2942945	34.00	33388.34
2942945	31.00	38414.58
2942945	32.00	37156.16
2942945	16.00	23847.20
3261731	42.00	58400.16
3261731	50.00	94239.50
1490341	42.00	73199.28
1490341	12.00	15987.60
1711491	13.00	23943.92
3615653	14.00	20978.72
3637924	48.00	44112.48
3768480	9.00	17297.01
3768480	44.00	70426.84
3783492	4.00	5581.28
3783492	25.00	36463.00
3822630	43.00	84236.57
3822630	50.00	91288.00
3822630	44.00	50823.52
3840420	47.00	47941.41
4134594	11.00	16451.05
4243392	41.00	71370.34
70819	22.00	35720.96
70819	36.00	48106.44
144610	20.00	31511.60
144610	46.00	75194.36
212870	26.00	44063.24
225379	33.00	52492.11
225379	13.00	16552.64
225379	33.00	36598.65
284327	36.00	42596.28
284327	18.00	21765.96
301350	27.00	27514.08
330404	21.00	25937.94
374723	16.00	26088.96
601794	18.00	31658.76
3358691	41.00	54298.76
3358691	48.00	71976.00
3358691	42.00	83704.32
3552485	33.00	54932.46
3918433	47.00	77530.73
2659781	44.00	62981.16
2809985	32.00	43982.40
3119776	22.00	28957.50
3119776	18.00	25659.00
224167	18.00	28469.34
269922	44.00	50250.64
369155	9.00	12342.06
458914	18.00	27568.26
458914	32.00	56278.72
604614	44.00	62275.84
708706	38.00	53367.96
708706	44.00	63426.00
780740	32.00	37831.68
816323	12.00	18389.76
835584	40.00	49613.20
835584	49.00	68422.13
859108	3.00	3204.21
5237284	21.00	22702.89
5247654	27.00	38240.64
5247654	50.00	81678.00
5279264	23.00	25327.14
5466434	15.00	24533.55
5566567	35.00	59561.60
5817441	48.00	72602.88
3268516	47.00	71938.67
3268516	17.00	31244.13
3378979	22.00	26359.52
3487745	28.00	49330.96
3487745	35.00	61839.40
3732196	4.00	4961.20
3732196	7.00	12262.74
3251169	43.00	68051.80
3287780	37.00	60704.79
3287780	18.00	25999.20
3628518	46.00	63500.24
3628518	19.00	35413.15
3743973	31.00	46546.81
3822630	20.00	35734.20
3840420	5.00	6832.15
3840420	2.00	2866.70
916775	26.00	50019.84
916775	3.00	3207.45
975783	8.00	11747.28
975783	2.00	2468.40
975783	8.00	11122.40
1198339	17.00	32517.94
1233318	17.00	24963.65
1406820	48.00	74042.88
1406820	15.00	21891.15
5008352	2.00	2630.54
5008352	43.00	52380.45
3950849	9.00	14278.32
4022886	11.00	21691.89
4080259	45.00	73646.10
4177380	15.00	17281.95
4200071	38.00	62117.46
4200071	19.00	20711.52
4428354	22.00	41732.90
90019	22.00	29333.04
266566	16.00	17008.00
346693	27.00	46056.33
346693	4.00	4340.36
346693	1.00	1736.66
400101	48.00	86586.24
400101	23.00	21919.69
1539911	40.00	57656.00
1693984	43.00	81053.71
1693984	6.00	10852.62
1693984	45.00	73871.55
1711491	17.00	28127.52
4175458	19.00	23125.47
4243142	20.00	36237.20
4370304	39.00	63709.62
4370304	19.00	26266.36
4402819	21.00	40463.85
4407621	17.00	19841.72
4468801	21.00	37669.59
4784898	40.00	78996.80
754534	21.00	24319.47
754534	30.00	32375.10
849831	11.00	12332.21
854375	48.00	67122.72
865540	24.00	48095.04
865540	30.00	39552.30
989346	50.00	70071.50
1072832	31.00	51570.36
1072832	6.00	8636.58
2164326	43.00	86512.13
2164326	12.00	19962.72
2401414	27.00	49567.41
2401414	8.00	9601.12
2420194	6.00	6096.36
2420194	27.00	30083.40
2575524	36.00	67064.04
2575524	4.00	6282.60
5592773	21.00	38761.38
5760641	14.00	15724.80
5760641	4.00	5877.64
5760641	9.00	11846.88
5760641	28.00	42406.00
5760641	20.00	27065.20
5979142	13.00	19102.33
5261861	32.00	33539.84
5418919	47.00	64315.27
5479907	7.00	8247.12
5619718	32.00	44362.88
1226497	27.00	41729.58
1550053	32.00	47244.80
1550053	30.00	31173.00
2802948	4.00	7259.28
2802948	5.00	8088.30
3094342	35.00	66705.10
3166273	2.00	4055.86
3166273	32.00	49520.64
3178627	5.00	5185.50
3178627	49.00	57872.92
3200098	25.00	44092.00
160516	36.00	70124.40
358886	42.00	47757.78
383492	38.00	67896.50
383492	3.00	4411.65
413985	27.00	42026.31
483301	42.00	83452.32
593664	35.00	35809.20
593664	45.00	68741.10
5721506	28.00	34164.48
5721506	13.00	16436.42
5819459	32.00	46735.04
5864416	8.00	13556.96
5880160	1.00	1611.59
5882432	39.00	40251.51
5925216	44.00	78134.32
70819	38.00	46099.32
70819	30.00	53154.60
212870	48.00	81151.68
284327	50.00	91392.50
4585188	5.00	6546.95
4585188	6.00	6703.08
4585188	49.00	71316.56
4860421	12.00	16407.48
4860421	39.00	71439.03
5024647	11.00	12166.11
5024647	44.00	52892.40
5024647	46.00	66031.62
5081639	28.00	31167.64
601794	49.00	62632.29
5200901	37.00	48668.69
5320001	33.00	37029.96
5320001	2.00	2554.72
5320001	3.00	5096.01
5352838	27.00	49001.76
1769315	45.00	75046.05
1769315	8.00	14878.48
1769315	48.00	62177.76
1769315	30.00	45256.80
2396803	29.00	32425.48
2396803	20.00	19280.40
3433728	45.00	47886.30
3498530	18.00	20016.72
3637924	22.00	39725.40
3768480	7.00	8177.47
3783492	46.00	51157.98
3783492	2.00	3465.62
3795685	8.00	9073.68
3795685	42.00	40154.10
3840420	8.00	9513.36
76292	21.00	24508.26
369155	34.00	33526.72
385825	40.00	51574.80
385825	28.00	51205.84
2501219	41.00	63323.27
2501219	50.00	78026.50
2705092	23.00	30849.44
2788581	36.00	74303.64
2942945	19.00	31249.49
2942945	14.00	17966.48
792900	32.00	36582.72
905633	46.00	49549.36
1008069	30.00	32373.60
1008069	33.00	51963.12
1008069	47.00	69774.79
1137926	24.00	40794.72
1216773	11.00	17319.83
1216773	33.00	35079.00
1303333	36.00	65154.24
1303333	46.00	53322.74
4129186	4.00	6975.32
4342725	10.00	10291.20
4405509	6.00	6768.54
4405509	42.00	70631.40
4405509	6.00	7879.56
4405509	27.00	32782.59
4525251	12.00	18882.96
4660775	25.00	34160.00
4660775	38.00	43970.18
593664	8.00	8768.16
639490	34.00	56597.42
639490	36.00	58484.16
705860	13.00	17359.29
816323	19.00	21607.18
895172	29.00	37125.80
895172	22.00	24750.44
952132	17.00	28913.09
952132	8.00	8929.12
952132	18.00	25134.84
3358691	20.00	38098.00
3358691	34.00	59932.48
1458755	34.00	37029.74
1470437	42.00	49819.98
1470437	5.00	6376.05
1470437	21.00	40129.32
1709703	45.00	87704.55
1971076	41.00	58561.94
4776288	15.00	26742.15
5081639	49.00	76569.36
5173218	48.00	61212.48
5173218	30.00	37539.00
1201223	44.00	65406.88
1201223	41.00	74246.49
1229602	40.00	50087.20
1303333	35.00	43058.40
1406820	11.00	15746.39
1490341	15.00	22401.75
3851905	47.00	56551.34
3851905	22.00	24512.18
4204384	38.00	58847.56
1947971	17.00	29831.09
1947971	48.00	72261.60
1951169	6.00	11123.58
1951169	21.00	37709.70
1951169	4.00	4548.44
1951169	5.00	8874.00
2701478	49.00	87645.81
2718208	48.00	93210.24
2718208	2.00	3999.86
2799425	14.00	22884.54
2799425	1.00	1675.66
2890945	34.00	46185.94
3071330	10.00	16125.70
2195810	27.00	44027.55
2222403	50.00	62609.50
2222403	27.00	45836.28
2455749	1.00	1115.12
2455749	37.00	42218.48
2601378	18.00	36629.10
5363140	29.00	46066.21
5586403	47.00	85718.60
5586403	23.00	42682.48
5586403	48.00	59727.36
5789926	8.00	11226.56
3176421	23.00	30713.28
3176421	40.00	75672.40
3200098	6.00	10234.44
3251169	23.00	40752.78
3251169	23.00	30919.13
3287780	23.00	38449.56
3637924	49.00	83919.36
3699171	19.00	38930.05
3743973	38.00	53026.72
3768480	14.00	25801.02
3822630	3.00	5576.34
3840420	26.00	41380.04
4382212	3.00	5045.28
4625152	14.00	24972.64
4839942	8.00	13421.12
4839942	42.00	54483.24
4872388	50.00	68066.00
4872388	9.00	13414.86
4909280	17.00	20677.10
4909280	6.00	7592.10
4909280	40.00	56899.20
4917250	17.00	28878.92
2662502	21.00	31046.40
2695495	18.00	34088.58
2695495	23.00	31242.28
2708259	1.00	1485.42
2708259	9.00	11144.70
2917345	10.00	10860.70
2917345	6.00	9778.32
2941313	36.00	38957.40
2941313	16.00	33039.84
3038880	42.00	60328.38
3038880	43.00	64654.80
3038880	41.00	64144.91
3038880	41.00	65666.42
100064	46.00	63632.26
107683	24.00	23304.00
138657	32.00	39528.32
138657	43.00	59613.48
224167	7.00	12149.97
269922	22.00	41487.16
269922	1.00	1122.05
529350	14.00	16676.52
4243142	37.00	35707.22
4390560	34.00	35057.40
4390560	42.00	44436.42
4402819	15.00	26981.85
5024647	38.00	62193.08
5024647	6.00	6823.20
5081639	25.00	49023.50
5200901	42.00	61549.74
5733250	20.00	31310.20
90019	24.00	26617.44
189732	37.00	45998.40
1307012	34.00	50133.68
1406820	29.00	52283.81
1693984	25.00	41819.00
1761700	24.00	33415.44
5352838	40.00	54211.20
5352838	19.00	20501.19
266566	13.00	22745.84
346693	13.00	16969.55
400101	44.00	58669.16
417280	7.00	9704.80
417280	49.00	51947.35
815364	36.00	46701.00
815364	1.00	1745.79
849312	19.00	34061.30
849831	34.00	45367.56
865540	38.00	65044.60
2401414	31.00	50273.01
2401414	25.00	28305.75
2462560	7.00	7763.77
2462560	43.00	60731.91
2471840	44.00	82320.92
2471840	7.00	11870.11
2575524	15.00	17716.65
2575524	28.00	52384.64
2575524	6.00	7855.86
5237284	22.00	42678.24
5247654	49.00	53909.31
5247654	3.00	5144.10
5466434	45.00	68917.50
3287780	26.00	43955.34
3287780	8.00	8048.80
3287780	28.00	44311.40
3647366	39.00	42751.41
3765443	28.00	48013.00
76292	22.00	39860.26
369155	14.00	27690.74
529350	13.00	24997.05
1072832	1.00	1824.79
1072832	24.00	28564.80
1550053	20.00	29147.60
1550053	14.00	13650.84
1593344	12.00	20564.16
1669924	30.00	35312.40
2802948	22.00	37612.74
2802948	38.00	68888.68
2953057	25.00	30007.25
2953057	27.00	26867.16
3043008	45.00	50356.35
3043008	24.00	36852.72
3094342	37.00	40149.44
3118211	40.00	59338.00
3166273	41.00	44977.41
708706	37.00	74033.67
780740	2.00	3729.74
835584	10.00	14324.50
975783	1.00	1655.58
1192231	29.00	39740.44
1192231	26.00	36958.22
1233318	27.00	40296.42
705860	38.00	48882.44
816323	20.00	23162.00
816323	40.00	53856.40
816323	36.00	64213.20
816323	21.00	34202.28
859108	40.00	73992.00
895172	27.00	34326.45
895172	39.00	63749.79
952132	37.00	54961.28
952132	47.00	83460.25
1775493	39.00	70308.81
2073893	25.00	44944.75
3433728	22.00	41226.02
3674050	16.00	16400.80
3783492	10.00	18727.90
3795685	47.00	48602.70
1229602	47.00	93948.77
1250848	35.00	59141.95
1406820	19.00	32540.35
1539911	35.00	45020.85
1711491	46.00	77498.04
1711491	20.00	29191.00
2425574	25.00	32208.75
2501219	45.00	49999.05
2738817	28.00	51963.24
2788581	2.00	3050.98
2942945	10.00	14524.70
3051136	11.00	13873.97
4243392	28.00	42852.60
4342725	16.00	16529.76
4342725	24.00	38032.08
1947971	47.00	96159.65
1947971	12.00	16709.04
1951169	35.00	41583.50
3358691	46.00	52214.14
3625088	15.00	30119.55
3631968	29.00	47463.14
3631968	24.00	42906.96
4553955	5.00	6541.35
4660775	36.00	35280.00
5066818	8.00	8417.12
2701478	3.00	4378.11
2718208	34.00	57481.08
2718208	9.00	9955.71
3071330	50.00	80576.50
3094342	27.00	32053.59
3851905	8.00	10345.84
3851905	19.00	23584.89
3995111	14.00	27914.74
4163013	41.00	79781.49
4287619	1.00	1519.48
5363140	15.00	22807.20
5789926	26.00	48723.22
5793253	39.00	49694.19
5793253	26.00	41797.60
5948677	28.00	29990.24
224167	11.00	20635.12
269922	2.00	2236.18
458914	23.00	37344.18
458914	44.00	75268.60
4773763	48.00	65297.76
4839942	45.00	52391.70
4839942	8.00	9586.32
708706	33.00	53082.81
708706	33.00	38877.30
780740	3.00	5294.31
780740	21.00	42923.58
916775	36.00	48755.88
916775	15.00	17898.75
975783	10.00	9150.00
975783	9.00	13703.22
576263	36.00	51241.68
576263	25.00	46672.50
576263	6.00	11200.74
849831	27.00	33405.48
849831	5.00	8458.90
989346	42.00	51918.72
1072832	4.00	5176.88
1072832	50.00	57105.00
1953441	48.00	77602.08
1953441	2.00	3599.40
1953441	21.00	28230.72
1953441	31.00	44220.26
1953441	44.00	74041.88
2164326	28.00	31503.92
2164326	39.00	74482.98
1218950	47.00	87174.19
1593344	37.00	63630.01
1768549	6.00	7291.62
1775493	10.00	14174.10
5237284	15.00	27957.75
5466434	3.00	3366.06
5466434	37.00	40149.44
5496389	39.00	75069.54
5573285	39.00	69564.69
5733250	3.00	3537.42
161892	26.00	30084.34
161892	6.00	9182.82
189732	40.00	78598.40
189732	33.00	42547.23
189732	9.00	17774.10
189732	46.00	92870.78
400101	47.00	58248.51
400101	34.00	50300.96
400101	39.00	53135.55
417280	37.00	52035.69
1192231	2.00	2728.68
1192231	19.00	26378.84
1243748	5.00	8719.10
1490087	30.00	50087.40
1597378	48.00	63425.76
1597378	20.00	36097.60
1693984	29.00	42844.60
3118211	26.00	43125.94
3433728	12.00	22042.20
3433728	33.00	47400.87
3674050	9.00	10576.98
3795685	45.00	72751.95
3951590	44.00	46953.28
3951590	6.00	10450.14
4342725	42.00	82274.64
4405509	37.00	48037.10
4405509	6.00	9447.78
4553955	17.00	25167.65
4683938	10.00	11661.10
4773985	47.00	50764.23
4773985	20.00	21122.20
4808192	26.00	47080.54
5180359	12.00	15927.12
5793253	2.00	2222.20
5793253	7.00	10034.22
5948677	7.00	14111.58
138657	44.00	86677.80
224167	18.00	25673.76
458914	20.00	20620.40
2471840	50.00	90690.00
2471840	45.00	79863.75
2575524	50.00	50450.50
2575524	13.00	23071.36
2580229	6.00	8239.86
2840384	26.00	40758.64
2840384	15.00	19609.95
2953057	17.00	30682.96
2953057	10.00	15585.80
3043008	2.00	2630.70
3043008	19.00	23223.70
916775	35.00	65762.20
916775	40.00	66347.20
916775	29.00	27579.00
975783	33.00	39937.59
1115366	19.00	37447.48
1115366	41.00	48715.38
1233318	38.00	65805.36
1490087	45.00	71220.15
1597378	46.00	48673.06
1842406	48.00	58903.20
1953441	7.00	7610.26
1995872	33.00	53020.77
2020162	12.00	20672.40
2081953	33.00	63751.71
2164326	34.00	59183.12
2164326	25.00	33958.75
count(*)
10000
count(*)
1500000
count(*)
1500000
count(*)
24971
count(*)
5
r_regionkey	r_name	r_comment
0	AFRICA	lar deposits. blithely final packages cajole. regular waters are final requests. regular accounts are according to 
1	AMERICA	hs use ironic, even requests. s
2	ASIA	ges. thinly even pinto beans ca
3	EUROPE	ly final courts cajole furiously final excuse
r_regionkey	r_name	r_comment
0	AFRICA	lar deposits. blithely final packages cajole. regular waters are final requests. regular accounts are according to 
1	AMERICA	hs use ironic, even requests. s
2	ASIA	ges. thinly even pinto beans ca
4	MIDDLE EAST	uickly special accounts cajole carefully blithely close requests. carefully final asymptotes haggle furiousl
count(*)
6001215
