l_orderkey	l_partkey	l_quantity	c_name
1763205	12629	10.00	Customer#000000002
3951331	183141	10.00	Customer#000000004
4960614	5975	10.00	Customer#000000004
l_orderkey	l_partkey	l_quantity	c_name
454791	98296	40.00	Customer#000000001
579908	104617	33.00	Customer#000000001
1071617	3374	36.00	Customer#000000002
1071617	36850	27.00	Customer#000000002
1071617	90308	30.00	Customer#000000002
1071617	137384	11.00	Customer#000000002
1374019	111572	13.00	Customer#000000002
1842406	10233	7.00	Customer#000000002
1842406	84138	13.00	Customer#000000002
1842406	105207	6.00	Customer#000000002
1842406	159230	40.00	Customer#000000002
1842406	166502	19.00	Customer#000000002
1842406	177150	48.00	Customer#000000002
3868359	39769	32.00	Customer#000000001
3868359	105649	9.00	Customer#000000001
3986496	14260	32.00	Customer#000000002
3986496	36515	49.00	Customer#000000002
3986496	41797	14.00	Customer#000000002
3986496	57360	21.00	Customer#000000002
3986496	76510	44.00	Customer#000000002
3986496	94207	30.00	Customer#000000002
3986496	128461	28.00	Customer#000000002
4273923	12564	42.00	Customer#000000001
4273923	127174	28.00	Customer#000000001
4808192	118792	26.00	Customer#000000001
4808192	121572	11.00	Customer#000000001
5133509	31696	33.00	Customer#000000001
5133509	60989	12.00	Customer#000000001
5133509	196216	28.00	Customer#000000001
5133509	198707	35.00	Customer#000000001
c_name	n_name
Customer#000000682	MOROCCO
Customer#000006337	RUSSIA
Customer#000006602	CANADA
Customer#000008512	BRAZIL
Customer#000011072	UNITED STATES
Customer#000011704	KENYA
Customer#000012584	IRAQ
Customer#000012886	MOROCCO
Customer#000013502	BRAZIL
Customer#000015136	VIETNAM
Customer#000015724	CANADA
Customer#000016048	IRAN
Customer#000016330	FRANCE
Customer#000016468	JORDAN
Customer#000016768	VIETNAM
Customer#000017260	PERU
Customer#000021679	JORDAN
Customer#000022895	MOROCCO
Customer#000024340	ETHIOPIA
Customer#000024715	JORDAN
Customer#000029122	UNITED STATES
Customer#000034757	KENYA
Customer#000035446	INDONESIA
Customer#000036962	MOZAMBIQUE
Customer#000038275	ALGERIA
Customer#000039293	GERMANY
Customer#000041260	MOROCCO
Customer#000044956	JORDAN
Customer#000044963	BRAZIL
Customer#000045037	MOROCCO
Customer#000045536	INDONESIA
Customer#000048407	UNITED STATES
Customer#000049708	PERU
Customer#000050275	JORDAN
Customer#000050306	CHINA
Customer#000051862	ETHIOPIA
Customer#000052387	BRAZIL
Customer#000053374	CANADA
Customer#000053944	ALGERIA
Customer#000056005	UNITED STATES
Customer#000056929	ALGERIA
Customer#000058534	IRAN
Customer#000058888	GERMANY
Customer#000061042	CANADA
Customer#000061687	UNITED STATES
Customer#000065083	GERMANY
Customer#000066185	JAPAN
Customer#000066727	VIETNAM
Customer#000067678	EGYPT
Customer#000071158	IRAN
Customer#000071158	IRAN
Customer#000071876	ROMANIA
Customer#000077179	PERU
Customer#000083245	JAPAN
Customer#000084484	GERMANY
Customer#000084754	INDONESIA
Customer#000085978	IRAN
Customer#000091702	FRANCE
Customer#000093473	ETHIOPIA
Customer#000094435	IRAQ
Customer#000096454	IRAN
Customer#000096640	ARGENTINA
Customer#000097813	INDONESIA
Customer#000098359	EGYPT
Customer#000100780	UNITED KINGDOM
Customer#000102101	FRANCE
Customer#000103439	CHINA
Customer#000105493	JAPAN
Customer#000106985	KENYA
Customer#000108097	CHINA
Customer#000108931	UNITED STATES
Customer#000109942	KENYA
Customer#000110143	IRAQ
Customer#000112297	UNITED KINGDOM
Customer#000112553	UNITED STATES
Customer#000113377	EGYPT
Customer#000115114	ETHIOPIA
Customer#000115390	MOZAMBIQUE
Customer#000115838	JORDAN
Customer#000115838	JORDAN
Customer#000117857	FRANCE
Customer#000119173	SAUDI ARABIA
Customer#000120395	VIETNAM
Customer#000121192	CANADA
Customer#000121810	KENYA
Customer#000122857	MOZAMBIQUE
Customer#000123043	MOZAMBIQUE
Customer#000123386	ARGENTINA
Customer#000123437	KENYA
Customer#000123998	ROMANIA
Customer#000124907	UNITED STATES
Customer#000127045	BRAZIL
Customer#000128534	INDONESIA
Customer#000130463	IRAN
Customer#000134540	PERU
Customer#000138739	EGYPT
Customer#000138832	EGYPT
Customer#000138914	UNITED STATES
Customer#000139486	CANADA
Customer#000139486	CANADA
Customer#000140458	VIETNAM
Customer#000142547	RUSSIA
Customer#000142615	MOZAMBIQUE
Customer#000143570	ETHIOPIA
Customer#000144766	ARGENTINA
Customer#000148060	CANADA
Customer#000148741	GERMANY
Customer#000148897	ARGENTINA
Customer#000149615	GERMANY
l_orderkey	l_quantity	c_name
94817	19.00	Customer#000149999
94817	28.00	Customer#000149999
94817	36.00	Customer#000149999
215168	5.00	Customer#000149999
215168	17.00	Customer#000149999
215168	43.00	Customer#000149999
215168	44.00	Customer#000149999
261319	8.00	Customer#000149999
261319	30.00	Customer#000149999
261319	41.00	Customer#000149999
261319	42.00	Customer#000149999
454791	40.00	Customer#000000001
579908	33.00	Customer#000000001
1070880	5.00	Customer#000149999
1070880	18.00	Customer#000149999
1070880	19.00	Customer#000149999
1070880	23.00	Customer#000149999
1070880	31.00	Customer#000149999
2009601	3.00	Customer#000149999
2009601	28.00	Customer#000149999
2009601	37.00	Customer#000149999
2009601	38.00	Customer#000149999
2009601	46.00	Customer#000149999
2009601	50.00	Customer#000149999
2097955	24.00	Customer#000149999
2097955	29.00	Customer#000149999
2097955	33.00	Customer#000149999
2097955	36.00	Customer#000149999
2097955	46.00	Customer#000149999
2488608	44.00	Customer#000149999
2502080	17.00	Customer#000149999
2502080	26.00	Customer#000149999
2502080	28.00	Customer#000149999
2502080	32.00	Customer#000149999
2502080	40.00	Customer#000149999
2502080	47.00	Customer#000149999
3273318	24.00	Customer#000149999
3326848	18.00	Customer#000149999
3326848	20.00	Customer#000149999
3326848	37.00	Customer#000149999
3775524	7.00	Customer#000149999
3868359	9.00	Customer#000000001
3868359	32.00	Customer#000000001
4014148	18.00	Customer#000149999
4014148	22.00	Customer#000149999
4014148	35.00	Customer#000149999
4014148	42.00	Customer#000149999
4136421	19.00	Customer#000149999
4136421	44.00	Customer#000149999
4273923	28.00	Customer#000000001
4273923	42.00	Customer#000000001
4561668	5.00	Customer#000149999
4561668	6.00	Customer#000149999
4561668	14.00	Customer#000149999
4561668	18.00	Customer#000149999
4561668	41.00	Customer#000149999
4561668	42.00	Customer#000149999
4561668	49.00	Customer#000149999
4771041	21.00	Customer#000149999
4771041	26.00	Customer#000149999
4771041	39.00	Customer#000149999
4808192	11.00	Customer#000000001
4808192	26.00	Customer#000000001
5133509	12.00	Customer#000000001
5133509	28.00	Customer#000000001
5133509	33.00	Customer#000000001
5133509	35.00	Customer#000000001
5200769	30.00	Customer#000149999
5200769	36.00	Customer#000149999
5200769	49.00	Customer#000149999
5323939	17.00	Customer#000149999
5323939	42.00	Customer#000149999
5373249	27.00	Customer#000149999
5628353	3.00	Customer#000149999
5628353	24.00	Customer#000149999
5832099	4.00	Customer#000149999
5832099	28.00	Customer#000149999
5832099	40.00	Customer#000149999
c_name	o_custkey	p_brand
Customer#000000583	583	Brand#14
Customer#000000796	796	Brand#22
Customer#000000833	833	Brand#34
Customer#000002863	2863	Brand#35
Customer#000003224	3224	Brand#14
Customer#000003689	3689	Brand#51
Customer#000005063	5063	Brand#55
Customer#000006181	6181	Brand#51
Customer#000007894	7894	Brand#32
Customer#000008333	8333	Brand#24
Customer#000009838	9838	Brand#34
Customer#000011029	11029	Brand#44
Customer#000012397	12397	Brand#35
Customer#000013370	13370	Brand#55
Customer#000013456	13456	Brand#24
Customer#000017764	17764	Brand#14
Customer#000018677	18677	Brand#32
Customer#000019808	19808	Brand#53
Customer#000022621	22621	Brand#42
Customer#000024211	24211	Brand#13
Customer#000024380	24380	Brand#51
Customer#000026803	26803	Brand#14
Customer#000027046	27046	Brand#15
Customer#000029404	29404	Brand#44
Customer#000029953	29953	Brand#43
Customer#000031168	31168	Brand#15
Customer#000031781	31781	Brand#31
Customer#000032102	32102	Brand#44
Customer#000032338	32338	Brand#25
Customer#000032452	32452	Brand#13
Customer#000032470	32470	Brand#41
Customer#000034468	34468	Brand#43
Customer#000034765	34765	Brand#23
Customer#000035554	35554	Brand#13
Customer#000036709	36709	Brand#42
Customer#000037039	37039	Brand#24
Customer#000038878	38878	Brand#41
Customer#000039193	39193	Brand#54
Customer#000039379	39379	Brand#22
Customer#000044284	44284	Brand#14
Customer#000046462	46462	Brand#21
Customer#000046699	46699	Brand#55
Customer#000047083	47083	Brand#12
Customer#000047426	47426	Brand#51
Customer#000051839	51839	Brand#35
Customer#000053407	53407	Brand#52
Customer#000053630	53630	Brand#12
Customer#000054059	54059	Brand#43
Customer#000054862	54862	Brand#54
Customer#000057370	57370	Brand#43
Customer#000057883	57883	Brand#15
Customer#000058178	58178	Brand#22
Customer#000058693	58693	Brand#35
Customer#000058694	58694	Brand#52
Customer#000058811	58811	Brand#43
Customer#000061004	61004	Brand#53
Customer#000061036	61036	Brand#51
Customer#000064673	64673	Brand#55
Customer#000066443	66443	Brand#13
Customer#000067159	67159	Brand#34
Customer#000067597	67597	Brand#23
Customer#000067861	67861	Brand#23
Customer#000069127	69127	Brand#25
Customer#000069520	69520	Brand#53
Customer#000072524	72524	Brand#55
Customer#000073424	73424	Brand#45
Customer#000073705	73705	Brand#32
Customer#000074657	74657	Brand#55
Customer#000074698	74698	Brand#51
Customer#000074971	74971	Brand#12
Customer#000075749	75749	Brand#25
Customer#000075931	75931	Brand#31
Customer#000077411	77411	Brand#51
Customer#000080416	80416	Brand#11
Customer#000083935	83935	Brand#32
Customer#000084514	84514	Brand#24
Customer#000085375	85375	Brand#33
Customer#000087025	87025	Brand#35
Customer#000087538	87538	Brand#51
Customer#000087790	87790	Brand#51
Customer#000087980	87980	Brand#24
Customer#000088115	88115	Brand#24
Customer#000089891	89891	Brand#53
Customer#000090761	90761	Brand#45
Customer#000091469	91469	Brand#14
Customer#000093547	93547	Brand#12
Customer#000094285	94285	Brand#25
Customer#000094288	94288	Brand#12
Customer#000095302	95302	Brand#24
Customer#000096217	96217	Brand#15
Customer#000096364	96364	Brand#23
Customer#000096526	96526	Brand#52
Customer#000097135	97135	Brand#22
Customer#000097172	97172	Brand#21
Customer#000098288	98288	Brand#31
Customer#000099577	99577	Brand#43
Customer#000104617	104617	Brand#12
Customer#000104698	104698	Brand#45
Customer#000105029	105029	Brand#33
Customer#000105439	105439	Brand#53
Customer#000105569	105569	Brand#33
Customer#000111259	111259	Brand#41
Customer#000111835	111835	Brand#33
Customer#000111976	111976	Brand#34
Customer#000112064	112064	Brand#42
Customer#000112396	112396	Brand#33
Customer#000112639	112639	Brand#14
Customer#000113630	113630	Brand#14
Customer#000116327	116327	Brand#12
Customer#000116437	116437	Brand#31
Customer#000116617	116617	Brand#34
Customer#000117610	117610	Brand#14
Customer#000118171	118171	Brand#14
Customer#000119113	119113	Brand#55
Customer#000119947	119947	Brand#53
Customer#000121465	121465	Brand#13
Customer#000123466	123466	Brand#41
Customer#000123833	123833	Brand#31
Customer#000123985	123985	Brand#52
Customer#000125692	125692	Brand#54
Customer#000126649	126649	Brand#41
Customer#000126805	126805	Brand#33
Customer#000127552	127552	Brand#35
Customer#000128693	128693	Brand#41
Customer#000128746	128746	Brand#54
Customer#000128927	128927	Brand#24
Customer#000128966	128966	Brand#44
Customer#000129547	129547	Brand#52
Customer#000131413	131413	Brand#52
Customer#000134689	134689	Brand#53
Customer#000135043	135043	Brand#44
Customer#000136106	136106	Brand#53
Customer#000136567	136567	Brand#52
Customer#000136576	136576	Brand#11
Customer#000138019	138019	Brand#13
Customer#000138326	138326	Brand#25
Customer#000138946	138946	Brand#24
Customer#000140086	140086	Brand#14
Customer#000141394	141394	Brand#23
Customer#000144430	144430	Brand#33
Customer#000144788	144788	Brand#55
Customer#000145061	145061	Brand#34
Customer#000145975	145975	Brand#53
Customer#000147325	147325	Brand#42
Customer#000148307	148307	Brand#31
Customer#000148702	148702	Brand#33
Customer#000149389	149389	Brand#34
count(c_custkey)
45
l_orderkey	o_totalprice	c_mktsegment
129605	211535.37	MACHINERY
460038	184188.84	AUTOMOBILE
1345572	78665.21	AUTOMOBILE
1731267	200257.99	AUTOMOBILE
1842307	85529.52	AUTOMOBILE
2170688	61133.11	AUTOMOBILE
2279232	123020.80	MACHINERY
2279232	123020.80	MACHINERY
2600259	244845.60	MACHINERY
2813378	223134.48	AUTOMOBILE
2827360	107407.60	MACHINERY
3191776	40886.81	AUTOMOBILE
3357923	210175.62	AUTOMOBILE
3642374	248813.47	AUTOMOBILE
3642374	248813.47	AUTOMOBILE
3960736	285869.82	AUTOMOBILE
3960736	285869.82	AUTOMOBILE
4109312	56161.55	MACHINERY
4109312	56161.55	MACHINERY
4582115	238925.26	AUTOMOBILE
4582115	238925.26	AUTOMOBILE
4766017	2769.71	AUTOMOBILE
5419234	280550.01	AUTOMOBILE
5419234	280550.01	AUTOMOBILE
5462177	125420.10	AUTOMOBILE
5462177	125420.10	AUTOMOBILE
count(*)
0
l_orderkey	l_partkey	l_quantity	n_name
45955	91650	9.00	VIETNAM
1074721	12761	4.00	UNITED KINGDOM
1074721	33162	11.00	UNITED KINGDOM
1074721	65309	40.00	UNITED KINGDOM
1074721	166134	42.00	UNITED KINGDOM
1708742	9766	6.00	RUSSIA
2904995	64027	23.00	UNITED KINGDOM
2904995	99740	9.00	UNITED KINGDOM
2904995	122387	40.00	UNITED KINGDOM
3270149	15549	22.00	UNITED KINGDOM
3270149	116652	26.00	UNITED KINGDOM
3270149	147523	11.00	UNITED KINGDOM
3270149	160909	48.00	UNITED KINGDOM
3270149	191096	3.00	UNITED KINGDOM
3749760	17878	22.00	RUSSIA
3749760	59370	27.00	RUSSIA
3749760	62827	21.00	RUSSIA
3749760	121007	9.00	RUSSIA
3826406	9041	12.00	VIETNAM
3826406	115405	20.00	VIETNAM
3826406	117482	48.00	VIETNAM
3881252	16793	31.00	VIETNAM
3881252	39284	28.00	VIETNAM
3881252	64196	29.00	VIETNAM
3881252	114688	26.00	VIETNAM
3881252	140679	29.00	VIETNAM
3881252	157234	13.00	VIETNAM
3881252	187025	9.00	VIETNAM
3890081	17544	31.00	VIETNAM
3890081	19315	16.00	VIETNAM
3890081	42499	50.00	VIETNAM
3890081	77553	2.00	VIETNAM
3890081	161495	28.00	VIETNAM
3902724	85285	48.00	RUSSIA
3902724	178842	41.00	RUSSIA
3902724	191432	15.00	RUSSIA
3902724	192912	27.00	RUSSIA
5173985	67765	8.00	RUSSIA
5173985	117482	45.00	RUSSIA
5173985	118971	24.00	RUSSIA
5173985	137657	47.00	RUSSIA
5173985	138340	9.00	RUSSIA
5473027	31086	19.00	VIETNAM
5473027	54934	32.00	VIETNAM
5473027	70396	30.00	VIETNAM
5473027	132415	1.00	VIETNAM
5801955	19391	23.00	RUSSIA
5801955	97376	8.00	RUSSIA
5801955	124545	35.00	RUSSIA
5801955	173828	39.00	RUSSIA
5999872	12727	5.00	UNITED KINGDOM
