
Version     : 4.6.6                             Vendor: MariaDB, Inc.
Release     : 2                             Build Date: Thu 30 Jul 2015 01:40:11 PM CDT

000 Create/Load Uncompressed Tables:  Passed
001 Working Folder Test:              Failed

-----------------------------------------------------------------------------------------------------------

+-------+---------+------+--------------------------+----------+-------+-------+--------+--------+----------+--------+
| runId | version | rel  | buildDtm                 | run_time | maxPP | maxEM | maxDMP | maxImp | maxCntlr | maxAll |
+-------+---------+------+--------------------------+----------+-------+-------+--------+--------+----------+--------+
|    14 | 4.6.6   | 2    | Thu 30 Jul 2015 01:40:11 | 00:19:47 |  13.5 |   6.7 |    0.7 |    3.3 |      1.1 |   21.0 |
+-------+---------+------+--------------------------+----------+-------+-------+--------+--------+----------+--------+

+---------+---------------------+--------+---------+------+----------+------------+------------+-----------+
| Run     | Start               | Run ID | Version | Rel  | Run Time | Max ExeMgr | Avg ExeMgr | Tests Run |
+---------+---------------------+--------+---------+------+----------+------------+------------+-----------+
| Current | 2015-08-04 12:08:13 |     14 | 4.6.6   | 2    | 00:19:47 |        6.7 |    0.68558 |         2 |
+---------+---------------------+--------+---------+------+----------+------------+------------+-----------+


+---------+----------+-------+-------+--------+--------+----------+---------+--------+
| test    | run_time | maxPP | maxEM | maxDMP | maxImp | maxCntlr | maxWrkr | maxAll |
+---------+----------+-------+-------+--------+--------+----------+---------+--------+
| test000 | 00:03:41 |  11.9 |   0.6 |    0.7 |    3.3 |      1.1 |     0.4 |   14.9 |
| test001 | 00:16:06 |  13.5 |   6.7 |    0.7 |    0.2 |      1.1 |     0.4 |   21.0 |
+---------+----------+-------+-------+--------+--------+----------+---------+--------+

-----------------------------------------------------------------------------------------------------------

Working Folder Test scripts that failed:
Compare failed - working_tpch1/misc/rename.negative.sql
Compare failed - working_tpch1/qa_fe_cnxFunctions/extract.sql
Compare failed - working_tpch1/qa_fe_cnxFunctions/REGEXP.SM.sql
Compare failed - working_tpch1/qa_fe_cnxFunctions/ROUND.NM.sql
Compare failed - working_tpch1/qa_fe_cnxFunctions/round.sql
Compare failed - working_tpch1/qa_fe_cnxFunctions/RPAD.SL.sql
Compare failed - working_tpch1/qa_fe_cnxFunctions/RPAD.SM.sql
Compare failed - working_tpch1/qa_fe_postProcessedFunctions/LEFT.SM.sql
Compare failed - working_tpch1/qa_fe_postProcessedFunctions/LENGTH.SS.sql
Compare failed - working_tpch1/qa_fe_postProcessedFunctions/LN.NS.sql
Compare failed - working_tpch1/qa_fe_postProcessedFunctions/SUBSTRING.SM.sql
Compare failed - working_tpch1/qa_fe_postProcessedFunctions/SUBTIME.DL.sql
Compare failed - working_tpch1/qa_fe_postProcessedFunctions/SUBTIME.DM.sql
Compare failed - working_tpch1/qa_fe_postProcessedFunctions/SUM.NC.sql
Compare failed - working_tpch1/qa_fe_postProcessedFunctions/TIMEDIFF.DL.sql
Compare failed - working_tpch1/qa_fe_postProcessedFunctions/TIMEDIFF.DM.sql
Compare failed - working_tpch1/qa_fe_postProcessedFunctions/TIME_TO_SEC.DS.sql

-----------------------------------------------------------------------------------------------------------

Tests completed!
Archive directory ./archive/2015-08-04@12:07:28
