
Version     : 4.6.6                             Vendor: MariaDB, Inc.
Release     : 2                             Build Date: Thu 30 Jul 2015 01:40:11 PM CDT

000 Create/Load Uncompressed Tables:  Failed (Check test000.log for errors)
001 Working Folder Test:              Failed

-----------------------------------------------------------------------------------------------------------





-----------------------------------------------------------------------------------------------------------

test000 validation scripts that failed:
Compare failed - test000/dmlSchemaValidation/tpchValidation.sql
Compare failed - test000/tpchSchemaValidation/datatypetestm1.sql
Compare failed - test000/tpchSchemaValidation/datatypetestm2.sql
Compare failed - test000/tpchSchemaValidation/datatypetestm3.sql
Compare failed - test000/tpchSchemaValidation/datatypetestm.sql
Compare failed - test000/tpchSchemaValidation/dtypes.sql
Compare failed - test000/tpchSchemaValidation/j11.sql
Compare failed - test000/tpchSchemaValidation/j16.sql
Compare failed - test000/tpchSchemaValidation/j1.sql
Compare failed - test000/tpchSchemaValidation/j6.sql
Compare failed - test000/tpchSchemaValidation/sub1.sql
Compare failed - test000/tpchSchemaValidation/sub2.sql
Compare failed - test000/tpchSchemaValidation/sub3.sql
Compare failed - test000/tpchSchemaValidation/sub4.sql
Compare failed - test000/tpchSchemaValidation/sub5.sql
Compare failed - test000/tpchSchemaValidation/table0_char.sql
Compare failed - test000/tpchSchemaValidation/table100_char.sql
Compare failed - test000/tpchSchemaValidation/table10_char.sql
Compare failed - test000/tpchSchemaValidation/table1_char.sql
Compare failed - test000/tpchSchemaValidation/tpchValidation.sql
Compare failed - test000/tpchSchemaValidation/wide.sql

-----------------------------------------------------------------------------------------------------------

Working Folder Test scripts that failed:
Local failed - working_ssb_compareLogOnly/misc/bug5098.sql
Compare failed - working_ssb_compareLogOnly/misc/bug3520.sql
Local failed - working_ssb_compareLogOnly/multijoin_ssb_dim/ssb_dim01.sql
Local failed - working_ssb_compareLogOnly/multijoin_ssb_dim/ssb_dim02.sql
Local failed - working_ssb_compareLogOnly/multijoin_ssb_dim/ssb_dim03.sql
Local failed - working_ssb_compareLogOnly/multijoin_ssb_dim/ssb_dim04.sql
Local failed - working_ssb_compareLogOnly/multijoin_ssb_dim/ssb_dim05.sql
Local failed - working_ssb_compareLogOnly/multijoin_ssb_dim/ssb_dim06.sql
Local failed - working_ssb_compareLogOnly/multijoin_ssb_dim/ssb_dim07.sql
Local failed - working_ssb_compareLogOnly/multijoin_ssb_dim/ssb_dim08.sql
Local failed - working_ssb_compareLogOnly/multijoin_ssb_dim/ssb_dim09.sql
Local failed - working_ssb_compareLogOnly/multijoin_ssb_dim/ssb_dim10.sql
Local failed - working_ssb_compareLogOnly/multijoin_ssb_dim/ssb_dim11.sql
Local failed - working_ssb_compareLogOnly/multijoin_ssb_dim/ssb_dim12.sql
Local failed - working_ssb_compareLogOnly/multijoin_ssb_dim_2colgrp/ssb_dim_2colgrp02.sql
Local failed - working_ssb_compareLogOnly/multijoin_ssb_dim_2colgrp/ssb_dim_2colgrp03.sql
Local failed - working_ssb_compareLogOnly/multijoin_ssb_dim_2colgrp/ssb_dim_2colgrp04.sql
Local failed - working_ssb_compareLogOnly/multijoin_ssb_dim_2colgrp/ssb_dim_2colgrp05.sql
Local failed - working_ssb_compareLogOnly/multijoin_ssb_dim_2colgrp/ssb_dim_2colgrp06.sql
Local failed - working_ssb_compareLogOnly/multijoin_ssb_dim_2colgrp/ssb_dim_2colgrp07.sql
Local failed - working_ssb_compareLogOnly/multijoin_ssb_dim_2colgrp/ssb_dim_2colgrp08.sql
Local failed - working_ssb_compareLogOnly/multijoin_ssb_dim_2colgrp/ssb_dim_2colgrp09.sql
Local failed - working_ssb_compareLogOnly/multijoin_ssb_dim_2colgrp/ssb_dim_2colgrp10.sql
Local failed - working_ssb_compareLogOnly/multijoin_ssb_dim_2colgrp/ssb_dim_2colgrp11.sql
Local failed - working_ssb_compareLogOnly/multijoin_ssb_dim_2colgrp/ssb_dim_2colgrp12.sql
Local failed - working_ssb_compareLogOnly/ssb/q1.1.mod.sql
Local failed - working_ssb_compareLogOnly/ssb/q1.2.mod.sql
Local failed - working_ssb_compareLogOnly/ssb/q1.3.mod.sql
Local failed - working_ssb_compareLogOnly/ssb/q2.1.mod.sql
Local failed - working_ssb_compareLogOnly/ssb/q2.2.mod.sql
Local failed - working_ssb_compareLogOnly/ssb/q2.3.mod.sql
Local failed - working_ssb_compareLogOnly/ssb/q3.1.mod.sql
Local failed - working_ssb_compareLogOnly/ssb/q3.2.mod.sql
Local failed - working_ssb_compareLogOnly/ssb/q3.3.mod.sql
Local failed - working_ssb_compareLogOnly/ssb/q3.4.mod.sql
Local failed - working_ssb_compareLogOnly/ssb/q4.1.mod.sql
Local failed - working_ssb_compareLogOnly/ssb/q4.2.mod.sql
Local failed - working_ssb_compareLogOnly/ssb/q4.3.mod.sql
Local failed - working_ssb_compareLogOnly/ssb_dim_mixed_outer_2colgrp/ssb_dim_mixed_outer_2colgrp10.sql
Local failed - working_ssb_compareLogOnly/ssb_dim_mixed_outer_2colgrp/ssb_dim_mixed_outer_2colgrp11.sql
Local failed - working_ssb_compareLogOnly/ssb_dim_mixed_outer_2colgrp/ssb_dim_mixed_outer_2colgrp12.sql
Local failed - working_ssb_compareLogOnly/ssb_dim_mixed_outer_2colgrp/ssb_dim_mixed_outer_2colgrp2.sql
Local failed - working_ssb_compareLogOnly/ssb_dim_mixed_outer_2colgrp/ssb_dim_mixed_outer_2colgrp3.sql
Local failed - working_ssb_compareLogOnly/ssb_dim_mixed_outer_2colgrp/ssb_dim_mixed_outer_2colgrp4.sql
Local failed - working_ssb_compareLogOnly/ssb_dim_mixed_outer_2colgrp/ssb_dim_mixed_outer_2colgrp5.sql
Local failed - working_ssb_compareLogOnly/ssb_dim_mixed_outer_2colgrp/ssb_dim_mixed_outer_2colgrp6.sql
Local failed - working_ssb_compareLogOnly/ssb_dim_mixed_outer_2colgrp/ssb_dim_mixed_outer_2colgrp7.sql
Local failed - working_ssb_compareLogOnly/ssb_dim_mixed_outer_2colgrp/ssb_dim_mixed_outer_2colgrp8.sql
Local failed - working_ssb_compareLogOnly/ssb_dim_mixed_outer_2colgrp/ssb_dim_mixed_outer_2colgrp9.sql
Local failed - working_ssb_compareLogOnly/sub/bug2907.sql
Local failed - working_ssb_compareLogOnly/sub/bug2909.sql
Local failed - working_ssb_compareLogOnly/sub/bug2922.sql
Local failed - working_ssb_compareLogOnly/sub/bug2924.sql
Local failed - working_ssb_compareLogOnly/sub/complex_semijoin.ssb.sql
Local failed - working_ssb_compareLogOnly/sub/correlated_scalar.ssb.sql
Local failed - working_ssb_compareLogOnly/sub/having_sub.sql
Local failed - working_ssb_compareLogOnly/sub/nested_sub.ssb.sql
Local failed - working_ssb_compareLogOnly/sub/non_distributed_from.sql
Local failed - working_ssb_compareLogOnly/sub/order_limit_sub.sql
Local failed - working_ssb_compareLogOnly/sub/q10.1.sql
Local failed - working_ssb_compareLogOnly/sub/q2.10.1.sql
Local failed - working_ssb_compareLogOnly/sub/q2.10.2.sql
Local failed - working_ssb_compareLogOnly/sub/q2.2.1.sql
Local failed - working_ssb_compareLogOnly/sub/q2.3.1.sql
Local failed - working_ssb_compareLogOnly/sub/q2.3.2.sql
Local failed - working_ssb_compareLogOnly/sub/q2.4.1.sql
Local failed - working_ssb_compareLogOnly/sub/q2.4.2.sql
Local failed - working_ssb_compareLogOnly/sub/q2.5.1.sql
Local failed - working_ssb_compareLogOnly/sub/q2.6.1.sql
Local failed - working_ssb_compareLogOnly/sub/q2.6.2.sql
Local failed - working_ssb_compareLogOnly/sub/q2.7.1.sql
Local failed - working_ssb_compareLogOnly/sub/q2.8.1.sql
Local failed - working_ssb_compareLogOnly/sub/q2.9.1.sql
Local failed - working_ssb_compareLogOnly/sub/q3.2.1.sql
Local failed - working_ssb_compareLogOnly/sub/q3.3.1.sql
Local failed - working_ssb_compareLogOnly/sub/q3.3.2.sql
Local failed - working_ssb_compareLogOnly/sub/q3.4.1.sql
Local failed - working_ssb_compareLogOnly/sub/q3.4.2.sql
Local failed - working_ssb_compareLogOnly/sub/q3.5.1.negative.sql
Local failed - working_ssb_compareLogOnly/sub/q3.6.1.sql
Local failed - working_ssb_compareLogOnly/sub/q3.7.1.sql
Local failed - working_ssb_compareLogOnly/sub/q3.8.1.sql
Local failed - working_ssb_compareLogOnly/sub/q3.9.1.sql
Local failed - working_ssb_compareLogOnly/sub/q4.2.1.sql
Local failed - working_ssb_compareLogOnly/sub/q4.2.2.sql
Local failed - working_ssb_compareLogOnly/sub/q4.3.1.sql
Local failed - working_ssb_compareLogOnly/sub/q4.3.2.sql
Local failed - working_ssb_compareLogOnly/sub/q4.4.1.sql
Local failed - working_ssb_compareLogOnly/sub/q4.4.2.sql
Local failed - working_ssb_compareLogOnly/sub/q4.5.1.sql
Local failed - working_ssb_compareLogOnly/sub/q5.2.1.sql
Local failed - working_ssb_compareLogOnly/sub/q5.2.2.sql
Local failed - working_ssb_compareLogOnly/sub/q5.3.1.negative.sql
Local failed - working_ssb_compareLogOnly/sub/q6.1.1.sql
Local failed - working_ssb_compareLogOnly/sub/q6.1.2.sql
Local failed - working_ssb_compareLogOnly/sub/q6.1.3.sql
Local failed - working_ssb_compareLogOnly/sub/q6.1.sql
Local failed - working_ssb_compareLogOnly/sub/q6.sql
Local failed - working_ssb_compareLogOnly/sub/q7.1.1.sql
Local failed - working_ssb_compareLogOnly/sub/q7.1.2.sql
Local failed - working_ssb_compareLogOnly/sub/q7.1.3.sql
Local failed - working_ssb_compareLogOnly/sub/q7b.sql
Local failed - working_ssb_compareLogOnly/sub/q7.sql
Local failed - working_ssb_compareLogOnly/sub/q8.1.1.sql
Local failed - working_ssb_compareLogOnly/sub/q8.1.2.sql
Local failed - working_ssb_compareLogOnly/sub/q9.1.1.sql
Local failed - working_ssb_compareLogOnly/sub/q9.1.2.sql
Local failed - working_ssb_compareLogOnly/sub/q9.1.3.sql
Local failed - working_ssb_compareLogOnly/sub/simple_scalar.ssb.sql
Local failed - working_ssb_compareLogOnly/sub/standard_from.sql
Local failed - working_ssb_compareLogOnly/sub/wsub01.sql
Local failed - working_tpch1/aggregation/bitop.sql
Local failed - working_tpch1/aggregation/funcAvg_m.sql
Local failed - working_tpch1/aggregation/funcCountCol_m.sql
Local failed - working_tpch1/aggregation/funcCountTable_m.sql
Local failed - working_tpch1/aggregation/funcGroupbyCol10Col_m.sql
Local failed - working_tpch1/aggregation/funcGroupbyCol1Col_m.sql
Local failed - working_tpch1/aggregation/funcGroupbyCol3Col_m.sql
Local failed - working_tpch1/aggregation/funcGroupbyTable10Col_m.sql
Local failed - working_tpch1/aggregation/funcGroupbyTable1Col_m.sql
Local failed - working_tpch1/aggregation/funcGroupbyTable3Col_m.sql
Local failed - working_tpch1/aggregation/funcMax_m.sql
Local failed - working_tpch1/aggregation/funcMin_m.sql
Local failed - working_tpch1/aggregation/funcSum_m.sql
Local failed - working_tpch1/aggregation/group_concat.sql
Local failed - working_tpch1/Bug1625/q0004.sql
Local failed - working_tpch1/Bug1625/q0005.sql
Local failed - working_tpch1/Bug1625/q0006.sql
Local failed - working_tpch1/Bug1625/q0007.sql
Local failed - working_tpch1/distinct/bug4250.sql
Local failed - working_tpch1/distinct/distinctlineitem1.sql
Local failed - working_tpch1/distinct/distinctNation1.sql
Local failed - working_tpch1/distinct/distinctorders.sql
Local failed - working_tpch1/distinct/distinctpart.sql
Local failed - working_tpch1/distinct/distinctregion.sql
Local failed - working_tpch1/distinct/distinctsupplier.sql
Local failed - working_tpch1/distinctAggregation/distinctlineitem1.sql
Local failed - working_tpch1/distinctAggregation/distinctNation1.sql
Local failed - working_tpch1/distinctAggregation/distinctorders.sql
Local failed - working_tpch1/distinctAggregation/distinctpart.sql
Local failed - working_tpch1/dml/dml1.sql
Local failed - working_tpch1/dml/dml2.sql
Local failed - working_tpch1/dml/dml3.sql
Local failed - working_tpch1/dml/stability01.sql
Local failed - working_tpch1/group/q2.3.1.1.1.sql
Local failed - working_tpch1/group/q2.3.1.1.2.sql
Local failed - working_tpch1/group/q2.3.2.1.1.sql
Local failed - working_tpch1/group/q2.3.2.1.2.sql
Local failed - working_tpch1/group/q2.3.2.1.3.sql
Local failed - working_tpch1/group/q2.3.2.1.4.sql
Local failed - working_tpch1/group/q2.3.4.1.sql
Local failed - working_tpch1/group/q2.3.4.2.sql
Local failed - working_tpch1/group/q2.3.4.3.sql
Local failed - working_tpch1/group/q2.3.4.4.sql
Local failed - working_tpch1/group/q2.3.6.sql
Local failed - working_tpch1/group/q4.2.sql
Local failed - working_tpch1/group/q4.3.sql
Local failed - working_tpch1/group/q4.4.sql
Local failed - working_tpch1/group/q4.6.1.sql
Local failed - working_tpch1/group/q4.6.2.sql
Local failed - working_tpch1/group/q4.6.sql
Local failed - working_tpch1/group/q4.8.1.sql
Local failed - working_tpch1/group/q4.8.2.sql
Local failed - working_tpch1/group/q4.8.3.sql
Local failed - working_tpch1/group/q4.8.4.sql
Local failed - working_tpch1/group/q4.8.5.sql
Local failed - working_tpch1/group/q4.8.6.sql
Local failed - working_tpch1/group/q4.8.7.sql
Local failed - working_tpch1/group/q4.8.8.sql
Local failed - working_tpch1/group/q4.8.9.sql
Local failed - working_tpch1/group/q5.1.1.sql
Local failed - working_tpch1/group/q5.1.2.sql
Local failed - working_tpch1/group/q5.1.3.sql
Local failed - working_tpch1/group/q5.2.1.sql
Local failed - working_tpch1/group/q5.2.2.sql
Local failed - working_tpch1/group/q5.2.3.sql
Local failed - working_tpch1/group/q5.2.4.sql
Local failed - working_tpch1/group/q5.2.5.sql
Local failed - working_tpch1/group/q5.3.1.sql
Local failed - working_tpch1/group/q5.4.1.sql
Local failed - working_tpch1/group/q5.4.2.sql
Local failed - working_tpch1/group/q5.4.3.sql
Local failed - working_tpch1/misc/bug2549.sql
Local failed - working_tpch1/misc/bug2584.sql
Local failed - working_tpch1/misc/bug2595.sql
Local failed - working_tpch1/misc/bug2634.sql
Local failed - working_tpch1/misc/bug2657.sql
Local failed - working_tpch1/misc/bug2712.sql
Local failed - working_tpch1/misc/bug2732.sql
Local failed - working_tpch1/misc/bug2788.sql
Local failed - working_tpch1/misc/bug2845.sql
Local failed - working_tpch1/misc/bug2876.sql
Local failed - working_tpch1/misc/bug2892.sql
Local failed - working_tpch1/misc/bug2912.sql
Local failed - working_tpch1/misc/bug2915.sql
Local failed - working_tpch1/misc/bug2919.sql
Local failed - working_tpch1/misc/bug2928.sql
Local failed - working_tpch1/misc/bug2932.sql
Local failed - working_tpch1/misc/bug2938.sql
Local failed - working_tpch1/misc/bug2954.sql
Local failed - working_tpch1/misc/bug2961.sql
Local failed - working_tpch1/misc/bug2976.sql
Local failed - working_tpch1/misc/bug2992.sql
Local failed - working_tpch1/misc/bug3002.sql
Local failed - working_tpch1/misc/bug3003.sql
Local failed - working_tpch1/misc/bug3007.sql
Local failed - working_tpch1/misc/bug3021.sql
Local failed - working_tpch1/misc/bug3067.sql
Local failed - working_tpch1/misc/bug3193.sql
Local failed - working_tpch1/misc/bug3194.sql
Local failed - working_tpch1/misc/bug3229.sql
Local failed - working_tpch1/misc/bug3292.sql
Local failed - working_tpch1/misc/bug3331.sql
Local failed - working_tpch1/misc/bug3344.sql
Local failed - working_tpch1/misc/bug3381.sql
Local failed - working_tpch1/misc/bug3398.sql
Local failed - working_tpch1/misc/bug3414.sql
Local failed - working_tpch1/misc/bug3442.sql
Local failed - working_tpch1/misc/bug3443.sql
Local failed - working_tpch1/misc/bug3458.sql
Local failed - working_tpch1/misc/bug3475.sql
Local failed - working_tpch1/misc/bug3481.sql
Local failed - working_tpch1/misc/bug3482.sql
Local failed - working_tpch1/misc/bug3484.sql
Local failed - working_tpch1/misc/bug3496.sql
Local failed - working_tpch1/misc/bug3518.negative.sql
Local failed - working_tpch1/misc/bug3523.sql
Local failed - working_tpch1/misc/bug3524.sql
Local failed - working_tpch1/misc/bug3532.sql
Local failed - working_tpch1/misc/bug3551.sql
Local failed - working_tpch1/misc/bug3563.sql
Local failed - working_tpch1/misc/bug3669.sql
Local failed - working_tpch1/misc/bug3670.negative.sql
Local failed - working_tpch1/misc/bug3682.sql
Local failed - working_tpch1/misc/bug3708.sql
Local failed - working_tpch1/misc/bug3719.sql
Local failed - working_tpch1/misc/bug3720.sql
Local failed - working_tpch1/misc/bug3728.sql
Local failed - working_tpch1/misc/bug3731.sql
Local failed - working_tpch1/misc/bug3736.sql
Local failed - working_tpch1/misc/bug3749.sql
Local failed - working_tpch1/misc/bug3752.sql
Local failed - working_tpch1/misc/bug3759.sql
Local failed - working_tpch1/misc/bug3761.sql
Local failed - working_tpch1/misc/bug3783.sql
Local failed - working_tpch1/misc/bug3798.sql
Local failed - working_tpch1/misc/bug3803.negative.sql
Local failed - working_tpch1/misc/bug3819.sql
Local failed - working_tpch1/misc/bug3853.sql
Local failed - working_tpch1/misc/bug3881.sql
Local failed - working_tpch1/misc/bug3911.sql
Local failed - working_tpch1/misc/bug3932.sql
Local failed - working_tpch1/misc/bug3935.sql
Local failed - working_tpch1/misc/bug3948.sql
Local failed - working_tpch1/misc/bug3952.sql
Local failed - working_tpch1/misc/bug3961.sql
Local failed - working_tpch1/misc/bug4215.sql
Local failed - working_tpch1/misc/bug4222.sql
Local failed - working_tpch1/misc/bug4346.sql
Local failed - working_tpch1/misc/bug4359.sql
Local failed - working_tpch1/misc/bug4373.sql
Local failed - working_tpch1/misc/bug4386.sql
Local failed - working_tpch1/misc/bug4388.sql
Local failed - working_tpch1/misc/bug4422.sql
Local failed - working_tpch1/misc/bug4457.sql
Local failed - working_tpch1/misc/bug4488.sql
Local failed - working_tpch1/misc/bug4757.sql
Local failed - working_tpch1/misc/bug4767.negative.sql
Local failed - working_tpch1/misc/bug4827.sql
Local failed - working_tpch1/misc/bug5044.sql
Local failed - working_tpch1/misc/bug5083.sql
Local failed - working_tpch1/misc/bug5126.negative.sql
Local failed - working_tpch1/misc/bug5228.sql
Local failed - working_tpch1/misc/bug5229.sql
Local failed - working_tpch1/misc/bug5267.sql
Local failed - working_tpch1/misc/bug5286.sql
Local failed - working_tpch1/misc/bug5311.sql
Local failed - working_tpch1/misc/bug5319.sql
Local failed - working_tpch1/misc/bug5374.sql
Local failed - working_tpch1/misc/CCBillEU.sql
Local failed - working_tpch1/misc/fluffycat.sql
Local failed - working_tpch1/misc/insert_select.sql
Local failed - working_tpch1/misc/mapping.sql
Local failed - working_tpch1/misc/miscbugs.sql
Local failed - working_tpch1/misc/rename.negative.sql
Local failed - working_tpch1/or/bug3570.sql
Local failed - working_tpch1/or/q0001.sql
Local failed - working_tpch1/or/q0002.sql
Local failed - working_tpch1/or/q0003.sql
Local failed - working_tpch1/or/q0004.sql
Local failed - working_tpch1/or/q0005.sql
Local failed - working_tpch1/or/q0006.sql
Local failed - working_tpch1/or/q0007.sql
Local failed - working_tpch1/or/q0008.sql
Local failed - working_tpch1/or/q0009.sql
Local failed - working_tpch1/postprocess/bug_1952.sql
Local failed - working_tpch1/postprocess/bug3680.sql
Local failed - working_tpch1/postprocess/expr.sql
Local failed - working_tpch1/postprocess/func_1.sql
Local failed - working_tpch1/postprocess/func_2.sql
Local failed - working_tpch1/postprocess/func_3.sql
Local failed - working_tpch1/postprocess/func_bug1678.sql
Local failed - working_tpch1/postprocess/func_bug1706.sql
Local failed - working_tpch1/postprocess/func_bug1910.sql
Local failed - working_tpch1/postprocess/func_case.sql
Local failed - working_tpch1/postprocess/limit.sql
Local failed - working_tpch1/postprocess/order_by_agg.sql
Local failed - working_tpch1/postprocess/order_by_alias.sql
Local failed - working_tpch1/postprocess/order_by_expr.sql
Local failed - working_tpch1/postprocess/order_by_func_bug.sql
Local failed - working_tpch1/postprocess/order_by.sql
Local failed - working_tpch1/postprocess/sel_dist_bug1679.sql
Local failed - working_tpch1/postprocess/select_into.sql
Local failed - working_tpch1/qa_fe_cnxExpressions/expAggrFunctions.sql
Local failed - working_tpch1/qa_fe_cnxExpressions/expAndOrTest.sql
Local failed - working_tpch1/qa_fe_cnxExpressions/expBetween.sql
Local failed - working_tpch1/qa_fe_cnxExpressions/expIn.sql
Local failed - working_tpch1/qa_fe_cnxExpressions/expMultiFunctions.sql
Local failed - working_tpch1/qa_fe_cnxExpressions/expSingleFunction.sql
Local failed - working_tpch1/qa_fe_cnxExpressions/expWhereBothSides.sql
Local failed - working_tpch1/qa_fe_cnxExpressions/MATHEXPR10.NM.sql
Local failed - working_tpch1/qa_fe_cnxExpressions/MATHEXPR18.NM.sql
Local failed - working_tpch1/qa_fe_cnxExpressions/MATHEXPR1.NL.sql
Local failed - working_tpch1/qa_fe_cnxExpressions/MATHEXPR2.NL.sql
Local failed - working_tpch1/qa_fe_cnxExpressions/MATHEXPR4.NM.sql
Local failed - working_tpch1/qa_fe_cnxExpressions/MATHEXPR6.NM.sql
Local failed - working_tpch1/qa_fe_cnxExpressions/MATHEXPR7.NM.sql
Local failed - working_tpch1/qa_fe_cnxExpressions/MATHEXPR9.NM.sql
Local failed - working_tpch1/qa_fe_cnxFunctions/ACOS.NS.sql
Local failed - working_tpch1/qa_fe_cnxFunctions/addtime.sql
Local failed - working_tpch1/qa_fe_cnxFunctions/ascii.sql
Local failed - working_tpch1/qa_fe_cnxFunctions/ASIN.NS.sql
Local failed - working_tpch1/qa_fe_cnxFunctions/ATAN.NS.sql
Local failed - working_tpch1/qa_fe_cnxFunctions/BITAND.sql
Local failed - working_tpch1/qa_fe_cnxFunctions/bug2577.sql
Local failed - working_tpch1/qa_fe_cnxFunctions/bug2589.sql
Local failed - working_tpch1/qa_fe_cnxFunctions/bug3333.sql
Local failed - working_tpch1/qa_fe_cnxFunctions/bug3334_ceil.sql
Local failed - working_tpch1/qa_fe_cnxFunctions/bug3334_overflow_error.negative.sql
Local failed - working_tpch1/qa_fe_cnxFunctions/bug3338.sql
Local failed - working_tpch1/qa_fe_cnxFunctions/bug3506.sql
Local failed - working_tpch1/qa_fe_cnxFunctions/bug3584.sql
Local failed - working_tpch1/qa_fe_cnxFunctions/bug3585.sql
Local failed - working_tpch1/qa_fe_cnxFunctions/bug3671.sql
Local failed - working_tpch1/qa_fe_cnxFunctions/bug3788.sql
Local failed - working_tpch1/qa_fe_cnxFunctions/bug3792.negative.sql
Local failed - working_tpch1/qa_fe_cnxFunctions/bug4703.sql
Local failed - working_tpch1/qa_fe_cnxFunctions/CASE1.DM.sql
Local failed - working_tpch1/qa_fe_cnxFunctions/CASE1.SM.sql
Local failed - working_tpch1/qa_fe_cnxFunctions/CASE2.DM.sql
Local failed - working_tpch1/qa_fe_cnxFunctions/CASE2.NM.sql
Local failed - working_tpch1/qa_fe_cnxFunctions/CASE2.SM.sql
Local failed - working_tpch1/qa_fe_cnxFunctions/CAST.DL.sql
Local failed - working_tpch1/qa_fe_cnxFunctions/CAST.DM.sql
Local failed - working_tpch1/qa_fe_cnxFunctions/CAST.NL.sql
Local failed - working_tpch1/qa_fe_cnxFunctions/CAST.NM.sql
Local failed - working_tpch1/qa_fe_cnxFunctions/CAST.SL.sql
Local failed - working_tpch1/qa_fe_cnxFunctions/CAST.SM.sql
Local failed - working_tpch1/qa_fe_cnxFunctions/CAST.sql
Local failed - working_tpch1/qa_fe_cnxFunctions/CEILING.NS.sql
Local failed - working_tpch1/qa_fe_cnxFunctions/CEIL.NS.sql
Local failed - working_tpch1/qa_fe_cnxFunctions/CHARACTER_LENGTH.SS.sql
Local failed - working_tpch1/qa_fe_cnxFunctions/CHAR_LENGTH.SS.sql
Local failed - working_tpch1/qa_fe_cnxFunctions/char.sql
Local failed - working_tpch1/qa_fe_cnxFunctions/coalesce.sql
Local failed - working_tpch1/qa_fe_cnxFunctions/CONCAT.SM.sql
Local failed - working_tpch1/qa_fe_cnxFunctions/concat_ws.sql
Local failed - working_tpch1/qa_fe_cnxFunctions/CONVERT.DL.sql
Local failed - working_tpch1/qa_fe_cnxFunctions/CONVERT.DM.sql
Local failed - working_tpch1/qa_fe_cnxFunctions/CONVERT.NL.sql
Local failed - working_tpch1/qa_fe_cnxFunctions/CONVERT.NM.sql
Local failed - working_tpch1/qa_fe_cnxFunctions/CONVERT.SL.sql
Local failed - working_tpch1/qa_fe_cnxFunctions/CONVERT.SM.sql
Local failed - working_tpch1/qa_fe_cnxFunctions/CONVERT.sql
Local failed - working_tpch1/qa_fe_cnxFunctions/conv.sql
Local failed - working_tpch1/qa_fe_cnxFunctions/crc32.sql
Local failed - working_tpch1/qa_fe_cnxFunctions/DATE_ADD.DM.sql
Local failed - working_tpch1/qa_fe_cnxFunctions/DATE_ADD.DT.sql
Local failed - working_tpch1/qa_fe_cnxFunctions/DATE_ADD.sql
Local failed - working_tpch1/qa_fe_cnxFunctions/DATEDIFF.DL.sql
Local failed - working_tpch1/qa_fe_cnxFunctions/DATEDIFF.DM.sql
Local failed - working_tpch1/qa_fe_cnxFunctions/DATE.DS.sql
Local failed - working_tpch1/qa_fe_cnxFunctions/DATE_FORMAT.DL.sql
Local failed - working_tpch1/qa_fe_cnxFunctions/DATE_FORMAT.DM.sql
Local failed - working_tpch1/qa_fe_cnxFunctions/DATE_SUB.DT.sql
Local failed - working_tpch1/qa_fe_cnxFunctions/DATE_SUB.sql
Local failed - working_tpch1/qa_fe_cnxFunctions/DAY.DS.sql
Local failed - working_tpch1/qa_fe_cnxFunctions/DAYNAME.DS.sql
Local failed - working_tpch1/qa_fe_cnxFunctions/DAYOFMONTH.DS.sql
Local failed - working_tpch1/qa_fe_cnxFunctions/DAYOFWEEK.DS.sql
Local failed - working_tpch1/qa_fe_cnxFunctions/DAYOFYEAR.DS.sql
Local failed - working_tpch1/qa_fe_cnxFunctions/degrees.sql
Local failed - working_tpch1/qa_fe_cnxFunctions/div.sql
Local failed - working_tpch1/qa_fe_cnxFunctions/elt.sql
Local failed - working_tpch1/qa_fe_cnxFunctions/EXTRACT.DM.sql
Local failed - working_tpch1/qa_fe_cnxFunctions/extract.sql
Local failed - working_tpch1/qa_fe_cnxFunctions/find_in_set.sql
Local failed - working_tpch1/qa_fe_cnxFunctions/FLOOR.NS.sql
Local failed - working_tpch1/qa_fe_cnxFunctions/FORMAT.NL.sql
Local failed - working_tpch1/qa_fe_cnxFunctions/FORMAT.NM.sql
Local failed - working_tpch1/qa_fe_cnxFunctions/FORMAT.NS.sql
Local failed - working_tpch1/qa_fe_cnxFunctions/from_days.sql
Local failed - working_tpch1/qa_fe_cnxFunctions/from_unixtime.sql
Local failed - working_tpch1/qa_fe_cnxFunctions/get_format.sql
Local failed - working_tpch1/qa_fe_cnxFunctions/GREATEST.NL.sql
Local failed - working_tpch1/qa_fe_cnxFunctions/GREATEST.SL.sql
Local failed - working_tpch1/qa_fe_cnxFunctions/hex.sql
Local failed - working_tpch1/qa_fe_cnxFunctions/HOUR.DS.sql
Local failed - working_tpch1/qa_fe_cnxFunctions/IF.NM.sql
Local failed - working_tpch1/qa_fe_cnxFunctions/IFNULL.NS.sql
Local failed - working_tpch1/qa_fe_cnxFunctions/IFNULL.SS.sql
Local failed - working_tpch1/qa_fe_cnxFunctions/inet_aton.sql
Local failed - working_tpch1/qa_fe_cnxFunctions/inet_ntoa.sql
Local failed - working_tpch1/qa_fe_cnxFunctions/insert.sql
Local failed - working_tpch1/qa_fe_cnxFunctions/INSTR.SL.sql
Local failed - working_tpch1/qa_fe_cnxFunctions/LAST_DAY.DM.sql
Local failed - working_tpch1/qa_fe_cnxFunctions/LCASE.SS.sql
Local failed - working_tpch1/qa_fe_cnxFunctions/LEAST.NL.sql
Local failed - working_tpch1/qa_fe_cnxFunctions/LEAST.SL.sql
Local failed - working_tpch1/qa_fe_cnxFunctions/LEFT.SL.sql
Local failed - working_tpch1/qa_fe_cnxFunctions/LEFT.SM.sql
Local failed - working_tpch1/qa_fe_cnxFunctions/LENGTH.SS.sql
Local failed - working_tpch1/qa_fe_cnxFunctions/LOG10.NS.sql
Local failed - working_tpch1/qa_fe_cnxFunctions/LOG2.NS.sql
Local failed - working_tpch1/qa_fe_cnxFunctions/LOG.NS.sql
Local failed - working_tpch1/qa_fe_cnxFunctions/LOWER.SS.sql
Local failed - working_tpch1/qa_fe_cnxFunctions/LPAD.SL.sql
Local failed - working_tpch1/qa_fe_cnxFunctions/LPAD.SM.sql
Local failed - working_tpch1/qa_fe_cnxFunctions/LTRIM.SS.sql
Local failed - working_tpch1/qa_fe_cnxFunctions/makedate.sql
Local failed - working_tpch1/qa_fe_cnxFunctions/maketime.sql
Local failed - working_tpch1/qa_fe_cnxFunctions/MATHEXPR.NL.sql
Local failed - working_tpch1/qa_fe_cnxFunctions/md5.sql
Local failed - working_tpch1/qa_fe_cnxFunctions/MICROSECOND.DT.sql
Local failed - working_tpch1/qa_fe_cnxFunctions/MID.SL.sql
Local failed - working_tpch1/qa_fe_cnxFunctions/MID.SM.sql
Local failed - working_tpch1/qa_fe_cnxFunctions/MINUTE.DS.sql
Local failed - working_tpch1/qa_fe_cnxFunctions/MOD.NM.sql
Local failed - working_tpch1/qa_fe_cnxFunctions/MONTH.DS.sql
Local failed - working_tpch1/qa_fe_cnxFunctions/MONTHNAME.DS.sql
Local failed - working_tpch1/qa_fe_cnxFunctions/NULLIF.DM.sql
Local failed - working_tpch1/qa_fe_cnxFunctions/NULLIF.NM.sql
Local failed - working_tpch1/qa_fe_cnxFunctions/NULLIF.SM.sql
Local failed - working_tpch1/qa_fe_cnxFunctions/nullif.sql
Local failed - working_tpch1/qa_fe_cnxFunctions/PERIOD_ADD_DIFF.sql
Local failed - working_tpch1/qa_fe_cnxFunctions/POSITION.SL.sql
Local failed - working_tpch1/qa_fe_cnxFunctions/POSITION.SM.sql
Local failed - working_tpch1/qa_fe_cnxFunctions/QUARTER.DS.sql
Local failed - working_tpch1/qa_fe_cnxFunctions/RADIANS.NS.sql
Local failed - working_tpch1/qa_fe_cnxFunctions/REGEXP.DM.sql
Local failed - working_tpch1/qa_fe_cnxFunctions/REGEXP.NM.sql
Local failed - working_tpch1/qa_fe_cnxFunctions/REGEXP.SM.sql
Local failed - working_tpch1/qa_fe_cnxFunctions/repeat.sql
Local failed - working_tpch1/qa_fe_cnxFunctions/REPLACE.SM.sql
Local failed - working_tpch1/qa_fe_cnxFunctions/reserve.sql
Local failed - working_tpch1/qa_fe_cnxFunctions/RIGHT.SL.sql
Local failed - working_tpch1/qa_fe_cnxFunctions/RIGHT.SM.sql
Local failed - working_tpch1/qa_fe_cnxFunctions/ROUND.NM.SEL.sql
Local failed - working_tpch1/qa_fe_cnxFunctions/ROUND.NM.sql
Local failed - working_tpch1/qa_fe_cnxFunctions/round.sql
Local failed - working_tpch1/qa_fe_cnxFunctions/RPAD.SL.sql
Local failed - working_tpch1/qa_fe_cnxFunctions/RPAD.SM.sql
Local failed - working_tpch1/qa_fe_cnxFunctions/RTRIM.SS.sql
Local failed - working_tpch1/qa_fe_cnxFunctions/SECOND.DS.sql
Local failed - working_tpch1/qa_fe_cnxFunctions/SEC_TO_TIME.sql
Local failed - working_tpch1/qa_fe_cnxFunctions/sha.sql
Local failed - working_tpch1/qa_fe_cnxFunctions/SIN.NS.sql
Local failed - working_tpch1/qa_fe_cnxFunctions/space.sql
Local failed - working_tpch1/qa_fe_cnxFunctions/SQRT.NS.sql
Local failed - working_tpch1/qa_fe_cnxFunctions/strcmp.sql
Local failed - working_tpch1/qa_fe_cnxFunctions/STR_TO_DATE.sql
Local failed - working_tpch1/qa_fe_cnxFunctions/SUBSTRING_INDEX.sql
Local failed - working_tpch1/qa_fe_cnxFunctions/SUBSTRING.SL.sql
Local failed - working_tpch1/qa_fe_cnxFunctions/SUBSTRING.SM.sql
Local failed - working_tpch1/qa_fe_cnxFunctions/SUBSTR.SL.sql
Local failed - working_tpch1/qa_fe_cnxFunctions/subtime.sql
Local failed - working_tpch1/qa_fe_cnxFunctions/TIMEDIFF.DL.sql
Local failed - working_tpch1/qa_fe_cnxFunctions/TIMEDIFF.DM.sql
Local failed - working_tpch1/qa_fe_cnxFunctions/TIME.DS.sql
Local failed - working_tpch1/qa_fe_cnxFunctions/TIME_FORMAT.DL.sql
Local failed - working_tpch1/qa_fe_cnxFunctions/TIME_FORMAT.DM.sql
Local failed - working_tpch1/qa_fe_cnxFunctions/timestampdiff.sql
Local failed - working_tpch1/qa_fe_cnxFunctions/TIME_TO_SEC.DM.sql
Local failed - working_tpch1/qa_fe_cnxFunctions/TIME_TO_SEC.DS.sql
Local failed - working_tpch1/qa_fe_cnxFunctions/TO_DAYS.DS.sql
Local failed - working_tpch1/qa_fe_cnxFunctions/trim.sql
Local failed - working_tpch1/qa_fe_cnxFunctions/TRIM.SS.sql
Local failed - working_tpch1/qa_fe_cnxFunctions/TRUNCATE.NL.sql
Local failed - working_tpch1/qa_fe_cnxFunctions/TRUNCATE.NM.sql
Local failed - working_tpch1/qa_fe_cnxFunctions/unhex.sql
Local failed - working_tpch1/qa_fe_cnxFunctions/unix_timestamp.sql
Local failed - working_tpch1/qa_fe_cnxFunctions/WEEKDAY.DS.sql
Local failed - working_tpch1/qa_fe_cnxFunctions/WEEK.DM.sql
Local failed - working_tpch1/qa_fe_cnxFunctions/WEEK.DS.sql
Local failed - working_tpch1/qa_fe_cnxFunctions/xor.sql.negative.sql
Local failed - working_tpch1/qa_fe_cnxFunctions/YEAR.DS.sql
Local failed - working_tpch1/qa_fe_cnxFunctions/YEARWEEK.DM.sql
Local failed - working_tpch1/qa_fe_cnxFunctions/YEARWEEK.DS.sql
Local failed - working_tpch1/qa_fe_postProcessedFunctions/ABS.NS.sql
Local failed - working_tpch1/qa_fe_postProcessedFunctions/ACOS.NS.sql
Local failed - working_tpch1/qa_fe_postProcessedFunctions/ASIN.NS.sql
Local failed - working_tpch1/qa_fe_postProcessedFunctions/ATAN.NS.sql
Local failed - working_tpch1/qa_fe_postProcessedFunctions/CASE1.DM.sql
Local failed - working_tpch1/qa_fe_postProcessedFunctions/CASE1.NM.sql
Local failed - working_tpch1/qa_fe_postProcessedFunctions/CASE1.SM.sql
Local failed - working_tpch1/qa_fe_postProcessedFunctions/CASE2.DM.sql
Local failed - working_tpch1/qa_fe_postProcessedFunctions/CASE2.NM.sql
Local failed - working_tpch1/qa_fe_postProcessedFunctions/CASE2.SM.sql
Local failed - working_tpch1/qa_fe_postProcessedFunctions/CEILING.NS.sql
Local failed - working_tpch1/qa_fe_postProcessedFunctions/CEIL.NS.sql
Local failed - working_tpch1/qa_fe_postProcessedFunctions/CONCAT.SM.sql
Local failed - working_tpch1/qa_fe_postProcessedFunctions/CONCAT_WS.SM.sql
Local failed - working_tpch1/qa_fe_postProcessedFunctions/COUNT.DC.sql
Local failed - working_tpch1/qa_fe_postProcessedFunctions/COUNT.NC.sql
Local failed - working_tpch1/qa_fe_postProcessedFunctions/COUNT.SC.sql
Local failed - working_tpch1/qa_fe_postProcessedFunctions/DATE_ADD.DM.sql
Local failed - working_tpch1/qa_fe_postProcessedFunctions/DATE_FORMAT.DL.sql
Local failed - working_tpch1/qa_fe_postProcessedFunctions/DATE_FORMAT.DM.sql
Local failed - working_tpch1/qa_fe_postProcessedFunctions/DATE_SUB.DM.sql
Local failed - working_tpch1/qa_fe_postProcessedFunctions/DAYNAME.DS.sql
Local failed - working_tpch1/qa_fe_postProcessedFunctions/DAYOFWEEK.DS.sql
Local failed - working_tpch1/qa_fe_postProcessedFunctions/DAYOFYEAR.DS.sql
Local failed - working_tpch1/qa_fe_postProcessedFunctions/EXTRACT.DL.sql
Local failed - working_tpch1/qa_fe_postProcessedFunctions/FORMAT.NL.sql
Local failed - working_tpch1/qa_fe_postProcessedFunctions/FORMAT.NM.sql
Local failed - working_tpch1/qa_fe_postProcessedFunctions/FROM_UNIXTIME.DL.sql
Local failed - working_tpch1/qa_fe_postProcessedFunctions/HOUR.DS.sql
Local failed - working_tpch1/qa_fe_postProcessedFunctions/IF.NM.sql
Local failed - working_tpch1/qa_fe_postProcessedFunctions/IFNULL.NS.sql
Local failed - working_tpch1/qa_fe_postProcessedFunctions/IFNULL.SS.sql
Local failed - working_tpch1/qa_fe_postProcessedFunctions/IF.SM.sql
Local failed - working_tpch1/qa_fe_postProcessedFunctions/INSTR.SL.sql
Local failed - working_tpch1/qa_fe_postProcessedFunctions/INSTR.SM.sql
Local failed - working_tpch1/qa_fe_postProcessedFunctions/LEFT.SM.sql
Local failed - working_tpch1/qa_fe_postProcessedFunctions/LENGTH.SS.sql
Local failed - working_tpch1/qa_fe_postProcessedFunctions/LN.NS.sql
Local failed - working_tpch1/qa_fe_postProcessedFunctions/LOCATE.SL.sql
Local failed - working_tpch1/qa_fe_postProcessedFunctions/LOCATE.SM.sql
Local failed - working_tpch1/qa_fe_postProcessedFunctions/LOG10.NS.sql
Local failed - working_tpch1/qa_fe_postProcessedFunctions/LOG2.NS.sql
Local failed - working_tpch1/qa_fe_postProcessedFunctions/LOG.NS.sql
Local failed - working_tpch1/qa_fe_postProcessedFunctions/LPAD.SM.sql
Local failed - working_tpch1/qa_fe_postProcessedFunctions/MATHEXPR.NL.sql
Local failed - working_tpch1/qa_fe_postProcessedFunctions/MAX.DC.sql
Local failed - working_tpch1/qa_fe_postProcessedFunctions/MAX.NC.sql
Local failed - working_tpch1/qa_fe_postProcessedFunctions/MAX.SC.sql
Local failed - working_tpch1/qa_fe_postProcessedFunctions/MIN.DC.sql
Local failed - working_tpch1/qa_fe_postProcessedFunctions/MIN.NC.sql
Local failed - working_tpch1/qa_fe_postProcessedFunctions/MIN.SC.sql
Local failed - working_tpch1/qa_fe_postProcessedFunctions/POSITION.SM.sql
Local failed - working_tpch1/qa_fe_postProcessedFunctions/RIGHT.SL.sql
Local failed - working_tpch1/qa_fe_postProcessedFunctions/RIGHT.SM.sql
Local failed - working_tpch1/qa_fe_postProcessedFunctions/ROUND.NL.sql
Local failed - working_tpch1/qa_fe_postProcessedFunctions/ROUND.NM.sql
Local failed - working_tpch1/qa_fe_postProcessedFunctions/RPAD.SL.sql
Local failed - working_tpch1/qa_fe_postProcessedFunctions/RPAD.SM.sql
Local failed - working_tpch1/qa_fe_postProcessedFunctions/SECOND.DS.sql
Local failed - working_tpch1/qa_fe_postProcessedFunctions/SEC_TO_TIME.NS.sql
Local failed - working_tpch1/qa_fe_postProcessedFunctions/SIGN.NS.sql
Local failed - working_tpch1/qa_fe_postProcessedFunctions/SPACE.SL.sql
Local failed - working_tpch1/qa_fe_postProcessedFunctions/SQRT.NS.sql
Local failed - working_tpch1/qa_fe_postProcessedFunctions/SUBSTRING.SM.sql
Local failed - working_tpch1/qa_fe_postProcessedFunctions/SUBTIME.DL.sql
Local failed - working_tpch1/qa_fe_postProcessedFunctions/SUBTIME.DM.sql
Local failed - working_tpch1/qa_fe_postProcessedFunctions/SUM.NC.sql
Local failed - working_tpch1/qa_fe_postProcessedFunctions/TIMEDIFF.DL.sql
Local failed - working_tpch1/qa_fe_postProcessedFunctions/TIMEDIFF.DM.sql
Local failed - working_tpch1/qa_fe_postProcessedFunctions/TIME_TO_SEC.DS.sql
Local failed - working_tpch1/qa_fe_postProcessedFunctions/TO_DAYS.DS.sql
Local failed - working_tpch1/qa_fe_postProcessedFunctions/TRUNCATE.NL.sql
Local failed - working_tpch1/qa_fe_postProcessedFunctions/TRUNCATE.NM.sql
Local failed - working_tpch1/qa_fe_postProcessedFunctions/WEEKDAY.DS.sql
Local failed - working_tpch1/qa_fe_postProcessedFunctions/WEEK.DM.sql
Local failed - working_tpch1/qa_fe_postProcessedFunctions/WEEK.DS.sql
Local failed - working_tpch1/qa_fe_postProcessedFunctions/WEEKOFYEAR.DS.sql
Local failed - working_tpch1/qa_fe_postProcessedFunctions/YEARWEEK.DM.sql
Local failed - working_tpch1/qa_fe_postProcessedFunctions/YEARWEEK.DS.sql
Local failed - working_tpch1/union/union01.sql
Local failed - working_tpch1/union/union02.sql
Local failed - working_tpch1/union/union03.sql
Local failed - working_tpch1/union/union04.sql
Local failed - working_tpch1/union/union05.sql
Local failed - working_tpch1/union/union06.sql
Local failed - working_tpch1/union/union.sql
Local failed - working_tpch1/view/view_prepare.sql
Local failed - working_tpch1/view/view_sp.sql
Local failed - working_tpch1/view/view.sql
Local failed - working_tpch1_calpontonly/iter17Queries/1a-www.sql
Local failed - working_tpch1_calpontonly/iter17Queries/1b-www.sql
Local failed - working_tpch1_calpontonly/iter17Queries/1c-www.sql
Local failed - working_tpch1_calpontonly/iter17Queries/1d-www.sql
Local failed - working_tpch1_calpontonly/iter17Queries/2a-www.sql
Local failed - working_tpch1_calpontonly/iter17Queries/2b-bw.sql
Local failed - working_tpch1_calpontonly/iter17Queries/2c-bw.sql
Local failed - working_tpch1_calpontonly/iter17Queries/2d-bw.sql
Local failed - working_tpch1_calpontonly/iter17Queries/2e-CZH.sql
Local failed - working_tpch1_calpontonly/iter17Queries/2f-CZH.sql
Local failed - working_tpch1_calpontonly/iter17Queries/2g-dmc.sql
Local failed - working_tpch1_calpontonly/iter17Queries/2h-1.sql
Local failed - working_tpch1_calpontonly/iter17Queries/3a-patrick.sql
Local failed - working_tpch1_calpontonly/iter17Queries/3a-xlou.sql
Local failed - working_tpch1_calpontonly/iter17Queries/3a-Zhixuan.sql
Local failed - working_tpch1_calpontonly/iter17Queries/3b-bw.sql
Local failed - working_tpch1_calpontonly/iter17Queries/3b-CZH.sql
Local failed - working_tpch1_calpontonly/iter17Queries/3b-patrick.sql
Local failed - working_tpch1_calpontonly/iter17Queries/3b-xlou.sql
Local failed - working_tpch1_calpontonly/iter17Queries/3b-Zhixuan.sql
Local failed - working_tpch1_calpontonly/iter17Queries/now.sql
Local failed - working_tpch1_calpontonly/iter17Queries/q3a-jer.sql
Local failed - working_tpch1_calpontonly/iter17Queries/q3b-jer.sql
Local failed - working_tpch1_calpontonly/iter17Queries/q4.3.sql
Local failed - working_tpch1_calpontonly/misc/bug3145.sql
Local failed - working_tpch1_calpontonly/misc/bug3459.sql
Local failed - working_tpch1_calpontonly/misc/bug3513.sql
Local failed - working_tpch1_calpontonly/misc/bug5054.sql
Local failed - working_tpch1_calpontonly/misc/bug5261.sql
Local failed - working_tpch1_calpontonly/misc/calShowPartitionsByValue.sql
Local failed - working_tpch1_calpontonly/misc/calShowPartitions.sql
Local failed - working_tpch1_calpontonly/misc/group_concat_calpontonly.sql

-----------------------------------------------------------------------------------------------------------

Tests completed!
Archive directory ./archive/2015-08-04@17:29:39
