
Version     : 4.6.6                             Vendor: MariaDB, Inc.
Release     : 2                             Build Date: Thu 30 Jul 2015 01:40:11 PM CDT

000 Create/Load Uncompressed Tables:  Passed
001 Working Folder Test:              Failed

-----------------------------------------------------------------------------------------------------------

+-------+---------+------+--------------------------+----------+-------+-------+--------+--------+----------+--------+
| runId | version | rel  | buildDtm                 | run_time | maxPP | maxEM | maxDMP | maxImp | maxCntlr | maxAll |
+-------+---------+------+--------------------------+----------+-------+-------+--------+--------+----------+--------+
|    18 | 4.6.6   | 2    | Thu 30 Jul 2015 01:40:11 | 00:19:35 |  14.0 |   6.6 |    0.9 |    3.3 |      1.1 |   20.9 |
+-------+---------+------+--------------------------+----------+-------+-------+--------+--------+----------+--------+

+---------+---------------------+--------+---------+------+----------+------------+------------+-----------+
| Run     | Start               | Run ID | Version | Rel  | Run Time | Max ExeMgr | Avg ExeMgr | Tests Run |
+---------+---------------------+--------+---------+------+----------+------------+------------+-----------+
| Current | 2015-08-04 15:50:34 |     18 | 4.6.6   | 2    | 00:19:35 |        6.6 |    0.67216 |         2 |
+---------+---------------------+--------+---------+------+----------+------------+------------+-----------+


+---------+----------+-------+-------+--------+--------+----------+---------+--------+
| test    | run_time | maxPP | maxEM | maxDMP | maxImp | maxCntlr | maxWrkr | maxAll |
+---------+----------+-------+-------+--------+--------+----------+---------+--------+
| test000 | 00:03:42 |  11.9 |   0.7 |    0.7 |    3.3 |      0.9 |     0.4 |   14.8 |
| test001 | 00:15:53 |  14.0 |   6.6 |    0.9 |    0.2 |      1.1 |     0.4 |   20.9 |
+---------+----------+-------+-------+--------+--------+----------+---------+--------+

-----------------------------------------------------------------------------------------------------------

Working Folder Test scripts that failed:
Compare failed - working_tpch1/misc/rename.negative.sql
Compare failed - working_tpch1/qa_fe_cnxFunctions/TRUNCATE.NM.sql
Compare failed - working_tpch1/qa_fe_postProcessedFunctions/DATE_SUB.DM.sql
Compare failed - working_tpch1/qa_fe_postProcessedFunctions/DAYNAME.DS.sql
Compare failed - working_tpch1/qa_fe_postProcessedFunctions/DAYOFWEEK.DS.sql
Compare failed - working_tpch1/qa_fe_postProcessedFunctions/DAYOFYEAR.DS.sql
Compare failed - working_tpch1/qa_fe_postProcessedFunctions/LN.NS.sql
Compare failed - working_tpch1/qa_fe_postProcessedFunctions/LOCATE.SL.sql
Compare failed - working_tpch1/qa_fe_postProcessedFunctions/LOCATE.SM.sql
Compare failed - working_tpch1/qa_fe_postProcessedFunctions/LOG10.NS.sql
Compare failed - working_tpch1/qa_fe_postProcessedFunctions/LOG2.NS.sql
Compare failed - working_tpch1/qa_fe_postProcessedFunctions/LOG.NS.sql
Compare failed - working_tpch1/qa_fe_postProcessedFunctions/LPAD.SM.sql
Compare failed - working_tpch1/qa_fe_postProcessedFunctions/MATHEXPR.NL.sql
Compare failed - working_tpch1/qa_fe_postProcessedFunctions/MAX.DC.sql
Compare failed - working_tpch1/qa_fe_postProcessedFunctions/MAX.NC.sql
Compare failed - working_tpch1/qa_fe_postProcessedFunctions/MAX.SC.sql
Compare failed - working_tpch1/qa_fe_postProcessedFunctions/MIN.DC.sql
Compare failed - working_tpch1/qa_fe_postProcessedFunctions/MIN.NC.sql
Compare failed - working_tpch1/qa_fe_postProcessedFunctions/MIN.SC.sql

-----------------------------------------------------------------------------------------------------------

Tests completed!
Archive directory ./archive/2015-08-04@15:49:50
