Aug  4 10:56:42 srvhall03 dmlpackageproc[28506]: 42.366785 |0|0|0| W 21 CAL0002: IDB-2025: Data truncated for column 'cdecimal9' 
Aug  4 10:56:42 srvhall03 dmlpackageproc[28506]: 42.875483 |0|0|0| W 21 CAL0002: IDB-2025: Data truncated for column 'CDECIMAL10' 
Aug  4 10:56:43 srvhall03 dmlpackageproc[28506]: 43.296529 |0|0|0| W 21 CAL0002: IDB-2025: Data truncated for column 'CDECIMAL18' 
Aug  4 10:56:44 srvhall03 dmlpackageproc[28506]: 44.007050 |0|0|0| W 21 CAL0002: IDB-2025: Data truncated for column 'CINTEGER' 
Aug  4 10:56:46 srvhall03 dmlpackageproc[28506]: 46.505784 |0|0|0| W 21 CAL0002: IDB-2025: Data truncated for column 'c2' 
Aug  4 11:00:07 srvhall03 PrimProc[28304]: 07.062253 |0|0|0| W 28 CAL0000: ceil: datatype of decimal with scale 19 is beyond supported scale#012         
Aug  4 11:00:07 srvhall03 PrimProc[28304]: 07.087468 |0|0|0| W 28 CAL0000: ceil: datatype of decimal with scale 19 is beyond supported scale#012         
Aug  4 11:00:07 srvhall03 PrimProc[28304]: 07.137071 |0|0|0| W 28 CAL0000: ceil: datatype of decimal with scale 20 is beyond supported scale#012         
Aug  4 11:00:07 srvhall03 PrimProc[28304]: 07.159998 |0|0|0| W 28 CAL0000: ceil: datatype of decimal with scale 19 is beyond supported scale#012         
Aug  4 11:00:07 srvhall03 PrimProc[28304]: 07.194517 |0|0|0| W 28 CAL0000: ceil: datatype of decimal with scale 20 is beyond supported scale#012         
Aug  4 11:00:07 srvhall03 PrimProc[28304]: 07.226591 |0|0|0| W 28 CAL0000: ceil: datatype of decimal with scale 21 is beyond supported scale#012         
Aug  4 11:00:07 srvhall03 PrimProc[28304]: 07.263582 |0|0|0| W 28 CAL0000: ceil: datatype of decimal with scale 19 is beyond supported scale#012         
Aug  4 11:00:07 srvhall03 PrimProc[28304]: 07.300871 |0|0|0| W 28 CAL0000: ceil: datatype of decimal with scale 20 is beyond supported scale#012         
Aug  4 11:00:07 srvhall03 PrimProc[28304]: 07.329573 |0|0|0| W 28 CAL0000: ceil: datatype of decimal with scale 21 is beyond supported scale#012         
Aug  4 11:00:07 srvhall03 PrimProc[28304]: 07.356716 |0|0|0| W 28 CAL0000: ceil: datatype of decimal with scale 22 is beyond supported scale#012         
Aug  4 11:01:44 srvhall03 PrimProc[28304]: 44.741867 |0|0|0| W 28 CAL0000: PrimProc AsyncLoader caught error:  thr_popper: Error building filename for OID 0; fileOp.getFileName failed        
Aug  4 11:01:44 srvhall03 PrimProc[28304]: 44.756392 |0|0|0| W 28 CAL0000: PrimProc AsyncLoader caught error:  thr_popper: Error building filename for OID 0; fileOp.getFileName failed        
Aug  4 11:03:20 srvhall03 dmlpackageproc[28506]: 20.235638 |0|0|0| W 21 CAL0002: IDB-2025: Data truncated for column 'c2' 
Aug  4 11:03:20 srvhall03 dmlpackageproc[28506]: 20.350685 |0|0|0| W 21 CAL0002: IDB-2025: Data truncated for column 'c2' 
Aug  4 11:08:09 srvhall03 dmlpackageproc[28506]: 09.997357 |0|0|0| W 21 CAL0002: IDB-2025: Data truncated for column 'a', 'e', 'g', 'h', 'i', 'k' 
Aug  4 11:08:10 srvhall03 dmlpackageproc[28506]: 10.125719 |0|0|0| W 21 CAL0002: IDB-2025: Data truncated for column 'a', 'e', 'g', 'i', 'k' 
Aug  4 11:08:10 srvhall03 dmlpackageproc[28506]: 10.235861 |0|0|0| W 21 CAL0002: IDB-2025: Data truncated for column 'g' 
Aug  4 11:08:10 srvhall03 dmlpackageproc[28506]: 10.335745 |0|0|0| W 21 CAL0002: IDB-2025: Data truncated for column 'e' 
Aug  4 11:08:10 srvhall03 dmlpackageproc[28506]: 10.544612 |0|0|0| W 21 CAL0002: IDB-2025: Data truncated for column 'f' 
Aug  4 11:08:10 srvhall03 dmlpackageproc[28506]: 10.682260 |0|0|0| W 21 CAL0002: IDB-2025: Data truncated for column 'e', 'g', 'i', 'h', 'k' 
Aug  4 11:08:39 srvhall03 dmlpackageproc[28506]: 39.950165 |0|0|0| W 21 CAL0002: IDB-2025: Data truncated for column 'col1' 
Aug  4 11:08:40 srvhall03 dmlpackageproc[28506]: 40.050975 |0|0|0| W 21 CAL0002: IDB-2025: Data truncated for column 'col2' 
Aug  4 11:09:17 srvhall03 dmlpackageproc[28506]: 17.811069 |0|0|0| W 21 CAL0002: IDB-2025: Data truncated for column 'l_orderkey', 'l_partkey' 
Aug  4 11:09:23 srvhall03 dmlpackageproc[28506]: 23.014893 |0|0|0| W 21 CAL0002: IDB-2025: Data truncated for column 'l_partkey' 
Aug  4 11:49:52 srvhall03 messagequeue[53348]: 52.544695 |0|0|0| W 31 CAL0000: MessageQueueClient::write: error writing 4 bytes to IOSocket: sd: 14 inet: 127.0.0.1 port: 8800. Socket error was InetStreamSocket::write error: Broken pipe -- write from InetStreamSocket: sd: 14 inet: 127.0.0.1 port: 8800#012         
Aug  4 11:49:52 srvhall03 ProcessManager[53348]: 52.545352 |0|0|0| W 17 CAL0000: pm1 module failed to stop!!         
Aug  4 11:49:54 srvhall03 messagequeue[59498]: 54.590463 |0|0|0| W 31 CAL0000: Client read close socket for InetStreamSocket::readToMagic: Remote is closed        
Aug  4 12:21:14 srvhall03 dmlpackageproc[4012]: 14.826576 |0|0|0| W 21 CAL0002: IDB-2025: Data truncated for column 'cdecimal9' 
Aug  4 12:21:15 srvhall03 dmlpackageproc[4012]: 15.411840 |0|0|0| W 21 CAL0002: IDB-2025: Data truncated for column 'CDECIMAL10' 
Aug  4 12:21:15 srvhall03 dmlpackageproc[4012]: 15.854170 |0|0|0| W 21 CAL0002: IDB-2025: Data truncated for column 'CDECIMAL18' 
Aug  4 12:21:16 srvhall03 dmlpackageproc[4012]: 16.687502 |0|0|0| W 21 CAL0002: IDB-2025: Data truncated for column 'CINTEGER' 
Aug  4 12:21:19 srvhall03 dmlpackageproc[4012]: 19.477039 |0|0|0| W 21 CAL0002: IDB-2025: Data truncated for column 'c2' 
Aug  4 12:24:30 srvhall03 PrimProc[3764]: 30.251742 |0|0|0| W 28 CAL0000: ceil: datatype of decimal with scale 19 is beyond supported scale#012         
Aug  4 12:24:30 srvhall03 PrimProc[3764]: 30.273392 |0|0|0| W 28 CAL0000: ceil: datatype of decimal with scale 19 is beyond supported scale#012         
Aug  4 12:24:30 srvhall03 PrimProc[3764]: 30.297613 |0|0|0| W 28 CAL0000: ceil: datatype of decimal with scale 20 is beyond supported scale#012         
Aug  4 12:24:30 srvhall03 PrimProc[3764]: 30.320669 |0|0|0| W 28 CAL0000: ceil: datatype of decimal with scale 19 is beyond supported scale#012         
Aug  4 12:24:30 srvhall03 PrimProc[3764]: 30.343641 |0|0|0| W 28 CAL0000: ceil: datatype of decimal with scale 20 is beyond supported scale#012         
Aug  4 12:24:30 srvhall03 PrimProc[3764]: 30.368676 |0|0|0| W 28 CAL0000: ceil: datatype of decimal with scale 21 is beyond supported scale#012         
Aug  4 12:24:30 srvhall03 PrimProc[3764]: 30.390149 |0|0|0| W 28 CAL0000: ceil: datatype of decimal with scale 19 is beyond supported scale#012         
Aug  4 12:24:30 srvhall03 PrimProc[3764]: 30.413622 |0|0|0| W 28 CAL0000: ceil: datatype of decimal with scale 20 is beyond supported scale#012         
Aug  4 12:24:30 srvhall03 PrimProc[3764]: 30.438239 |0|0|0| W 28 CAL0000: ceil: datatype of decimal with scale 21 is beyond supported scale#012         
Aug  4 12:24:30 srvhall03 PrimProc[3764]: 30.460758 |0|0|0| W 28 CAL0000: ceil: datatype of decimal with scale 22 is beyond supported scale#012         
Aug  4 12:25:35 srvhall03 PrimProc[3764]: 35.072323 |0|0|0| W 28 CAL0000: PrimProc AsyncLoader caught error:  thr_popper: Error building filename for OID 0; fileOp.getFileName failed        
Aug  4 12:25:35 srvhall03 PrimProc[3764]: 35.082734 |0|0|0| W 28 CAL0000: PrimProc AsyncLoader caught error:  thr_popper: Error building filename for OID 0; fileOp.getFileName failed        
Aug  4 12:25:35 srvhall03 PrimProc[3764]: 35.159429 |0|0|0| W 28 CAL0000: PrimProc AsyncLoader caught error:  thr_popper: Error building filename for OID 0; fileOp.getFileName failed        
Aug  4 12:25:35 srvhall03 PrimProc[3764]: 35.170108 |0|0|0| W 28 CAL0000: PrimProc AsyncLoader caught error:  thr_popper: Error building filename for OID 0; fileOp.getFileName failed        
Aug  4 12:25:35 srvhall03 PrimProc[3764]: 35.274032 |0|0|0| W 28 CAL0000: PrimProc AsyncLoader caught error:  thr_popper: Error building filename for OID 0; fileOp.getFileName failed        
Aug  4 12:25:35 srvhall03 PrimProc[3764]: 35.284945 |0|0|0| W 28 CAL0000: PrimProc AsyncLoader caught error:  thr_popper: Error building filename for OID 0; fileOp.getFileName failed        
Aug  4 12:25:35 srvhall03 PrimProc[3764]: 35.391568 |0|0|0| W 28 CAL0000: PrimProc AsyncLoader caught error:  thr_popper: Error building filename for OID 0; fileOp.getFileName failed        
Aug  4 12:25:35 srvhall03 PrimProc[3764]: 35.402486 |0|0|0| W 28 CAL0000: PrimProc AsyncLoader caught error:  thr_popper: Error building filename for OID 0; fileOp.getFileName failed        
Aug  4 12:25:35 srvhall03 PrimProc[3764]: 35.500939 |0|0|0| W 28 CAL0000: PrimProc AsyncLoader caught error:  thr_popper: Error building filename for OID 0; fileOp.getFileName failed        
Aug  4 12:25:35 srvhall03 PrimProc[3764]: 35.512001 |0|0|0| W 28 CAL0000: PrimProc AsyncLoader caught error:  thr_popper: Error building filename for OID 0; fileOp.getFileName failed        
Aug  4 12:25:35 srvhall03 PrimProc[3764]: 35.615550 |0|0|0| W 28 CAL0000: PrimProc AsyncLoader caught error:  thr_popper: Error building filename for OID 0; fileOp.getFileName failed        
Aug  4 12:25:35 srvhall03 PrimProc[3764]: 35.626411 |0|0|0| W 28 CAL0000: PrimProc AsyncLoader caught error:  thr_popper: Error building filename for OID 0; fileOp.getFileName failed        
Aug  4 12:25:35 srvhall03 PrimProc[3764]: 35.735350 |0|0|0| W 28 CAL0000: PrimProc AsyncLoader caught error:  thr_popper: Error building filename for OID 0; fileOp.getFileName failed        
Aug  4 12:25:35 srvhall03 PrimProc[3764]: 35.746123 |0|0|0| W 28 CAL0000: PrimProc AsyncLoader caught error:  thr_popper: Error building filename for OID 0; fileOp.getFileName failed        
Aug  4 12:25:35 srvhall03 PrimProc[3764]: 35.843494 |0|0|0| W 28 CAL0000: PrimProc AsyncLoader caught error:  thr_popper: Error building filename for OID 0; fileOp.getFileName failed        
Aug  4 12:25:35 srvhall03 PrimProc[3764]: 35.854463 |0|0|0| W 28 CAL0000: PrimProc AsyncLoader caught error:  thr_popper: Error building filename for OID 0; fileOp.getFileName failed        
Aug  4 12:25:35 srvhall03 PrimProc[3764]: 35.956091 |0|0|0| W 28 CAL0000: PrimProc AsyncLoader caught error:  thr_popper: Error building filename for OID 0; fileOp.getFileName failed        
Aug  4 12:25:35 srvhall03 PrimProc[3764]: 35.966578 |0|0|0| W 28 CAL0000: PrimProc AsyncLoader caught error:  thr_popper: Error building filename for OID 0; fileOp.getFileName failed        
Aug  4 12:25:36 srvhall03 PrimProc[3764]: 36.074027 |0|0|0| W 28 CAL0000: PrimProc AsyncLoader caught error:  thr_popper: Error building filename for OID 0; fileOp.getFileName failed        
Aug  4 12:25:36 srvhall03 PrimProc[3764]: 36.084466 |0|0|0| W 28 CAL0000: PrimProc AsyncLoader caught error:  thr_popper: Error building filename for OID 0; fileOp.getFileName failed        
Aug  4 12:25:36 srvhall03 PrimProc[3764]: 36.187587 |0|0|0| W 28 CAL0000: PrimProc AsyncLoader caught error:  thr_popper: Error building filename for OID 0; fileOp.getFileName failed        
Aug  4 12:25:36 srvhall03 PrimProc[3764]: 36.194092 |0|0|0| W 28 CAL0000: PrimProc AsyncLoader caught error:  thr_popper: Error building filename for OID 0; fileOp.getFileName failed        
Aug  4 12:25:36 srvhall03 PrimProc[3764]: 36.298769 |0|0|0| W 28 CAL0000: PrimProc AsyncLoader caught error:  thr_popper: Error building filename for OID 0; fileOp.getFileName failed        
Aug  4 12:25:36 srvhall03 PrimProc[3764]: 36.309435 |0|0|0| W 28 CAL0000: PrimProc AsyncLoader caught error:  thr_popper: Error building filename for OID 0; fileOp.getFileName failed        
Aug  4 12:25:36 srvhall03 PrimProc[3764]: 36.417020 |0|0|0| W 28 CAL0000: PrimProc AsyncLoader caught error:  thr_popper: Error building filename for OID 0; fileOp.getFileName failed        
Aug  4 12:25:36 srvhall03 PrimProc[3764]: 36.428375 |0|0|0| W 28 CAL0000: PrimProc AsyncLoader caught error:  thr_popper: Error building filename for OID 0; fileOp.getFileName failed        
Aug  4 12:25:36 srvhall03 PrimProc[3764]: 36.526406 |0|0|0| W 28 CAL0000: PrimProc AsyncLoader caught error:  thr_popper: Error building filename for OID 0; fileOp.getFileName failed        
Aug  4 12:25:36 srvhall03 PrimProc[3764]: 36.537521 |0|0|0| W 28 CAL0000: PrimProc AsyncLoader caught error:  thr_popper: Error building filename for OID 0; fileOp.getFileName failed        
Aug  4 12:25:36 srvhall03 PrimProc[3764]: 36.640777 |0|0|0| W 28 CAL0000: PrimProc AsyncLoader caught error:  thr_popper: Error building filename for OID 0; fileOp.getFileName failed        
Aug  4 12:25:36 srvhall03 PrimProc[3764]: 36.652005 |0|0|0| W 28 CAL0000: PrimProc AsyncLoader caught error:  thr_popper: Error building filename for OID 0; fileOp.getFileName failed        
Aug  4 12:25:36 srvhall03 PrimProc[3764]: 36.756331 |0|0|0| W 28 CAL0000: PrimProc AsyncLoader caught error:  thr_popper: Error building filename for OID 0; fileOp.getFileName failed        
Aug  4 12:25:36 srvhall03 PrimProc[3764]: 36.764999 |0|0|0| W 28 CAL0000: PrimProc AsyncLoader caught error:  thr_popper: Error building filename for OID 0; fileOp.getFileName failed        
Aug  4 12:25:36 srvhall03 PrimProc[3764]: 36.804118 |0|0|0| W 28 CAL0000: PrimProc AsyncLoader caught error:  thr_popper: Error building filename for OID 0; fileOp.getFileName failed        
Aug  4 12:25:36 srvhall03 PrimProc[3764]: 36.870988 |0|0|0| W 28 CAL0000: PrimProc AsyncLoader caught error:  thr_popper: Error building filename for OID 0; fileOp.getFileName failed        
Aug  4 12:25:36 srvhall03 PrimProc[3764]: 36.881926 |0|0|0| W 28 CAL0000: PrimProc AsyncLoader caught error:  thr_popper: Error building filename for OID 0; fileOp.getFileName failed        
Aug  4 12:25:36 srvhall03 PrimProc[3764]: 36.920675 |0|0|0| W 28 CAL0000: PrimProc AsyncLoader caught error:  thr_popper: Error building filename for OID 0; fileOp.getFileName failed        
Aug  4 12:25:36 srvhall03 PrimProc[3764]: 36.987079 |0|0|0| W 28 CAL0000: PrimProc AsyncLoader caught error:  thr_popper: Error building filename for OID 0; fileOp.getFileName failed        
Aug  4 12:25:36 srvhall03 PrimProc[3764]: 36.997559 |0|0|0| W 28 CAL0000: PrimProc AsyncLoader caught error:  thr_popper: Error building filename for OID 0; fileOp.getFileName failed        
Aug  4 12:25:37 srvhall03 PrimProc[3764]: 37.036132 |0|0|0| W 28 CAL0000: PrimProc AsyncLoader caught error:  thr_popper: Error building filename for OID 0; fileOp.getFileName failed        
Aug  4 12:25:37 srvhall03 PrimProc[3764]: 37.094461 |0|0|0| W 28 CAL0000: PrimProc AsyncLoader caught error:  thr_popper: Error building filename for OID 0; fileOp.getFileName failed        
Aug  4 12:25:37 srvhall03 PrimProc[3764]: 37.105023 |0|0|0| W 28 CAL0000: PrimProc AsyncLoader caught error:  thr_popper: Error building filename for OID 0; fileOp.getFileName failed        
Aug  4 12:25:37 srvhall03 PrimProc[3764]: 37.145453 |0|0|0| W 28 CAL0000: PrimProc AsyncLoader caught error:  thr_popper: Error building filename for OID 0; fileOp.getFileName failed        
Aug  4 12:25:37 srvhall03 PrimProc[3764]: 37.208187 |0|0|0| W 28 CAL0000: PrimProc AsyncLoader caught error:  thr_popper: Error building filename for OID 0; fileOp.getFileName failed        
Aug  4 12:25:37 srvhall03 PrimProc[3764]: 37.219726 |0|0|0| W 28 CAL0000: PrimProc AsyncLoader caught error:  thr_popper: Error building filename for OID 0; fileOp.getFileName failed        
Aug  4 12:25:37 srvhall03 PrimProc[3764]: 37.259431 |0|0|0| W 28 CAL0000: PrimProc AsyncLoader caught error:  thr_popper: Error building filename for OID 0; fileOp.getFileName failed        
Aug  4 12:25:37 srvhall03 PrimProc[3764]: 37.323985 |0|0|0| W 28 CAL0000: PrimProc AsyncLoader caught error:  thr_popper: Error building filename for OID 0; fileOp.getFileName failed        
Aug  4 12:25:37 srvhall03 PrimProc[3764]: 37.333795 |0|0|0| W 28 CAL0000: PrimProc AsyncLoader caught error:  thr_popper: Error building filename for OID 0; fileOp.getFileName failed        
Aug  4 12:25:37 srvhall03 PrimProc[3764]: 37.372669 |0|0|0| W 28 CAL0000: PrimProc AsyncLoader caught error:  thr_popper: Error building filename for OID 0; fileOp.getFileName failed        
Aug  4 12:25:37 srvhall03 PrimProc[3764]: 37.435557 |0|0|0| W 28 CAL0000: PrimProc AsyncLoader caught error:  thr_popper: Error building filename for OID 0; fileOp.getFileName failed        
Aug  4 12:25:37 srvhall03 PrimProc[3764]: 37.446119 |0|0|0| W 28 CAL0000: PrimProc AsyncLoader caught error:  thr_popper: Error building filename for OID 0; fileOp.getFileName failed        
Aug  4 12:25:37 srvhall03 PrimProc[3764]: 37.485241 |0|0|0| W 28 CAL0000: PrimProc AsyncLoader caught error:  thr_popper: Error building filename for OID 0; fileOp.getFileName failed        
Aug  4 12:25:37 srvhall03 PrimProc[3764]: 37.553692 |0|0|0| W 28 CAL0000: PrimProc AsyncLoader caught error:  thr_popper: Error building filename for OID 0; fileOp.getFileName failed        
Aug  4 12:25:37 srvhall03 PrimProc[3764]: 37.564139 |0|0|0| W 28 CAL0000: PrimProc AsyncLoader caught error:  thr_popper: Error building filename for OID 0; fileOp.getFileName failed        
Aug  4 12:25:37 srvhall03 PrimProc[3764]: 37.600832 |0|0|0| W 28 CAL0000: PrimProc AsyncLoader caught error:  thr_popper: Error building filename for OID 0; fileOp.getFileName failed        
Aug  4 12:25:37 srvhall03 PrimProc[3764]: 37.668587 |0|0|0| W 28 CAL0000: PrimProc AsyncLoader caught error:  thr_popper: Error building filename for OID 0; fileOp.getFileName failed        
Aug  4 12:25:37 srvhall03 PrimProc[3764]: 37.679164 |0|0|0| W 28 CAL0000: PrimProc AsyncLoader caught error:  thr_popper: Error building filename for OID 0; fileOp.getFileName failed        
Aug  4 12:25:37 srvhall03 PrimProc[3764]: 37.719632 |0|0|0| W 28 CAL0000: PrimProc AsyncLoader caught error:  thr_popper: Error building filename for OID 0; fileOp.getFileName failed        
Aug  4 12:25:37 srvhall03 PrimProc[3764]: 37.788519 |0|0|0| W 28 CAL0000: PrimProc AsyncLoader caught error:  thr_popper: Error building filename for OID 0; fileOp.getFileName failed        
Aug  4 12:27:53 srvhall03 dmlpackageproc[4012]: 53.154368 |0|0|0| W 21 CAL0002: IDB-2025: Data truncated for column 'c2' 
Aug  4 12:27:53 srvhall03 dmlpackageproc[4012]: 53.246466 |0|0|0| W 21 CAL0002: IDB-2025: Data truncated for column 'c2' 
Aug  4 13:53:14 srvhall03 dmlpackageproc[55501]: 14.332096 |0|0|0| W 21 CAL0002: IDB-2025: Data truncated for column 'cdecimal9' 
Aug  4 13:53:14 srvhall03 dmlpackageproc[55501]: 14.916929 |0|0|0| W 21 CAL0002: IDB-2025: Data truncated for column 'CDECIMAL10' 
Aug  4 13:53:15 srvhall03 dmlpackageproc[55501]: 15.377696 |0|0|0| W 21 CAL0002: IDB-2025: Data truncated for column 'CDECIMAL18' 
Aug  4 13:53:16 srvhall03 dmlpackageproc[55501]: 16.254608 |0|0|0| W 21 CAL0002: IDB-2025: Data truncated for column 'CINTEGER' 
Aug  4 13:53:19 srvhall03 dmlpackageproc[55501]: 19.174547 |0|0|0| W 21 CAL0002: IDB-2025: Data truncated for column 'c2' 
Aug  4 13:56:35 srvhall03 PrimProc[55252]: 35.703163 |0|0|0| W 28 CAL0000: ceil: datatype of decimal with scale 19 is beyond supported scale#012         
Aug  4 13:56:35 srvhall03 PrimProc[55252]: 35.725980 |0|0|0| W 28 CAL0000: ceil: datatype of decimal with scale 19 is beyond supported scale#012         
Aug  4 13:56:35 srvhall03 PrimProc[55252]: 35.751050 |0|0|0| W 28 CAL0000: ceil: datatype of decimal with scale 20 is beyond supported scale#012         
Aug  4 13:56:35 srvhall03 PrimProc[55252]: 35.772543 |0|0|0| W 28 CAL0000: ceil: datatype of decimal with scale 19 is beyond supported scale#012         
Aug  4 13:56:35 srvhall03 PrimProc[55252]: 35.796460 |0|0|0| W 28 CAL0000: ceil: datatype of decimal with scale 20 is beyond supported scale#012         
Aug  4 13:56:35 srvhall03 PrimProc[55252]: 35.817776 |0|0|0| W 28 CAL0000: ceil: datatype of decimal with scale 21 is beyond supported scale#012         
Aug  4 13:56:35 srvhall03 PrimProc[55252]: 35.841657 |0|0|0| W 28 CAL0000: ceil: datatype of decimal with scale 19 is beyond supported scale#012         
Aug  4 13:56:35 srvhall03 PrimProc[55252]: 35.863135 |0|0|0| W 28 CAL0000: ceil: datatype of decimal with scale 20 is beyond supported scale#012         
Aug  4 13:56:35 srvhall03 PrimProc[55252]: 35.888210 |0|0|0| W 28 CAL0000: ceil: datatype of decimal with scale 21 is beyond supported scale#012         
Aug  4 13:56:35 srvhall03 PrimProc[55252]: 35.910183 |0|0|0| W 28 CAL0000: ceil: datatype of decimal with scale 22 is beyond supported scale#012         
Aug  4 13:57:43 srvhall03 PrimProc[55252]: 43.866729 |0|0|0| W 28 CAL0000: PrimProc AsyncLoader caught error:  thr_popper: Error building filename for OID 0; fileOp.getFileName failed        
Aug  4 13:57:43 srvhall03 PrimProc[55252]: 43.877332 |0|0|0| W 28 CAL0000: PrimProc AsyncLoader caught error:  thr_popper: Error building filename for OID 0; fileOp.getFileName failed        
Aug  4 13:57:43 srvhall03 PrimProc[55252]: 43.887392 |0|0|0| W 28 CAL0000: PrimProc AsyncLoader caught error:  thr_popper: Error building filename for OID 0; fileOp.getFileName failed        
Aug  4 13:59:44 srvhall03 dmlpackageproc[55501]: 44.058029 |0|0|0| W 21 CAL0002: IDB-2025: Data truncated for column 'c2' 
Aug  4 13:59:44 srvhall03 dmlpackageproc[55501]: 44.156310 |0|0|0| W 21 CAL0002: IDB-2025: Data truncated for column 'c2' 
Aug  4 14:22:07 srvhall03 dmlpackageproc[12786]: 07.173359 |0|0|0| W 21 CAL0002: IDB-2025: Data truncated for column 'cdecimal9' 
Aug  4 14:22:07 srvhall03 dmlpackageproc[12786]: 07.720022 |0|0|0| W 21 CAL0002: IDB-2025: Data truncated for column 'CDECIMAL10' 
Aug  4 14:22:08 srvhall03 dmlpackageproc[12786]: 08.114903 |0|0|0| W 21 CAL0002: IDB-2025: Data truncated for column 'CDECIMAL18' 
Aug  4 14:22:08 srvhall03 dmlpackageproc[12786]: 08.894546 |0|0|0| W 21 CAL0002: IDB-2025: Data truncated for column 'CINTEGER' 
Aug  4 14:22:11 srvhall03 dmlpackageproc[12786]: 11.124506 |0|0|0| W 21 CAL0002: IDB-2025: Data truncated for column 'c2' 
Aug  4 14:25:29 srvhall03 PrimProc[12565]: 29.717920 |0|0|0| W 28 CAL0000: ceil: datatype of decimal with scale 19 is beyond supported scale#012         
Aug  4 14:25:29 srvhall03 PrimProc[12565]: 29.740738 |0|0|0| W 28 CAL0000: ceil: datatype of decimal with scale 19 is beyond supported scale#012         
Aug  4 14:25:29 srvhall03 PrimProc[12565]: 29.762003 |0|0|0| W 28 CAL0000: ceil: datatype of decimal with scale 20 is beyond supported scale#012         
Aug  4 14:25:29 srvhall03 PrimProc[12565]: 29.787259 |0|0|0| W 28 CAL0000: ceil: datatype of decimal with scale 19 is beyond supported scale#012         
Aug  4 14:25:29 srvhall03 PrimProc[12565]: 29.809588 |0|0|0| W 28 CAL0000: ceil: datatype of decimal with scale 20 is beyond supported scale#012         
Aug  4 14:25:29 srvhall03 PrimProc[12565]: 29.831525 |0|0|0| W 28 CAL0000: ceil: datatype of decimal with scale 21 is beyond supported scale#012         
Aug  4 14:25:29 srvhall03 PrimProc[12565]: 29.851932 |0|0|0| W 28 CAL0000: ceil: datatype of decimal with scale 19 is beyond supported scale#012         
Aug  4 14:25:29 srvhall03 PrimProc[12565]: 29.873242 |0|0|0| W 28 CAL0000: ceil: datatype of decimal with scale 20 is beyond supported scale#012         
Aug  4 14:25:29 srvhall03 PrimProc[12565]: 29.897710 |0|0|0| W 28 CAL0000: ceil: datatype of decimal with scale 21 is beyond supported scale#012         
Aug  4 14:25:29 srvhall03 PrimProc[12565]: 29.915372 |0|0|0| W 28 CAL0000: ceil: datatype of decimal with scale 22 is beyond supported scale#012         
Aug  4 14:28:43 srvhall03 dmlpackageproc[12786]: 43.959689 |0|0|0| W 21 CAL0002: IDB-2025: Data truncated for column 'c2' 
Aug  4 14:28:44 srvhall03 dmlpackageproc[12786]: 44.060088 |0|0|0| W 21 CAL0002: IDB-2025: Data truncated for column 'c2' 
Aug  4 14:48:34 srvhall03 dmlpackageproc[43125]: 34.876668 |0|0|0| W 21 CAL0002: IDB-2025: Data truncated for column 'cdecimal9' 
Aug  4 14:48:35 srvhall03 dmlpackageproc[43125]: 35.575696 |0|0|0| W 21 CAL0002: IDB-2025: Data truncated for column 'CDECIMAL10' 
Aug  4 14:48:35 srvhall03 dmlpackageproc[43125]: 35.974419 |0|0|0| W 21 CAL0002: IDB-2025: Data truncated for column 'CDECIMAL18' 
Aug  4 14:48:36 srvhall03 dmlpackageproc[43125]: 36.777724 |0|0|0| W 21 CAL0002: IDB-2025: Data truncated for column 'CINTEGER' 
Aug  4 14:48:39 srvhall03 dmlpackageproc[43125]: 39.450082 |0|0|0| W 21 CAL0002: IDB-2025: Data truncated for column 'c2' 
Aug  4 14:52:03 srvhall03 PrimProc[42885]: 03.013049 |0|0|0| W 28 CAL0000: ceil: datatype of decimal with scale 19 is beyond supported scale#012         
Aug  4 14:52:03 srvhall03 PrimProc[42885]: 03.039435 |0|0|0| W 28 CAL0000: ceil: datatype of decimal with scale 19 is beyond supported scale#012         
Aug  4 14:52:03 srvhall03 PrimProc[42885]: 03.061658 |0|0|0| W 28 CAL0000: ceil: datatype of decimal with scale 20 is beyond supported scale#012         
Aug  4 14:52:03 srvhall03 PrimProc[42885]: 03.084877 |0|0|0| W 28 CAL0000: ceil: datatype of decimal with scale 19 is beyond supported scale#012         
Aug  4 14:52:03 srvhall03 PrimProc[42885]: 03.107556 |0|0|0| W 28 CAL0000: ceil: datatype of decimal with scale 20 is beyond supported scale#012         
Aug  4 14:52:03 srvhall03 PrimProc[42885]: 03.129430 |0|0|0| W 28 CAL0000: ceil: datatype of decimal with scale 21 is beyond supported scale#012         
Aug  4 14:52:03 srvhall03 PrimProc[42885]: 03.151284 |0|0|0| W 28 CAL0000: ceil: datatype of decimal with scale 19 is beyond supported scale#012         
Aug  4 14:52:03 srvhall03 PrimProc[42885]: 03.173659 |0|0|0| W 28 CAL0000: ceil: datatype of decimal with scale 20 is beyond supported scale#012         
Aug  4 14:52:03 srvhall03 PrimProc[42885]: 03.194235 |0|0|0| W 28 CAL0000: ceil: datatype of decimal with scale 21 is beyond supported scale#012         
Aug  4 14:52:03 srvhall03 PrimProc[42885]: 03.218544 |0|0|0| W 28 CAL0000: ceil: datatype of decimal with scale 22 is beyond supported scale#012         
Aug  4 14:53:45 srvhall03 PrimProc[42885]: 45.355686 |0|0|0| W 28 CAL0000: PrimProc AsyncLoader caught error:  thr_popper: Error building filename for OID 0; fileOp.getFileName failed        
Aug  4 14:53:45 srvhall03 PrimProc[42885]: 45.365193 |0|0|0| W 28 CAL0000: PrimProc AsyncLoader caught error:  thr_popper: Error building filename for OID 0; fileOp.getFileName failed        
Aug  4 14:55:22 srvhall03 dmlpackageproc[43125]: 22.635389 |0|0|0| W 21 CAL0002: IDB-2025: Data truncated for column 'c2' 
Aug  4 14:55:22 srvhall03 dmlpackageproc[43125]: 22.734319 |0|0|0| W 21 CAL0002: IDB-2025: Data truncated for column 'c2' 
Aug  4 16:03:10 srvhall03 dmlpackageproc[13576]: 10.352078 |0|0|0| W 21 CAL0002: IDB-2025: Data truncated for column 'cdecimal9' 
Aug  4 16:03:10 srvhall03 dmlpackageproc[13576]: 10.856771 |0|0|0| W 21 CAL0002: IDB-2025: Data truncated for column 'CDECIMAL10' 
Aug  4 16:03:11 srvhall03 dmlpackageproc[13576]: 11.281448 |0|0|0| W 21 CAL0002: IDB-2025: Data truncated for column 'CDECIMAL18' 
Aug  4 16:03:12 srvhall03 dmlpackageproc[13576]: 12.075446 |0|0|0| W 21 CAL0002: IDB-2025: Data truncated for column 'CINTEGER' 
Aug  4 16:03:14 srvhall03 dmlpackageproc[13576]: 14.813400 |0|0|0| W 21 CAL0002: IDB-2025: Data truncated for column 'c2' 
Aug  4 16:06:31 srvhall03 PrimProc[13329]: 31.238771 |0|0|0| W 28 CAL0000: ceil: datatype of decimal with scale 19 is beyond supported scale#012         
Aug  4 16:06:31 srvhall03 PrimProc[13329]: 31.265683 |0|0|0| W 28 CAL0000: ceil: datatype of decimal with scale 19 is beyond supported scale#012         
Aug  4 16:06:31 srvhall03 PrimProc[13329]: 31.289141 |0|0|0| W 28 CAL0000: ceil: datatype of decimal with scale 20 is beyond supported scale#012         
Aug  4 16:06:31 srvhall03 PrimProc[13329]: 31.313653 |0|0|0| W 28 CAL0000: ceil: datatype of decimal with scale 19 is beyond supported scale#012         
Aug  4 16:06:31 srvhall03 PrimProc[13329]: 31.342582 |0|0|0| W 28 CAL0000: ceil: datatype of decimal with scale 20 is beyond supported scale#012         
Aug  4 16:06:31 srvhall03 PrimProc[13329]: 31.368713 |0|0|0| W 28 CAL0000: ceil: datatype of decimal with scale 21 is beyond supported scale#012         
Aug  4 16:06:31 srvhall03 PrimProc[13329]: 31.393646 |0|0|0| W 28 CAL0000: ceil: datatype of decimal with scale 19 is beyond supported scale#012         
Aug  4 16:06:31 srvhall03 PrimProc[13329]: 31.418008 |0|0|0| W 28 CAL0000: ceil: datatype of decimal with scale 20 is beyond supported scale#012         
Aug  4 16:06:31 srvhall03 PrimProc[13329]: 31.442027 |0|0|0| W 28 CAL0000: ceil: datatype of decimal with scale 21 is beyond supported scale#012         
Aug  4 16:06:31 srvhall03 PrimProc[13329]: 31.467520 |0|0|0| W 28 CAL0000: ceil: datatype of decimal with scale 22 is beyond supported scale#012         
Aug  4 16:09:59 srvhall03 dmlpackageproc[13576]: 59.082561 |0|0|0| W 21 CAL0002: IDB-2025: Data truncated for column 'c2' 
Aug  4 16:09:59 srvhall03 dmlpackageproc[13576]: 59.180394 |0|0|0| W 21 CAL0002: IDB-2025: Data truncated for column 'c2' 
