maketime q1	id	maketime(id, id, id)
maketime q1	8	08:08:08
maketime q1	9	09:09:09
maketime q1	10	10:10:10
maketime q1	11	11:11:11
maketime q1	12	12:12:12
maketime q1	13	13:13:13
maketime q1	14	14:14:14
maketime q1	15	15:15:15
maketime q1	16	16:16:16
maketime q1	17	17:17:17
maketime q1	18	18:18:18
maketime q1	19	19:19:19
maketime q1	20	20:20:20
maketime q1	21	21:21:21
maketime q1	22	22:22:22
maketime q1	23	23:23:23
maketime q1	24	24:24:24
maketime q1	25	25:25:25
maketime q1	26	26:26:26
maketime q1	27	27:27:27
maketime q1	28	28:28:28
maketime q1	29	29:29:29
maketime q1	30	30:30:30
maketime q1	31	31:31:31
maketime q1	32	32:32:32
maketime q1	33	33:33:33
maketime q1	34	34:34:34
maketime q1	35	35:35:35
maketime q1	36	36:36:36
maketime q1	37	37:37:37
maketime q1	38	38:38:38
maketime q1	39	39:39:39
maketime q1	40	40:40:40
maketime q1	41	41:41:41
maketime q1	42	42:42:42
maketime q1	43	43:43:43
maketime q1	44	44:44:44
maketime q1	45	45:45:45
maketime q1	46	46:46:46
maketime q1	47	47:47:47
maketime q1	48	48:48:48
maketime q1	49	49:49:49
maketime q1	50	50:50:50
maketime q1	51	51:51:51
maketime q1	52	52:52:52
maketime q1	53	53:53:53
maketime q1	54	54:54:54
maketime q1	55	55:55:55
maketime q1	56	56:56:56
maketime q1	57	57:57:57
maketime q1	58	58:58:58
maketime q1	59	59:59:59
maketime q2	id	maketime(id, id, id)
maketime q2	1	01:01:01
maketime q2	2	02:02:02
maketime q2	3	03:03:03
maketime q2	4	04:04:04
maketime q2	5	05:05:05
maketime q2	6	06:06:06
maketime q2	7	07:07:07
maketime q3	id	maketime(id, id, id)
maketime q3	1	01:01:01
maketime q3	2	02:02:02
maketime q3	3	03:03:03
maketime q3	4	04:04:04
maketime q3	5	05:05:05
maketime q3	6	06:06:06
maketime q3	7	07:07:07
maketime q4	id	maketime(id, id, id)
maketime q4	8	08:08:08
maketime q4	9	09:09:09
maketime q4	10	10:10:10
maketime q4	11	11:11:11
maketime q4	12	12:12:12
maketime q4	13	13:13:13
maketime q4	14	14:14:14
maketime q4	15	15:15:15
maketime q4	16	16:16:16
maketime q4	17	17:17:17
maketime q4	18	18:18:18
maketime q4	19	19:19:19
maketime q4	20	20:20:20
maketime q4	21	21:21:21
maketime q4	22	22:22:22
maketime q4	23	23:23:23
maketime q4	24	24:24:24
maketime q4	25	25:25:25
maketime q4	26	26:26:26
maketime q4	27	27:27:27
maketime q4	28	28:28:28
maketime q4	29	29:29:29
maketime q4	30	30:30:30
maketime q4	31	31:31:31
maketime q4	32	32:32:32
maketime q4	33	33:33:33
maketime q4	34	34:34:34
maketime q4	35	35:35:35
maketime q4	36	36:36:36
maketime q4	37	37:37:37
maketime q4	38	38:38:38
maketime q4	39	39:39:39
maketime q4	40	40:40:40
maketime q4	41	41:41:41
maketime q4	42	42:42:42
maketime q4	43	43:43:43
maketime q4	44	44:44:44
maketime q4	45	45:45:45
maketime q4	46	46:46:46
maketime q4	47	47:47:47
maketime q4	48	48:48:48
maketime q4	49	49:49:49
maketime q4	50	50:50:50
maketime q4	51	51:51:51
maketime q4	52	52:52:52
maketime q4	53	53:53:53
maketime q4	54	54:54:54
maketime q4	55	55:55:55
maketime q4	56	56:56:56
maketime q4	57	57:57:57
maketime q4	58	58:58:58
maketime q4	59	59:59:59
maketime q5	id	c1	c2	maketime(id, c1, c2)
maketime q5	39	0	0.	39:00:00
maketime q5	40	4	40	40:04:40
maketime q5	42	3	36	42:03:36
maketime q5	43	0	0.	43:00:00
maketime q5	45	4	49	45:04:49
maketime q5	46	0	0.	46:00:00
maketime q5	49	0	0.	49:00:00
maketime q5	50	-	-0	50:00:00
maketime q5	52	0	0.	52:00:00
maketime q5	53	1	16	53:01:16
maketime q5	54	4	44	54:04:44
maketime q5	56	0	0.	56:00:00
maketime q5	57	1	10	57:01:10
maketime q5	58	0	0.	58:00:00
maketime q5	59	1	1.	59:01:01
maketime q6	id	c1	c2	maketime(id, c1, c2)
maketime q6	2	1	1.	02:01:01
maketime q6	3	0	0.	03:00:00
maketime q6	4	0	0.	04:00:00
maketime q6	5	0	0.	05:00:00
maketime q6	6	-	-0	06:00:00
maketime q6	7	-	-0	07:00:00
maketime q6	9	4	4.	09:04:04
maketime q6	10	0	0.	10:00:00
maketime q6	11	4	48	11:04:48
maketime q6	13	9	9.	13:09:09
maketime q6	14	0	0.	14:00:00
maketime q6	15	2	26	15:02:26
maketime q6	17	1	16	17:01:16
maketime q6	18	1	1	18:01:01
maketime q6	19	2	23	19:02:23
maketime q6	20	2	2	20:02:02
maketime q6	21	-	-0	21:00:00
maketime q6	22	2	23	22:02:23
maketime q6	23	3	3	23:03:03
maketime q6	24	2	23	24:02:23
maketime q6	25	8	8.	25:08:08
maketime q6	26	9	9.	26:09:09
maketime q6	27	4	4.	27:04:04
maketime q6	30	1	1.	30:01:01
maketime q6	31	4	44	31:04:44
maketime q6	34	1	1.	34:01:01
maketime q6	35	0	0.	35:00:00
maketime q6	36	3	33	36:03:33
maketime q6	38	2	25	38:02:25
time q1	count(*)
time q1	59
time q2	count(*)
time q2	59
time q3	count(*)
time q3	41
time q4	count(*)
time q4	40
time q5	id	time(dtm)
time q5	1	08:19:22
time q5	2	08:18:22
time q5	3	08:17:22
time q5	4	08:16:22
time q5	5	08:15:22
time q5	6	08:14:22
time q5	7	08:13:22
time q5	8	08:12:22
time q5	9	08:11:22
time q5	10	08:10:22
time q5	11	08:09:22
time q5	12	08:08:22
time q5	13	08:07:22
time q5	14	08:06:22
time q5	15	08:05:22
time q5	16	08:04:22
time q5	17	08:03:22
time q5	18	08:02:22
time q5	19	08:01:22
time q5	20	08:00:22
time q5	21	07:59:22
time q5	22	07:58:22
time q5	23	07:57:22
time q5	24	07:56:22
time q5	25	07:55:22
time q5	26	07:54:22
time q5	27	07:53:22
time q5	28	07:52:22
time q5	29	07:51:22
time q5	30	07:50:22
time q5	31	07:49:22
time q5	32	07:48:22
time q5	33	07:47:22
time q5	34	07:46:22
time q5	35	07:45:22
time q5	36	07:44:22
time q5	37	07:43:22
time q5	38	07:42:22
time q5	39	07:41:22
time q5	40	07:40:22
time q5	41	07:39:22
time q5	42	07:38:22
time q5	43	07:37:22
time q5	44	07:36:22
time q5	45	07:35:22
time q5	46	07:34:22
time q5	47	07:33:22
time q5	48	07:32:22
time q5	49	07:31:22
time q5	50	07:30:22
time q5	51	07:29:22
time q5	52	07:28:22
time q5	53	07:27:22
time q5	54	07:26:22
time q5	55	07:25:22
time q5	56	07:24:22
time q5	57	07:23:22
time q5	58	07:22:22
time q5	59	07:21:22
time q5	60	07:20:22
time q5	61	07:19:22
time q5	62	07:18:22
time q5	63	07:17:22
time q5	64	07:16:22
time q5	65	07:15:22
time q5	66	07:14:22
time q5	67	07:13:22
time q5	68	07:12:22
time q5	69	07:11:22
time q5	70	07:10:22
time q5	71	07:09:22
time q5	72	07:08:22
time q5	73	07:07:22
time q5	74	07:06:22
time q5	75	07:05:22
time q5	76	07:04:22
time q5	77	07:03:22
time q5	78	07:02:22
time q5	79	07:01:22
time q5	80	07:00:22
time q5	81	06:59:22
time q5	82	06:58:22
time q5	83	06:57:22
time q5	84	06:56:22
time q5	85	06:55:22
time q5	86	06:54:22
time q5	87	06:53:22
time q5	88	06:52:22
time q5	89	06:51:22
time q5	90	06:50:22
time q5	91	06:49:22
time q5	92	06:48:22
time q5	93	06:47:22
time q5	94	06:46:22
time q5	95	06:45:22
time q5	96	06:44:22
time q5	97	06:43:22
time q5	98	06:42:22
time q5	99	06:41:22
time q5	100	06:40:22
timediff q1	id	dtm	c1	c2	timediff(time(dtm), maketime(id, c1, c2))
timediff q1	2	2010-11-01 08:18:22	1	1.	06:17:21
timediff q1	3	2010-10-25 08:17:22	0	0.	05:17:22
timediff q1	4	2010-10-18 08:16:22	0	0.	04:16:22
timediff q1	5	2010-10-11 08:15:22	0	0.	03:15:22
timediff q1	6	2010-10-04 08:14:22	-	-0	02:14:22
timediff q1	7	2010-09-27 08:13:22	-	-0	01:13:22
timediff q1	9	2010-09-13 08:11:22	4	4.	-00:52:42
timediff q1	10	2010-09-06 08:10:22	0	0.	-01:49:38
timediff q1	11	2010-08-30 08:09:22	4	48	-02:55:26
timediff q1	13	2010-08-16 08:07:22	9	9.	-05:01:47
timediff q1	14	2010-08-09 08:06:22	0	0.	-05:53:38
timediff q1	15	2010-08-02 08:05:22	2	26	-06:57:04
timediff q1	17	2010-07-19 08:03:22	1	16	-08:57:54
timediff q1	18	2010-07-12 08:02:22	1	1	-09:58:39
timediff q1	19	2010-07-05 08:01:22	2	23	-11:01:01
timediff q1	20	2010-06-28 08:00:22	2	2	-12:01:40
timediff q1	21	2010-06-21 07:59:22	-	-0	-13:00:38
timediff q1	22	2010-06-14 07:58:22	2	23	-14:04:01
timediff q1	23	2010-06-07 07:57:22	3	3	-15:05:41
timediff q1	24	2010-05-31 07:56:22	2	23	-16:06:01
timediff q1	25	2010-05-24 07:55:22	8	8.	-17:12:46
timediff q1	26	2010-05-17 07:54:22	9	9.	-18:14:47
timediff q1	27	2010-05-10 07:53:22	4	4.	-19:10:42
timediff q1	30	2010-04-19 07:50:22	1	1.	-22:10:39
timediff q1	31	2010-04-12 07:49:22	4	44	-23:15:22
timediff q1	34	2010-03-22 07:46:22	1	1.	-26:14:39
timediff q1	35	2010-03-15 07:45:22	0	0.	-27:14:38
timediff q1	36	2010-03-08 07:44:22	3	33	-28:19:11
timediff q1	38	2010-02-22 07:42:22	2	25	-30:20:03
timediff q1	39	2010-02-15 07:41:22	0	0.	-31:18:38
timediff q1	40	2010-02-08 07:40:22	4	40	-32:24:18
timediff q1	42	2010-01-25 07:38:22	3	36	-34:25:14
timediff q1	43	2010-01-18 07:37:22	0	0.	-35:22:38
timediff q1	45	2010-01-04 07:35:22	4	49	-37:29:27
timediff q1	46	2009-12-28 07:34:22	0	0.	-38:25:38
timediff q1	49	2009-12-07 07:31:22	0	0.	-41:28:38
timediff q1	50	2009-11-30 07:30:22	-	-0	-42:29:38
timediff q1	52	2009-11-16 07:28:22	0	0.	-44:31:38
timediff q1	53	2009-11-09 07:27:22	1	16	-45:33:54
timediff q1	54	2009-11-02 07:26:22	4	44	-46:38:22
timediff q1	56	2009-10-19 07:24:22	0	0.	-48:35:38
timediff q1	57	2009-10-12 07:23:22	1	10	-49:37:48
timediff q1	58	2009-10-05 07:22:22	0	0.	-50:37:38
timediff q1	59	2009-09-28 07:21:22	1	1.	-51:39:39
timediff q2	id	dtm	timediff(time(dtm), time(dtm))
timediff q2	1	2010-11-08 08:19:22	00:00:00
timediff q2	2	2010-11-01 08:18:22	00:00:00
timediff q2	3	2010-10-25 08:17:22	00:00:00
timediff q2	4	2010-10-18 08:16:22	00:00:00
timediff q2	5	2010-10-11 08:15:22	00:00:00
timediff q2	6	2010-10-04 08:14:22	00:00:00
timediff q2	7	2010-09-27 08:13:22	00:00:00
timediff q2	8	2010-09-20 08:12:22	00:00:00
timediff q2	9	2010-09-13 08:11:22	00:00:00
timediff q2	10	2010-09-06 08:10:22	00:00:00
timediff q2	11	2010-08-30 08:09:22	00:00:00
timediff q2	12	2010-08-23 08:08:22	00:00:00
timediff q2	13	2010-08-16 08:07:22	00:00:00
timediff q2	14	2010-08-09 08:06:22	00:00:00
timediff q2	15	2010-08-02 08:05:22	00:00:00
timediff q2	16	2010-07-26 08:04:22	00:00:00
timediff q2	17	2010-07-19 08:03:22	00:00:00
timediff q2	18	2010-07-12 08:02:22	00:00:00
timediff q2	19	2010-07-05 08:01:22	00:00:00
timediff q2	20	2010-06-28 08:00:22	00:00:00
timediff q2	21	2010-06-21 07:59:22	00:00:00
timediff q2	22	2010-06-14 07:58:22	00:00:00
timediff q2	23	2010-06-07 07:57:22	00:00:00
timediff q2	24	2010-05-31 07:56:22	00:00:00
timediff q2	25	2010-05-24 07:55:22	00:00:00
timediff q2	26	2010-05-17 07:54:22	00:00:00
timediff q2	27	2010-05-10 07:53:22	00:00:00
timediff q2	28	2010-05-03 07:52:22	00:00:00
timediff q2	29	2010-04-26 07:51:22	00:00:00
timediff q2	30	2010-04-19 07:50:22	00:00:00
timediff q2	31	2010-04-12 07:49:22	00:00:00
timediff q2	32	2010-04-05 07:48:22	00:00:00
timediff q2	33	2010-03-29 07:47:22	00:00:00
timediff q2	34	2010-03-22 07:46:22	00:00:00
timediff q2	35	2010-03-15 07:45:22	00:00:00
timediff q2	36	2010-03-08 07:44:22	00:00:00
timediff q2	37	2010-03-01 07:43:22	00:00:00
timediff q2	38	2010-02-22 07:42:22	00:00:00
timediff q2	39	2010-02-15 07:41:22	00:00:00
timediff q2	40	2010-02-08 07:40:22	00:00:00
timediff q2	41	2010-02-01 07:39:22	00:00:00
timediff q2	42	2010-01-25 07:38:22	00:00:00
timediff q2	43	2010-01-18 07:37:22	00:00:00
timediff q2	44	2010-01-11 07:36:22	00:00:00
timediff q2	45	2010-01-04 07:35:22	00:00:00
timediff q2	46	2009-12-28 07:34:22	00:00:00
timediff q2	47	2009-12-21 07:33:22	00:00:00
timediff q2	48	2009-12-14 07:32:22	00:00:00
timediff q2	49	2009-12-07 07:31:22	00:00:00
timediff q2	50	2009-11-30 07:30:22	00:00:00
timediff q2	51	2009-11-23 07:29:22	00:00:00
timediff q2	52	2009-11-16 07:28:22	00:00:00
timediff q2	53	2009-11-09 07:27:22	00:00:00
timediff q2	54	2009-11-02 07:26:22	00:00:00
timediff q2	55	2009-10-26 07:25:22	00:00:00
timediff q2	56	2009-10-19 07:24:22	00:00:00
timediff q2	57	2009-10-12 07:23:22	00:00:00
timediff q2	58	2009-10-05 07:22:22	00:00:00
timediff q2	59	2009-09-28 07:21:22	00:00:00
timediff q2	60	2009-09-21 07:20:22	00:00:00
timediff q2	61	2009-09-14 07:19:22	00:00:00
timediff q2	62	2009-09-07 07:18:22	00:00:00
timediff q2	63	2009-08-31 07:17:22	00:00:00
timediff q2	64	2009-08-24 07:16:22	00:00:00
timediff q2	65	2009-08-17 07:15:22	00:00:00
timediff q2	66	2009-08-10 07:14:22	00:00:00
timediff q2	67	2009-08-03 07:13:22	00:00:00
timediff q2	68	2009-07-27 07:12:22	00:00:00
timediff q2	69	2009-07-20 07:11:22	00:00:00
timediff q2	70	2009-07-13 07:10:22	00:00:00
timediff q2	71	2009-07-06 07:09:22	00:00:00
timediff q2	72	2009-06-29 07:08:22	00:00:00
timediff q2	73	2009-06-22 07:07:22	00:00:00
timediff q2	74	2009-06-15 07:06:22	00:00:00
timediff q2	75	2009-06-08 07:05:22	00:00:00
timediff q2	76	2009-06-01 07:04:22	00:00:00
timediff q2	77	2009-05-25 07:03:22	00:00:00
timediff q2	78	2009-05-18 07:02:22	00:00:00
timediff q2	79	2009-05-11 07:01:22	00:00:00
timediff q2	80	2009-05-04 07:00:22	00:00:00
timediff q2	81	2009-04-27 06:59:22	00:00:00
timediff q2	82	2009-04-20 06:58:22	00:00:00
timediff q2	83	2009-04-13 06:57:22	00:00:00
timediff q2	84	2009-04-06 06:56:22	00:00:00
timediff q2	85	2009-03-30 06:55:22	00:00:00
timediff q2	86	2009-03-23 06:54:22	00:00:00
timediff q2	87	2009-03-16 06:53:22	00:00:00
timediff q2	88	2009-03-09 06:52:22	00:00:00
timediff q2	89	2009-03-02 06:51:22	00:00:00
timediff q2	90	2009-02-23 06:50:22	00:00:00
timediff q2	91	2009-02-16 06:49:22	00:00:00
timediff q2	92	2009-02-09 06:48:22	00:00:00
timediff q2	93	2009-02-02 06:47:22	00:00:00
timediff q2	94	2009-01-26 06:46:22	00:00:00
timediff q2	95	2009-01-19 06:45:22	00:00:00
timediff q2	96	2009-01-12 06:44:22	00:00:00
timediff q2	97	2009-01-05 06:43:22	00:00:00
timediff q2	98	2008-12-29 06:42:22	00:00:00
timediff q2	99	2008-12-22 06:41:22	00:00:00
timediff q2	100	2008-12-15 06:40:22	00:00:00
timediff q3	id	dtm	timediff(dtm, dtm)
timediff q3	1	2010-11-08 08:19:22	00:00:00
timediff q3	2	2010-11-01 08:18:22	00:00:00
timediff q3	3	2010-10-25 08:17:22	00:00:00
timediff q3	4	2010-10-18 08:16:22	00:00:00
timediff q3	5	2010-10-11 08:15:22	00:00:00
timediff q3	6	2010-10-04 08:14:22	00:00:00
timediff q3	7	2010-09-27 08:13:22	00:00:00
timediff q3	8	2010-09-20 08:12:22	00:00:00
timediff q3	9	2010-09-13 08:11:22	00:00:00
timediff q3	10	2010-09-06 08:10:22	00:00:00
timediff q3	11	2010-08-30 08:09:22	00:00:00
timediff q3	12	2010-08-23 08:08:22	00:00:00
timediff q3	13	2010-08-16 08:07:22	00:00:00
timediff q3	14	2010-08-09 08:06:22	00:00:00
timediff q3	15	2010-08-02 08:05:22	00:00:00
timediff q3	16	2010-07-26 08:04:22	00:00:00
timediff q3	17	2010-07-19 08:03:22	00:00:00
timediff q3	18	2010-07-12 08:02:22	00:00:00
timediff q3	19	2010-07-05 08:01:22	00:00:00
timediff q3	20	2010-06-28 08:00:22	00:00:00
timediff q3	21	2010-06-21 07:59:22	00:00:00
timediff q3	22	2010-06-14 07:58:22	00:00:00
timediff q3	23	2010-06-07 07:57:22	00:00:00
timediff q3	24	2010-05-31 07:56:22	00:00:00
timediff q3	25	2010-05-24 07:55:22	00:00:00
timediff q3	26	2010-05-17 07:54:22	00:00:00
timediff q3	27	2010-05-10 07:53:22	00:00:00
timediff q3	28	2010-05-03 07:52:22	00:00:00
timediff q3	29	2010-04-26 07:51:22	00:00:00
timediff q3	30	2010-04-19 07:50:22	00:00:00
timediff q3	31	2010-04-12 07:49:22	00:00:00
timediff q3	32	2010-04-05 07:48:22	00:00:00
timediff q3	33	2010-03-29 07:47:22	00:00:00
timediff q3	34	2010-03-22 07:46:22	00:00:00
timediff q3	35	2010-03-15 07:45:22	00:00:00
timediff q3	36	2010-03-08 07:44:22	00:00:00
timediff q3	37	2010-03-01 07:43:22	00:00:00
timediff q3	38	2010-02-22 07:42:22	00:00:00
timediff q3	39	2010-02-15 07:41:22	00:00:00
timediff q3	40	2010-02-08 07:40:22	00:00:00
timediff q3	41	2010-02-01 07:39:22	00:00:00
timediff q3	42	2010-01-25 07:38:22	00:00:00
timediff q3	43	2010-01-18 07:37:22	00:00:00
timediff q3	44	2010-01-11 07:36:22	00:00:00
timediff q3	45	2010-01-04 07:35:22	00:00:00
timediff q3	46	2009-12-28 07:34:22	00:00:00
timediff q3	47	2009-12-21 07:33:22	00:00:00
timediff q3	48	2009-12-14 07:32:22	00:00:00
timediff q3	49	2009-12-07 07:31:22	00:00:00
timediff q3	50	2009-11-30 07:30:22	00:00:00
timediff q3	51	2009-11-23 07:29:22	00:00:00
timediff q3	52	2009-11-16 07:28:22	00:00:00
timediff q3	53	2009-11-09 07:27:22	00:00:00
timediff q3	54	2009-11-02 07:26:22	00:00:00
timediff q3	55	2009-10-26 07:25:22	00:00:00
timediff q3	56	2009-10-19 07:24:22	00:00:00
timediff q3	57	2009-10-12 07:23:22	00:00:00
timediff q3	58	2009-10-05 07:22:22	00:00:00
timediff q3	59	2009-09-28 07:21:22	00:00:00
timediff q3	60	2009-09-21 07:20:22	00:00:00
timediff q3	61	2009-09-14 07:19:22	00:00:00
timediff q3	62	2009-09-07 07:18:22	00:00:00
timediff q3	63	2009-08-31 07:17:22	00:00:00
timediff q3	64	2009-08-24 07:16:22	00:00:00
timediff q3	65	2009-08-17 07:15:22	00:00:00
timediff q3	66	2009-08-10 07:14:22	00:00:00
timediff q3	67	2009-08-03 07:13:22	00:00:00
timediff q3	68	2009-07-27 07:12:22	00:00:00
timediff q3	69	2009-07-20 07:11:22	00:00:00
timediff q3	70	2009-07-13 07:10:22	00:00:00
timediff q3	71	2009-07-06 07:09:22	00:00:00
timediff q3	72	2009-06-29 07:08:22	00:00:00
timediff q3	73	2009-06-22 07:07:22	00:00:00
timediff q3	74	2009-06-15 07:06:22	00:00:00
timediff q3	75	2009-06-08 07:05:22	00:00:00
timediff q3	76	2009-06-01 07:04:22	00:00:00
timediff q3	77	2009-05-25 07:03:22	00:00:00
timediff q3	78	2009-05-18 07:02:22	00:00:00
timediff q3	79	2009-05-11 07:01:22	00:00:00
timediff q3	80	2009-05-04 07:00:22	00:00:00
timediff q3	81	2009-04-27 06:59:22	00:00:00
timediff q3	82	2009-04-20 06:58:22	00:00:00
timediff q3	83	2009-04-13 06:57:22	00:00:00
timediff q3	84	2009-04-06 06:56:22	00:00:00
timediff q3	85	2009-03-30 06:55:22	00:00:00
timediff q3	86	2009-03-23 06:54:22	00:00:00
timediff q3	87	2009-03-16 06:53:22	00:00:00
timediff q3	88	2009-03-09 06:52:22	00:00:00
timediff q3	89	2009-03-02 06:51:22	00:00:00
timediff q3	90	2009-02-23 06:50:22	00:00:00
timediff q3	91	2009-02-16 06:49:22	00:00:00
timediff q3	92	2009-02-09 06:48:22	00:00:00
timediff q3	93	2009-02-02 06:47:22	00:00:00
timediff q3	94	2009-01-26 06:46:22	00:00:00
timediff q3	95	2009-01-19 06:45:22	00:00:00
timediff q3	96	2009-01-12 06:44:22	00:00:00
timediff q3	97	2009-01-05 06:43:22	00:00:00
timediff q3	98	2008-12-29 06:42:22	00:00:00
timediff q3	99	2008-12-22 06:41:22	00:00:00
timediff q3	100	2008-12-15 06:40:22	00:00:00
timediff q4	id	dtm	c1	c2	timediff(time(dtm), maketime(id, c1, c2))
timediff q4	2	2010-11-01 08:18:22	1	1.	06:17:21
timediff q4	3	2010-10-25 08:17:22	0	0.	05:17:22
timediff q4	4	2010-10-18 08:16:22	0	0.	04:16:22
timediff q4	5	2010-10-11 08:15:22	0	0.	03:15:22
cast as time q1	id	dtm	cast(dtm as time)
cast as time q1	95	2009-01-19 06:45:22	06:45:22
cast as time q1	96	2009-01-12 06:44:22	06:44:22
cast as time q1	97	2009-01-05 06:43:22	06:43:22
cast as time q1	98	2008-12-29 06:42:22	06:42:22
cast as time q1	99	2008-12-22 06:41:22	06:41:22
cast as time q1	100	2008-12-15 06:40:22	06:40:22
cast as time q2	id	dtm	cast(dtm as time)
cast as time q2	95	2009-01-19 06:45:22	06:45:22
cast as time q2	96	2009-01-12 06:44:22	06:44:22
cast as time q2	97	2009-01-05 06:43:22	06:43:22
cast as time q2	98	2008-12-29 06:42:22	06:42:22
cast as time q2	99	2008-12-22 06:41:22	06:41:22
cast as time q2	100	2008-12-15 06:40:22	06:40:22
addtime q1	id	dtm	addtime(dtm, '02:22:22')
addtime q1	95	2009-01-19 06:45:22	2009-01-19 09:07:44
addtime q1	96	2009-01-12 06:44:22	2009-01-12 09:06:44
addtime q1	97	2009-01-05 06:43:22	2009-01-05 09:05:44
addtime q1	98	2008-12-29 06:42:22	2008-12-29 09:04:44
addtime q1	99	2008-12-22 06:41:22	2008-12-22 09:03:44
addtime q1	100	2008-12-15 06:40:22	2008-12-15 09:02:44
timestampadd q1	id	dtm	timestampadd(second, 23, dtm)
timestampadd q1	94	2009-01-26 06:46:22	2009-01-26 06:46:45
timestampadd q1	95	2009-01-19 06:45:22	2009-01-19 06:45:45
timestampdiff q1	id	dt	dtm	timestampdiff(SECOND, dt, dtm)	date_add(dt, interval timestampdiff(SECOND, dt, dtm) second)
timestampdiff q1	1	2010-11-08	2010-11-08 08:19:22	29962	2010-11-08 08:19:22
timestampdiff q1	2	2010-11-01	2010-11-01 08:18:22	29902	2010-11-01 08:18:22
timestampdiff q1	3	2010-10-25	2010-10-25 08:17:22	29842	2010-10-25 08:17:22
timestampdiff q1	4	2010-10-18	2010-10-18 08:16:22	29782	2010-10-18 08:16:22
timestampdiff q1	5	2010-10-11	2010-10-11 08:15:22	29722	2010-10-11 08:15:22
timestampdiff q1	6	2010-10-04	2010-10-04 08:14:22	29662	2010-10-04 08:14:22
timestampdiff q1	7	2010-09-27	2010-09-27 08:13:22	29602	2010-09-27 08:13:22
timestampdiff q1	8	2010-09-20	2010-09-20 08:12:22	29542	2010-09-20 08:12:22
timestampdiff q1	9	2010-09-13	2010-09-13 08:11:22	29482	2010-09-13 08:11:22
timestampdiff q1	10	2010-09-06	2010-09-06 08:10:22	29422	2010-09-06 08:10:22
