COUNT(CBIGINT)
11
COUNT(CDECIMAL1)
11
COUNT(CDECIMAL4)
11
COUNT(CDECIMAL4_2)
11
COUNT(CDECIMAL5)
11
COUNT(CDECIMAL9)
11
COUNT(CDECIMAL9_2)
11
COUNT(CDECIMAL10)
11
COUNT(CDECIMAL18)
11
COUNT(CDECIMAL18_2)
11
COUNT(CINTEGER)
11
COUNT(CSMALLINT)
11
COUNT(CTINYINT)
11
COUNT(CDATE)
11
COUNT(CDATETIME)
11
COUNT(CCHAR1)
10
COUNT(CCHAR2)
10
COUNT(CCHAR3)
10
COUNT(CCHAR4)
10
COUNT(CCHAR5)
10
COUNT(CCHAR6)
10
COUNT(CCHAR7)
10
COUNT(CCHAR8)
10
COUNT(CCHAR9)
10
COUNT(CCHAR255)
10
COUNT(CVCHAR1)
10
COUNT(CVCHAR2)
10
COUNT(CVCHAR3)
10
COUNT(CVCHAR4)
10
COUNT(CVCHAR5)
10
COUNT(CVCHAR6)
10
COUNT(CVCHAR7)
10
COUNT(CVCHAR8)
10
COUNT(CVCHAR255)
10
