MIN(CBIGINT)
-72036854775806
MIN(CDECIMAL1)
-9
MIN(CDECIMAL4)
-999
MIN(CDECIMAL4_2)
-9.99
MIN(CDECIMAL5)
-999
MIN(CDECIMAL9)
-999999
MIN(CDECIMAL9_2)
-9999.99
MIN(CDECIMAL10)
-9999999
MIN(CDECIMAL18)
-9999999999999
MIN(CDECIMAL18_2)
-99999999999.99
MIN(CINTEGER)
-7483646
MIN(CSMALLINT)
-766
MIN(CTINYINT)
-26
MIN(CDATE)
1997-01-01
MIN(CDATETIME)
1997-01-01 00:00:00
MIN(CCHAR1)
a
MIN(CCHAR2)
aa
MIN(CCHAR3)
aaa
MIN(CCHAR4)
aaaa
MIN(CCHAR5)
aaaaa
MIN(CCHAR6)
aaaaaa
MIN(CCHAR7)
aaaaaaa
MIN(CCHAR8)
aaaaaaaa
MIN(CCHAR9)
aaaaaaaaa
MIN(CCHAR255)
aaaaaaaaaa
MIN(CVCHAR1)
a
MIN(CVCHAR2)
aa
MIN(CVCHAR3)
aaa
MIN(CVCHAR4)
aaaa
MIN(CVCHAR5)
aaaaa
MIN(CVCHAR6)
aaaaaa
MIN(CVCHAR7)
aaaaaaa
MIN(CVCHAR8)
aaaaaaaa
MIN(CVCHAR255)
aaaaaaaaaa
