group_concat(cchar1, cchar2, cchar3)
aaaaaa,abc,abbcc,abbccc,abbccc,zyyxxx,zyyxxx,zyyxxx,zyyxxx,zzzzzz
group_concat(cchar1, cchar2, cchar3 order by 1, 2, 3)
aaaaaa,abc,abbcc,abbccc,abbccc,zyyxxx,zyyxxx,zyyxxx,zyyxxx,zzzzzz
gc
aaaaaa,abc,abbcc,abbccc,abbccc,zyyxxx,zyyxxx,zyyxxx,zyyxxx,zzzzzz
gc
a1aa2aaa,a1b2c,a1bb2cc,a1bb2ccc,a1bb2ccc,z1yy2xxx,z1yy2xxx,z1yy2xxx,z1yy2xxx,z1zz2zzz
group_concat(cdouble,cchar1)
-1.797693231e+108a,-1.79769323e+108a,-1.797693229e+108a,-1.797693228e+108a,-1.797693227e+108a,1.797693227e+108z,1.797693228e+108z,1.797693229e+108z,1.79769323e+108z,1.797693231e+108z
group_concat(d12)
-8.76,1.29,0.85,0.90,0.20,-0.90,-0.20,-7.81,4.81,0.17,99.99,-6.63,9.49,0.91,99.99,-5.78,16.63,1.00,99.99,2.00,0.00,99.99,3.00,99.99,8.24,9.89,4.23,-99.99,-44.00,1.23,44.85,-23.77,99.99,1.23,0.57,99.99,-4.50,25.57,0.85,99.99,-3.36,36.01,0.72,-2.75,49.68,0.90,-1.09,64.93,0.38,-0.68,81.19,1.00,99.99,44.00,-44.00,0.50,99.99,0.72,1.56,99.99,0.08,99.99,2.27,99.99,0.45,3.08,99.99,0.16,99.99,4.53,99.99,0.27,99.99,5.45,99.99,0.09,99.99,6.86,99.99,0.01,99.99,7.44,99.99,0.87,99.99,8.80,99.99,0.95,99.99,9.32,99.99,0.90,99.99,10.73,99.99,0.21,99.99,99.99,-99.99,0.23
group_concat(db, c1)
-8.76221-,1.291071,0.8458140,0.90,0.20,-0.9-,-0.2-,-7.80652-,4.810624,0.1735310,4849830.1518634,-6.63304-,9.491749,0.9100940,2652570.8931882,-5.77965-,16.63181,11,2342342,22,-0.0003-,2342,33,234232,8.2378,9.88719,4.2334,-2233-,-44-,1.2342342341,44.854,-23.77-,8888,1.2343322321,0.5710770,3321580.1044553,-4.49707-,25.56742,0.8541650,4014090.1080224,-3.3606-,36.01313,0.7201840,-2.74564-,49.67674,0.8967820,-1.09238-,64.92866,0.3776630,-0.675745-,81.19428,0.9955530,1612960.7080341,444,-44-,0.5015190,100.9361,0.7163230,1.55941,121.7051,0.07823370,510530.1961975,2.274212,144.6391,0.4482080,3.077763,169.0381,0.1600440,3978320.6888983,4.534714,196.6871,0.2724570,4659330.2765554,5.450095,225.9352,0.08693180,4538890.9456254,6.855726,256.1212,0.01416390,2345150.866234332,7.437397,289.772,0.8740030,3769340.9443283,8.798498,324.8393,0.9466560,5860520.5991635,9.319359,361.4213,0.9041070,1584620.8351591,10.73191,400.4924,0.2121290,1197520.04836311,3883,-232.3-,0.234234234230
group_concat(n_name order by n_regionkey)
KENYA,ALGERIA,MOROCCO,ETHIOPIA,MOZAMBIQUE,ARGENTINA,PERU,CANADA,UNITED STATES,BRAZIL,CHINA,INDIA,VIETNAM,INDONESIA,JAPAN,ROMANIA,GERMANY,RUSSIA,UNITED KINGDOM,FRANCE,SAUDI ARABIA,IRAN,JORDAN,IRAQ,EGYPT
group_concat(n_name order by n_regionkey desc)
EGYPT,JORDAN,IRAQ,SAUDI ARABIA,IRAN,GERMANY,RUSSIA,ROMANIA,UNITED KINGDOM,FRANCE,INDIA,CHINA,VIETNAM,INDONESIA,JAPAN,CANADA,ARGENTINA,PERU,UNITED STATES,BRAZIL,MOZAMBIQUE,MOROCCO,KENYA,ETHIOPIA,ALGERIA
group_concat(n_regionkey, n_name, n_nationkey)
0ALGERIA0,1ARGENTINA1,1BRAZIL2,1CANADA3,4EGYPT4,0ETHIOPIA5,3FRANCE6,3GERMANY7,2INDIA8,2INDONESIA9,4IRAN10,4IRAQ11,2JAPAN12,4JORDAN13,0KENYA14,0MOROCCO15,0MOZAMBIQUE16,1PERU17,2CHINA18,3ROMANIA19,4SAUDI ARABIA20,2VIETNAM21,3RUSSIA22,3UNITED KINGDOM23,1UNITED STATES24
group_concat(n_regionkey, n_name, n_nationkey separator '')
0ALGERIA01ARGENTINA11BRAZIL21CANADA34EGYPT40ETHIOPIA53FRANCE63GERMANY72INDIA82INDONESIA94IRAN104IRAQ112JAPAN124JORDAN130KENYA140MOROCCO150MOZAMBIQUE161PERU172CHINA183ROMANIA194SAUDI ARABIA202VIETNAM213RUSSIA223UNITED KINGDOM231UNITED STATES24
gc
00ALGERIA:11ARGENTINA:21BRAZIL:31CANADA:44EGYPT:50ETHIOPIA:63FRANCE:73GERMANY:82INDIA:92INDONESIA:104IRAN:114IRAQ:122JAPAN:134JORDAN:140KENYA:150MOROCCO:160MOZAMBIQUE:171PERU:182CHINA:193ROMANIA:204SAUDI ARABIA:212VIETNAM:223RUSSIA:233UNITED KINGDOM:241UNITED STATES
gc
000ALGERIA:111ARGENTINA:212BRAZIL:313CANADA:444EGYPT:505ETHIOPIA:636FRANCE:737GERMANY:828INDIA:929INDONESIA:10410IRAN:11411IRAQ:12212JAPAN:13413JORDAN:14014KENYA:15015MOROCCO:16016MOZAMBIQUE:17117PERU:18218CHINA:19319ROMANIA:20420SAUDI ARABIA:21221VIETNAM:22322RUSSIA:23323UNITED KINGDOM:24124UNITED STATES
gc
000ALGERIA:14014KENYA:22322RUSSIA:929INDONESIA:111ARGENTINA:18218CHINA:23323UNITED KINGDOM:313CANADA:10410IRAN:21221VIETNAM:13413JORDAN:737GERMANY:11411IRAQ:12212JAPAN:17117PERU:636FRANCE:15015MOROCCO:16016MOZAMBIQUE:828INDIA:20420SAUDI ARABIA:19319ROMANIA:505ETHIOPIA:444EGYPT:212BRAZIL:24124UNITED STATES
gc
000ALGERIA:111ARGENTINA:212BRAZIL:313CANADA:444EGYPT:505ETHIOPIA:636FRANCE:737GERMANY:828INDIA:929INDONESIA:10410IRAN:11411IRAQ:12212JAPAN:13413JORDAN:14014KENYA:15015MOROCCO:16016MOZAMBIQUE:17117PERU:18218CHINA:19319ROMANIA:20420SAUDI ARABIA:21221VIETNAM:22322RUSSIA:23323UNITED KINGDOM:24124UNITED STATES
gc
0ALGERIA0:0KENYA14:3RUSSIA22:2INDONESIA9:1ARGENTINA1:2CHINA18:3UNITED KINGDOM23:1CANADA3:4IRAN10:2VIETNAM21:4JORDAN13:3GERMANY7:4IRAQ11:2JAPAN12:1PERU17:3FRANCE6:0MOROCCO15:0MOZAMBIQUE16:2INDIA8:4SAUDI ARABIA20:3ROMANIA19:0ETHIOPIA5:4EGYPT4:1BRAZIL2:1UNITED STATES24
gc
0ALGERIA0:0KENYA14:3RUSSIA22:2INDONESIA9:1ARGENTINA1:2CHINA18:3UNITED KINGDOM23:1CANADA3:4IRAN10:2VIETNAM21:4JORDAN13:3GERMANY7:4IRAQ11:2JAPAN12:1PERU17:3FRANCE6:0MOROCCO15:0MOZAMBIQUE16:2INDIA8:4SAUDI ARABIA20:3ROMANIA19:0ETHIOPIA5:4EGYPT4:1BRAZIL2:1UNITED STATES24
gc
1UNITED STATES24:1BRAZIL2:4EGYPT4:0ETHIOPIA5:3ROMANIA19:4SAUDI ARABIA20:2INDIA8:0MOZAMBIQUE16:0MOROCCO15:3FRANCE6:1PERU17:2JAPAN12:4IRAQ11:3GERMANY7:4JORDAN13:2VIETNAM21:4IRAN10:1CANADA3:3UNITED KINGDOM23:2CHINA18:1ARGENTINA1:2INDONESIA9:3RUSSIA22:0KENYA14:0ALGERIA0
group_concat(r_regionkey)
0,1,2,3,4
group_concat(r_regionkey, r_name)
0AFRICA,1AMERICA,2ASIA,3EUROPE,4MIDDLE EAST
group_concat(r_name)
AFRICA,AMERICA,ASIA,EUROPE,MIDDLE EAST
group_concat(r_name order by r_regionkey)
AFRICA,AMERICA,ASIA,EUROPE,MIDDLE EAST
group_concat(r_name order by r_regionkey desc)
MIDDLE EAST,EUROPE,ASIA,AMERICA,AFRICA
group_concat(r_name order by 1 desc separator '$')
MIDDLE EAST$EUROPE$ASIA$AMERICA$AFRICA
group_concat(r_name order by r_regionkey desc separator '$')
MIDDLE EAST$EUROPE$ASIA$AMERICA$AFRICA
group_concat(n_name, r_name order by 1)
ALGERIAAFRICA,ARGENTINAAMERICA,BRAZILAMERICA,CANADAAMERICA,CHINAASIA,EGYPTMIDDLE EAST,ETHIOPIAAFRICA,FRANCEEUROPE,GERMANYEUROPE,INDIAASIA,INDONESIAASIA,IRANMIDDLE EAST,IRAQMIDDLE EAST,JAPANASIA,JORDANMIDDLE EAST,KENYAAFRICA,MOROCCOAFRICA,MOZAMBIQUEAFRICA,PERUAMERICA,ROMANIAEUROPE,RUSSIAEUROPE,SAUDI ARABIAMIDDLE EAST,UNITED KINGDOMEUROPE,UNITED STATESAMERICA,VIETNAMASIA
group_concat(r_name, n_name order by 2)
AFRICAALGERIA,AMERICAARGENTINA,AMERICABRAZIL,AMERICACANADA,ASIACHINA,MIDDLE EASTEGYPT,AFRICAETHIOPIA,EUROPEFRANCE,EUROPEGERMANY,ASIAINDIA,ASIAINDONESIA,MIDDLE EASTIRAN,MIDDLE EASTIRAQ,ASIAJAPAN,MIDDLE EASTJORDAN,AFRICAKENYA,AFRICAMOROCCO,AFRICAMOZAMBIQUE,AMERICAPERU,EUROPEROMANIA,EUROPERUSSIA,MIDDLE EASTSAUDI ARABIA,EUROPEUNITED KINGDOM,AMERICAUNITED STATES,ASIAVIETNAM
gc
0#AFRICA@0&ALGERIA,0#AFRICA@5&ETHIOPIA,0#AFRICA@14&KENYA,0#AFRICA@15&MOROCCO,0#AFRICA@16&MOZAMBIQUE,1#AMERICA@1&ARGENTINA,1#AMERICA@2&BRAZIL,1#AMERICA@3&CANADA,1#AMERICA@17&PERU,1#AMERICA@24&UNITED STATES,2#ASIA@8&INDIA,2#ASIA@9&INDONESIA,2#ASIA@12&JAPAN,2#ASIA@18&CHINA,2#ASIA@21&VIETNAM,3#EUROPE@6&FRANCE,3#EUROPE@7&GERMANY,3#EUROPE@19&ROMANIA,3#EUROPE@22&RUSSIA,3#EUROPE@23&UNITED KINGDOM,4#MIDDLE EAST@4&EGYPT,4#MIDDLE EAST@10&IRAN,4#MIDDLE EAST@11&IRAQ,4#MIDDLE EAST@13&JORDAN,4#MIDDLE EAST@20&SAUDI ARABIA
a
0,1,2,3,4
a
4,3,2,1,0
a
0$1$4$3$2
count(distinct n_regionkey)	group_concat(n_nationkey, "=", n_name order by 1)
5	0=ALGERIA,1=ARGENTINA,2=BRAZIL,3=CANADA,4=EGYPT,5=ETHIOPIA,6=FRANCE,7=GERMANY,8=INDIA,9=INDONESIA,10=IRAN,11=IRAQ,12=JAPAN,13=JORDAN,14=KENYA,15=MOROCCO,16=MOZAMBIQUE,17=PERU,18=CHINA,19=ROMANIA,20=SAUDI ARABIA,21=VIETNAM,22=RUSSIA,23=UNITED KINGDOM,24=UNITED STATES
count(distinct n_regionkey)	count(distinct n_name)	group_concat(n_nationkey, "=", n_name order by 1)
5	25	0=ALGERIA,1=ARGENTINA,2=BRAZIL,3=CANADA,4=EGYPT,5=ETHIOPIA,6=FRANCE,7=GERMANY,8=INDIA,9=INDONESIA,10=IRAN,11=IRAQ,12=JAPAN,13=JORDAN,14=KENYA,15=MOROCCO,16=MOZAMBIQUE,17=PERU,18=CHINA,19=ROMANIA,20=SAUDI ARABIA,21=VIETNAM,22=RUSSIA,23=UNITED KINGDOM,24=UNITED STATES
count(distinct n_regionkey)	count(distinct n_comment)	count(distinct n_name)	group_concat(n_nationkey, "=", n_name order by 1)
5	25	25	0=ALGERIA,1=ARGENTINA,2=BRAZIL,3=CANADA,4=EGYPT,5=ETHIOPIA,6=FRANCE,7=GERMANY,8=INDIA,9=INDONESIA,10=IRAN,11=IRAQ,12=JAPAN,13=JORDAN,14=KENYA,15=MOROCCO,16=MOZAMBIQUE,17=PERU,18=CHINA,19=ROMANIA,20=SAUDI ARABIA,21=VIETNAM,22=RUSSIA,23=UNITED KINGDOM,24=UNITED STATES
count(distinct n_regionkey)	count(distinct n_name)	group_concat(n_nationkey, "=", n_name order by 1)	group_concat(distinct n_comment, n_name)
5	25	0=ALGERIA,1=ARGENTINA,2=BRAZIL,3=CANADA,4=EGYPT,5=ETHIOPIA,6=FRANCE,7=GERMANY,8=INDIA,9=INDONESIA,10=IRAN,11=IRAQ,12=JAPAN,13=JORDAN,14=KENYA,15=MOROCCO,16=MOZAMBIQUE,17=PERU,18=CHINA,19=ROMANIA,20=SAUDI ARABIA,21=VIETNAM,22=RUSSIA,23=UNITED KINGDOM,24=UNITED STATES	ic deposits are blithely about the carefully regular paJORDAN,y alongside of the pending deposits. carefully special packages are about the ironic forges. slyly special BRAZIL,ously. final, express gifts cajole aJAPAN, slyly express asymptotes. regular deposits haggle slyly. carefully ironic hockey players sleep blithely. carefullINDONESIA,nic deposits boost atop the quickly final requests? quickly regulaIRAQ,ss excuses cajole slyly across the packages. deposits print arounINDIA,ven packages wake quickly. reguETHIOPIA,l platelets. regular accounts x-ray: unusual, regular accoGERMANY,y above the carefully unusual theodolites. final dugouts are quickly across the furiously regular dEGYPT,al foxes promise slyly according to the regular accounts. bold requests alonARGENTINA,eas hang ironic, silent packages. slyly regular packages are furiously over the tithes. fluffily boldCANADA,efully alongside of the slyly final dependencies. IRAN,refully final requests. regular, ironiFRANCE, haggle. carefully final deposits d
a
0,1,2,3,4
a
4,3,2,1,0
a
0$1$4$3$2
count(distinct n_regionkey)	group_concat(n_nationkey, "=", n_name order by 1)
5	0=ALGERIA,1=ARGENTINA,2=BRAZIL,3=CANADA,4=EGYPT,5=ETHIOPIA,6=FRANCE,7=GERMANY,8=INDIA,9=INDONESIA,10=IRAN,11=IRAQ,12=JAPAN,13=JORDAN,14=KENYA,15=MOROCCO,16=MOZAMBIQUE,17=PERU,18=CHINA,19=ROMANIA,20=SAUDI ARABIA,21=VIETNAM,22=RUSSIA,23=UNITED KINGDOM,24=UNITED STATES
count(distinct n_regionkey)	count(distinct n_name)	group_concat(n_nationkey, "=", n_name order by 1)
5	25	0=ALGERIA,1=ARGENTINA,2=BRAZIL,3=CANADA,4=EGYPT,5=ETHIOPIA,6=FRANCE,7=GERMANY,8=INDIA,9=INDONESIA,10=IRAN,11=IRAQ,12=JAPAN,13=JORDAN,14=KENYA,15=MOROCCO,16=MOZAMBIQUE,17=PERU,18=CHINA,19=ROMANIA,20=SAUDI ARABIA,21=VIETNAM,22=RUSSIA,23=UNITED KINGDOM,24=UNITED STATES
count(distinct n_regionkey)	count(distinct n_comment)	count(distinct n_name)	group_concat(n_nationkey, "=", n_name order by 1)
5	25	25	0=ALGERIA,1=ARGENTINA,2=BRAZIL,3=CANADA,4=EGYPT,5=ETHIOPIA,6=FRANCE,7=GERMANY,8=INDIA,9=INDONESIA,10=IRAN,11=IRAQ,12=JAPAN,13=JORDAN,14=KENYA,15=MOROCCO,16=MOZAMBIQUE,17=PERU,18=CHINA,19=ROMANIA,20=SAUDI ARABIA,21=VIETNAM,22=RUSSIA,23=UNITED KINGDOM,24=UNITED STATES
count(distinct n_regionkey)	count(distinct n_name)	group_concat(n_nationkey, "=", n_name order by 1)	group_concat(distinct n_comment, n_name order by 2)
5	25	0=ALGERIA,1=ARGENTINA,2=BRAZIL,3=CANADA,4=EGYPT,5=ETHIOPIA,6=FRANCE,7=GERMANY,8=INDIA,9=INDONESIA,10=IRAN,11=IRAQ,12=JAPAN,13=JORDAN,14=KENYA,15=MOROCCO,16=MOZAMBIQUE,17=PERU,18=CHINA,19=ROMANIA,20=SAUDI ARABIA,21=VIETNAM,22=RUSSIA,23=UNITED KINGDOM,24=UNITED STATES	 haggle. carefully final deposits detect slyly agaiALGERIA,al foxes promise slyly according to the regular accounts. bold requests alonARGENTINA,y alongside of the pending deposits. carefully special packages are about the ironic forges. slyly special BRAZIL,eas hang ironic, silent packages. slyly regular packages are furiously over the tithes. fluffily boldCANADA,c dependencies. furiously express notornis sleep slyly regular accounts. ideas sleep. deposCHINA,y above the carefully unusual theodolites. final dugouts are quickly across the furiously regular dEGYPT,ven packages wake quickly. reguETHIOPIA,refully final requests. regular, ironiFRANCE,l platelets. regular accounts x-ray: unusual, regular accoGERMANY,ss excuses cajole slyly across the packages. deposits print arounINDIA, slyly express asymptotes. regular deposits haggle slyly. carefully ironic hockey players sleep blithely. carefullINDONESIA,efully alongside of the slyly final dependencies. IRAN,nic deposits boost atop the quickly final requests? qu
group_concat('hello')
hello,hello,hello,hello,hello,hello,hello,hello,hello,hello,hello
group_concat('hello, world')
hello, world,hello, world,hello, world,hello, world,hello, world,hello, world,hello, world,hello, world,hello, world,hello, world,hello, world
group_concat(1)
1,1,1,1,1,1,1,1,1,1,1
group_concat('2001-01-01')
2001-01-01,2001-01-01,2001-01-01,2001-01-01,2001-01-01,2001-01-01,2001-01-01,2001-01-01,2001-01-01,2001-01-01,2001-01-01
group_concat(1,2)
12,12,12,12,12,12,12,12,12,12,12
cidx	cinteger	group_concat(cinteger,cchar8,'calpont' order by cinteger desc)
1	-7483646	-7483646aaaaaaaacalpont
2	-7483645	-7483645hcalpont
3	-7483644	-7483644hhcalpont
4	-7483643	-7483643hhhcalpont
5	-7483642	-7483642hhhhcalpont
6	7483643	7483643ssssssscalpont
7	7483644	7483644sssssssscalpont
8	7483645	7483645sssssssscalpont
9	7483646	7483646sssssssscalpont
10	7483647	7483647zzzzzzzzcalpont
11	0	NULL
cidx	cinteger	group_concat(cinteger,cchar8,'calpont' order by cdate desc)
1	-7483646	-7483646aaaaaaaacalpont
2	-7483645	-7483645hcalpont
3	-7483644	-7483644hhcalpont
4	-7483643	-7483643hhhcalpont
5	-7483642	-7483642hhhhcalpont
6	7483643	7483643ssssssscalpont
7	7483644	7483644sssssssscalpont
8	7483645	7483645sssssssscalpont
9	7483646	7483646sssssssscalpont
10	7483647	7483647zzzzzzzzcalpont
11	0	NULL
cidx	cinteger	count(distinct cinteger)	group_concat(cinteger,cchar8,'calpont' order by cinteger desc)
1	-7483646	1	-7483646aaaaaaaacalpont
2	-7483645	1	-7483645hcalpont
3	-7483644	1	-7483644hhcalpont
4	-7483643	1	-7483643hhhcalpont
5	-7483642	1	-7483642hhhhcalpont
6	7483643	1	7483643ssssssscalpont
7	7483644	1	7483644sssssssscalpont
8	7483645	1	7483645sssssssscalpont
9	7483646	1	7483646sssssssscalpont
10	7483647	1	7483647zzzzzzzzcalpont
11	0	1	NULL
group_concat(PN)
goldenrod lace spring peru powder,blush rosy metallic lemon navajo,dark green antique puff wheat
length(group_concat(r_regionkey))
9
length(group_concat(r_name))
38
length(group_concat(r_regionkey, r_name))
43
concat(group_concat(r_name), group_concat(r_name))
AFRICA,AMERICA,ASIA,EUROPE,MIDDLE EASTAFRICA,AMERICA,ASIA,EUROPE,MIDDLE EAST
count(*)
250000
count(*)
250000
