ERROR 122 (HY000) at line 2: IDB-2009: Unable to perform the operation because DMLProc with PID 38391 is currently holding the table lock for session 23.
ERROR 122 (HY000) at line 6: IDB-2009: Unable to perform the operation because DMLProc with PID 38391 is currently holding the table lock for session 23.
r_regionkey	r_name	r_comment
0	AFRICA	lar deposits. blithely final packages cajole. regular waters are final requests. regular accounts are according to 
1	AMERICA	hs use ironic, even requests. s
2	ASIA	ges. thinly even pinto beans ca
3	EUROPE	ly final courts cajole furiously final excuse
4	MIDDLE EAST	uickly special accounts cajole carefully blithely close requests. carefully final asymptotes haggle furiousl
r_regionkey	r_name	r_comment
0	AFRICA	lar deposits. blithely final packages cajole. regular waters are final requests. regular accounts are according to 
1	AMERICA	hs use ironic, even requests. s
2	ASIA	ges. thinly even pinto beans ca
3	EUROPE	ly final courts cajole furiously final excuse
4	MIDDLE EAST	uickly special accounts cajole carefully blithely close requests. carefully final asymptotes haggle furiousl
r_regionkey	r_name	r_comment
0	AFRICA	lar deposits. blithely final packages cajole. regular waters are final requests. regular accounts are according to 
1	AMERICA	hs use ironic, even requests. s
2	ASIA	ges. thinly even pinto beans ca
3	EUROPE	ly final courts cajole furiously final excuse
4	MIDDLE EAST	uickly special accounts cajole carefully blithely close requests. carefully final asymptotes haggle furiousl
r_regionkey	r_name	r_comment
0	AFRICA	lar deposits. blithely final packages cajole. regular waters are final requests. regular accounts are according to 
1	AMERICA	hs use ironic, even requests. s
2	ASIA	ges. thinly even pinto beans ca
3	EUROPE	ly final courts cajole furiously final excuse
4	MIDDLE EAST	uickly special accounts cajole carefully blithely close requests. carefully final asymptotes haggle furiousl
