c1
2
c2
2
c3
2
c5
2
c6
2
c7
2
c9
2
c10
2
c11
2
c13
2
c14
2
c15
2
c17
2
c18
2
c19
2
c21
2
c22
2
c23
2
c25
2
c26
2
c27
2
c29
2
c30
2
c31
2
c33
2
c34
2
c35
2
c37
2
c38
2
c39
2
c41
2
c42
2
c43
2
c45
2
c46
2
c47
2
c49
2
c50
2
c51
2
c53
2
c54
2
c55
2
c57
2
c58
2
c59
2
c61
2
c62
0
c63
0
c65
2
c66
2
c67
2
c69
2
c70
2
c71
2
c73
2
c74
2
c75
2
c77
2
c78
2
c79
2
c81
2
c82
2
c83
2
c85
2
c86
2
c87
2
c89
2
c90
2
c91
2
c93
2
c94
2
c95
2
c97
2
c98
2
c99
2
c101
2
c102
2
c103
2
c105
2
c106
2
c107
2
c109
2
c110
2
c111
2
c113
2
c114
2
c115
2
c117
2
c118
2
c119
2
c121
2
c122
2
c123
2
c125
2
c126
2
c127
2
c129
2
c130
2
c131
2
c133
2
c134
2
c135
2
c137
2
c138
2
c139
2
