cidx	CBIGINT	ABS(CBIGINT)
1	-72036854775806	72036854775806
2	-72036854775805	72036854775805
3	-72036854775804	72036854775804
4	-72036854775803	72036854775803
5	-72036854775802	72036854775802
6	72036854775803	72036854775803
7	72036854775804	72036854775804
8	72036854775805	72036854775805
9	72036854775806	72036854775806
10	72036854775807	72036854775807
11	0	0
cidx	CDECIMAL1	ABS(CDECIMAL1)
1	-9	9
2	-8	8
3	-7	7
4	-6	6
5	-5	5
6	5	5
7	6	6
8	7	7
9	8	8
10	9	9
11	0	0
cidx	CDECIMAL4	ABS(CDECIMAL4)
1	-999	999
2	-998	998
3	-997	997
4	-996	996
5	-995	995
6	995	995
7	996	996
8	997	997
9	998	998
10	999	999
11	0	0
cidx	CDECIMAL4_2	ABS(CDECIMAL4_2)
1	-9.99	9.99
2	-9.98	9.98
3	-9.97	9.97
4	-9.96	9.96
5	-9.95	9.95
6	9.95	9.95
7	9.96	9.96
8	9.97	9.97
9	9.98	9.98
10	9.99	9.99
11	0.00	0.00
cidx	CDECIMAL5	ABS(CDECIMAL5)
1	-999	999
2	-998	998
3	-997	997
4	-996	996
5	-995	995
6	995	995
7	996	996
8	997	997
9	998	998
10	999	999
11	0	0
cidx	CDECIMAL9	ABS(CDECIMAL9)
1	-999999	999999
2	-999998	999998
3	-999997	999997
4	-999996	999996
5	-999995	999995
6	999995	999995
7	999996	999996
8	999997	999997
9	999998	999998
10	999999	999999
11	0	0
cidx	CDECIMAL9_2	ABS(CDECIMAL9_2)
1	-9999.99	9999.99
2	-9999.98	9999.98
3	-9999.97	9999.97
4	-9999.96	9999.96
5	-9999.95	9999.95
6	9999.95	9999.95
7	9999.96	9999.96
8	9999.97	9999.97
9	9999.98	9999.98
10	9999.99	9999.99
11	0.00	0.00
cidx	CDECIMAL10	ABS(CDECIMAL10)
1	-9999999	9999999
2	-9999998	9999998
3	-9999997	9999997
4	-9999996	9999996
5	-9999995	9999995
6	9999995	9999995
7	9999996	9999996
8	9999997	9999997
9	9999998	9999998
10	9999999	9999999
11	0	0
cidx	CDECIMAL18	ABS(CDECIMAL18)
1	-9999999999999	9999999999999
2	-9999999999998	9999999999998
3	-9999999999997	9999999999997
4	-9999999999996	9999999999996
5	-9999999999995	9999999999995
6	9999999999995	9999999999995
7	9999999999996	9999999999996
8	9999999999997	9999999999997
9	9999999999998	9999999999998
10	9999999999999	9999999999999
11	0	0
cidx	CDECIMAL18_2	ABS(CDECIMAL18_2)
1	-99999999999.99	99999999999.99
2	-99999999999.98	99999999999.98
3	-99999999999.97	99999999999.97
4	-99999999999.96	99999999999.96
5	-99999999999.95	99999999999.95
6	99999999999.95	99999999999.95
7	99999999999.96	99999999999.96
8	99999999999.97	99999999999.97
9	99999999999.98	99999999999.98
10	99999999999.99	99999999999.99
11	0.00	0.00
cidx	CINTEGER	ABS(CINTEGER)
1	-7483646	7483646
2	-7483645	7483645
3	-7483644	7483644
4	-7483643	7483643
5	-7483642	7483642
6	7483643	7483643
7	7483644	7483644
8	7483645	7483645
9	7483646	7483646
10	7483647	7483647
11	0	0
cidx	CSMALLINT	ABS(CSMALLINT)
1	-766	766
2	-765	765
3	-764	764
4	-763	763
5	-762	762
6	763	763
7	764	764
8	765	765
9	766	766
10	767	767
11	0	0
cidx	CTINYINT	ABS(CTINYINT)
1	-26	26
2	-25	25
3	-24	24
4	-23	23
5	-22	22
6	23	23
7	24	24
8	25	25
9	26	26
10	27	27
11	0	0
cidx	ABS(-5)
1	5
2	5
3	5
4	5
5	5
6	5
7	5
8	5
9	5
10	5
11	5
cidx	ABS(0)
1	0
2	0
3	0
4	0
5	0
6	0
7	0
8	0
9	0
10	0
11	0
cidx	ABS(5)
1	5
2	5
3	5
4	5
5	5
6	5
7	5
8	5
9	5
10	5
11	5
cidx	ABS(-5.7)
1	5.7
2	5.7
3	5.7
4	5.7
5	5.7
6	5.7
7	5.7
8	5.7
9	5.7
10	5.7
11	5.7
cidx	ABS(0)
1	0
2	0
3	0
4	0
5	0
6	0
7	0
8	0
9	0
10	0
11	0
cidx	ABS(5.7)
1	5.7
2	5.7
3	5.7
4	5.7
5	5.7
6	5.7
7	5.7
8	5.7
9	5.7
10	5.7
11	5.7
cidx	CBIGINT
11	0
5	-72036854775802
4	-72036854775803
6	72036854775803
3	-72036854775804
7	72036854775804
2	-72036854775805
8	72036854775805
1	-72036854775806
9	72036854775806
10	72036854775807
cidx	CDECIMAL1
11	0
5	-5
6	5
4	-6
7	6
3	-7
8	7
2	-8
9	8
1	-9
10	9
cidx	CDECIMAL4
11	0
5	-995
6	995
4	-996
7	996
3	-997
8	997
2	-998
9	998
1	-999
10	999
cidx	CDECIMAL4_2
11	0.00
5	-9.95
6	9.95
4	-9.96
7	9.96
3	-9.97
8	9.97
2	-9.98
9	9.98
1	-9.99
10	9.99
cidx	CDECIMAL5
11	0
5	-995
6	995
4	-996
7	996
3	-997
8	997
2	-998
9	998
1	-999
10	999
cidx	CDECIMAL9
11	0
5	-999995
6	999995
4	-999996
7	999996
3	-999997
8	999997
2	-999998
9	999998
1	-999999
10	999999
cidx	CDECIMAL9_2
11	0.00
5	-9999.95
6	9999.95
4	-9999.96
7	9999.96
3	-9999.97
8	9999.97
2	-9999.98
9	9999.98
1	-9999.99
10	9999.99
cidx	CDECIMAL10
11	0
5	-9999995
6	9999995
4	-9999996
7	9999996
3	-9999997
8	9999997
2	-9999998
9	9999998
1	-9999999
10	9999999
cidx	CDECIMAL18
11	0
5	-9999999999995
6	9999999999995
4	-9999999999996
7	9999999999996
3	-9999999999997
8	9999999999997
2	-9999999999998
9	9999999999998
1	-9999999999999
10	9999999999999
cidx	CDECIMAL18_2
11	0.00
5	-99999999999.95
6	99999999999.95
4	-99999999999.96
7	99999999999.96
3	-99999999999.97
8	99999999999.97
2	-99999999999.98
9	99999999999.98
1	-99999999999.99
10	99999999999.99
cidx	CINTEGER
11	0
5	-7483642
4	-7483643
6	7483643
3	-7483644
7	7483644
2	-7483645
8	7483645
1	-7483646
9	7483646
10	7483647
cidx	CSMALLINT
11	0
5	-762
4	-763
6	763
3	-764
7	764
2	-765
8	765
1	-766
9	766
10	767
cidx	CTINYINT
11	0
5	-22
4	-23
6	23
3	-24
7	24
2	-25
8	25
1	-26
9	26
10	27
