cidx	CDATE	CaseCol
1	1997-01-01	NULL
2	1997-01-01	NULL
3	1997-01-02	NULL
4	1997-01-03	NULL
5	1997-01-04	NULL
6	2009-12-28	NULL
7	2009-12-29	NULL
8	2009-12-30	NULL
9	2009-12-31	NULL
10	2009-12-31	NULL
11	2009-12-31	NULL
cidx	CDATETIME	CaseCol
1	1997-01-01 00:00:00	NULL
2	1997-01-01 00:00:01	NULL
3	1997-01-02 00:00:01	NULL
4	1997-01-03 00:00:02	NULL
5	1997-01-04 00:00:03	NULL
6	2009-12-31 23:59:56	NULL
7	2009-12-31 23:59:57	NULL
8	2009-12-31 23:59:58	NULL
9	2009-12-31 23:59:59	NULL
10	2009-12-31 23:59:59	NULL
11	2009-12-31 23:59:59	NULL
cidx	CDATE
1	1997-01-01
2	1997-01-01
3	1997-01-02
4	1997-01-03
5	1997-01-04
6	2009-12-28
7	2009-12-29
8	2009-12-30
9	2009-12-31
10	2009-12-31
11	2009-12-31
cidx	CDATETIME
1	1997-01-01 00:00:00
2	1997-01-01 00:00:01
3	1997-01-02 00:00:01
4	1997-01-03 00:00:02
5	1997-01-04 00:00:03
6	2009-12-31 23:59:56
7	2009-12-31 23:59:57
8	2009-12-31 23:59:58
9	2009-12-31 23:59:59
10	2009-12-31 23:59:59
11	2009-12-31 23:59:59
