cidx	CCHAR1	CONCAT_WS(',',CCHAR1,CCHAR3,CCHAR7,'ALOHA')
1	a	a,aaa,aaaaaaa,ALOHA
2	a	a,c,g,ALOHA
3	a	a,cc,gg,ALOHA
4	a	a,ccc,ggg,ALOHA
5	a	a,ccc,gggg,ALOHA
6	z	z,xxx,ttttttt,ALOHA
7	z	z,xxx,ttttttt,ALOHA
8	z	z,xxx,ttttttt,ALOHA
9	z	z,xxx,ttttttt,ALOHA
10	z	z,zzz,zzzzzzz,ALOHA
11	NULL	ALOHA
cidx	CCHAR1	CONCAT_WS(',',CCHAR1,CCHAR3)
1	a	a,aaa
2	a	a,c
3	a	a,cc
4	a	a,ccc
5	a	a,ccc
6	z	z,xxx
7	z	z,xxx
8	z	z,xxx
9	z	z,xxx
10	z	z,zzz
11	NULL	NULL
cidx	CCHAR1	CONCAT_WS(',',CCHAR1,CCHAR7)
1	a	a,aaaaaaa
2	a	a,g
3	a	a,gg
4	a	a,ggg
5	a	a,gggg
6	z	z,ttttttt
7	z	z,ttttttt
8	z	z,ttttttt
9	z	z,ttttttt
10	z	z,zzzzzzz
11	NULL	NULL
cidx	CCHAR1	CONCAT_WS(',',CCHAR1,'ALOHA')
1	a	a,ALOHA
2	a	a,ALOHA
3	a	a,ALOHA
4	a	a,ALOHA
5	a	a,ALOHA
6	z	z,ALOHA
7	z	z,ALOHA
8	z	z,ALOHA
9	z	z,ALOHA
10	z	z,ALOHA
11	NULL	ALOHA
cidx	CCHAR2	CONCAT_WS(',',CCHAR2,CCHAR3,CCHAR7,'ALOHA')
1	aa	aa,aaa,aaaaaaa,ALOHA
2	b	b,c,g,ALOHA
3	bb	bb,cc,gg,ALOHA
4	bb	bb,ccc,ggg,ALOHA
5	bb	bb,ccc,gggg,ALOHA
6	yy	yy,xxx,ttttttt,ALOHA
7	yy	yy,xxx,ttttttt,ALOHA
8	yy	yy,xxx,ttttttt,ALOHA
9	yy	yy,xxx,ttttttt,ALOHA
10	zz	zz,zzz,zzzzzzz,ALOHA
11	NULL	ALOHA
cidx	CCHAR2	CONCAT_WS(',',CCHAR2,CCHAR3)
1	aa	aa,aaa
2	b	b,c
3	bb	bb,cc
4	bb	bb,ccc
5	bb	bb,ccc
6	yy	yy,xxx
7	yy	yy,xxx
8	yy	yy,xxx
9	yy	yy,xxx
10	zz	zz,zzz
11	NULL	NULL
cidx	CCHAR2	CONCAT_WS(',',CCHAR2,CCHAR7)
1	aa	aa,aaaaaaa
2	b	b,g
3	bb	bb,gg
4	bb	bb,ggg
5	bb	bb,gggg
6	yy	yy,ttttttt
7	yy	yy,ttttttt
8	yy	yy,ttttttt
9	yy	yy,ttttttt
10	zz	zz,zzzzzzz
11	NULL	NULL
cidx	CCHAR2	CONCAT_WS(',',CCHAR2,'ALOHA')
1	aa	aa,ALOHA
2	b	b,ALOHA
3	bb	bb,ALOHA
4	bb	bb,ALOHA
5	bb	bb,ALOHA
6	yy	yy,ALOHA
7	yy	yy,ALOHA
8	yy	yy,ALOHA
9	yy	yy,ALOHA
10	zz	zz,ALOHA
11	NULL	ALOHA
cidx	CCHAR3	CONCAT_WS(',',CCHAR3,CCHAR3,CCHAR7,'ALOHA')
1	aaa	aaa,aaa,aaaaaaa,ALOHA
2	c	c,c,g,ALOHA
3	cc	cc,cc,gg,ALOHA
4	ccc	ccc,ccc,ggg,ALOHA
5	ccc	ccc,ccc,gggg,ALOHA
6	xxx	xxx,xxx,ttttttt,ALOHA
7	xxx	xxx,xxx,ttttttt,ALOHA
8	xxx	xxx,xxx,ttttttt,ALOHA
9	xxx	xxx,xxx,ttttttt,ALOHA
10	zzz	zzz,zzz,zzzzzzz,ALOHA
11	NULL	ALOHA
cidx	CCHAR3	CONCAT_WS(',',CCHAR3,CCHAR3)
1	aaa	aaa,aaa
2	c	c,c
3	cc	cc,cc
4	ccc	ccc,ccc
5	ccc	ccc,ccc
6	xxx	xxx,xxx
7	xxx	xxx,xxx
8	xxx	xxx,xxx
9	xxx	xxx,xxx
10	zzz	zzz,zzz
11	NULL	NULL
cidx	CCHAR3	CONCAT_WS(',',CCHAR3,CCHAR7)
1	aaa	aaa,aaaaaaa
2	c	c,g
3	cc	cc,gg
4	ccc	ccc,ggg
5	ccc	ccc,gggg
6	xxx	xxx,ttttttt
7	xxx	xxx,ttttttt
8	xxx	xxx,ttttttt
9	xxx	xxx,ttttttt
10	zzz	zzz,zzzzzzz
11	NULL	NULL
cidx	CCHAR3	CONCAT_WS(',',CCHAR3,'ALOHA')
1	aaa	aaa,ALOHA
2	c	c,ALOHA
3	cc	cc,ALOHA
4	ccc	ccc,ALOHA
5	ccc	ccc,ALOHA
6	xxx	xxx,ALOHA
7	xxx	xxx,ALOHA
8	xxx	xxx,ALOHA
9	xxx	xxx,ALOHA
10	zzz	zzz,ALOHA
11	NULL	ALOHA
cidx	CCHAR4	CONCAT_WS(',',CCHAR4,CCHAR3,CCHAR7,'ALOHA')
1	aaaa	aaaa,aaa,aaaaaaa,ALOHA
2	d	d,c,g,ALOHA
3	dd	dd,cc,gg,ALOHA
4	ddd	ddd,ccc,ggg,ALOHA
5	dddd	dddd,ccc,gggg,ALOHA
6	wwww	wwww,xxx,ttttttt,ALOHA
7	wwww	wwww,xxx,ttttttt,ALOHA
8	wwww	wwww,xxx,ttttttt,ALOHA
9	wwww	wwww,xxx,ttttttt,ALOHA
10	zzzz	zzzz,zzz,zzzzzzz,ALOHA
11	NULL	ALOHA
cidx	CCHAR4	CONCAT_WS(',',CCHAR4,CCHAR3)
1	aaaa	aaaa,aaa
2	d	d,c
3	dd	dd,cc
4	ddd	ddd,ccc
5	dddd	dddd,ccc
6	wwww	wwww,xxx
7	wwww	wwww,xxx
8	wwww	wwww,xxx
9	wwww	wwww,xxx
10	zzzz	zzzz,zzz
11	NULL	NULL
cidx	CCHAR4	CONCAT_WS(',',CCHAR4,CCHAR7)
1	aaaa	aaaa,aaaaaaa
2	d	d,g
3	dd	dd,gg
4	ddd	ddd,ggg
5	dddd	dddd,gggg
6	wwww	wwww,ttttttt
7	wwww	wwww,ttttttt
8	wwww	wwww,ttttttt
9	wwww	wwww,ttttttt
10	zzzz	zzzz,zzzzzzz
11	NULL	NULL
cidx	CCHAR4	CONCAT_WS(',',CCHAR4,'ALOHA')
1	aaaa	aaaa,ALOHA
2	d	d,ALOHA
3	dd	dd,ALOHA
4	ddd	ddd,ALOHA
5	dddd	dddd,ALOHA
6	wwww	wwww,ALOHA
7	wwww	wwww,ALOHA
8	wwww	wwww,ALOHA
9	wwww	wwww,ALOHA
10	zzzz	zzzz,ALOHA
11	NULL	ALOHA
cidx	CCHAR5	CONCAT_WS(',',CCHAR5,CCHAR3,CCHAR7,'ALOHA')
1	aaaaa	aaaaa,aaa,aaaaaaa,ALOHA
2	e	e,c,g,ALOHA
3	ee	ee,cc,gg,ALOHA
4	eee	eee,ccc,ggg,ALOHA
5	eeee	eeee,ccc,gggg,ALOHA
6	vvvvv	vvvvv,xxx,ttttttt,ALOHA
7	vvvvv	vvvvv,xxx,ttttttt,ALOHA
8	vvvvv	vvvvv,xxx,ttttttt,ALOHA
9	vvvvv	vvvvv,xxx,ttttttt,ALOHA
10	zzzzz	zzzzz,zzz,zzzzzzz,ALOHA
11	NULL	ALOHA
cidx	CCHAR5	CONCAT_WS(',',CCHAR5,CCHAR3)
1	aaaaa	aaaaa,aaa
2	e	e,c
3	ee	ee,cc
4	eee	eee,ccc
5	eeee	eeee,ccc
6	vvvvv	vvvvv,xxx
7	vvvvv	vvvvv,xxx
8	vvvvv	vvvvv,xxx
ERROR 122 (HY000) at line 23: The system is not yet ready to accept queries
ERROR 122 (HY000) at line 24: The system is not yet ready to accept queries
ERROR 122 (HY000) at line 25: The system is not yet ready to accept queries
ERROR 122 (HY000) at line 26: The system is not yet ready to accept queries
ERROR 122 (HY000) at line 27: The system is not yet ready to accept queries
ERROR 122 (HY000) at line 28: The system is not yet ready to accept queries
ERROR 122 (HY000) at line 29: The system is not yet ready to accept queries
ERROR 122 (HY000) at line 30: The system is not yet ready to accept queries
ERROR 122 (HY000) at line 31: The system is not yet ready to accept queries
ERROR 122 (HY000) at line 32: The system is not yet ready to accept queries
ERROR 122 (HY000) at line 33: The system is not yet ready to accept queries
ERROR 122 (HY000) at line 34: The system is not yet ready to accept queries
ERROR 122 (HY000) at line 35: The system is not yet ready to accept queries
ERROR 122 (HY000) at line 36: The system is not yet ready to accept queries
ERROR 122 (HY000) at line 37: The system is not yet ready to accept queries
ERROR 122 (HY000) at line 38: The system is not yet ready to accept queries
ERROR 122 (HY000) at line 39: The system is not yet ready to accept queries
ERROR 122 (HY000) at line 40: The system is not yet ready to accept queries
ERROR 122 (HY000) at line 41: The system is not yet ready to accept queries
ERROR 122 (HY000) at line 42: The system is not yet ready to accept queries
ERROR 122 (HY000) at line 43: The system is not yet ready to accept queries
ERROR 122 (HY000) at line 44: The system is not yet ready to accept queries
ERROR 122 (HY000) at line 45: The system is not yet ready to accept queries
ERROR 122 (HY000) at line 46: The system is not yet ready to accept queries
ERROR 122 (HY000) at line 47: The system is not yet ready to accept queries
ERROR 122 (HY000) at line 48: The system is not yet ready to accept queries
ERROR 122 (HY000) at line 49: The system is not yet ready to accept queries
ERROR 122 (HY000) at line 50: The system is not yet ready to accept queries
ERROR 122 (HY000) at line 51: The system is not yet ready to accept queries
ERROR 122 (HY000) at line 52: The system is not yet ready to accept queries
ERROR 122 (HY000) at line 53: The system is not yet ready to accept queries
ERROR 122 (HY000) at line 54: The system is not yet ready to accept queries
ERROR 122 (HY000) at line 55: The system is not yet ready to accept queries
ERROR 122 (HY000) at line 56: The system is not yet ready to accept queries
ERROR 122 (HY000) at line 57: The system is not yet ready to accept queries
ERROR 122 (HY000) at line 58: The system is not yet ready to accept queries
ERROR 122 (HY000) at line 59: The system is not yet ready to accept queries
ERROR 122 (HY000) at line 60: The system is not yet ready to accept queries
ERROR 122 (HY000) at line 61: The system is not yet ready to accept queries
ERROR 122 (HY000) at line 62: The system is not yet ready to accept queries
ERROR 122 (HY000) at line 63: The system is not yet ready to accept queries
ERROR 122 (HY000) at line 64: The system is not yet ready to accept queries
ERROR 122 (HY000) at line 65: The system is not yet ready to accept queries
ERROR 122 (HY000) at line 66: The system is not yet ready to accept queries
ERROR 122 (HY000) at line 67: The system is not yet ready to accept queries
ERROR 122 (HY000) at line 68: The system is not yet ready to accept queries
ERROR 122 (HY000) at line 69: The system is not yet ready to accept queries
ERROR 122 (HY000) at line 70: The system is not yet ready to accept queries
ERROR 122 (HY000) at line 71: The system is not yet ready to accept queries
ERROR 122 (HY000) at line 72: The system is not yet ready to accept queries
ERROR 122 (HY000) at line 73: The system is not yet ready to accept queries
ERROR 122 (HY000) at line 74: The system is not yet ready to accept queries
ERROR 122 (HY000) at line 75: The system is not yet ready to accept queries
ERROR 122 (HY000) at line 76: The system is not yet ready to accept queries
ERROR 122 (HY000) at line 79: The system is not yet ready to accept queries
ERROR 122 (HY000) at line 80: The system is not yet ready to accept queries
ERROR 122 (HY000) at line 81: The system is not yet ready to accept queries
ERROR 122 (HY000) at line 82: The system is not yet ready to accept queries
ERROR 122 (HY000) at line 83: The system is not yet ready to accept queries
ERROR 122 (HY000) at line 84: The system is not yet ready to accept queries
ERROR 122 (HY000) at line 85: The system is not yet ready to accept queries
ERROR 122 (HY000) at line 86: The system is not yet ready to accept queries
ERROR 122 (HY000) at line 87: The system is not yet ready to accept queries
ERROR 122 (HY000) at line 88: The system is not yet ready to accept queries
ERROR 122 (HY000) at line 89: The system is not yet ready to accept queries
ERROR 122 (HY000) at line 90: The system is not yet ready to accept queries
ERROR 122 (HY000) at line 91: The system is not yet ready to accept queries
ERROR 122 (HY000) at line 92: The system is not yet ready to accept queries
ERROR 122 (HY000) at line 93: The system is not yet ready to accept queries
ERROR 122 (HY000) at line 94: The system is not yet ready to accept queries
ERROR 122 (HY000) at line 95: The system is not yet ready to accept queries
ERROR 122 (HY000) at line 96: The system is not yet ready to accept queries
ERROR 122 (HY000) at line 97: The system is not yet ready to accept queries
ERROR 122 (HY000) at line 98: The system is not yet ready to accept queries
ERROR 122 (HY000) at line 99: The system is not yet ready to accept queries
ERROR 122 (HY000) at line 100: The system is not yet ready to accept queries
ERROR 122 (HY000) at line 101: The system is not yet ready to accept queries
ERROR 122 (HY000) at line 102: The system is not yet ready to accept queries
ERROR 122 (HY000) at line 103: The system is not yet ready to accept queries
ERROR 122 (HY000) at line 104: The system is not yet ready to accept queries
ERROR 122 (HY000) at line 105: The system is not yet ready to accept queries
ERROR 122 (HY000) at line 106: The system is not yet ready to accept queries
ERROR 122 (HY000) at line 107: The system is not yet ready to accept queries
ERROR 122 (HY000) at line 108: The system is not yet ready to accept queries
ERROR 122 (HY000) at line 109: The system is not yet ready to accept queries
ERROR 122 (HY000) at line 110: The system is not yet ready to accept queries
ERROR 122 (HY000) at line 111: The system is not yet ready to accept queries
ERROR 122 (HY000) at line 112: The system is not yet ready to accept queries
ERROR 122 (HY000) at line 113: The system is not yet ready to accept queries
ERROR 122 (HY000) at line 114: The system is not yet ready to accept queries
ERROR 122 (HY000) at line 115: The system is not yet ready to accept queries
ERROR 122 (HY000) at line 116: The system is not yet ready to accept queries
ERROR 122 (HY000) at line 117: The system is not yet ready to accept queries
ERROR 122 (HY000) at line 118: The system is not yet ready to accept queries
ERROR 122 (HY000) at line 119: The system is not yet ready to accept queries
ERROR 122 (HY000) at line 120: The system is not yet ready to accept queries
ERROR 122 (HY000) at line 121: The system is not yet ready to accept queries
ERROR 122 (HY000) at line 122: The system is not yet ready to accept queries
ERROR 122 (HY000) at line 123: The system is not yet ready to accept queries
ERROR 122 (HY000) at line 124: The system is not yet ready to accept queries
ERROR 122 (HY000) at line 125: The system is not yet ready to accept queries
ERROR 122 (HY000) at line 126: The system is not yet ready to accept queries
ERROR 122 (HY000) at line 127: The system is not yet ready to accept queries
ERROR 122 (HY000) at line 128: The system is not yet ready to accept queries
ERROR 122 (HY000) at line 129: The system is not yet ready to accept queries
ERROR 122 (HY000) at line 130: The system is not yet ready to accept queries
ERROR 122 (HY000) at line 131: The system is not yet ready to accept queries
ERROR 122 (HY000) at line 132: The system is not yet ready to accept queries
ERROR 122 (HY000) at line 133: The system is not yet ready to accept queries
ERROR 122 (HY000) at line 134: The system is not yet ready to accept queries
ERROR 122 (HY000) at line 135: The system is not yet ready to accept queries
ERROR 122 (HY000) at line 136: The system is not yet ready to accept queries
ERROR 122 (HY000) at line 137: The system is not yet ready to accept queries
ERROR 122 (HY000) at line 138: The system is not yet ready to accept queries
ERROR 122 (HY000) at line 139: The system is not yet ready to accept queries
ERROR 122 (HY000) at line 140: The system is not yet ready to accept queries
ERROR 122 (HY000) at line 141: The system is not yet ready to accept queries
ERROR 122 (HY000) at line 142: The system is not yet ready to accept queries
ERROR 122 (HY000) at line 143: The system is not yet ready to accept queries
ERROR 122 (HY000) at line 144: The system is not yet ready to accept queries
ERROR 122 (HY000) at line 145: The system is not yet ready to accept queries
ERROR 122 (HY000) at line 146: The system is not yet ready to accept queries
ERROR 122 (HY000) at line 147: The system is not yet ready to accept queries
ERROR 122 (HY000) at line 148: The system is not yet ready to accept queries
ERROR 122 (HY000) at line 149: The system is not yet ready to accept queries
ERROR 122 (HY000) at line 150: The system is not yet ready to accept queries
ERROR 122 (HY000) at line 151: The system is not yet ready to accept queries
ERROR 122 (HY000) at line 152: The system is not yet ready to accept queries
ERROR 122 (HY000) at line 153: The system is not yet ready to accept queries
ERROR 122 (HY000) at line 154: The system is not yet ready to accept queries
9	vvvvv	vvvvv,xxx
10	zzzzz	zzzzz,zzz
11	NULL	NULL
cidx	CCHAR5	CONCAT_WS(',',CCHAR5,CCHAR7)
1	aaaaa	aaaaa,aaaaaaa
2	e	e,g
3	ee	ee,gg
4	eee	eee,ggg
5	eeee	eeee,gggg
6	vvvvv	vvvvv,ttttttt
7	vvvvv	vvvvv,ttttttt
8	vvvvv	vvvvv,ttttttt
9	vvvvv	vvvvv,ttttttt
10	zzzzz	zzzzz,zzzzzzz
11	NULL	NULL
cidx	CCHAR5	CONCAT_WS(',',CCHAR5,'ALOHA')
1	aaaaa	aaaaa,ALOHA
2	e	e,ALOHA
3	ee	ee,ALOHA
4	eee	eee,ALOHA
5	eeee	eeee,ALOHA
6	vvvvv	vvvvv,ALOHA
7	vvvvv	vvvvv,ALOHA
8	vvvvv	vvvvv,ALOHA
9	vvvvv	vvvvv,ALOHA
10	zzzzz	zzzzz,ALOHA
11	NULL	ALOHA
cidx	CCHAR6	CONCAT_WS(',',CCHAR6,CCHAR3,CCHAR7,'ALOHA')
1	aaaaaa	aaaaaa,aaa,aaaaaaa,ALOHA
2	f	f,c,g,ALOHA
3	ff	ff,cc,gg,ALOHA
4	fff	fff,ccc,ggg,ALOHA
5	ffff	ffff,ccc,gggg,ALOHA
6	uuuuuu	uuuuuu,xxx,ttttttt,ALOHA
7	uuuuuu	uuuuuu,xxx,ttttttt,ALOHA
8	uuuuuu	uuuuuu,xxx,ttttttt,ALOHA
9	uuuuuu	uuuuuu,xxx,ttttttt,ALOHA
10	zzzzzz	zzzzzz,zzz,zzzzzzz,ALOHA
11	NULL	ALOHA
cidx	CCHAR6	CONCAT_WS(',',CCHAR6,CCHAR3)
1	aaaaaa	aaaaaa,aaa
2	f	f,c
3	ff	ff,cc
4	fff	fff,ccc
5	ffff	ffff,ccc
6	uuuuuu	uuuuuu,xxx
7	uuuuuu	uuuuuu,xxx
8	uuuuuu	uuuuuu,xxx
9	uuuuuu	uuuuuu,xxx
10	zzzzzz	zzzzzz,zzz
11	NULL	NULL
