cidx	CDATE	DATE_FORMAT(CDATE,'%W %M %Y')
1	1997-01-01	Wednesday January 1997
2	1997-01-01	Wednesday January 1997
3	1997-01-02	Thursday January 1997
4	1997-01-03	Friday January 1997
5	1997-01-04	Saturday January 1997
6	2009-12-28	Monday December 2009
7	2009-12-29	Tuesday December 2009
8	2009-12-30	Wednesday December 2009
9	2009-12-31	Thursday December 2009
10	2009-12-31	Thursday December 2009
11	2009-12-31	Thursday December 2009
cidx	CDATE	DATE_FORMAT(CDATE,'%H:%i:%s')
1	1997-01-01	00:00:00
2	1997-01-01	00:00:00
3	1997-01-02	00:00:00
4	1997-01-03	00:00:00
5	1997-01-04	00:00:00
6	2009-12-28	00:00:00
7	2009-12-29	00:00:00
8	2009-12-30	00:00:00
9	2009-12-31	00:00:00
10	2009-12-31	00:00:00
11	2009-12-31	00:00:00
cidx	CDATE	DATE_FORMAT(CDATE,'%D %y %a %d %m %b %j')
1	1997-01-01	1st 97 Wed 01 01 Jan 001
2	1997-01-01	1st 97 Wed 01 01 Jan 001
3	1997-01-02	2nd 97 Thu 02 01 Jan 002
4	1997-01-03	3rd 97 Fri 03 01 Jan 003
5	1997-01-04	4th 97 Sat 04 01 Jan 004
6	2009-12-28	28th 09 Mon 28 12 Dec 362
7	2009-12-29	29th 09 Tue 29 12 Dec 363
8	2009-12-30	30th 09 Wed 30 12 Dec 364
9	2009-12-31	31st 09 Thu 31 12 Dec 365
10	2009-12-31	31st 09 Thu 31 12 Dec 365
11	2009-12-31	31st 09 Thu 31 12 Dec 365
cidx	CDATETIME	DATE_FORMAT(CDATETIME,'%W %M %Y')
1	1997-01-01 00:00:00	Wednesday January 1997
2	1997-01-01 00:00:01	Wednesday January 1997
3	1997-01-02 00:00:01	Thursday January 1997
4	1997-01-03 00:00:02	Friday January 1997
5	1997-01-04 00:00:03	Saturday January 1997
6	2009-12-31 23:59:56	Thursday December 2009
7	2009-12-31 23:59:57	Thursday December 2009
8	2009-12-31 23:59:58	Thursday December 2009
9	2009-12-31 23:59:59	Thursday December 2009
10	2009-12-31 23:59:59	Thursday December 2009
11	2009-12-31 23:59:59	Thursday December 2009
cidx	CDATETIME	DATE_FORMAT(CDATETIME,'%H:%i:%s')
1	1997-01-01 00:00:00	00:00:00
2	1997-01-01 00:00:01	00:00:01
3	1997-01-02 00:00:01	00:00:01
4	1997-01-03 00:00:02	00:00:02
5	1997-01-04 00:00:03	00:00:03
6	2009-12-31 23:59:56	23:59:56
7	2009-12-31 23:59:57	23:59:57
8	2009-12-31 23:59:58	23:59:58
9	2009-12-31 23:59:59	23:59:59
10	2009-12-31 23:59:59	23:59:59
11	2009-12-31 23:59:59	23:59:59
cidx	CDATETIME	DATE_FORMAT(CDATETIME,'%D %y %a %d %m %b %j')
1	1997-01-01 00:00:00	1st 97 Wed 01 01 Jan 001
2	1997-01-01 00:00:01	1st 97 Wed 01 01 Jan 001
3	1997-01-02 00:00:01	2nd 97 Thu 02 01 Jan 002
4	1997-01-03 00:00:02	3rd 97 Fri 03 01 Jan 003
5	1997-01-04 00:00:03	4th 97 Sat 04 01 Jan 004
6	2009-12-31 23:59:56	31st 09 Thu 31 12 Dec 365
7	2009-12-31 23:59:57	31st 09 Thu 31 12 Dec 365
8	2009-12-31 23:59:58	31st 09 Thu 31 12 Dec 365
9	2009-12-31 23:59:59	31st 09 Thu 31 12 Dec 365
10	2009-12-31 23:59:59	31st 09 Thu 31 12 Dec 365
11	2009-12-31 23:59:59	31st 09 Thu 31 12 Dec 365
cidx	CDATE
4	1997-01-03
6	2009-12-28
5	1997-01-04
9	2009-12-31
10	2009-12-31
11	2009-12-31
3	1997-01-02
7	2009-12-29
8	2009-12-30
1	1997-01-01
2	1997-01-01
cidx	CDATE
1	1997-01-01
2	1997-01-01
3	1997-01-02
4	1997-01-03
5	1997-01-04
6	2009-12-28
7	2009-12-29
8	2009-12-30
9	2009-12-31
10	2009-12-31
11	2009-12-31
cidx	CDATE
1	1997-01-01
2	1997-01-01
6	2009-12-28
7	2009-12-29
3	1997-01-02
8	2009-12-30
9	2009-12-31
10	2009-12-31
11	2009-12-31
4	1997-01-03
5	1997-01-04
cidx	CDATETIME
4	1997-01-03 00:00:02
5	1997-01-04 00:00:03
6	2009-12-31 23:59:56
7	2009-12-31 23:59:57
8	2009-12-31 23:59:58
9	2009-12-31 23:59:59
10	2009-12-31 23:59:59
11	2009-12-31 23:59:59
3	1997-01-02 00:00:01
1	1997-01-01 00:00:00
2	1997-01-01 00:00:01
cidx	CDATETIME
1	1997-01-01 00:00:00
2	1997-01-01 00:00:01
3	1997-01-02 00:00:01
4	1997-01-03 00:00:02
5	1997-01-04 00:00:03
6	2009-12-31 23:59:56
7	2009-12-31 23:59:57
8	2009-12-31 23:59:58
9	2009-12-31 23:59:59
10	2009-12-31 23:59:59
11	2009-12-31 23:59:59
cidx	CDATETIME
1	1997-01-01 00:00:00
2	1997-01-01 00:00:01
3	1997-01-02 00:00:01
6	2009-12-31 23:59:56
7	2009-12-31 23:59:57
8	2009-12-31 23:59:58
9	2009-12-31 23:59:59
10	2009-12-31 23:59:59
11	2009-12-31 23:59:59
4	1997-01-03 00:00:02
5	1997-01-04 00:00:03
