ERROR 122 (HY000) at line 15: st: 0 TupleBPS::receiveMultiPrimitiveMessages() caught an exception: IDB-2035: An internal error occurred.  Check the error log file & contact support.

ERROR 122 (HY000) at line 16: st: 0 TupleBPS::receiveMultiPrimitiveMessages() caught an exception: IDB-2035: An internal error occurred.  Check the error log file & contact support.

ERROR 122 (HY000) at line 17: st: 0 TupleBPS::receiveMultiPrimitiveMessages() caught an exception: IDB-2035: An internal error occurred.  Check the error log file & contact support.

ERROR 122 (HY000) at line 18: st: 0 TupleBPS::receiveMultiPrimitiveMessages() caught an exception: IDB-2035: An internal error occurred.  Check the error log file & contact support.

ERROR 122 (HY000) at line 19: st: 0 TupleBPS::receiveMultiPrimitiveMessages() caught an exception: IDB-2035: An internal error occurred.  Check the error log file & contact support.

ERROR 122 (HY000) at line 20: st: 0 TupleBPS::receiveMultiPrimitiveMessages() caught an exception: IDB-2035: An internal error occurred.  Check the error log file & contact support.

ERROR 122 (HY000) at line 21: st: 0 TupleBPS::receiveMultiPrimitiveMessages() caught an exception: IDB-2035: An internal error occurred.  Check the error log file & contact support.

ERROR 122 (HY000) at line 22: st: 0 TupleBPS::receiveMultiPrimitiveMessages() caught an exception: IDB-2035: An internal error occurred.  Check the error log file & contact support.

ERROR 122 (HY000) at line 23: st: 0 TupleBPS::receiveMultiPrimitiveMessages() caught an exception: IDB-2035: An internal error occurred.  Check the error log file & contact support.

ERROR 122 (HY000) at line 24: st: 0 TupleBPS::receiveMultiPrimitiveMessages() caught an exception: IDB-2035: An internal error occurred.  Check the error log file & contact support.

ERROR 122 (HY000) at line 25: st: 0 TupleBPS::receiveMultiPrimitiveMessages() caught an exception: IDB-2035: An internal error occurred.  Check the error log file & contact support.

ERROR 122 (HY000) at line 26: st: 0 TupleBPS::receiveMultiPrimitiveMessages() caught an exception: IDB-2035: An internal error occurred.  Check the error log file & contact support.

MAX(CBIGINT)
72036854775807
MAX(CDECIMAL1)
9
MAX(CDECIMAL4)
999
MAX(CDECIMAL4_2)
9.99
MAX(CDECIMAL5)
999
MAX(CDECIMAL9)
999999
MAX(CDECIMAL9_2)
9999.99
MAX(CDECIMAL10)
9999999
MAX(CDECIMAL18)
9999999999999
MAX(CDECIMAL18_2)
99999999999.99
MAX(CINTEGER)
7483647
MAX(CSMALLINT)
767
MAX(CTINYINT)
27
cidx	CBIGINT	MAX(CBIGINT)
1	-72036854775806	-72036854775806
2	-72036854775805	-72036854775805
3	-72036854775804	-72036854775804
4	-72036854775803	-72036854775803
5	-72036854775802	-72036854775802
6	72036854775803	72036854775803
7	72036854775804	72036854775804
8	72036854775805	72036854775805
9	72036854775806	72036854775806
10	72036854775807	72036854775807
11	0	0
