l_orderkey	l_partkey	l_suppkey	l_linenumber	l_quantity	l_extendedprice	l_discount	l_tax	l_returnflag	l_linestatus	l_shipdate	l_commitdate	l_receiptdate	l_shipinstruct	l_shipmode	l_comment
775809	46743	4256	5	15.00	25346.10	0.05	0.08	R	F	1994-08-20	1994-05-31	1994-08-25	NONE	MAIL	 pinto beans sleep blithely blit
775809	86974	1991	7	2.00	3921.94	0.06	0.00	A	F	1994-08-21	1994-07-02	1994-09-03	COLLECT COD	SHIP	symptotes. final requests ha
775840	57303	4819	5	7.00	8822.10	0.02	0.00	A	F	1994-08-18	1994-09-07	1994-08-26	COLLECT COD	MAIL	s sleep furiou
l_orderkey	l_partkey	l_suppkey	l_linenumber	l_quantity	l_extendedprice	l_discount	l_tax	l_returnflag	l_linestatus	l_shipdate	l_commitdate	l_receiptdate	l_shipinstruct	l_shipmode	l_comment
5033575	167948	7949	6	28.00	56446.32	0.08	0.08	A	F	1995-05-09	1995-05-20	1995-05-28	TAKE BACK RETURN	SHIP	y regular packages 
5033894	59579	9580	2	39.00	60004.23	0.07	0.04	N	F	1995-05-27	1995-05-15	1995-06-22	DELIVER IN PERSON	REG AIR	ructions. ironic, even instructions abov
5034087	124473	4474	6	45.00	67386.15	0.05	0.04	R	F	1995-05-17	1995-06-03	1995-06-05	NONE	SHIP	final packages mold furiously 
l_orderkey	l_partkey	l_suppkey	l_linenumber	l_quantity	l_extendedprice	l_discount	l_tax	l_returnflag	l_linestatus	l_shipdate	l_commitdate	l_receiptdate	l_shipinstruct	l_shipmode	l_comment
3363591	130681	3195	2	17.00	29098.56	0.07	0.04	R	F	1993-05-22	1993-04-12	1993-06-19	COLLECT COD	MAIL	s. furiously expres
3363654	121740	1741	1	41.00	72231.34	0.05	0.02	R	F	1993-05-11	1993-04-18	1993-05-24	TAKE BACK RETURN	SHIP	. blithely silent accounts sleep
3363654	137847	2874	3	10.00	18848.40	0.00	0.04	A	F	1993-05-24	1993-03-25	1993-05-29	DELIVER IN PERSON	MAIL	pains haggle furiously even requ
l_orderkey	l_partkey	l_suppkey	l_linenumber	l_quantity	l_extendedprice	l_discount	l_tax	l_returnflag	l_linestatus	l_shipdate	l_commitdate	l_receiptdate	l_shipinstruct	l_shipmode	l_comment
1802211	108066	5597	3	23.00	24703.38	0.02	0.02	R	F	1994-03-07	1994-03-25	1994-03-25	NONE	AIR	inal deposits. brave th
1802240	34535	4536	2	12.00	17634.36	0.09	0.07	A	F	1994-03-25	1994-04-24	1994-04-18	DELIVER IN PERSON	AIR	. regular packages integrate furiously. c
1802372	111629	9163	1	26.00	42656.12	0.01	0.06	R	F	1994-03-02	1994-01-05	1994-03-23	DELIVER IN PERSON	AIR	press foxes
l_orderkey	l_partkey	l_suppkey	l_linenumber	l_quantity	l_extendedprice	l_discount	l_tax	l_returnflag	l_linestatus	l_shipdate	l_commitdate	l_receiptdate	l_shipinstruct	l_shipmode	l_comment
2416100	114102	6614	3	9.00	10044.90	0.09	0.03	R	F	1993-10-15	1993-11-26	1993-10-23	TAKE BACK RETURN	SHIP	he slyly pending pinto be
2416292	145872	901	1	34.00	65207.58	0.02	0.02	R	F	1993-10-11	1993-08-17	1993-10-27	NONE	FOB	ate blithely express ideas
2416513	77520	2535	1	24.00	35940.48	0.04	0.02	A	F	1993-10-26	1993-11-27	1993-11-24	NONE	MAIL	l ideas wake
