calShowPartitionsByValue('dtypes', 'id', '1', '100')
Part#     Min                           Max                           Status\n  0.0.1     1                             100                           Enabled
calShowPartitionsByValue('dtypes', 'dt', '2008-01-01', '2013-01-01')
Part#     Min                           Max                           Status\n  0.0.1     2008-12-15                    2010-11-08                    Enabled
calShowPartitionsByValue('dtypes', 'dtm', '2008-01-01', '2013-01-01')
Part#     Min                           Max                           Status\n  0.0.1     2008-12-15 06:40:22           2010-11-08 08:19:22           Enabled
calShowPartitionsByValue('dtypes', 'ti', '-126', '127')
Part#     Min                           Max                           Status\n  0.0.1     -126                          127                           Enabled
calShowPartitionsByValue('dtypes', 'si', '-2299', '32767')
Part#     Min                           Max                           Status\n  0.0.1     -2233                         32767                         Enabled
calShowPartitionsByValue('dtypes', 'i', '-20000', '7000000')
Part#     Min                           Max                           Status\n  0.0.1     -2233                         5860521                       Enabled
calShowPartitionsByValue('dtypes', 'bi', '-20000', '7000000')
Part#     Min                           Max                           Status\n  0.0.1     -2233                         5860521                       Enabled
calShowPartitionsByValue('dtypes', 'c1', '$', 'Z')
Part#     Min                           Max                           Status\n  0.0.1     -                             9                             Enabled
calShowPartitionsByValue('dtypes', 'c2', '$', '999')
Part#     Min                           Max                           Status\n  0.0.1     -0                            9.                            Enabled
calShowPartitionsByValue('dtypes', 'c3', '&', '9999999999')
Part#     Min                           Max                           Status\n  0.0.1     -0.                           9.8                           Enabled
calShowPartitionsByValue('dtypes', 'c4', '&', '9.88')
Part#     Min                           Max                           Status\n  0.0.1     -0.0                          9.88                          Enabled
calShowPartitionsByValue('dtypes', 'd1', '-9', '9')
Part#     Min                           Max                           Status\n  0.0.1     -9                            9                             Enabled
calShowPartitionsByValue('dtypes', 'd2', '-1', '1')
Part#     Min                           Max                           Status\n  0.0.1     -0.9                          0.9                           Enabled
calShowPartitionsByValue('dtypes', 'd3', '-100', '100')
Part#     Min                           Max                           Status\n  0.0.1     -99                           99                            Enabled
calShowPartitionsByValue('dtypes', 'd4', '-100', '100')
Part#     Min                           Max                           Status\n  0.0.1     -9.9                          9.9                           Enabled
calShowPartitionsByValue('dtypes', 'd5', '-100', '100')
Part#     Min                           Max                           Status\n  0.0.1     -0.99                         0.99                          Enabled
calShowPartitionsByValue('dtypes', 'd6', '-1000', '1000')
Part#     Min                           Max                           Status\n  0.0.1     -999                          999                           Enabled
calShowPartitionsByValue('dtypes', 'd7', '-10000', '10000')
Part#     Min                           Max                           Status\n  0.0.1     -99.9                         99.9                          Enabled
calShowPartitionsByValue('dtypes', 'd8', '-100000', '100000')
Part#     Min                           Max                           Status\n  0.0.1     -9.99                         9.99                          Enabled
calShowPartitionsByValue('dtypes', 'd188', '-9.99999999999999999', '9.99999999999999999')
Part#     Min                           Max                           Status\n  0.0.1     -10.00000000000000000         10.00000000000000000          Enabled
