
SoftwareVersion = 4.5.3

000 Create/Load Uncompressed Tables:  Passed
001 Working Folder Test:              Failed
002 Concurrency Test:                 Passed
005 Working DML Test:                 Failed
006 Count while loading:              Passed (loads=100, rowsPerLoad=25000, queries=2947)
007 Count while updating:             Passed (updates=1000, rowsPerUpdate=50000, queries=25390)
008 Count while importing:            Passed (imports=200, rowsPerImport=500000, queries=201)
009 Count while deleting:             Passed (imports=50, rowsPerImport=75000, queries=1309)
010 Drop Partition Test:              Passed (18 counts all matched!)
011 cpimport Features Test:           Failed (check /root/genii/mysql/queries/nightly/srvswdev11/test011.log)
012 Varbinary Test:                   Failed (Check logs/diff.txt for diffs)
100 Create/Load Compressed Tables:    Passed
101 Working Folder UM Join Comp On:   Failed
102 Concurrency Test tpch1c:          Passed
105 Working DML Test dmlc:            Failed
106 Count while loading dmlc:         Passed (loads=100, rowsPerLoad=25000, queries=2612)
107 Count while updating dmlc:        Passed (updates=1000, rowsPerUpdate=50000, queries=23290)
108 Count while importing dmlc:       Passed (imports=200, rowsPerImport=500000, queries=222)
109 Count while deleting dmlc:        Passed (imports=50, rowsPerImport=75000, queries=1114)
110 Drop Partition Test dmlc:         Passed (18 counts all matched!)
112 Varbinary Test:                   Passed
200 Monitor TotalUmMemory:            Failed (check test200/diff.txt)
201 Version Buffer Test:              Passed
202 Wide Table Tests:                 Passed
203 EM Min/Max Valid L.D.I. Test:     Passed (200 loads)
204 EM Min/Max Valid cpimport Test:   Passed (200 imports)
210 VSS Flush Block in Block Cache:   Passed
211 Concurrent Transactions Test:     Passed (seconds=1800, thr=15, rowFactor=10000, batches=2695, rows=198680000)
295 DML schema EM Validation:         Passed
296 DMLC schema EM Validation:        Passed
297 Miscellaneous Tests:              Passed
299 Japanese Language Test:           Passed (44 scripts all matched)

-----------------------------------------------------------------------------------------------------------

+-------+---------+------+----------+----------+-------+-------+--------+--------+----------+--------+
| runId | version | rel  | buildDtm | run_time | maxPP | maxEM | maxDMP | maxImp | maxCntlr | maxAll |
+-------+---------+------+----------+----------+-------+-------+--------+--------+----------+--------+
|    12 | 4.5.3   | 8    |          | 04:02:05 |  43.7 |  59.3 |    2.9 |    9.7 |      1.5 |   78.1 |
+-------+---------+------+----------+----------+-------+-------+--------+--------+----------+--------+

+---------+---------------------+--------+---------+------+----------+------------+------------+-----------+
| Run     | Start               | Run ID | Version | Rel  | Run Time | Max ExeMgr | Avg ExeMgr | Tests Run |
+---------+---------------------+--------+---------+------+----------+------------+------------+-----------+
| Current | 2015-01-15 18:52:24 |     12 | 4.5.3   | 8    | 04:02:05 |       59.3 |    4.80222 |        32 |
+---------+---------------------+--------+---------+------+----------+------------+------------+-----------+


+---------+----------+-------+-------+--------+--------+----------+---------+--------+
| test    | run_time | maxPP | maxEM | maxDMP | maxImp | maxCntlr | maxWrkr | maxAll |
+---------+----------+-------+-------+--------+--------+----------+---------+--------+
| test000 | 00:03:09 |  12.3 |   0.5 |    0.5 |    2.4 |      0.7 |     0.3 |   14.4 |
| test001 | 00:16:23 |  16.8 |   5.4 |    0.5 |    0.2 |      1.0 |     0.3 |   20.8 |
| test002 | 00:03:48 |  33.2 |  11.0 |    0.5 |    0.0 |      1.4 |     0.3 |   43.5 |
| test005 | 00:05:34 |  12.5 |   4.1 |    0.6 |    0.2 |      1.1 |     0.3 |   18.5 |
| test006 | 00:06:57 |  12.6 |   1.1 |    0.6 |    0.7 |      1.2 |     0.3 |   15.9 |
| test007 | 00:04:35 |  12.2 |   0.5 |    0.7 |    0.2 |      1.1 |     0.3 |   15.1 |
| test008 | 00:12:22 |  12.7 |   0.9 |    0.6 |    1.4 |      1.1 |     0.3 |   16.8 |
| test009 | 00:09:16 |  12.8 |   1.2 |    0.7 |    0.4 |      1.2 |     0.3 |   16.1 |
| test010 | 00:03:20 |  12.3 |   0.5 |    0.7 |    0.2 |      1.1 |     0.3 |   15.2 |
| test011 | 00:01:19 |  12.1 |   0.5 |    0.7 |    0.3 |      1.1 |     0.3 |   15.2 |
| test012 | 00:00:52 |  12.1 |   1.2 |    0.8 |    0.7 |      1.1 |     0.3 |   15.9 |
| test100 | 00:03:28 |  13.1 |   0.3 |    0.7 |    9.6 |      1.1 |     0.3 |   24.3 |
| test101 | 00:21:35 |  17.3 |   5.6 |    0.7 |    0.2 |      1.1 |     0.3 |   20.1 |
| test102 | 00:04:20 |  43.7 |  20.2 |    0.3 |    0.0 |      1.5 |     0.3 |   52.9 |
| test105 | 00:06:25 |  13.8 |   4.1 |    0.6 |    1.5 |      1.1 |     0.3 |   19.3 |
| test106 | 00:07:12 |  13.7 |   1.2 |    0.5 |    0.2 |      1.1 |     0.3 |   17.1 |
| test107 | 00:04:37 |  13.4 |   0.6 |    0.6 |    0.2 |      1.1 |     0.3 |   16.2 |
| test108 | 00:12:17 |  14.0 |   0.9 |    0.6 |    2.1 |      1.1 |     0.3 |   18.8 |
| test109 | 00:06:34 |  14.1 |   1.4 |    0.6 |    1.7 |      1.1 |     0.3 |   17.5 |
| test110 | 00:03:18 |  13.3 |   0.6 |    0.6 |    0.2 |      1.2 |     0.3 |   16.4 |
| test112 | 00:00:55 |  13.4 |   1.2 |    0.8 |    1.4 |      1.2 |     0.3 |   17.4 |
| test200 | 00:35:31 |  20.5 |  59.3 |    0.6 |    0.0 |      1.2 |     0.5 |   78.1 |
| test201 | 00:07:54 |  17.0 |   0.8 |    0.6 |    0.9 |      1.2 |     3.5 |   23.3 |
| test202 | 00:01:20 |  16.9 |   2.4 |    0.6 |    9.7 |      1.2 |     3.5 |   32.7 |
| test203 | 00:09:33 |  15.3 |   1.1 |    0.7 |    0.2 |      1.3 |     3.5 |   21.9 |
| test204 | 00:08:18 |  15.1 |   0.7 |    0.8 |    0.8 |      1.3 |     3.5 |   21.8 |
| test210 | 00:06:00 |  15.1 |   1.4 |    0.8 |    0.2 |      1.2 |     3.5 |   22.5 |
| test211 | 00:32:19 |  14.9 |   1.2 |    2.9 |    0.6 |      1.3 |     3.5 |   23.3 |
| test297 | 00:00:03 |  14.6 |   0.2 |    2.8 |    0.0 |      1.1 |     3.5 |   22.6 |
| test299 | 00:02:49 |  14.6 |   0.4 |    2.8 |    0.2 |      1.1 |     3.5 |   22.6 |
+---------+----------+-------+-------+--------+--------+----------+---------+--------+

-----------------------------------------------------------------------------------------------------------

Working Folder Test scripts that failed:
Compare failed - working_tpch1/misc/rename.negative.sql
Compare failed - working_tpch1/qa_fe_cnxFunctions/bug3792.negative.sql

-----------------------------------------------------------------------------------------------------------

Working DML Test scripts that failed:
Compare failed - working_dml/qa_sub/mts_1.1600.negative.sql

Details from queryTester:
Total Local Passed   = 76
Total Local Failed   = 0
Total Ref Passed     = 0
Total Fef Failed     = 0
Total Compare Passed = 75
Total Compare Failed = 1
Total Selects        = 1137
Total Inserts        = 434
Total Updates        = 139
Total Deletes        = 26
Total Creates        = 304
Total Drops          = 404

-----------------------------------------------------------------------------------------------------------

Working Folder UM Join Test Details:

Working Folder Test scripts that failed:
Compare failed - working_tpch1/misc/rename.negative.sql

Details from queryTester:
Total Local Passed   = 627
Total Local Failed   = 0
Total Ref Passed     = 0
Total Fef Failed     = 0
Total Compare Passed = 594
Total Compare Failed = 1
Total Selects        = 18505
Total Inserts        = 403
Total Updates        = 30
Total Deletes        = 11
Total Creates        = 219
Total Drops          = 302

Changed this Calpont.xml setting:
		<PmMaxMemorySmallSide>1</PmMaxMemorySmallSide><!-- divide by 48 to get element count -->

df -h output:
Filesystem      Size  Used Avail Use% Mounted on
/dev/sda1       185G   81G   96G  46% /
tmpfs           3.9G   18M  3.9G   1% /dev/shm

-----------------------------------------------------------------------------------------------------------

Working DML Test scripts that failed:
Compare failed - working_dml/qa_sub/mts_1.1600.negative.sql

-----------------------------------------------------------------------------------------------------------

Tests completed!
Archive directory ./archive/2015-01-15@18:51:16
