n_nationkey	n_name	n_regionkey	n_comment
0	ALGERIA	0	 haggle. carefully final deposits detect slyly agai
1	ARGENTINA	1	al foxes promise slyly according to the regular accounts. bold requests alon
2	BRAZIL	1	y alongside of the pending deposits. carefully special packages are about the ironic forges. slyly special 
3	CANADA	1	eas hang ironic, silent packages. slyly regular packages are furiously over the tithes. fluffily bold
4	EGYPT	4	y above the carefully unusual theodolites. final dugouts are quickly across the furiously regular d
5	ETHIOPIA	0	ven packages wake quickly. regu
6	FRANCE	3	refully final requests. regular, ironi
7	GERMANY	3	l platelets. regular accounts x-ray: unusual, regular acco
8	INDIA	2	ss excuses cajole slyly across the packages. deposits print aroun
9	INDONESIA	2	 slyly express asymptotes. regular deposits haggle slyly. carefully ironic hockey players sleep blithely. carefull
10	IRAN	4	efully alongside of the slyly final dependencies. 
11	IRAQ	4	nic deposits boost atop the quickly final requests? quickly regula
12	JAPAN	2	ously. final, express gifts cajole a
13	JORDAN	4	ic deposits are blithely about the carefully regular pa
14	KENYA	0	 pending excuses haggle furiously deposits. pending, express pinto beans wake fluffily past t
15	MOROCCO	0	rns. blithely bold courts among the closely regular packages use furiously bold platelets?
16	MOZAMBIQUE	0	s. ironic, unusual asymptotes wake blithely r
17	PERU	1	platelets. blithely pending dependencies use fluffily across the even pinto beans. carefully silent accoun
18	CHINA	2	c dependencies. furiously express notornis sleep slyly regular accounts. ideas sleep. depos
19	ROMANIA	3	ular asymptotes are about the furious multipliers. express dependencies nag above the ironically ironic account
20	SAUDI ARABIA	4	ts. silent requests haggle. closely express packages sleep across the blithely
21	VIETNAM	2	hely enticingly express accounts. even, final 
22	RUSSIA	3	 requests against the platelets use never according to the quickly regular pint
23	UNITED KINGDOM	3	eans boost carefully special requests. accounts are. carefull
24	UNITED STATES	1	y final packages. slow foxes cajole quickly. quickly silent platelets breach ironic accounts. unusual pinto be
n_nationkey
0
1
2
3
4
5
6
7
8
9
10
11
12
13
14
15
16
17
18
19
20
21
22
23
24
n_name
ALGERIA
ARGENTINA
BRAZIL
CANADA
CHINA
EGYPT
ETHIOPIA
FRANCE
GERMANY
INDIA
INDONESIA
IRAN
IRAQ
JAPAN
JORDAN
KENYA
MOROCCO
MOZAMBIQUE
PERU
ROMANIA
RUSSIA
SAUDI ARABIA
UNITED KINGDOM
UNITED STATES
VIETNAM
n_regionkey
0
1
2
3
4
n_nationkey	n_regionkey
0	0
1	1
2	1
3	1
4	4
5	0
6	3
7	3
8	2
9	2
10	4
11	4
12	2
13	4
14	0
15	0
16	0
17	1
18	2
19	3
20	4
21	2
22	3
23	3
24	1
n_name	n_nationkey
ALGERIA	0
ARGENTINA	1
BRAZIL	2
CANADA	3
CHINA	18
EGYPT	4
ETHIOPIA	5
FRANCE	6
GERMANY	7
INDIA	8
INDONESIA	9
IRAN	10
IRAQ	11
JAPAN	12
JORDAN	13
KENYA	14
MOROCCO	15
MOZAMBIQUE	16
PERU	17
ROMANIA	19
RUSSIA	22
SAUDI ARABIA	20
UNITED KINGDOM	23
UNITED STATES	24
VIETNAM	21
n_nationkey	n_name	n_regionkey	n_comment
0	ALGERIA	0	 haggle. carefully final deposits detect slyly agai
1	ARGENTINA	1	al foxes promise slyly according to the regular accounts. bold requests alon
2	BRAZIL	1	y alongside of the pending deposits. carefully special packages are about the ironic forges. slyly special 
3	CANADA	1	eas hang ironic, silent packages. slyly regular packages are furiously over the tithes. fluffily bold
4	EGYPT	4	y above the carefully unusual theodolites. final dugouts are quickly across the furiously regular d
5	ETHIOPIA	0	ven packages wake quickly. regu
6	FRANCE	3	refully final requests. regular, ironi
7	GERMANY	3	l platelets. regular accounts x-ray: unusual, regular acco
8	INDIA	2	ss excuses cajole slyly across the packages. deposits print aroun
9	INDONESIA	2	 slyly express asymptotes. regular deposits haggle slyly. carefully ironic hockey players sleep blithely. carefull
10	IRAN	4	efully alongside of the slyly final dependencies. 
11	IRAQ	4	nic deposits boost atop the quickly final requests? quickly regula
12	JAPAN	2	ously. final, express gifts cajole a
13	JORDAN	4	ic deposits are blithely about the carefully regular pa
14	KENYA	0	 pending excuses haggle furiously deposits. pending, express pinto beans wake fluffily past t
15	MOROCCO	0	rns. blithely bold courts among the closely regular packages use furiously bold platelets?
16	MOZAMBIQUE	0	s. ironic, unusual asymptotes wake blithely r
17	PERU	1	platelets. blithely pending dependencies use fluffily across the even pinto beans. carefully silent accoun
18	CHINA	2	c dependencies. furiously express notornis sleep slyly regular accounts. ideas sleep. depos
19	ROMANIA	3	ular asymptotes are about the furious multipliers. express dependencies nag above the ironically ironic account
20	SAUDI ARABIA	4	ts. silent requests haggle. closely express packages sleep across the blithely
21	VIETNAM	2	hely enticingly express accounts. even, final 
22	RUSSIA	3	 requests against the platelets use never according to the quickly regular pint
23	UNITED KINGDOM	3	eans boost carefully special requests. accounts are. carefull
24	UNITED STATES	1	y final packages. slow foxes cajole quickly. quickly silent platelets breach ironic accounts. unusual pinto be
n_comment
 haggle. carefully final deposits detect slyly agai
 pending excuses haggle furiously deposits. pending, express pinto beans wake fluffily past t
 requests against the platelets use never according to the quickly regular pint
 slyly express asymptotes. regular deposits haggle slyly. carefully ironic hockey players sleep blithely. carefull
al foxes promise slyly according to the regular accounts. bold requests alon
c dependencies. furiously express notornis sleep slyly regular accounts. ideas sleep. depos
eans boost carefully special requests. accounts are. carefull
eas hang ironic, silent packages. slyly regular packages are furiously over the tithes. fluffily bold
efully alongside of the slyly final dependencies. 
hely enticingly express accounts. even, final 
ic deposits are blithely about the carefully regular pa
l platelets. regular accounts x-ray: unusual, regular acco
nic deposits boost atop the quickly final requests? quickly regula
ously. final, express gifts cajole a
platelets. blithely pending dependencies use fluffily across the even pinto beans. carefully silent accoun
refully final requests. regular, ironi
rns. blithely bold courts among the closely regular packages use furiously bold platelets?
s. ironic, unusual asymptotes wake blithely r
ss excuses cajole slyly across the packages. deposits print aroun
ts. silent requests haggle. closely express packages sleep across the blithely
ular asymptotes are about the furious multipliers. express dependencies nag above the ironically ironic account
ven packages wake quickly. regu
y above the carefully unusual theodolites. final dugouts are quickly across the furiously regular d
y alongside of the pending deposits. carefully special packages are about the ironic forges. slyly special 
y final packages. slow foxes cajole quickly. quickly silent platelets breach ironic accounts. unusual pinto be
n_nationkey	n_name	n_regionkey	n_comment
0	ALGERIA	0	 haggle. carefully final deposits detect slyly agai
1	ARGENTINA	1	al foxes promise slyly according to the regular accounts. bold requests alon
2	BRAZIL	1	y alongside of the pending deposits. carefully special packages are about the ironic forges. slyly special 
3	CANADA	1	eas hang ironic, silent packages. slyly regular packages are furiously over the tithes. fluffily bold
4	EGYPT	4	y above the carefully unusual theodolites. final dugouts are quickly across the furiously regular d
5	ETHIOPIA	0	ven packages wake quickly. regu
6	FRANCE	3	refully final requests. regular, ironi
7	GERMANY	3	l platelets. regular accounts x-ray: unusual, regular acco
8	INDIA	2	ss excuses cajole slyly across the packages. deposits print aroun
9	INDONESIA	2	 slyly express asymptotes. regular deposits haggle slyly. carefully ironic hockey players sleep blithely. carefull
n_nationkey
0
1
2
3
4
5
6
7
8
9
n_name
ALGERIA
ARGENTINA
BRAZIL
CANADA
EGYPT
ETHIOPIA
FRANCE
GERMANY
INDIA
INDONESIA
n_regionkey
0
1
2
3
4
n_nationkey	n_regionkey
0	0
1	1
2	1
3	1
4	4
5	0
6	3
7	3
8	2
9	2
n_name	n_nationkey
ALGERIA	0
ARGENTINA	1
BRAZIL	2
CANADA	3
EGYPT	4
ETHIOPIA	5
FRANCE	6
GERMANY	7
INDIA	8
INDONESIA	9
n_nationkey	n_name	n_regionkey	n_comment
0	ALGERIA	0	 haggle. carefully final deposits detect slyly agai
1	ARGENTINA	1	al foxes promise slyly according to the regular accounts. bold requests alon
2	BRAZIL	1	y alongside of the pending deposits. carefully special packages are about the ironic forges. slyly special 
3	CANADA	1	eas hang ironic, silent packages. slyly regular packages are furiously over the tithes. fluffily bold
4	EGYPT	4	y above the carefully unusual theodolites. final dugouts are quickly across the furiously regular d
5	ETHIOPIA	0	ven packages wake quickly. regu
6	FRANCE	3	refully final requests. regular, ironi
7	GERMANY	3	l platelets. regular accounts x-ray: unusual, regular acco
8	INDIA	2	ss excuses cajole slyly across the packages. deposits print aroun
9	INDONESIA	2	 slyly express asymptotes. regular deposits haggle slyly. carefully ironic hockey players sleep blithely. carefull
n_comment
 haggle. carefully final deposits detect slyly agai
 slyly express asymptotes. regular deposits haggle slyly. carefully ironic hockey players sleep blithely. carefull
al foxes promise slyly according to the regular accounts. bold requests alon
eas hang ironic, silent packages. slyly regular packages are furiously over the tithes. fluffily bold
l platelets. regular accounts x-ray: unusual, regular acco
refully final requests. regular, ironi
ss excuses cajole slyly across the packages. deposits print aroun
ven packages wake quickly. regu
y above the carefully unusual theodolites. final dugouts are quickly across the furiously regular d
y alongside of the pending deposits. carefully special packages are about the ironic forges. slyly special 
n_nationkey	n_name	n_regionkey	n_comment
11	IRAQ	4	nic deposits boost atop the quickly final requests? quickly regula
12	JAPAN	2	ously. final, express gifts cajole a
13	JORDAN	4	ic deposits are blithely about the carefully regular pa
14	KENYA	0	 pending excuses haggle furiously deposits. pending, express pinto beans wake fluffily past t
15	MOROCCO	0	rns. blithely bold courts among the closely regular packages use furiously bold platelets?
16	MOZAMBIQUE	0	s. ironic, unusual asymptotes wake blithely r
17	PERU	1	platelets. blithely pending dependencies use fluffily across the even pinto beans. carefully silent accoun
18	CHINA	2	c dependencies. furiously express notornis sleep slyly regular accounts. ideas sleep. depos
19	ROMANIA	3	ular asymptotes are about the furious multipliers. express dependencies nag above the ironically ironic account
20	SAUDI ARABIA	4	ts. silent requests haggle. closely express packages sleep across the blithely
21	VIETNAM	2	hely enticingly express accounts. even, final 
22	RUSSIA	3	 requests against the platelets use never according to the quickly regular pint
23	UNITED KINGDOM	3	eans boost carefully special requests. accounts are. carefull
24	UNITED STATES	1	y final packages. slow foxes cajole quickly. quickly silent platelets breach ironic accounts. unusual pinto be
n_nationkey
11
12
13
14
15
16
17
18
19
20
21
22
23
24
n_name
CHINA
IRAQ
JAPAN
JORDAN
KENYA
MOROCCO
MOZAMBIQUE
PERU
ROMANIA
RUSSIA
SAUDI ARABIA
UNITED KINGDOM
UNITED STATES
VIETNAM
n_regionkey
0
1
2
3
4
n_nationkey	n_regionkey
11	4
12	2
13	4
14	0
15	0
16	0
17	1
18	2
19	3
20	4
21	2
22	3
23	3
24	1
n_name	n_nationkey
CHINA	18
IRAQ	11
JAPAN	12
JORDAN	13
KENYA	14
MOROCCO	15
MOZAMBIQUE	16
PERU	17
ROMANIA	19
RUSSIA	22
SAUDI ARABIA	20
UNITED KINGDOM	23
UNITED STATES	24
VIETNAM	21
n_nationkey	n_name	n_regionkey	n_comment
11	IRAQ	4	nic deposits boost atop the quickly final requests? quickly regula
12	JAPAN	2	ously. final, express gifts cajole a
13	JORDAN	4	ic deposits are blithely about the carefully regular pa
14	KENYA	0	 pending excuses haggle furiously deposits. pending, express pinto beans wake fluffily past t
15	MOROCCO	0	rns. blithely bold courts among the closely regular packages use furiously bold platelets?
16	MOZAMBIQUE	0	s. ironic, unusual asymptotes wake blithely r
17	PERU	1	platelets. blithely pending dependencies use fluffily across the even pinto beans. carefully silent accoun
18	CHINA	2	c dependencies. furiously express notornis sleep slyly regular accounts. ideas sleep. depos
19	ROMANIA	3	ular asymptotes are about the furious multipliers. express dependencies nag above the ironically ironic account
20	SAUDI ARABIA	4	ts. silent requests haggle. closely express packages sleep across the blithely
21	VIETNAM	2	hely enticingly express accounts. even, final 
22	RUSSIA	3	 requests against the platelets use never according to the quickly regular pint
23	UNITED KINGDOM	3	eans boost carefully special requests. accounts are. carefull
24	UNITED STATES	1	y final packages. slow foxes cajole quickly. quickly silent platelets breach ironic accounts. unusual pinto be
n_comment
 pending excuses haggle furiously deposits. pending, express pinto beans wake fluffily past t
 requests against the platelets use never according to the quickly regular pint
c dependencies. furiously express notornis sleep slyly regular accounts. ideas sleep. depos
eans boost carefully special requests. accounts are. carefull
hely enticingly express accounts. even, final 
ic deposits are blithely about the carefully regular pa
nic deposits boost atop the quickly final requests? quickly regula
ously. final, express gifts cajole a
platelets. blithely pending dependencies use fluffily across the even pinto beans. carefully silent accoun
rns. blithely bold courts among the closely regular packages use furiously bold platelets?
s. ironic, unusual asymptotes wake blithely r
ts. silent requests haggle. closely express packages sleep across the blithely
ular asymptotes are about the furious multipliers. express dependencies nag above the ironically ironic account
y final packages. slow foxes cajole quickly. quickly silent platelets breach ironic accounts. unusual pinto be
