
Version     : 4.6.6                             Vendor: MariaDB, Inc.
Release     : 2                             Build Date: Thu 30 Jul 2015 01:40:11 PM CDT

000 Create/Load Uncompressed Tables:  Passed
001 Working Folder Test:              Failed

-----------------------------------------------------------------------------------------------------------

+-------+---------+------+--------------------------+----------+-------+-------+--------+--------+----------+--------+
| runId | version | rel  | buildDtm                 | run_time | maxPP | maxEM | maxDMP | maxImp | maxCntlr | maxAll |
+-------+---------+------+--------------------------+----------+-------+-------+--------+--------+----------+--------+
|    25 | 4.6.6   | 2    | Thu 30 Jul 2015 01:40:11 | 00:26:31 |  13.5 |   6.5 |    0.7 |    3.3 |      1.1 |   20.8 |
+-------+---------+------+--------------------------+----------+-------+-------+--------+--------+----------+--------+

+---------+---------------------+--------+---------+------+----------+------------+------------+-----------+
| Run     | Start               | Run ID | Version | Rel  | Run Time | Max ExeMgr | Avg ExeMgr | Tests Run |
+---------+---------------------+--------+---------+------+----------+------------+------------+-----------+
| Current | 2015-08-05 12:36:44 |     25 | 4.6.6   | 2    | 00:26:31 |        6.5 |    0.62716 |         2 |
+---------+---------------------+--------+---------+------+----------+------------+------------+-----------+


+---------+----------+-------+-------+--------+--------+----------+---------+--------+
| test    | run_time | maxPP | maxEM | maxDMP | maxImp | maxCntlr | maxWrkr | maxAll |
+---------+----------+-------+-------+--------+--------+----------+---------+--------+
| test000 | 00:08:18 |  12.0 |   0.6 |    0.7 |    3.3 |      0.9 |     0.4 |   14.8 |
| test001 | 00:18:13 |  13.5 |   6.5 |    0.7 |    0.2 |      1.1 |     0.4 |   20.8 |
+---------+----------+-------+-------+--------+--------+----------+---------+--------+

-----------------------------------------------------------------------------------------------------------

Working Folder Test scripts that failed:
Compare failed - working_tpch1/qa_fe_postProcessedFunctions/FORMAT.NM.sql
Compare failed - working_tpch1/qa_fe_postProcessedFunctions/FROM_UNIXTIME.DL.sql
Compare failed - working_tpch1/qa_fe_postProcessedFunctions/HOUR.DS.sql
Compare failed - working_tpch1/qa_fe_postProcessedFunctions/IF.NM.sql
Compare failed - working_tpch1/qa_fe_postProcessedFunctions/IFNULL.NS.sql
Compare failed - working_tpch1/qa_fe_postProcessedFunctions/IFNULL.SS.sql
Compare failed - working_tpch1/qa_fe_postProcessedFunctions/IF.SM.sql
Compare failed - working_tpch1/qa_fe_postProcessedFunctions/LOG.NS.sql
Compare failed - working_tpch1/qa_fe_postProcessedFunctions/LPAD.SM.sql
Compare failed - working_tpch1/qa_fe_postProcessedFunctions/MATHEXPR.NL.sql
Compare failed - working_tpch1/qa_fe_postProcessedFunctions/MAX.DC.sql
Compare failed - working_tpch1/qa_fe_postProcessedFunctions/MAX.NC.sql
Compare failed - working_tpch1/qa_fe_postProcessedFunctions/MAX.SC.sql
Compare failed - working_tpch1/qa_fe_postProcessedFunctions/MIN.DC.sql
Compare failed - working_tpch1/qa_fe_postProcessedFunctions/MIN.NC.sql
Compare failed - working_tpch1/qa_fe_postProcessedFunctions/MIN.SC.sql
Compare failed - working_tpch1/qa_fe_postProcessedFunctions/POSITION.SM.sql
Compare failed - working_tpch1/qa_fe_postProcessedFunctions/RIGHT.SL.sql
Compare failed - working_tpch1/qa_fe_postProcessedFunctions/RIGHT.SM.sql
Compare failed - working_tpch1/qa_fe_postProcessedFunctions/ROUND.NL.sql
Compare failed - working_tpch1/qa_fe_postProcessedFunctions/ROUND.NM.sql
Compare failed - working_tpch1/qa_fe_postProcessedFunctions/RPAD.SL.sql
Compare failed - working_tpch1/qa_fe_postProcessedFunctions/RPAD.SM.sql
Compare failed - working_tpch1/qa_fe_postProcessedFunctions/SECOND.DS.sql
Compare failed - working_tpch1/qa_fe_postProcessedFunctions/SEC_TO_TIME.NS.sql

-----------------------------------------------------------------------------------------------------------

Tests completed!
Archive directory ./archive/2015-08-05@12:35:56
