--------------
select now()
--------------

+---------------------+
| now()               |
+---------------------+
| 2014-11-19 16:29:31 |
+---------------------+
1 row in set (0.00 sec)

--------------
select now()
--------------

+---------------------+
| now()               |
+---------------------+
| 2014-11-19 16:29:31 |
+---------------------+
1 row in set (0.00 sec)

--------------
select calflushcache()
--------------

+-----------------+
| calflushcache() |
+-----------------+
|               0 |
+-----------------+
1 row in set (0.01 sec)

--------------
select count(ps_suppkey) 'Count 400 Million 4 byte Ints: From 800 Million Rows' from partsupp 	where ps_suppkey <= 500000
--------------

+------------------------------------------------------+
| Count 400 Million 4 byte Ints: From 800 Million Rows |
+------------------------------------------------------+
|                                              8000000 |
+------------------------------------------------------+
1 row in set (0.19 sec)

--------------
select calgetstats()
--------------

+----------------------------------------------------------------------------------------------------------------------------------------------------------------------------------------------------+
| calgetstats()                                                                                                                                                                                      |
+----------------------------------------------------------------------------------------------------------------------------------------------------------------------------------------------------+
| Query Stats: MaxMemPct-0; NumTempFiles-0; TempFileSpace-0B; ApproxPhyI/O-3911; CacheI/O-3911; BlocksTouched-3911; PartitionBlocksEliminated-0; MsgBytesIn-117KB; MsgBytesOut-1KB; Mode-Distributed |
+----------------------------------------------------------------------------------------------------------------------------------------------------------------------------------------------------+
1 row in set (0.00 sec)

--------------
select now()
--------------

+---------------------+
| now()               |
+---------------------+
| 2014-11-19 16:29:31 |
+---------------------+
1 row in set (0.00 sec)

--------------
select count(ps_suppkey) 'Count 400 Million 4 byte Ints: From 800 Million Rows' from partsupp 	where ps_suppkey <= 500000
--------------

+------------------------------------------------------+
| Count 400 Million 4 byte Ints: From 800 Million Rows |
+------------------------------------------------------+
|                                              8000000 |
+------------------------------------------------------+
1 row in set (0.16 sec)

--------------
select calgetstats()
--------------

+-------------------------------------------------------------------------------------------------------------------------------------------------------------------------------------------------+
| calgetstats()                                                                                                                                                                                   |
+-------------------------------------------------------------------------------------------------------------------------------------------------------------------------------------------------+
| Query Stats: MaxMemPct-0; NumTempFiles-0; TempFileSpace-0B; ApproxPhyI/O-0; CacheI/O-3911; BlocksTouched-3911; PartitionBlocksEliminated-0; MsgBytesIn-117KB; MsgBytesOut-1KB; Mode-Distributed |
+-------------------------------------------------------------------------------------------------------------------------------------------------------------------------------------------------+
1 row in set (0.00 sec)

--------------
select calflushcache()
--------------

+-----------------+
| calflushcache() |
+-----------------+
|               0 |
+-----------------+
1 row in set (0.00 sec)

--------------
select count(ps_supplycost) 'Count 400 Million 8 byte Decimals: From 800 Million Rows'  from partsupp 	where ps_supplycost <= 501
--------------

+----------------------------------------------------------+
| Count 400 Million 8 byte Decimals: From 800 Million Rows |
+----------------------------------------------------------+
|                                                  4004750 |
+----------------------------------------------------------+
1 row in set (0.17 sec)

--------------
select calgetstats()
--------------

+----------------------------------------------------------------------------------------------------------------------------------------------------------------------------------------------------+
| calgetstats()                                                                                                                                                                                      |
+----------------------------------------------------------------------------------------------------------------------------------------------------------------------------------------------------+
| Query Stats: MaxMemPct-0; NumTempFiles-0; TempFileSpace-0B; ApproxPhyI/O-7822; CacheI/O-7822; BlocksTouched-7822; PartitionBlocksEliminated-0; MsgBytesIn-117KB; MsgBytesOut-1KB; Mode-Distributed |
+----------------------------------------------------------------------------------------------------------------------------------------------------------------------------------------------------+
1 row in set (0.00 sec)

--------------
select now()
--------------

+---------------------+
| now()               |
+---------------------+
| 2014-11-19 16:29:32 |
+---------------------+
1 row in set (0.00 sec)

--------------
select count(ps_supplycost) 'Count 400 Million 8 byte Decimals: From 800 Million Rows'  from partsupp 	where ps_supplycost <= 501
--------------

+----------------------------------------------------------+
| Count 400 Million 8 byte Decimals: From 800 Million Rows |
+----------------------------------------------------------+
|                                                  4004750 |
+----------------------------------------------------------+
1 row in set (0.12 sec)

--------------
select calgetstats()
--------------

+-------------------------------------------------------------------------------------------------------------------------------------------------------------------------------------------------+
| calgetstats()                                                                                                                                                                                   |
+-------------------------------------------------------------------------------------------------------------------------------------------------------------------------------------------------+
| Query Stats: MaxMemPct-0; NumTempFiles-0; TempFileSpace-0B; ApproxPhyI/O-0; CacheI/O-7822; BlocksTouched-7822; PartitionBlocksEliminated-0; MsgBytesIn-117KB; MsgBytesOut-1KB; Mode-Distributed |
+-------------------------------------------------------------------------------------------------------------------------------------------------------------------------------------------------+
1 row in set (0.00 sec)

--------------
select calflushcache()
--------------

+-----------------+
| calflushcache() |
+-----------------+
|               0 |
+-----------------+
1 row in set (0.00 sec)

--------------
select count(*), avg(ps_availqty), sum(ps_availqty), avg(ps_supplycost), sum(ps_supplycost) from partsupp 	where ps_suppkey <= 5000000 and ps_partkey <= 10000000
--------------

+----------+------------------+------------------+--------------------+--------------------+
| count(*) | avg(ps_availqty) | sum(ps_availqty) | avg(ps_supplycost) | sum(ps_supplycost) |
+----------+------------------+------------------+--------------------+--------------------+
|  8000000 |        5003.2269 |      40025815470 |         500.525798 |      4004206385.40 |
+----------+------------------+------------------+--------------------+--------------------+
1 row in set (0.53 sec)

--------------
select calgetstats()
--------------

+-------------------------------------------------------------------------------------------------------------------------------------------------------------------------------------------------------+
| calgetstats()                                                                                                                                                                                         |
+-------------------------------------------------------------------------------------------------------------------------------------------------------------------------------------------------------+
| Query Stats: MaxMemPct-0; NumTempFiles-0; TempFileSpace-0B; ApproxPhyI/O-19555; CacheI/O-19569; BlocksTouched-19551; PartitionBlocksEliminated-0; MsgBytesIn-148KB; MsgBytesOut-2KB; Mode-Distributed |
+-------------------------------------------------------------------------------------------------------------------------------------------------------------------------------------------------------+
1 row in set (0.00 sec)

--------------
select now()
--------------

+---------------------+
| now()               |
+---------------------+
| 2014-11-19 16:29:32 |
+---------------------+
1 row in set (0.00 sec)

--------------
select count(*), avg(ps_availqty), sum(ps_availqty), avg(ps_supplycost), sum(ps_supplycost) from partsupp 	where ps_suppkey <= 5000000 and ps_partkey <= 10000000
--------------

+----------+------------------+------------------+--------------------+--------------------+
| count(*) | avg(ps_availqty) | sum(ps_availqty) | avg(ps_supplycost) | sum(ps_supplycost) |
+----------+------------------+------------------+--------------------+--------------------+
|  8000000 |        5003.2269 |      40025815470 |         500.525798 |      4004206385.40 |
+----------+------------------+------------------+--------------------+--------------------+
1 row in set (0.42 sec)

--------------
select calgetstats()
--------------

+---------------------------------------------------------------------------------------------------------------------------------------------------------------------------------------------------+
| calgetstats()                                                                                                                                                                                     |
+---------------------------------------------------------------------------------------------------------------------------------------------------------------------------------------------------+
| Query Stats: MaxMemPct-0; NumTempFiles-0; TempFileSpace-0B; ApproxPhyI/O-0; CacheI/O-19551; BlocksTouched-19551; PartitionBlocksEliminated-0; MsgBytesIn-148KB; MsgBytesOut-2KB; Mode-Distributed |
+---------------------------------------------------------------------------------------------------------------------------------------------------------------------------------------------------+
1 row in set (0.01 sec)

--------------
select calflushcache()
--------------

+-----------------+
| calflushcache() |
+-----------------+
|               0 |
+-----------------+
1 row in set (0.00 sec)

--------------
select count(*), avg(ps_availqty), sum(ps_availqty), avg(ps_supplycost), sum(ps_supplycost) from partsupp 	where ps_supplycost <= 501
--------------

+----------+------------------+------------------+--------------------+--------------------+
| count(*) | avg(ps_availqty) | sum(ps_availqty) | avg(ps_supplycost) | sum(ps_supplycost) |
+----------+------------------+------------------+--------------------+--------------------+
|  4004750 |        5003.4392 |      20037523190 |         251.331907 |      1006521455.90 |
+----------+------------------+------------------+--------------------+--------------------+
1 row in set (0.33 sec)

--------------
select calgetstats()
--------------

+-------------------------------------------------------------------------------------------------------------------------------------------------------------------------------------------------------+
| calgetstats()                                                                                                                                                                                         |
+-------------------------------------------------------------------------------------------------------------------------------------------------------------------------------------------------------+
| Query Stats: MaxMemPct-0; NumTempFiles-0; TempFileSpace-0B; ApproxPhyI/O-11733; CacheI/O-11744; BlocksTouched-11732; PartitionBlocksEliminated-0; MsgBytesIn-148KB; MsgBytesOut-2KB; Mode-Distributed |
+-------------------------------------------------------------------------------------------------------------------------------------------------------------------------------------------------------+
1 row in set (0.00 sec)

--------------
select now()
--------------

+---------------------+
| now()               |
+---------------------+
| 2014-11-19 16:29:33 |
+---------------------+
1 row in set (0.00 sec)

--------------
select count(*), avg(ps_availqty), sum(ps_availqty), avg(ps_supplycost), sum(ps_supplycost) from partsupp 	where ps_supplycost <= 501
--------------

+----------+------------------+------------------+--------------------+--------------------+
| count(*) | avg(ps_availqty) | sum(ps_availqty) | avg(ps_supplycost) | sum(ps_supplycost) |
+----------+------------------+------------------+--------------------+--------------------+
|  4004750 |        5003.4392 |      20037523190 |         251.331907 |      1006521455.90 |
+----------+------------------+------------------+--------------------+--------------------+
1 row in set (0.18 sec)

--------------
select calgetstats()
--------------

+---------------------------------------------------------------------------------------------------------------------------------------------------------------------------------------------------+
| calgetstats()                                                                                                                                                                                     |
+---------------------------------------------------------------------------------------------------------------------------------------------------------------------------------------------------+
| Query Stats: MaxMemPct-0; NumTempFiles-0; TempFileSpace-0B; ApproxPhyI/O-0; CacheI/O-11732; BlocksTouched-11732; PartitionBlocksEliminated-0; MsgBytesIn-148KB; MsgBytesOut-2KB; Mode-Distributed |
+---------------------------------------------------------------------------------------------------------------------------------------------------------------------------------------------------+
1 row in set (0.00 sec)

--------------
select calflushcache()
--------------

+-----------------+
| calflushcache() |
+-----------------+
|               0 |
+-----------------+
1 row in set (0.00 sec)

--------------
select count(o_orderkey) 'Count 750M 8 byte BigInts: From 1.5 Billion Rows'   from orders 	where o_orderkey > 3000000000
--------------

+--------------------------------------------------+
| Count 750M 8 byte BigInts: From 1.5 Billion Rows |
+--------------------------------------------------+
|                                                0 |
+--------------------------------------------------+
1 row in set (0.02 sec)

--------------
select calgetstats()
--------------

+---------------------------------------------------------------------------------------------------------------------------------------------------------------------------------------------+
| calgetstats()                                                                                                                                                                               |
+---------------------------------------------------------------------------------------------------------------------------------------------------------------------------------------------+
| Query Stats: MaxMemPct-0; NumTempFiles-0; TempFileSpace-0B; ApproxPhyI/O-0; CacheI/O-0; BlocksTouched-0; PartitionBlocksEliminated-14721; MsgBytesIn-0B; MsgBytesOut-475B; Mode-Distributed |
+---------------------------------------------------------------------------------------------------------------------------------------------------------------------------------------------+
1 row in set (0.00 sec)

--------------
select now()
--------------

+---------------------+
| now()               |
+---------------------+
| 2014-11-19 16:29:33 |
+---------------------+
1 row in set (0.00 sec)

--------------
select count(o_orderkey) 'Count 750M 8 byte BigInts: From 1.5 Billion Rows'   from orders 	where o_orderkey > 3000000000
--------------

+--------------------------------------------------+
| Count 750M 8 byte BigInts: From 1.5 Billion Rows |
+--------------------------------------------------+
|                                                0 |
+--------------------------------------------------+
1 row in set (0.00 sec)

--------------
select calgetstats()
--------------

+---------------------------------------------------------------------------------------------------------------------------------------------------------------------------------------------+
| calgetstats()                                                                                                                                                                               |
+---------------------------------------------------------------------------------------------------------------------------------------------------------------------------------------------+
| Query Stats: MaxMemPct-0; NumTempFiles-0; TempFileSpace-0B; ApproxPhyI/O-0; CacheI/O-0; BlocksTouched-0; PartitionBlocksEliminated-14721; MsgBytesIn-0B; MsgBytesOut-475B; Mode-Distributed |
+---------------------------------------------------------------------------------------------------------------------------------------------------------------------------------------------+
1 row in set (0.01 sec)

--------------
select calflushcache()
--------------

+-----------------+
| calflushcache() |
+-----------------+
|               0 |
+-----------------+
1 row in set (0.00 sec)

--------------
select count(o_custkey) 'Count 750M 4 byte Ints: From 1.5 Billion Rows'  from orders 	where o_custkey <= 75000000
--------------

+-----------------------------------------------+
| Count 750M 4 byte Ints: From 1.5 Billion Rows |
+-----------------------------------------------+
|                                      15000000 |
+-----------------------------------------------+
1 row in set (0.27 sec)

--------------
select calgetstats()
--------------

+----------------------------------------------------------------------------------------------------------------------------------------------------------------------------------------------------+
| calgetstats()                                                                                                                                                                                      |
+----------------------------------------------------------------------------------------------------------------------------------------------------------------------------------------------------+
| Query Stats: MaxMemPct-0; NumTempFiles-0; TempFileSpace-0B; ApproxPhyI/O-7361; CacheI/O-7361; BlocksTouched-7361; PartitionBlocksEliminated-0; MsgBytesIn-221KB; MsgBytesOut-2KB; Mode-Distributed |
+----------------------------------------------------------------------------------------------------------------------------------------------------------------------------------------------------+
1 row in set (0.00 sec)

--------------
select now()
--------------

+---------------------+
| now()               |
+---------------------+
| 2014-11-19 16:29:33 |
+---------------------+
1 row in set (0.00 sec)

--------------
select count(o_custkey) 'Count 750M 4 byte Ints: From 1.5 Billion Rows'  from orders 	where o_custkey <= 75000000
--------------

+-----------------------------------------------+
| Count 750M 4 byte Ints: From 1.5 Billion Rows |
+-----------------------------------------------+
|                                      15000000 |
+-----------------------------------------------+
1 row in set (0.21 sec)

--------------
select calgetstats()
--------------

+-------------------------------------------------------------------------------------------------------------------------------------------------------------------------------------------------+
| calgetstats()                                                                                                                                                                                   |
+-------------------------------------------------------------------------------------------------------------------------------------------------------------------------------------------------+
| Query Stats: MaxMemPct-0; NumTempFiles-0; TempFileSpace-0B; ApproxPhyI/O-0; CacheI/O-7361; BlocksTouched-7361; PartitionBlocksEliminated-0; MsgBytesIn-221KB; MsgBytesOut-2KB; Mode-Distributed |
+-------------------------------------------------------------------------------------------------------------------------------------------------------------------------------------------------+
1 row in set (0.00 sec)

--------------
select calflushcache()
--------------

+-----------------+
| calflushcache() |
+-----------------+
|               0 |
+-----------------+
1 row in set (0.00 sec)

--------------
select o_orderstatus, count(*), sum(o_totalprice), avg(o_totalprice) from orders where o_orderkey > 3000000000 group by o_orderstatus order by o_orderstatus
--------------

Empty set (0.01 sec)

--------------
select calgetstats()
--------------

+---------------------------------------------------------------------------------------------------------------------------------------------------------------------------------------------+
| calgetstats()                                                                                                                                                                               |
+---------------------------------------------------------------------------------------------------------------------------------------------------------------------------------------------+
| Query Stats: MaxMemPct-0; NumTempFiles-0; TempFileSpace-0B; ApproxPhyI/O-0; CacheI/O-0; BlocksTouched-0; PartitionBlocksEliminated-14721; MsgBytesIn-0B; MsgBytesOut-712B; Mode-Distributed |
+---------------------------------------------------------------------------------------------------------------------------------------------------------------------------------------------+
1 row in set (0.00 sec)

--------------
select now()
--------------

+---------------------+
| now()               |
+---------------------+
| 2014-11-19 16:29:34 |
+---------------------+
1 row in set (0.00 sec)

--------------
select o_orderstatus, count(*), sum(o_totalprice), avg(o_totalprice) from orders where o_orderkey > 3000000000 group by o_orderstatus order by o_orderstatus
--------------

Empty set (0.01 sec)

--------------
select calgetstats()
--------------

+---------------------------------------------------------------------------------------------------------------------------------------------------------------------------------------------+
| calgetstats()                                                                                                                                                                               |
+---------------------------------------------------------------------------------------------------------------------------------------------------------------------------------------------+
| Query Stats: MaxMemPct-0; NumTempFiles-0; TempFileSpace-0B; ApproxPhyI/O-0; CacheI/O-0; BlocksTouched-0; PartitionBlocksEliminated-14721; MsgBytesIn-0B; MsgBytesOut-712B; Mode-Distributed |
+---------------------------------------------------------------------------------------------------------------------------------------------------------------------------------------------+
1 row in set (0.00 sec)

--------------
select calflushcache()
--------------

+-----------------+
| calflushcache() |
+-----------------+
|               0 |
+-----------------+
1 row in set (0.00 sec)

--------------
select o_orderstatus, count(*), sum(o_totalprice), avg(o_totalprice) from orders where o_orderdate <= '1992-12-31' and o_custkey <= 7500000 group by o_orderstatus order by o_orderstatus
--------------

+---------------+----------+-------------------+-------------------+
| o_orderstatus | count(*) | sum(o_totalprice) | avg(o_totalprice) |
+---------------+----------+-------------------+-------------------+
| F             |  2270890 |   343306740524.30 |     151177.177461 |
+---------------+----------+-------------------+-------------------+
1 row in set (0.54 sec)

--------------
select calgetstats()
--------------

+-------------------------------------------------------------------------------------------------------------------------------------------------------------------------------------------------------+
| calgetstats()                                                                                                                                                                                         |
+-------------------------------------------------------------------------------------------------------------------------------------------------------------------------------------------------------+
| Query Stats: MaxMemPct-0; NumTempFiles-0; TempFileSpace-0B; ApproxPhyI/O-31284; CacheI/O-31214; BlocksTouched-31181; PartitionBlocksEliminated-0; MsgBytesIn-204KB; MsgBytesOut-4KB; Mode-Distributed |
+-------------------------------------------------------------------------------------------------------------------------------------------------------------------------------------------------------+
1 row in set (0.00 sec)

--------------
select now()
--------------

+---------------------+
| now()               |
+---------------------+
| 2014-11-19 16:29:34 |
+---------------------+
1 row in set (0.00 sec)

--------------
select o_orderstatus, count(*), sum(o_totalprice), avg(o_totalprice) from orders where o_orderdate <= '1992-12-31' and o_custkey <= 7500000 group by o_orderstatus order by o_orderstatus
--------------

+---------------+----------+-------------------+-------------------+
| o_orderstatus | count(*) | sum(o_totalprice) | avg(o_totalprice) |
+---------------+----------+-------------------+-------------------+
| F             |  2270890 |   343306740524.30 |     151177.177461 |
+---------------+----------+-------------------+-------------------+
1 row in set (0.35 sec)

--------------
select calgetstats()
--------------

+---------------------------------------------------------------------------------------------------------------------------------------------------------------------------------------------------+
| calgetstats()                                                                                                                                                                                     |
+---------------------------------------------------------------------------------------------------------------------------------------------------------------------------------------------------+
| Query Stats: MaxMemPct-0; NumTempFiles-0; TempFileSpace-0B; ApproxPhyI/O-0; CacheI/O-31181; BlocksTouched-31181; PartitionBlocksEliminated-0; MsgBytesIn-204KB; MsgBytesOut-4KB; Mode-Distributed |
+---------------------------------------------------------------------------------------------------------------------------------------------------------------------------------------------------+
1 row in set (0.00 sec)

--------------
select calflushcache()
--------------

+-----------------+
| calflushcache() |
+-----------------+
|               0 |
+-----------------+
1 row in set (0.00 sec)

--------------
select  count(l_linestatus) 'Count 21 Billion Char(1)s: From ~42 Billion Rows' from lineitem where l_shipdate <= '1992-12-31' and l_linestatus <> 'O'
--------------

+--------------------------------------------------+
| Count 21 Billion Char(1)s: From ~42 Billion Rows |
+--------------------------------------------------+
|                                          7563520 |
+--------------------------------------------------+
1 row in set (1.07 sec)

--------------
select calgetstats()
--------------

+--------------------------------------------------------------------------------------------------------------------------------------------------------------------------------------------------------+
| calgetstats()                                                                                                                                                                                          |
+--------------------------------------------------------------------------------------------------------------------------------------------------------------------------------------------------------+
| Query Stats: MaxMemPct-0; NumTempFiles-0; TempFileSpace-0B; ApproxPhyI/O-36654; CacheI/O-43971; BlocksTouched-43971; PartitionBlocksEliminated-0; MsgBytesIn-881KB; MsgBytesOut-10KB; Mode-Distributed |
+--------------------------------------------------------------------------------------------------------------------------------------------------------------------------------------------------------+
1 row in set (0.00 sec)

--------------
select now()
--------------

+---------------------+
| now()               |
+---------------------+
| 2014-11-19 16:29:36 |
+---------------------+
1 row in set (0.01 sec)

--------------
select  count(l_linestatus) 'Count 21 Billion Char(1)s: From ~42 Billion Rows' from lineitem where l_shipdate <= '1992-12-31' and l_linestatus <> 'O'
--------------

+--------------------------------------------------+
| Count 21 Billion Char(1)s: From ~42 Billion Rows |
+--------------------------------------------------+
|                                          7563520 |
+--------------------------------------------------+
1 row in set (0.75 sec)

--------------
select calgetstats()
--------------

+----------------------------------------------------------------------------------------------------------------------------------------------------------------------------------------------------+
| calgetstats()                                                                                                                                                                                      |
+----------------------------------------------------------------------------------------------------------------------------------------------------------------------------------------------------+
| Query Stats: MaxMemPct-0; NumTempFiles-0; TempFileSpace-0B; ApproxPhyI/O-0; CacheI/O-43971; BlocksTouched-43971; PartitionBlocksEliminated-0; MsgBytesIn-881KB; MsgBytesOut-10KB; Mode-Distributed |
+----------------------------------------------------------------------------------------------------------------------------------------------------------------------------------------------------+
1 row in set (0.00 sec)

--------------
select calflushcache()
--------------

+-----------------+
| calflushcache() |
+-----------------+
|               0 |
+-----------------+
1 row in set (0.01 sec)

--------------
select  count(l_suppkey) 'Count 21 Billion 4 byte Ints: From ~42 Billion Rows' from lineitem where l_shipdate <= '1992-12-31' and l_suppkey > 500000
--------------

+-----------------------------------------------------+
| Count 21 Billion 4 byte Ints: From ~42 Billion Rows |
+-----------------------------------------------------+
|                                                   0 |
+-----------------------------------------------------+
1 row in set (0.00 sec)

--------------
select calgetstats()
--------------

+---------------------------------------------------------------------------------------------------------------------------------------------------------------------------------------------+
| calgetstats()                                                                                                                                                                               |
+---------------------------------------------------------------------------------------------------------------------------------------------------------------------------------------------+
| Query Stats: MaxMemPct-0; NumTempFiles-0; TempFileSpace-0B; ApproxPhyI/O-0; CacheI/O-0; BlocksTouched-0; PartitionBlocksEliminated-29323; MsgBytesIn-0B; MsgBytesOut-565B; Mode-Distributed |
+---------------------------------------------------------------------------------------------------------------------------------------------------------------------------------------------+
1 row in set (0.01 sec)

--------------
select now()
--------------

+---------------------+
| now()               |
+---------------------+
| 2014-11-19 16:29:36 |
+---------------------+
1 row in set (0.00 sec)

--------------
select  count(l_suppkey) 'Count 21 Billion 4 byte Ints: From ~42 Billion Rows' from lineitem where l_shipdate <= '1992-12-31' and l_suppkey > 500000
--------------

+-----------------------------------------------------+
| Count 21 Billion 4 byte Ints: From ~42 Billion Rows |
+-----------------------------------------------------+
|                                                   0 |
+-----------------------------------------------------+
1 row in set (0.00 sec)

--------------
select calgetstats()
--------------

+---------------------------------------------------------------------------------------------------------------------------------------------------------------------------------------------+
| calgetstats()                                                                                                                                                                               |
+---------------------------------------------------------------------------------------------------------------------------------------------------------------------------------------------+
| Query Stats: MaxMemPct-0; NumTempFiles-0; TempFileSpace-0B; ApproxPhyI/O-0; CacheI/O-0; BlocksTouched-0; PartitionBlocksEliminated-29323; MsgBytesIn-0B; MsgBytesOut-565B; Mode-Distributed |
+---------------------------------------------------------------------------------------------------------------------------------------------------------------------------------------------+
1 row in set (0.00 sec)

--------------
select calflushcache()
--------------

+-----------------+
| calflushcache() |
+-----------------+
|               0 |
+-----------------+
1 row in set (0.00 sec)

--------------
select l_linestatus, l_returnflag, count(*) from lineitem where l_shipdate <= '1992-12-31' and l_linestatus <> 'O' group by l_linestatus, l_returnflag
--------------

+--------------+--------------+----------+
| l_linestatus | l_returnflag | count(*) |
+--------------+--------------+----------+
| F            | A            |  3780500 |
| F            | R            |  3783020 |
+--------------+--------------+----------+
2 rows in set (1.03 sec)

--------------
select calgetstats()
--------------

+--------------------------------------------------------------------------------------------------------------------------------------------------------------------------------------------------------+
| calgetstats()                                                                                                                                                                                          |
+--------------------------------------------------------------------------------------------------------------------------------------------------------------------------------------------------------+
| Query Stats: MaxMemPct-0; NumTempFiles-0; TempFileSpace-0B; ApproxPhyI/O-43985; CacheI/O-51332; BlocksTouched-51301; PartitionBlocksEliminated-0; MsgBytesIn-812KB; MsgBytesOut-11KB; Mode-Distributed |
+--------------------------------------------------------------------------------------------------------------------------------------------------------------------------------------------------------+
1 row in set (0.00 sec)

--------------
select now()
--------------

+---------------------+
| now()               |
+---------------------+
| 2014-11-19 16:29:37 |
+---------------------+
1 row in set (0.00 sec)

--------------
select l_linestatus, l_returnflag, count(*) from lineitem where l_shipdate <= '1992-12-31' and l_linestatus <> 'O' group by l_linestatus, l_returnflag
--------------

+--------------+--------------+----------+
| l_linestatus | l_returnflag | count(*) |
+--------------+--------------+----------+
| F            | A            |  3780500 |
| F            | R            |  3783020 |
+--------------+--------------+----------+
2 rows in set (0.87 sec)

--------------
select calgetstats()
--------------

+----------------------------------------------------------------------------------------------------------------------------------------------------------------------------------------------------+
| calgetstats()                                                                                                                                                                                      |
+----------------------------------------------------------------------------------------------------------------------------------------------------------------------------------------------------+
| Query Stats: MaxMemPct-0; NumTempFiles-0; TempFileSpace-0B; ApproxPhyI/O-0; CacheI/O-51301; BlocksTouched-51301; PartitionBlocksEliminated-0; MsgBytesIn-812KB; MsgBytesOut-11KB; Mode-Distributed |
+----------------------------------------------------------------------------------------------------------------------------------------------------------------------------------------------------+
1 row in set (0.00 sec)

--------------
select now()
--------------

+---------------------+
| now()               |
+---------------------+
| 2014-11-19 16:29:38 |
+---------------------+
1 row in set (0.00 sec)

Bye
