
Version     : 4.6.6                             Vendor: MariaDB, Inc.
Release     : 2                             Build Date: Thu 30 Jul 2015 01:40:11 PM CDT

000 Create/Load Uncompressed Tables:  Passed
001 Working Folder Test:              Passed

-----------------------------------------------------------------------------------------------------------

+-------+---------+------+--------------------------+----------+-------+-------+--------+--------+----------+--------+
| runId | version | rel  | buildDtm                 | run_time | maxPP | maxEM | maxDMP | maxImp | maxCntlr | maxAll |
+-------+---------+------+--------------------------+----------+-------+-------+--------+--------+----------+--------+
|    28 | 4.6.6   | 2    | Thu 30 Jul 2015 01:40:11 | 00:19:43 |  14.3 |   6.3 |    0.7 |    3.3 |      1.2 |   20.8 |
+-------+---------+------+--------------------------+----------+-------+-------+--------+--------+----------+--------+

+---------+---------------------+--------+---------+------+----------+------------+------------+-----------+
| Run     | Start               | Run ID | Version | Rel  | Run Time | Max ExeMgr | Avg ExeMgr | Tests Run |
+---------+---------------------+--------+---------+------+----------+------------+------------+-----------+
| Current | 2015-08-05 15:13:59 |     28 | 4.6.6   | 2    | 00:19:43 |        6.3 |    0.69322 |         2 |
+---------+---------------------+--------+---------+------+----------+------------+------------+-----------+


+---------+----------+-------+-------+--------+--------+----------+---------+--------+
| test    | run_time | maxPP | maxEM | maxDMP | maxImp | maxCntlr | maxWrkr | maxAll |
+---------+----------+-------+-------+--------+--------+----------+---------+--------+
| test000 | 00:03:53 |  11.9 |   0.6 |    0.7 |    3.3 |      0.9 |     0.4 |   14.7 |
| test001 | 00:15:50 |  14.3 |   6.3 |    0.7 |    0.2 |      1.2 |     0.4 |   20.8 |
+---------+----------+-------+-------+--------+--------+----------+---------+--------+

-----------------------------------------------------------------------------------------------------------

Tests completed!
Archive directory ./archive/2015-08-05@15:13:16
