Aug  5 12:56:14 srvhall03 dmlpackageproc[16158]: 14.356435 |0|0|0| W 21 CAL0002: IDB-2025: Data truncated for column 'cdecimal9' 
Aug  5 12:56:15 srvhall03 dmlpackageproc[16158]: 15.001211 |0|0|0| W 21 CAL0002: IDB-2025: Data truncated for column 'CDECIMAL10' 
Aug  5 12:56:15 srvhall03 dmlpackageproc[16158]: 15.537415 |0|0|0| W 21 CAL0002: IDB-2025: Data truncated for column 'CDECIMAL18' 
Aug  5 12:56:17 srvhall03 dmlpackageproc[16158]: 17.367938 |0|0|0| W 21 CAL0002: IDB-2025: Data truncated for column 'CINTEGER' 
Aug  5 12:56:19 srvhall03 dmlpackageproc[16158]: 19.544067 |0|0|0| W 21 CAL0002: IDB-2025: Data truncated for column 'c2' 
Aug  5 12:59:49 srvhall03 PrimProc[15934]: 49.634491 |0|0|0| W 28 CAL0000: ceil: datatype of decimal with scale 19 is beyond supported scale#012         
Aug  5 12:59:49 srvhall03 PrimProc[15934]: 49.659656 |0|0|0| W 28 CAL0000: ceil: datatype of decimal with scale 19 is beyond supported scale#012         
Aug  5 12:59:49 srvhall03 PrimProc[15934]: 49.685395 |0|0|0| W 28 CAL0000: ceil: datatype of decimal with scale 20 is beyond supported scale#012         
Aug  5 12:59:49 srvhall03 PrimProc[15934]: 49.710993 |0|0|0| W 28 CAL0000: ceil: datatype of decimal with scale 19 is beyond supported scale#012         
Aug  5 12:59:49 srvhall03 PrimProc[15934]: 49.739809 |0|0|0| W 28 CAL0000: ceil: datatype of decimal with scale 20 is beyond supported scale#012         
Aug  5 12:59:49 srvhall03 PrimProc[15934]: 49.763250 |0|0|0| W 28 CAL0000: ceil: datatype of decimal with scale 21 is beyond supported scale#012         
Aug  5 12:59:49 srvhall03 PrimProc[15934]: 49.785420 |0|0|0| W 28 CAL0000: ceil: datatype of decimal with scale 19 is beyond supported scale#012         
Aug  5 12:59:49 srvhall03 PrimProc[15934]: 49.813622 |0|0|0| W 28 CAL0000: ceil: datatype of decimal with scale 20 is beyond supported scale#012         
Aug  5 12:59:49 srvhall03 PrimProc[15934]: 49.837258 |0|0|0| W 28 CAL0000: ceil: datatype of decimal with scale 21 is beyond supported scale#012         
Aug  5 12:59:49 srvhall03 PrimProc[15934]: 49.860483 |0|0|0| W 28 CAL0000: ceil: datatype of decimal with scale 22 is beyond supported scale#012         
Aug  5 13:03:06 srvhall03 dmlpackageproc[16158]: 06.703391 |0|0|0| W 21 CAL0002: IDB-2025: Data truncated for column 'c2' 
Aug  5 13:03:06 srvhall03 dmlpackageproc[16158]: 06.806442 |0|0|0| W 21 CAL0002: IDB-2025: Data truncated for column 'c2' 
Aug  5 13:37:29 srvhall03 dmlpackageproc[659]: 29.600028 |0|0|0| W 21 CAL0002: IDB-2025: Data truncated for column 'cdecimal9' 
Aug  5 13:37:30 srvhall03 dmlpackageproc[659]: 30.134758 |0|0|0| W 21 CAL0002: IDB-2025: Data truncated for column 'CDECIMAL10' 
Aug  5 13:37:30 srvhall03 dmlpackageproc[659]: 30.555690 |0|0|0| W 21 CAL0002: IDB-2025: Data truncated for column 'CDECIMAL18' 
Aug  5 13:37:31 srvhall03 dmlpackageproc[659]: 31.371213 |0|0|0| W 21 CAL0002: IDB-2025: Data truncated for column 'CINTEGER' 
Aug  5 13:37:34 srvhall03 dmlpackageproc[659]: 34.027421 |0|0|0| W 21 CAL0002: IDB-2025: Data truncated for column 'c2' 
Aug  5 13:40:53 srvhall03 PrimProc[456]: 53.500123 |0|0|0| W 28 CAL0000: ceil: datatype of decimal with scale 19 is beyond supported scale#012         
Aug  5 13:40:53 srvhall03 PrimProc[456]: 53.522634 |0|0|0| W 28 CAL0000: ceil: datatype of decimal with scale 19 is beyond supported scale#012         
Aug  5 13:40:53 srvhall03 PrimProc[456]: 53.544490 |0|0|0| W 28 CAL0000: ceil: datatype of decimal with scale 20 is beyond supported scale#012         
Aug  5 13:40:53 srvhall03 PrimProc[456]: 53.568745 |0|0|0| W 28 CAL0000: ceil: datatype of decimal with scale 19 is beyond supported scale#012         
Aug  5 13:40:53 srvhall03 PrimProc[456]: 53.593173 |0|0|0| W 28 CAL0000: ceil: datatype of decimal with scale 20 is beyond supported scale#012         
Aug  5 13:40:53 srvhall03 PrimProc[456]: 53.614438 |0|0|0| W 28 CAL0000: ceil: datatype of decimal with scale 21 is beyond supported scale#012         
Aug  5 13:40:53 srvhall03 PrimProc[456]: 53.639147 |0|0|0| W 28 CAL0000: ceil: datatype of decimal with scale 19 is beyond supported scale#012         
Aug  5 13:40:53 srvhall03 PrimProc[456]: 53.662619 |0|0|0| W 28 CAL0000: ceil: datatype of decimal with scale 20 is beyond supported scale#012         
Aug  5 13:40:53 srvhall03 PrimProc[456]: 53.685027 |0|0|0| W 28 CAL0000: ceil: datatype of decimal with scale 21 is beyond supported scale#012         
Aug  5 13:40:53 srvhall03 PrimProc[456]: 53.719050 |0|0|0| W 28 CAL0000: ceil: datatype of decimal with scale 22 is beyond supported scale#012         
Aug  5 13:41:58 srvhall03 PrimProc[456]: 58.911832 |0|0|0| W 28 CAL0000: PrimProc AsyncLoader caught error:  thr_popper: Error building filename for OID 0; fileOp.getFileName failed        
Aug  5 13:41:58 srvhall03 PrimProc[456]: 58.922547 |0|0|0| W 28 CAL0000: PrimProc AsyncLoader caught error:  thr_popper: Error building filename for OID 0; fileOp.getFileName failed        
Aug  5 13:41:58 srvhall03 PrimProc[456]: 58.933087 |0|0|0| W 28 CAL0000: PrimProc AsyncLoader caught error:  thr_popper: Error building filename for OID 0; fileOp.getFileName failed        
Aug  5 13:42:35 srvhall03 PrimProc[456]: 35.279803 |0|0|0| W 28 CAL0000: PrimProc AsyncLoader caught error:  thr_popper: Error building filename for OID 0; fileOp.getFileName failed        
Aug  5 13:43:58 srvhall03 dmlpackageproc[659]: 58.007731 |0|0|0| W 21 CAL0002: IDB-2025: Data truncated for column 'c2' 
Aug  5 13:43:58 srvhall03 dmlpackageproc[659]: 58.097695 |0|0|0| W 21 CAL0002: IDB-2025: Data truncated for column 'c2' 
Aug  5 14:58:59 srvhall03 dmlpackageproc[47615]: 59.307650 |0|0|0| W 21 CAL0002: IDB-2025: Data truncated for column 'cdecimal9' 
Aug  5 14:58:59 srvhall03 dmlpackageproc[47615]: 59.804201 |0|0|0| W 21 CAL0002: IDB-2025: Data truncated for column 'CDECIMAL10' 
Aug  5 14:59:00 srvhall03 dmlpackageproc[47615]: 00.193574 |0|0|0| W 21 CAL0002: IDB-2025: Data truncated for column 'CDECIMAL18' 
Aug  5 14:59:01 srvhall03 dmlpackageproc[47615]: 01.116104 |0|0|0| W 21 CAL0002: IDB-2025: Data truncated for column 'CINTEGER' 
Aug  5 14:59:03 srvhall03 dmlpackageproc[47615]: 03.641382 |0|0|0| W 21 CAL0002: IDB-2025: Data truncated for column 'c2' 
Aug  5 15:02:14 srvhall03 PrimProc[47389]: 14.118797 |0|0|0| W 28 CAL0000: ceil: datatype of decimal with scale 19 is beyond supported scale#012         
Aug  5 15:02:14 srvhall03 PrimProc[47389]: 14.143630 |0|0|0| W 28 CAL0000: ceil: datatype of decimal with scale 19 is beyond supported scale#012         
Aug  5 15:02:14 srvhall03 PrimProc[47389]: 14.168666 |0|0|0| W 28 CAL0000: ceil: datatype of decimal with scale 20 is beyond supported scale#012         
Aug  5 15:02:14 srvhall03 PrimProc[47389]: 14.193091 |0|0|0| W 28 CAL0000: ceil: datatype of decimal with scale 19 is beyond supported scale#012         
Aug  5 15:02:14 srvhall03 PrimProc[47389]: 14.217336 |0|0|0| W 28 CAL0000: ceil: datatype of decimal with scale 20 is beyond supported scale#012         
Aug  5 15:02:14 srvhall03 PrimProc[47389]: 14.236875 |0|0|0| W 28 CAL0000: ceil: datatype of decimal with scale 21 is beyond supported scale#012         
Aug  5 15:02:14 srvhall03 PrimProc[47389]: 14.259727 |0|0|0| W 28 CAL0000: ceil: datatype of decimal with scale 19 is beyond supported scale#012         
Aug  5 15:02:14 srvhall03 PrimProc[47389]: 14.284898 |0|0|0| W 28 CAL0000: ceil: datatype of decimal with scale 20 is beyond supported scale#012         
Aug  5 15:02:14 srvhall03 PrimProc[47389]: 14.307480 |0|0|0| W 28 CAL0000: ceil: datatype of decimal with scale 21 is beyond supported scale#012         
Aug  5 15:02:14 srvhall03 PrimProc[47389]: 14.333809 |0|0|0| W 28 CAL0000: ceil: datatype of decimal with scale 22 is beyond supported scale#012         
Aug  5 15:03:32 srvhall03 PrimProc[47389]: 32.099556 |0|0|0| W 28 CAL0000: PrimProc AsyncLoader caught error:  thr_popper: Error building filename for OID 0; fileOp.getFileName failed        
Aug  5 15:03:32 srvhall03 PrimProc[47389]: 32.110779 |0|0|0| W 28 CAL0000: PrimProc AsyncLoader caught error:  thr_popper: Error building filename for OID 0; fileOp.getFileName failed        
Aug  5 15:03:32 srvhall03 PrimProc[47389]: 32.167948 |0|0|0| W 28 CAL0000: PrimProc AsyncLoader caught error:  thr_popper: Error building filename for OID 0; fileOp.getFileName failed        
Aug  5 15:03:32 srvhall03 PrimProc[47389]: 32.237884 |0|0|0| W 28 CAL0000: PrimProc AsyncLoader caught error:  thr_popper: Error building filename for OID 0; fileOp.getFileName failed        
Aug  5 15:03:32 srvhall03 PrimProc[47389]: 32.247803 |0|0|0| W 28 CAL0000: PrimProc AsyncLoader caught error:  thr_popper: Error building filename for OID 0; fileOp.getFileName failed        
Aug  5 15:03:32 srvhall03 PrimProc[47389]: 32.287795 |0|0|0| W 28 CAL0000: PrimProc AsyncLoader caught error:  thr_popper: Error building filename for OID 0; fileOp.getFileName failed        
Aug  5 15:03:32 srvhall03 PrimProc[47389]: 32.349209 |0|0|0| W 28 CAL0000: PrimProc AsyncLoader caught error:  thr_popper: Error building filename for OID 0; fileOp.getFileName failed        
Aug  5 15:03:32 srvhall03 PrimProc[47389]: 32.356741 |0|0|0| W 28 CAL0000: PrimProc AsyncLoader caught error:  thr_popper: Error building filename for OID 0; fileOp.getFileName failed        
Aug  5 15:03:32 srvhall03 PrimProc[47389]: 32.398521 |0|0|0| W 28 CAL0000: PrimProc AsyncLoader caught error:  thr_popper: Error building filename for OID 0; fileOp.getFileName failed        
Aug  5 15:03:32 srvhall03 PrimProc[47389]: 32.462446 |0|0|0| W 28 CAL0000: PrimProc AsyncLoader caught error:  thr_popper: Error building filename for OID 0; fileOp.getFileName failed        
Aug  5 15:03:32 srvhall03 PrimProc[47389]: 32.470966 |0|0|0| W 28 CAL0000: PrimProc AsyncLoader caught error:  thr_popper: Error building filename for OID 0; fileOp.getFileName failed        
Aug  5 15:03:32 srvhall03 PrimProc[47389]: 32.510808 |0|0|0| W 28 CAL0000: PrimProc AsyncLoader caught error:  thr_popper: Error building filename for OID 0; fileOp.getFileName failed        
Aug  5 15:03:59 srvhall03 PrimProc[47389]: 59.414557 |0|0|0| W 28 CAL0000: PrimProc AsyncLoader caught error:  thr_popper: Error building filename for OID 0; fileOp.getFileName failed        
Aug  5 15:03:59 srvhall03 PrimProc[47389]: 59.518347 |0|0|0| W 28 CAL0000: PrimProc AsyncLoader caught error:  thr_popper: Error building filename for OID 0; fileOp.getFileName failed        
Aug  5 15:03:59 srvhall03 PrimProc[47389]: 59.757991 |0|0|0| W 28 CAL0000: PrimProc AsyncLoader caught error:  thr_popper: Error building filename for OID 0; fileOp.getFileName failed        
Aug  5 15:03:59 srvhall03 PrimProc[47389]: 59.893687 |0|0|0| W 28 CAL0000: PrimProc AsyncLoader caught error:  thr_popper: Error building filename for OID 0; fileOp.getFileName failed        
Aug  5 15:04:00 srvhall03 PrimProc[47389]: 00.037908 |0|0|0| W 28 CAL0000: PrimProc AsyncLoader caught error:  thr_popper: Error building filename for OID 0; fileOp.getFileName failed        
Aug  5 15:04:00 srvhall03 PrimProc[47389]: 00.150972 |0|0|0| W 28 CAL0000: PrimProc AsyncLoader caught error:  thr_popper: Error building filename for OID 0; fileOp.getFileName failed        
Aug  5 15:04:00 srvhall03 PrimProc[47389]: 00.262447 |0|0|0| W 28 CAL0000: PrimProc AsyncLoader caught error:  thr_popper: Error building filename for OID 0; fileOp.getFileName failed        
Aug  5 15:04:00 srvhall03 PrimProc[47389]: 00.383343 |0|0|0| W 28 CAL0000: PrimProc AsyncLoader caught error:  thr_popper: Error building filename for OID 0; fileOp.getFileName failed        
Aug  5 15:04:00 srvhall03 PrimProc[47389]: 00.489659 |0|0|0| W 28 CAL0000: PrimProc AsyncLoader caught error:  thr_popper: Error building filename for OID 0; fileOp.getFileName failed        
Aug  5 15:04:00 srvhall03 PrimProc[47389]: 00.606306 |0|0|0| W 28 CAL0000: PrimProc AsyncLoader caught error:  thr_popper: Error building filename for OID 0; fileOp.getFileName failed        
Aug  5 15:04:00 srvhall03 PrimProc[47389]: 00.717700 |0|0|0| W 28 CAL0000: PrimProc AsyncLoader caught error:  thr_popper: Error building filename for OID 0; fileOp.getFileName failed        
Aug  5 15:04:00 srvhall03 PrimProc[47389]: 00.830684 |0|0|0| W 28 CAL0000: PrimProc AsyncLoader caught error:  thr_popper: Error building filename for OID 0; fileOp.getFileName failed        
Aug  5 15:04:00 srvhall03 PrimProc[47389]: 00.944168 |0|0|0| W 28 CAL0000: PrimProc AsyncLoader caught error:  thr_popper: Error building filename for OID 0; fileOp.getFileName failed        
Aug  5 15:04:01 srvhall03 PrimProc[47389]: 01.063429 |0|0|0| W 28 CAL0000: PrimProc AsyncLoader caught error:  thr_popper: Error building filename for OID 0; fileOp.getFileName failed        
Aug  5 15:04:01 srvhall03 PrimProc[47389]: 01.173225 |0|0|0| W 28 CAL0000: PrimProc AsyncLoader caught error:  thr_popper: Error building filename for OID 0; fileOp.getFileName failed        
Aug  5 15:04:01 srvhall03 PrimProc[47389]: 01.285381 |0|0|0| W 28 CAL0000: PrimProc AsyncLoader caught error:  thr_popper: Error building filename for OID 0; fileOp.getFileName failed        
Aug  5 15:04:01 srvhall03 PrimProc[47389]: 01.399590 |0|0|0| W 28 CAL0000: PrimProc AsyncLoader caught error:  thr_popper: Error building filename for OID 0; fileOp.getFileName failed        
Aug  5 15:04:01 srvhall03 PrimProc[47389]: 01.515872 |0|0|0| W 28 CAL0000: PrimProc AsyncLoader caught error:  thr_popper: Error building filename for OID 0; fileOp.getFileName failed        
Aug  5 15:04:01 srvhall03 PrimProc[47389]: 01.624183 |0|0|0| W 28 CAL0000: PrimProc AsyncLoader caught error:  thr_popper: Error building filename for OID 0; fileOp.getFileName failed        
Aug  5 15:04:01 srvhall03 PrimProc[47389]: 01.740236 |0|0|0| W 28 CAL0000: PrimProc AsyncLoader caught error:  thr_popper: Error building filename for OID 0; fileOp.getFileName failed        
Aug  5 15:04:01 srvhall03 PrimProc[47389]: 01.854159 |0|0|0| W 28 CAL0000: PrimProc AsyncLoader caught error:  thr_popper: Error building filename for OID 0; fileOp.getFileName failed        
Aug  5 15:04:01 srvhall03 PrimProc[47389]: 01.980444 |0|0|0| W 28 CAL0000: PrimProc AsyncLoader caught error:  thr_popper: Error building filename for OID 0; fileOp.getFileName failed        
Aug  5 15:04:02 srvhall03 PrimProc[47389]: 02.086358 |0|0|0| W 28 CAL0000: PrimProc AsyncLoader caught error:  thr_popper: Error building filename for OID 0; fileOp.getFileName failed        
Aug  5 15:04:02 srvhall03 PrimProc[47389]: 02.193404 |0|0|0| W 28 CAL0000: PrimProc AsyncLoader caught error:  thr_popper: Error building filename for OID 0; fileOp.getFileName failed        
Aug  5 15:04:02 srvhall03 PrimProc[47389]: 02.323565 |0|0|0| W 28 CAL0000: PrimProc AsyncLoader caught error:  thr_popper: Error building filename for OID 0; fileOp.getFileName failed        
Aug  5 15:04:02 srvhall03 PrimProc[47389]: 02.427128 |0|0|0| W 28 CAL0000: PrimProc AsyncLoader caught error:  thr_popper: Error building filename for OID 0; fileOp.getFileName failed        
Aug  5 15:05:48 srvhall03 dmlpackageproc[47615]: 48.035907 |0|0|0| W 21 CAL0002: IDB-2025: Data truncated for column 'c2' 
Aug  5 15:05:48 srvhall03 dmlpackageproc[47615]: 48.166732 |0|0|0| W 21 CAL0002: IDB-2025: Data truncated for column 'c2' 
Aug  5 15:27:31 srvhall03 dmlpackageproc[31198]: 31.602538 |0|0|0| W 21 CAL0002: IDB-2025: Data truncated for column 'cdecimal9' 
Aug  5 15:27:32 srvhall03 dmlpackageproc[31198]: 32.165832 |0|0|0| W 21 CAL0002: IDB-2025: Data truncated for column 'CDECIMAL10' 
Aug  5 15:27:32 srvhall03 dmlpackageproc[31198]: 32.709412 |0|0|0| W 21 CAL0002: IDB-2025: Data truncated for column 'CDECIMAL18' 
Aug  5 15:27:33 srvhall03 dmlpackageproc[31198]: 33.627300 |0|0|0| W 21 CAL0002: IDB-2025: Data truncated for column 'CINTEGER' 
Aug  5 15:27:36 srvhall03 dmlpackageproc[31198]: 36.742173 |0|0|0| W 21 CAL0002: IDB-2025: Data truncated for column 'c2' 
Aug  5 15:30:41 srvhall03 PrimProc[30997]: 41.955593 |0|0|0| W 28 CAL0000: ceil: datatype of decimal with scale 19 is beyond supported scale#012         
Aug  5 15:30:41 srvhall03 PrimProc[30997]: 41.975496 |0|0|0| W 28 CAL0000: ceil: datatype of decimal with scale 19 is beyond supported scale#012         
Aug  5 15:30:41 srvhall03 PrimProc[30997]: 41.997079 |0|0|0| W 28 CAL0000: ceil: datatype of decimal with scale 20 is beyond supported scale#012         
Aug  5 15:30:42 srvhall03 PrimProc[30997]: 42.021209 |0|0|0| W 28 CAL0000: ceil: datatype of decimal with scale 19 is beyond supported scale#012         
Aug  5 15:30:42 srvhall03 PrimProc[30997]: 42.045156 |0|0|0| W 28 CAL0000: ceil: datatype of decimal with scale 20 is beyond supported scale#012         
Aug  5 15:30:42 srvhall03 PrimProc[30997]: 42.069666 |0|0|0| W 28 CAL0000: ceil: datatype of decimal with scale 21 is beyond supported scale#012         
Aug  5 15:30:42 srvhall03 PrimProc[30997]: 42.092495 |0|0|0| W 28 CAL0000: ceil: datatype of decimal with scale 19 is beyond supported scale#012         
Aug  5 15:30:42 srvhall03 PrimProc[30997]: 42.113159 |0|0|0| W 28 CAL0000: ceil: datatype of decimal with scale 20 is beyond supported scale#012         
Aug  5 15:30:42 srvhall03 PrimProc[30997]: 42.134073 |0|0|0| W 28 CAL0000: ceil: datatype of decimal with scale 21 is beyond supported scale#012         
Aug  5 15:30:42 srvhall03 PrimProc[30997]: 42.154768 |0|0|0| W 28 CAL0000: ceil: datatype of decimal with scale 22 is beyond supported scale#012         
Aug  5 15:33:34 srvhall03 dmlpackageproc[31198]: 34.646149 |0|0|0| W 21 CAL0002: IDB-2025: Data truncated for column 'c2' 
Aug  5 15:33:34 srvhall03 dmlpackageproc[31198]: 34.750037 |0|0|0| W 21 CAL0002: IDB-2025: Data truncated for column 'c2' 
