
Version     : 4.6.6                             Vendor: MariaDB, Inc.
Release     : 2                             Build Date: Thu 30 Jul 2015 01:40:11 PM CDT

000 Create/Load Uncompressed Tables:  Passed
001 Working Folder Test:              Failed

-----------------------------------------------------------------------------------------------------------

+-------+---------+------+--------------------------+----------+-------+-------+--------+--------+----------+--------+
| runId | version | rel  | buildDtm                 | run_time | maxPP | maxEM | maxDMP | maxImp | maxCntlr | maxAll |
+-------+---------+------+--------------------------+----------+-------+-------+--------+--------+----------+--------+
|    17 | 4.6.6   | 2    | Thu 30 Jul 2015 01:40:11 | 00:19:53 |  14.5 |   6.6 |    0.8 |    3.3 |      1.0 |   20.8 |
+-------+---------+------+--------------------------+----------+-------+-------+--------+--------+----------+--------+

+---------+---------------------+--------+---------+------+----------+------------+------------+-----------+
| Run     | Start               | Run ID | Version | Rel  | Run Time | Max ExeMgr | Avg ExeMgr | Tests Run |
+---------+---------------------+--------+---------+------+----------+------------+------------+-----------+
| Current | 2015-08-04 14:35:38 |     17 | 4.6.6   | 2    | 00:19:53 |        6.6 |    0.66922 |         2 |
+---------+---------------------+--------+---------+------+----------+------------+------------+-----------+


+---------+----------+-------+-------+--------+--------+----------+---------+--------+
| test    | run_time | maxPP | maxEM | maxDMP | maxImp | maxCntlr | maxWrkr | maxAll |
+---------+----------+-------+-------+--------+--------+----------+---------+--------+
| test000 | 00:03:54 |  12.1 |   0.6 |    0.7 |    3.3 |      1.0 |     0.4 |   15.2 |
| test001 | 00:15:58 |  14.5 |   6.6 |    0.8 |    0.2 |      1.0 |     0.4 |   20.8 |
+---------+----------+-------+-------+--------+--------+----------+---------+--------+

-----------------------------------------------------------------------------------------------------------

Working Folder Test scripts that failed:
Compare failed - working_tpch1/misc/rename.negative.sql
Compare failed - working_tpch1/qa_fe_cnxFunctions/REGEXP.SM.sql
Compare failed - working_tpch1/qa_fe_cnxFunctions/repeat.sql
Compare failed - working_tpch1/qa_fe_cnxFunctions/REPLACE.SM.sql
Compare failed - working_tpch1/qa_fe_cnxFunctions/reserve.sql
Compare failed - working_tpch1/qa_fe_cnxFunctions/RIGHT.SL.sql
Compare failed - working_tpch1/qa_fe_cnxFunctions/RIGHT.SM.sql
Compare failed - working_tpch1/qa_fe_cnxFunctions/ROUND.NM.SEL.sql
Compare failed - working_tpch1/qa_fe_postProcessedFunctions/ASIN.NS.sql
Compare failed - working_tpch1/qa_fe_postProcessedFunctions/ATAN.NS.sql
Compare failed - working_tpch1/qa_fe_postProcessedFunctions/CASE1.DM.sql
Compare failed - working_tpch1/qa_fe_postProcessedFunctions/CASE1.NM.sql
Compare failed - working_tpch1/qa_fe_postProcessedFunctions/CASE1.SM.sql
Compare failed - working_tpch1/qa_fe_postProcessedFunctions/INSTR.SM.sql
Compare failed - working_tpch1/qa_fe_postProcessedFunctions/LEFT.SM.sql
Compare failed - working_tpch1/qa_fe_postProcessedFunctions/POSITION.SM.sql
Compare failed - working_tpch1/qa_fe_postProcessedFunctions/RIGHT.SL.sql
Compare failed - working_tpch1/qa_fe_postProcessedFunctions/RIGHT.SM.sql
Compare failed - working_tpch1/qa_fe_postProcessedFunctions/ROUND.NL.sql
Compare failed - working_tpch1/qa_fe_postProcessedFunctions/ROUND.NM.sql
Compare failed - working_tpch1/qa_fe_postProcessedFunctions/RPAD.SL.sql
Compare failed - working_tpch1/qa_fe_postProcessedFunctions/RPAD.SM.sql

-----------------------------------------------------------------------------------------------------------

Tests completed!
Archive directory ./archive/2015-08-04@14:34:54
