
Version     : 4.6.6                             Vendor: MariaDB, Inc.
Release     : 2                             Build Date: Thu 30 Jul 2015 01:40:11 PM CDT

000 Create/Load Uncompressed Tables:  Failed (Check test000.log for errors)
001 Working Folder Test:              Failed

-----------------------------------------------------------------------------------------------------------

+-------+---------+------+--------------------------+----------+-------+-------+--------+--------+----------+--------+
| runId | version | rel  | buildDtm                 | run_time | maxPP | maxEM | maxDMP | maxImp | maxCntlr | maxAll |
+-------+---------+------+--------------------------+----------+-------+-------+--------+--------+----------+--------+
|    19 | 4.6.6   | 2    | Thu 30 Jul 2015 01:40:11 | 00:03:20 |   1.5 |   0.4 |    0.6 |    4.2 |      0.6 |    8.2 |
+-------+---------+------+--------------------------+----------+-------+-------+--------+--------+----------+--------+

+---------+---------------------+--------+---------+------+----------+------------+------------+-----------+
| Run     | Start               | Run ID | Version | Rel  | Run Time | Max ExeMgr | Avg ExeMgr | Tests Run |
+---------+---------------------+--------+---------+------+----------+------------+------------+-----------+
| Current | 2015-08-04 16:59:26 |     19 | 4.6.6   | 2    | 00:03:20 |        0.4 |    0.40000 |         2 |
+---------+---------------------+--------+---------+------+----------+------------+------------+-----------+


+---------+----------+-------+-------+--------+--------+----------+---------+--------+
| test    | run_time | maxPP | maxEM | maxDMP | maxImp | maxCntlr | maxWrkr | maxAll |
+---------+----------+-------+-------+--------+--------+----------+---------+--------+
| test000 | 00:02:55 |   1.5 |   0.4 |    0.6 |    4.2 |      0.6 |     0.5 |    8.2 |
| test001 | 00:00:25 |   1.5 |   0.4 |    0.6 |    0.0 |      0.6 |     0.5 |    4.0 |
+---------+----------+-------+-------+--------+--------+----------+---------+--------+

-----------------------------------------------------------------------------------------------------------

test000 validation scripts that failed:
Compare failed - test000/dmlSchemaValidation/tpchValidation.sql
Compare failed - test000/ssbSchemaValidation/ssbValidation.sql
Compare failed - test000/tpchSchemaValidation/tpchValidation.sql
Compare failed - test000/tpchSchemaValidation/wide.sql

-----------------------------------------------------------------------------------------------------------

Working Folder Test scripts that failed:
Compare failed - working_ssb_compareLogOnly/misc/bug2838.sql
Compare failed - working_ssb_compareLogOnly/misc/bug3019.sql
Compare failed - working_ssb_compareLogOnly/misc/bug3038.sql
Compare failed - working_ssb_compareLogOnly/misc/bug3067.sql
Compare failed - working_ssb_compareLogOnly/misc/bug3492.sql
Compare failed - working_ssb_compareLogOnly/misc/bug3520.sql
Compare failed - working_ssb_compareLogOnly/misc/bug5098.sql
Compare failed - working_ssb_compareLogOnly/multijoin_ssb_dim/ssb_dim01.sql
Compare failed - working_ssb_compareLogOnly/multijoin_ssb_dim/ssb_dim02.sql
Compare failed - working_ssb_compareLogOnly/multijoin_ssb_dim/ssb_dim03.sql
Compare failed - working_ssb_compareLogOnly/multijoin_ssb_dim/ssb_dim04.sql
Compare failed - working_ssb_compareLogOnly/multijoin_ssb_dim/ssb_dim05.sql
Compare failed - working_ssb_compareLogOnly/multijoin_ssb_dim/ssb_dim06.sql
Compare failed - working_ssb_compareLogOnly/multijoin_ssb_dim/ssb_dim07.sql
Compare failed - working_ssb_compareLogOnly/multijoin_ssb_dim/ssb_dim08.sql
Compare failed - working_ssb_compareLogOnly/multijoin_ssb_dim/ssb_dim09.sql
Compare failed - working_ssb_compareLogOnly/multijoin_ssb_dim/ssb_dim10.sql
Compare failed - working_ssb_compareLogOnly/multijoin_ssb_dim/ssb_dim11.sql
Compare failed - working_ssb_compareLogOnly/multijoin_ssb_dim/ssb_dim12.sql
Compare failed - working_ssb_compareLogOnly/multijoin_ssb_dim_2colgrp/ssb_dim_2colgrp02.sql
Compare failed - working_ssb_compareLogOnly/multijoin_ssb_dim_2colgrp/ssb_dim_2colgrp03.sql
Compare failed - working_ssb_compareLogOnly/multijoin_ssb_dim_2colgrp/ssb_dim_2colgrp04.sql
Compare failed - working_ssb_compareLogOnly/multijoin_ssb_dim_2colgrp/ssb_dim_2colgrp05.sql
Compare failed - working_ssb_compareLogOnly/multijoin_ssb_dim_2colgrp/ssb_dim_2colgrp06.sql
Compare failed - working_ssb_compareLogOnly/multijoin_ssb_dim_2colgrp/ssb_dim_2colgrp07.sql
Compare failed - working_ssb_compareLogOnly/multijoin_ssb_dim_2colgrp/ssb_dim_2colgrp08.sql
Compare failed - working_ssb_compareLogOnly/multijoin_ssb_dim_2colgrp/ssb_dim_2colgrp09.sql
Compare failed - working_ssb_compareLogOnly/multijoin_ssb_dim_2colgrp/ssb_dim_2colgrp10.sql
Compare failed - working_ssb_compareLogOnly/multijoin_ssb_dim_2colgrp/ssb_dim_2colgrp11.sql
Compare failed - working_ssb_compareLogOnly/multijoin_ssb_dim_2colgrp/ssb_dim_2colgrp12.sql
Compare failed - working_ssb_compareLogOnly/ssb/q1.1.mod.sql
Compare failed - working_ssb_compareLogOnly/ssb/q1.2.mod.sql
Compare failed - working_ssb_compareLogOnly/ssb/q1.3.mod.sql
Compare failed - working_ssb_compareLogOnly/ssb/q2.1.mod.sql
Compare failed - working_ssb_compareLogOnly/ssb/q2.2.mod.sql
Compare failed - working_ssb_compareLogOnly/ssb/q2.3.mod.sql
Compare failed - working_ssb_compareLogOnly/ssb/q3.1.mod.sql
Compare failed - working_ssb_compareLogOnly/ssb/q3.2.mod.sql
Compare failed - working_ssb_compareLogOnly/ssb/q3.3.mod.sql
Compare failed - working_ssb_compareLogOnly/ssb/q3.4.mod.sql
Compare failed - working_ssb_compareLogOnly/ssb/q4.1.mod.sql
Compare failed - working_ssb_compareLogOnly/ssb/q4.2.mod.sql
Compare failed - working_ssb_compareLogOnly/ssb/q4.3.mod.sql
Compare failed - working_ssb_compareLogOnly/ssb_dim_mixed_outer_2colgrp/ssb_dim_mixed_outer_2colgrp10.sql
Compare failed - working_ssb_compareLogOnly/ssb_dim_mixed_outer_2colgrp/ssb_dim_mixed_outer_2colgrp11.sql
Compare failed - working_ssb_compareLogOnly/ssb_dim_mixed_outer_2colgrp/ssb_dim_mixed_outer_2colgrp12.sql
Compare failed - working_ssb_compareLogOnly/ssb_dim_mixed_outer_2colgrp/ssb_dim_mixed_outer_2colgrp2.sql
Compare failed - working_ssb_compareLogOnly/ssb_dim_mixed_outer_2colgrp/ssb_dim_mixed_outer_2colgrp3.sql
Compare failed - working_ssb_compareLogOnly/ssb_dim_mixed_outer_2colgrp/ssb_dim_mixed_outer_2colgrp4.sql
Compare failed - working_ssb_compareLogOnly/ssb_dim_mixed_outer_2colgrp/ssb_dim_mixed_outer_2colgrp5.sql
Compare failed - working_ssb_compareLogOnly/ssb_dim_mixed_outer_2colgrp/ssb_dim_mixed_outer_2colgrp6.sql
Compare failed - working_ssb_compareLogOnly/ssb_dim_mixed_outer_2colgrp/ssb_dim_mixed_outer_2colgrp7.sql
Compare failed - working_ssb_compareLogOnly/ssb_dim_mixed_outer_2colgrp/ssb_dim_mixed_outer_2colgrp8.sql
Compare failed - working_ssb_compareLogOnly/ssb_dim_mixed_outer_2colgrp/ssb_dim_mixed_outer_2colgrp9.sql
Compare failed - working_ssb_compareLogOnly/sub/bug2907.sql
Compare failed - working_ssb_compareLogOnly/sub/bug2909.sql
Compare failed - working_ssb_compareLogOnly/sub/bug2922.sql
Compare failed - working_ssb_compareLogOnly/sub/bug2924.sql
Compare failed - working_ssb_compareLogOnly/sub/complex_semijoin.ssb.sql
Compare failed - working_ssb_compareLogOnly/sub/correlated_scalar.ssb.sql
Compare failed - working_ssb_compareLogOnly/sub/having_sub.sql
Compare failed - working_ssb_compareLogOnly/sub/nested_sub.ssb.sql
Compare failed - working_ssb_compareLogOnly/sub/order_limit_sub.sql
Compare failed - working_ssb_compareLogOnly/sub/q10.1.sql
Compare failed - working_ssb_compareLogOnly/sub/q2.10.1.sql
Compare failed - working_ssb_compareLogOnly/sub/q2.10.2.sql
Compare failed - working_ssb_compareLogOnly/sub/q2.2.1.sql
Compare failed - working_ssb_compareLogOnly/sub/q2.3.1.sql
Compare failed - working_ssb_compareLogOnly/sub/q2.3.2.sql
Compare failed - working_ssb_compareLogOnly/sub/q2.4.1.sql
Compare failed - working_ssb_compareLogOnly/sub/q2.4.2.sql
Compare failed - working_ssb_compareLogOnly/sub/q2.5.1.sql
Compare failed - working_ssb_compareLogOnly/sub/q2.6.1.sql
Compare failed - working_ssb_compareLogOnly/sub/q2.6.2.sql
Compare failed - working_ssb_compareLogOnly/sub/q2.7.1.sql
Compare failed - working_ssb_compareLogOnly/sub/q2.8.1.sql
Compare failed - working_ssb_compareLogOnly/sub/q2.9.1.sql
Compare failed - working_ssb_compareLogOnly/sub/q3.2.1.sql
Compare failed - working_ssb_compareLogOnly/sub/q3.3.1.sql
Compare failed - working_ssb_compareLogOnly/sub/q3.3.2.sql
Compare failed - working_ssb_compareLogOnly/sub/q3.4.1.sql
Compare failed - working_ssb_compareLogOnly/sub/q3.4.2.sql
Compare failed - working_ssb_compareLogOnly/sub/q3.5.1.negative.sql
Compare failed - working_ssb_compareLogOnly/sub/q3.6.1.sql
Compare failed - working_ssb_compareLogOnly/sub/q3.7.1.sql
Compare failed - working_ssb_compareLogOnly/sub/q3.8.1.sql
Compare failed - working_ssb_compareLogOnly/sub/q3.9.1.sql
Compare failed - working_ssb_compareLogOnly/sub/q4.2.1.sql
Compare failed - working_ssb_compareLogOnly/sub/q4.2.2.sql
Compare failed - working_ssb_compareLogOnly/sub/q4.3.1.sql
Compare failed - working_ssb_compareLogOnly/sub/q4.3.2.sql
Compare failed - working_ssb_compareLogOnly/sub/q4.4.1.sql
Compare failed - working_ssb_compareLogOnly/sub/q4.4.2.sql
Compare failed - working_ssb_compareLogOnly/sub/q4.5.1.sql
Compare failed - working_ssb_compareLogOnly/sub/q5.2.1.sql
Compare failed - working_ssb_compareLogOnly/sub/q5.2.2.sql
Compare failed - working_ssb_compareLogOnly/sub/q5.3.1.negative.sql
Compare failed - working_ssb_compareLogOnly/sub/q6.1.1.sql
Compare failed - working_ssb_compareLogOnly/sub/q6.1.2.sql
Compare failed - working_ssb_compareLogOnly/sub/q6.1.3.sql
Compare failed - working_ssb_compareLogOnly/sub/q6.1.sql
Compare failed - working_ssb_compareLogOnly/sub/q6.sql
Compare failed - working_ssb_compareLogOnly/sub/q9.1.1.sql
Compare failed - working_ssb_compareLogOnly/sub/q9.1.2.sql
Compare failed - working_ssb_compareLogOnly/sub/q9.1.3.sql
Compare failed - working_ssb_compareLogOnly/sub/simple_scalar.ssb.sql
Compare failed - working_ssb_compareLogOnly/sub/standard_from.sql
Compare failed - working_ssb_compareLogOnly/sub/wsub01.sql
Compare failed - working_tpch1/aggregation/group_concat.sql
Compare failed - working_tpch1/Bug1625/q0004.sql
Compare failed - working_tpch1/Bug1625/q0005.sql
Compare failed - working_tpch1/Bug1625/q0006.sql
Compare failed - working_tpch1/Bug1625/q0007.sql
Compare failed - working_tpch1/distinct/bug4250.sql
Compare failed - working_tpch1/distinct/distinctlineitem1.sql
Compare failed - working_tpch1/distinct/distinctNation1.sql
Compare failed - working_tpch1/distinct/distinctorders.sql
Compare failed - working_tpch1/distinct/distinctpart.sql
Compare failed - working_tpch1/distinct/distinctregion.sql
Compare failed - working_tpch1/distinct/distinctsupplier.sql
Compare failed - working_tpch1/distinctAggregation/distinctlineitem1.sql
Compare failed - working_tpch1/distinctAggregation/distinctNation1.sql
Compare failed - working_tpch1/distinctAggregation/distinctorders.sql
Compare failed - working_tpch1/distinctAggregation/distinctpart.sql
Compare failed - working_tpch1/group/q2.3.1.1.1.sql
Compare failed - working_tpch1/group/q2.3.1.1.2.sql
Compare failed - working_tpch1/group/q2.3.2.1.1.sql
Compare failed - working_tpch1/group/q2.3.2.1.2.sql
Compare failed - working_tpch1/group/q2.3.2.1.3.sql
Compare failed - working_tpch1/group/q2.3.2.1.4.sql
Compare failed - working_tpch1/group/q2.3.4.1.sql
Compare failed - working_tpch1/group/q2.3.4.2.sql
Compare failed - working_tpch1/group/q2.3.4.3.sql
Compare failed - working_tpch1/group/q2.3.4.4.sql
Compare failed - working_tpch1/group/q2.3.6.sql
Compare failed - working_tpch1/group/q4.2.sql
Compare failed - working_tpch1/group/q4.3.sql
Compare failed - working_tpch1/group/q4.4.sql
Compare failed - working_tpch1/group/q4.6.1.sql
Compare failed - working_tpch1/group/q4.6.2.sql
Compare failed - working_tpch1/group/q4.6.sql
Compare failed - working_tpch1/group/q4.8.1.sql
Compare failed - working_tpch1/group/q4.8.2.sql
Compare failed - working_tpch1/group/q4.8.3.sql
Compare failed - working_tpch1/group/q4.8.4.sql
Compare failed - working_tpch1/group/q4.8.5.sql
Compare failed - working_tpch1/group/q4.8.6.sql
Compare failed - working_tpch1/group/q4.8.7.sql
Compare failed - working_tpch1/group/q4.8.8.sql
Compare failed - working_tpch1/group/q4.8.9.sql
Compare failed - working_tpch1/group/q5.1.1.sql
Compare failed - working_tpch1/group/q5.1.2.sql
Compare failed - working_tpch1/group/q5.2.1.sql
Compare failed - working_tpch1/group/q5.2.2.sql
Compare failed - working_tpch1/group/q5.2.3.sql
Compare failed - working_tpch1/group/q5.2.5.sql
Compare failed - working_tpch1/group/q5.3.1.sql
Compare failed - working_tpch1/group/q5.4.1.sql
Compare failed - working_tpch1/group/q5.4.2.sql
Compare failed - working_tpch1/group/q5.4.3.sql
Compare failed - working_tpch1/misc/bug2584.sql
Compare failed - working_tpch1/misc/bug2634.sql
Compare failed - working_tpch1/misc/bug2657.sql
Compare failed - working_tpch1/misc/bug2712.sql
Compare failed - working_tpch1/misc/bug2732.sql
Compare failed - working_tpch1/misc/bug2912.sql
Compare failed - working_tpch1/misc/bug2919.sql
Compare failed - working_tpch1/misc/bug2928.sql
Compare failed - working_tpch1/misc/bug2932.sql
Compare failed - working_tpch1/misc/bug2961.sql
Compare failed - working_tpch1/misc/bug3002.sql
Compare failed - working_tpch1/misc/bug3003.sql
Compare failed - working_tpch1/misc/bug3067.sql
Compare failed - working_tpch1/misc/bug3331.sql
Compare failed - working_tpch1/misc/bug3344.sql
Compare failed - working_tpch1/misc/bug3381.sql
Compare failed - working_tpch1/misc/bug3442.sql
Compare failed - working_tpch1/misc/bug3443.sql
Compare failed - working_tpch1/misc/bug3475.sql
Compare failed - working_tpch1/misc/bug3482.sql
Compare failed - working_tpch1/misc/bug3484.sql
Compare failed - working_tpch1/misc/bug3523.sql
Compare failed - working_tpch1/misc/bug3670.negative.sql
Compare failed - working_tpch1/misc/bug3720.sql
Compare failed - working_tpch1/misc/bug3728.sql
Compare failed - working_tpch1/misc/bug3731.sql
Compare failed - working_tpch1/misc/bug3736.sql
Compare failed - working_tpch1/misc/bug3752.sql
Compare failed - working_tpch1/misc/bug3761.sql
Compare failed - working_tpch1/misc/bug3798.sql
Compare failed - working_tpch1/misc/bug3853.sql
Compare failed - working_tpch1/misc/bug3881.sql
Compare failed - working_tpch1/misc/bug3911.sql
Compare failed - working_tpch1/misc/bug3932.sql
Compare failed - working_tpch1/misc/bug3961.sql
Compare failed - working_tpch1/misc/bug4215.sql
Compare failed - working_tpch1/misc/bug4222.sql
Compare failed - working_tpch1/misc/bug4373.sql
Compare failed - working_tpch1/misc/bug4757.sql
Compare failed - working_tpch1/misc/bug4767.negative.sql
Compare failed - working_tpch1/misc/bug4827.sql
Compare failed - working_tpch1/misc/bug5083.sql
Compare failed - working_tpch1/misc/bug5126.negative.sql
Compare failed - working_tpch1/misc/bug5267.sql
Compare failed - working_tpch1/misc/bug5374.sql
Compare failed - working_tpch1/misc/CCBillEU.sql
Compare failed - working_tpch1/misc/insert_select.sql
Compare failed - working_tpch1/misc/mapping.sql
Compare failed - working_tpch1/misc/rename.negative.sql
Compare failed - working_tpch1/or/bug3570.sql
Compare failed - working_tpch1/or/q0001.sql
Compare failed - working_tpch1/or/q0002.sql
Compare failed - working_tpch1/or/q0003.sql
Compare failed - working_tpch1/or/q0005.sql
Compare failed - working_tpch1/or/q0006.sql
Compare failed - working_tpch1/or/q0007.sql
Compare failed - working_tpch1/or/q0008.sql
Compare failed - working_tpch1/or/q0009.sql
Compare failed - working_tpch1/postprocess/expr.sql
Compare failed - working_tpch1/postprocess/func_1.sql
Compare failed - working_tpch1/postprocess/func_2.sql
Compare failed - working_tpch1/postprocess/func_3.sql
Compare failed - working_tpch1/postprocess/func_bug1678.sql
Compare failed - working_tpch1/postprocess/func_bug1706.sql
Compare failed - working_tpch1/postprocess/func_bug1910.sql
Compare failed - working_tpch1/postprocess/func_case.sql
Compare failed - working_tpch1/postprocess/limit.sql
Compare failed - working_tpch1/postprocess/order_by_agg.sql
Compare failed - working_tpch1/postprocess/order_by_alias.sql
Compare failed - working_tpch1/postprocess/order_by_expr.sql
Compare failed - working_tpch1/postprocess/order_by_func_bug.sql
Compare failed - working_tpch1/postprocess/order_by.sql
Compare failed - working_tpch1/postprocess/sel_dist_bug1679.sql
Compare failed - working_tpch1/postprocess/select_into.sql
Compare failed - working_tpch1/qa_fe_cnxExpressions/expAggrFunctions.sql
Compare failed - working_tpch1/qa_fe_cnxExpressions/expAndOrTest.sql
Compare failed - working_tpch1/qa_fe_cnxExpressions/expBetween.sql
Compare failed - working_tpch1/qa_fe_cnxExpressions/expIn.sql
Compare failed - working_tpch1/qa_fe_cnxExpressions/expMultiFunctions.sql
Compare failed - working_tpch1/qa_fe_cnxExpressions/expSingleFunction.sql
Compare failed - working_tpch1/qa_fe_cnxExpressions/expWhereBothSides.sql
Compare failed - working_tpch1/qa_fe_cnxExpressions/MATHEXPR10.NM.sql
Compare failed - working_tpch1/qa_fe_cnxExpressions/MATHEXPR18.NM.sql
Compare failed - working_tpch1/qa_fe_cnxExpressions/MATHEXPR1.NL.sql
Compare failed - working_tpch1/qa_fe_cnxExpressions/MATHEXPR2.NL.sql
Compare failed - working_tpch1/qa_fe_cnxExpressions/MATHEXPR4.NM.sql
Compare failed - working_tpch1/qa_fe_cnxExpressions/MATHEXPR6.NM.sql
Compare failed - working_tpch1/qa_fe_cnxExpressions/MATHEXPR7.NM.sql
Compare failed - working_tpch1/qa_fe_cnxExpressions/MATHEXPR9.NM.sql
Compare failed - working_tpch1/qa_fe_cnxFunctions/ACOS.NS.sql
Compare failed - working_tpch1/qa_fe_cnxFunctions/addtime.sql
Compare failed - working_tpch1/qa_fe_cnxFunctions/ascii.sql
Compare failed - working_tpch1/qa_fe_cnxFunctions/ASIN.NS.sql
Compare failed - working_tpch1/qa_fe_cnxFunctions/ATAN.NS.sql
Compare failed - working_tpch1/qa_fe_cnxFunctions/BITAND.sql
Compare failed - working_tpch1/qa_fe_cnxFunctions/bug2577.sql
Compare failed - working_tpch1/qa_fe_cnxFunctions/bug2589.sql
Compare failed - working_tpch1/qa_fe_cnxFunctions/bug3333.sql
Compare failed - working_tpch1/qa_fe_cnxFunctions/bug3334_ceil.sql
Compare failed - working_tpch1/qa_fe_cnxFunctions/bug3334_overflow_error.negative.sql
Compare failed - working_tpch1/qa_fe_cnxFunctions/bug3506.sql
Compare failed - working_tpch1/qa_fe_cnxFunctions/bug3584.sql
Compare failed - working_tpch1/qa_fe_cnxFunctions/bug3671.sql
Compare failed - working_tpch1/qa_fe_cnxFunctions/bug3788.sql
Compare failed - working_tpch1/qa_fe_cnxFunctions/CASE1.DM.sql
Compare failed - working_tpch1/qa_fe_cnxFunctions/CASE1.SM.sql
Compare failed - working_tpch1/qa_fe_cnxFunctions/CASE2.DM.sql
Compare failed - working_tpch1/qa_fe_cnxFunctions/CASE2.NM.sql
Compare failed - working_tpch1/qa_fe_cnxFunctions/CASE2.SM.sql
Compare failed - working_tpch1/qa_fe_cnxFunctions/CAST.DL.sql
Compare failed - working_tpch1/qa_fe_cnxFunctions/CAST.DM.sql
Compare failed - working_tpch1/qa_fe_cnxFunctions/CAST.NL.sql
Compare failed - working_tpch1/qa_fe_cnxFunctions/CAST.NM.sql
Compare failed - working_tpch1/qa_fe_cnxFunctions/CAST.SL.sql
Compare failed - working_tpch1/qa_fe_cnxFunctions/CAST.SM.sql
Compare failed - working_tpch1/qa_fe_cnxFunctions/CAST.sql
Compare failed - working_tpch1/qa_fe_cnxFunctions/CEILING.NS.sql
Compare failed - working_tpch1/qa_fe_cnxFunctions/CEIL.NS.sql
Compare failed - working_tpch1/qa_fe_cnxFunctions/CHARACTER_LENGTH.SS.sql
Compare failed - working_tpch1/qa_fe_cnxFunctions/CHAR_LENGTH.SS.sql
Compare failed - working_tpch1/qa_fe_cnxFunctions/coalesce.sql
Compare failed - working_tpch1/qa_fe_cnxFunctions/CONCAT.SM.sql
Compare failed - working_tpch1/qa_fe_cnxFunctions/concat_ws.sql
Compare failed - working_tpch1/qa_fe_cnxFunctions/CONVERT.DL.sql
Compare failed - working_tpch1/qa_fe_cnxFunctions/CONVERT.DM.sql
Compare failed - working_tpch1/qa_fe_cnxFunctions/CONVERT.NL.sql
Compare failed - working_tpch1/qa_fe_cnxFunctions/CONVERT.NM.sql
Compare failed - working_tpch1/qa_fe_cnxFunctions/CONVERT.SL.sql
Compare failed - working_tpch1/qa_fe_cnxFunctions/CONVERT.SM.sql
Compare failed - working_tpch1/qa_fe_cnxFunctions/CONVERT.sql
Compare failed - working_tpch1/qa_fe_cnxFunctions/conv.sql
Compare failed - working_tpch1/qa_fe_cnxFunctions/crc32.sql
Compare failed - working_tpch1/qa_fe_cnxFunctions/DATE_ADD.DM.sql
Compare failed - working_tpch1/qa_fe_cnxFunctions/DATE_ADD.DT.sql
Compare failed - working_tpch1/qa_fe_cnxFunctions/DATE_ADD.sql
Compare failed - working_tpch1/qa_fe_cnxFunctions/DATEDIFF.DL.sql
Compare failed - working_tpch1/qa_fe_cnxFunctions/DATEDIFF.DM.sql
Compare failed - working_tpch1/qa_fe_cnxFunctions/DATE.DS.sql
Compare failed - working_tpch1/qa_fe_cnxFunctions/DATE_FORMAT.DL.sql
Compare failed - working_tpch1/qa_fe_cnxFunctions/DATE_FORMAT.DM.sql
Compare failed - working_tpch1/qa_fe_cnxFunctions/DATE_SUB.DT.sql
Compare failed - working_tpch1/qa_fe_cnxFunctions/DATE_SUB.sql
Compare failed - working_tpch1/qa_fe_cnxFunctions/DAY.DS.sql
Compare failed - working_tpch1/qa_fe_cnxFunctions/DAYNAME.DS.sql
Compare failed - working_tpch1/qa_fe_cnxFunctions/DAYOFMONTH.DS.sql
Compare failed - working_tpch1/qa_fe_cnxFunctions/DAYOFWEEK.DS.sql
Compare failed - working_tpch1/qa_fe_cnxFunctions/DAYOFYEAR.DS.sql
Compare failed - working_tpch1/qa_fe_cnxFunctions/degrees.sql
Compare failed - working_tpch1/qa_fe_cnxFunctions/div.sql
Compare failed - working_tpch1/qa_fe_cnxFunctions/elt.sql
Compare failed - working_tpch1/qa_fe_cnxFunctions/EXTRACT.DM.sql
Compare failed - working_tpch1/qa_fe_cnxFunctions/FLOOR.NS.sql
Compare failed - working_tpch1/qa_fe_cnxFunctions/FORMAT.NL.sql
Compare failed - working_tpch1/qa_fe_cnxFunctions/FORMAT.NM.sql
Compare failed - working_tpch1/qa_fe_cnxFunctions/FORMAT.NS.sql
Compare failed - working_tpch1/qa_fe_cnxFunctions/from_days.sql
Compare failed - working_tpch1/qa_fe_cnxFunctions/from_unixtime.sql
Compare failed - working_tpch1/qa_fe_cnxFunctions/GREATEST.NL.sql
Compare failed - working_tpch1/qa_fe_cnxFunctions/GREATEST.SL.sql
Compare failed - working_tpch1/qa_fe_cnxFunctions/hex.sql
Compare failed - working_tpch1/qa_fe_cnxFunctions/HOUR.DS.sql
Compare failed - working_tpch1/qa_fe_cnxFunctions/IF.NM.sql
Compare failed - working_tpch1/qa_fe_cnxFunctions/IFNULL.NS.sql
Compare failed - working_tpch1/qa_fe_cnxFunctions/IFNULL.SS.sql
Compare failed - working_tpch1/qa_fe_cnxFunctions/insert.sql
Compare failed - working_tpch1/qa_fe_cnxFunctions/INSTR.SL.sql
Compare failed - working_tpch1/qa_fe_cnxFunctions/LAST_DAY.DM.sql
Compare failed - working_tpch1/qa_fe_cnxFunctions/LCASE.SS.sql
Compare failed - working_tpch1/qa_fe_cnxFunctions/LEAST.NL.sql
Compare failed - working_tpch1/qa_fe_cnxFunctions/LEAST.SL.sql
Compare failed - working_tpch1/qa_fe_cnxFunctions/LEFT.SL.sql
Compare failed - working_tpch1/qa_fe_cnxFunctions/LEFT.SM.sql
Compare failed - working_tpch1/qa_fe_cnxFunctions/LENGTH.SS.sql
Compare failed - working_tpch1/qa_fe_cnxFunctions/LOG10.NS.sql
Compare failed - working_tpch1/qa_fe_cnxFunctions/LOG2.NS.sql
Compare failed - working_tpch1/qa_fe_cnxFunctions/LOG.NS.sql
Compare failed - working_tpch1/qa_fe_cnxFunctions/LOWER.SS.sql
Compare failed - working_tpch1/qa_fe_cnxFunctions/LPAD.SL.sql
Compare failed - working_tpch1/qa_fe_cnxFunctions/LPAD.SM.sql
Compare failed - working_tpch1/qa_fe_cnxFunctions/LTRIM.SS.sql
Compare failed - working_tpch1/qa_fe_cnxFunctions/makedate.sql
Compare failed - working_tpch1/qa_fe_cnxFunctions/maketime.sql
Compare failed - working_tpch1/qa_fe_cnxFunctions/MATHEXPR.NL.sql
Compare failed - working_tpch1/qa_fe_cnxFunctions/md5.sql
Compare failed - working_tpch1/qa_fe_cnxFunctions/MID.SL.sql
Compare failed - working_tpch1/qa_fe_cnxFunctions/MID.SM.sql
Compare failed - working_tpch1/qa_fe_cnxFunctions/MINUTE.DS.sql
Compare failed - working_tpch1/qa_fe_cnxFunctions/MOD.NM.sql
Compare failed - working_tpch1/qa_fe_cnxFunctions/MONTH.DS.sql
Compare failed - working_tpch1/qa_fe_cnxFunctions/MONTHNAME.DS.sql
Compare failed - working_tpch1/qa_fe_cnxFunctions/NULLIF.DM.sql
Compare failed - working_tpch1/qa_fe_cnxFunctions/NULLIF.NM.sql
Compare failed - working_tpch1/qa_fe_cnxFunctions/NULLIF.SM.sql
Compare failed - working_tpch1/qa_fe_cnxFunctions/nullif.sql
Compare failed - working_tpch1/qa_fe_cnxFunctions/POSITION.SL.sql
Compare failed - working_tpch1/qa_fe_cnxFunctions/POSITION.SM.sql
Compare failed - working_tpch1/qa_fe_cnxFunctions/QUARTER.DS.sql
Compare failed - working_tpch1/qa_fe_cnxFunctions/RADIANS.NS.sql
Compare failed - working_tpch1/qa_fe_cnxFunctions/REGEXP.DM.sql
Compare failed - working_tpch1/qa_fe_cnxFunctions/REGEXP.NM.sql
Compare failed - working_tpch1/qa_fe_cnxFunctions/REGEXP.SM.sql
Compare failed - working_tpch1/qa_fe_cnxFunctions/repeat.sql
Compare failed - working_tpch1/qa_fe_cnxFunctions/REPLACE.SM.sql
Compare failed - working_tpch1/qa_fe_cnxFunctions/reserve.sql
Compare failed - working_tpch1/qa_fe_cnxFunctions/RIGHT.SL.sql
Compare failed - working_tpch1/qa_fe_cnxFunctions/RIGHT.SM.sql
Compare failed - working_tpch1/qa_fe_cnxFunctions/ROUND.NM.SEL.sql
Compare failed - working_tpch1/qa_fe_cnxFunctions/ROUND.NM.sql
Compare failed - working_tpch1/qa_fe_cnxFunctions/round.sql
Compare failed - working_tpch1/qa_fe_cnxFunctions/RPAD.SL.sql
Compare failed - working_tpch1/qa_fe_cnxFunctions/RPAD.SM.sql
Compare failed - working_tpch1/qa_fe_cnxFunctions/RTRIM.SS.sql
Compare failed - working_tpch1/qa_fe_cnxFunctions/SECOND.DS.sql
Compare failed - working_tpch1/qa_fe_cnxFunctions/SEC_TO_TIME.sql
Compare failed - working_tpch1/qa_fe_cnxFunctions/sha.sql
Compare failed - working_tpch1/qa_fe_cnxFunctions/SIN.NS.sql
Compare failed - working_tpch1/qa_fe_cnxFunctions/SQRT.NS.sql
Compare failed - working_tpch1/qa_fe_cnxFunctions/strcmp.sql
Compare failed - working_tpch1/qa_fe_cnxFunctions/STR_TO_DATE.sql
Compare failed - working_tpch1/qa_fe_cnxFunctions/SUBSTRING_INDEX.sql
Compare failed - working_tpch1/qa_fe_cnxFunctions/SUBSTRING.SL.sql
Compare failed - working_tpch1/qa_fe_cnxFunctions/SUBSTRING.SM.sql
Compare failed - working_tpch1/qa_fe_cnxFunctions/SUBSTR.SL.sql
Compare failed - working_tpch1/qa_fe_cnxFunctions/subtime.sql
Compare failed - working_tpch1/qa_fe_cnxFunctions/TIMEDIFF.DL.sql
Compare failed - working_tpch1/qa_fe_cnxFunctions/TIMEDIFF.DM.sql
Compare failed - working_tpch1/qa_fe_cnxFunctions/TIME.DS.sql
Compare failed - working_tpch1/qa_fe_cnxFunctions/TIME_FORMAT.DL.sql
Compare failed - working_tpch1/qa_fe_cnxFunctions/TIME_FORMAT.DM.sql
Compare failed - working_tpch1/qa_fe_cnxFunctions/timestampdiff.sql
Compare failed - working_tpch1/qa_fe_cnxFunctions/TIME_TO_SEC.DM.sql
Compare failed - working_tpch1/qa_fe_cnxFunctions/TIME_TO_SEC.DS.sql
Compare failed - working_tpch1/qa_fe_cnxFunctions/TO_DAYS.DS.sql
Compare failed - working_tpch1/qa_fe_cnxFunctions/trim.sql
Compare failed - working_tpch1/qa_fe_cnxFunctions/TRIM.SS.sql
Compare failed - working_tpch1/qa_fe_cnxFunctions/TRUNCATE.NL.sql
Compare failed - working_tpch1/qa_fe_cnxFunctions/TRUNCATE.NM.sql
Compare failed - working_tpch1/qa_fe_cnxFunctions/unix_timestamp.sql
Compare failed - working_tpch1/qa_fe_cnxFunctions/WEEKDAY.DS.sql
Compare failed - working_tpch1/qa_fe_cnxFunctions/WEEK.DM.sql
Compare failed - working_tpch1/qa_fe_cnxFunctions/WEEK.DS.sql
Compare failed - working_tpch1/qa_fe_cnxFunctions/xor.sql.negative.sql
Compare failed - working_tpch1/qa_fe_cnxFunctions/YEAR.DS.sql
Compare failed - working_tpch1/qa_fe_cnxFunctions/YEARWEEK.DM.sql
Compare failed - working_tpch1/qa_fe_cnxFunctions/YEARWEEK.DS.sql
Compare failed - working_tpch1/qa_fe_postProcessedFunctions/ABS.NS.sql
Compare failed - working_tpch1/qa_fe_postProcessedFunctions/ACOS.NS.sql
Compare failed - working_tpch1/qa_fe_postProcessedFunctions/ASIN.NS.sql
Compare failed - working_tpch1/qa_fe_postProcessedFunctions/ATAN.NS.sql
Compare failed - working_tpch1/qa_fe_postProcessedFunctions/CASE1.DM.sql
Compare failed - working_tpch1/qa_fe_postProcessedFunctions/CASE1.NM.sql
Compare failed - working_tpch1/qa_fe_postProcessedFunctions/CASE1.SM.sql
Compare failed - working_tpch1/qa_fe_postProcessedFunctions/CASE2.DM.sql
Compare failed - working_tpch1/qa_fe_postProcessedFunctions/CASE2.NM.sql
Compare failed - working_tpch1/qa_fe_postProcessedFunctions/CASE2.SM.sql
Compare failed - working_tpch1/qa_fe_postProcessedFunctions/CEILING.NS.sql
Compare failed - working_tpch1/qa_fe_postProcessedFunctions/CEIL.NS.sql
Compare failed - working_tpch1/qa_fe_postProcessedFunctions/CONCAT.SM.sql
Compare failed - working_tpch1/qa_fe_postProcessedFunctions/CONCAT_WS.SM.sql
Compare failed - working_tpch1/qa_fe_postProcessedFunctions/COUNT.DC.sql
Compare failed - working_tpch1/qa_fe_postProcessedFunctions/COUNT.NC.sql
Compare failed - working_tpch1/qa_fe_postProcessedFunctions/COUNT.SC.sql
Compare failed - working_tpch1/qa_fe_postProcessedFunctions/DATE_ADD.DM.sql
Compare failed - working_tpch1/qa_fe_postProcessedFunctions/DATE_FORMAT.DL.sql
Compare failed - working_tpch1/qa_fe_postProcessedFunctions/DATE_FORMAT.DM.sql
Compare failed - working_tpch1/qa_fe_postProcessedFunctions/DATE_SUB.DM.sql
Compare failed - working_tpch1/qa_fe_postProcessedFunctions/DAYNAME.DS.sql
Compare failed - working_tpch1/qa_fe_postProcessedFunctions/DAYOFWEEK.DS.sql
Compare failed - working_tpch1/qa_fe_postProcessedFunctions/DAYOFYEAR.DS.sql
Compare failed - working_tpch1/qa_fe_postProcessedFunctions/EXTRACT.DL.sql
Compare failed - working_tpch1/qa_fe_postProcessedFunctions/FORMAT.NL.sql
Compare failed - working_tpch1/qa_fe_postProcessedFunctions/FORMAT.NM.sql
Compare failed - working_tpch1/qa_fe_postProcessedFunctions/FROM_UNIXTIME.DL.sql
Compare failed - working_tpch1/qa_fe_postProcessedFunctions/HOUR.DS.sql
Compare failed - working_tpch1/qa_fe_postProcessedFunctions/IF.NM.sql
Compare failed - working_tpch1/qa_fe_postProcessedFunctions/IFNULL.NS.sql
Compare failed - working_tpch1/qa_fe_postProcessedFunctions/IFNULL.SS.sql
Compare failed - working_tpch1/qa_fe_postProcessedFunctions/IF.SM.sql
Compare failed - working_tpch1/qa_fe_postProcessedFunctions/INSTR.SL.sql
Compare failed - working_tpch1/qa_fe_postProcessedFunctions/INSTR.SM.sql
Compare failed - working_tpch1/qa_fe_postProcessedFunctions/LEFT.SM.sql
Compare failed - working_tpch1/qa_fe_postProcessedFunctions/LENGTH.SS.sql
Compare failed - working_tpch1/qa_fe_postProcessedFunctions/LN.NS.sql
Compare failed - working_tpch1/qa_fe_postProcessedFunctions/LOCATE.SL.sql
Compare failed - working_tpch1/qa_fe_postProcessedFunctions/LOCATE.SM.sql
Compare failed - working_tpch1/qa_fe_postProcessedFunctions/LOG10.NS.sql
Compare failed - working_tpch1/qa_fe_postProcessedFunctions/LOG2.NS.sql
Compare failed - working_tpch1/qa_fe_postProcessedFunctions/LOG.NS.sql
Compare failed - working_tpch1/qa_fe_postProcessedFunctions/LPAD.SM.sql
Compare failed - working_tpch1/qa_fe_postProcessedFunctions/MATHEXPR.NL.sql
Compare failed - working_tpch1/qa_fe_postProcessedFunctions/MAX.DC.sql
Compare failed - working_tpch1/qa_fe_postProcessedFunctions/MAX.NC.sql
Compare failed - working_tpch1/qa_fe_postProcessedFunctions/MAX.SC.sql
Compare failed - working_tpch1/qa_fe_postProcessedFunctions/MIN.DC.sql
Compare failed - working_tpch1/qa_fe_postProcessedFunctions/MIN.NC.sql
Compare failed - working_tpch1/qa_fe_postProcessedFunctions/MIN.SC.sql
Compare failed - working_tpch1/qa_fe_postProcessedFunctions/POSITION.SM.sql
Compare failed - working_tpch1/qa_fe_postProcessedFunctions/RIGHT.SL.sql
Compare failed - working_tpch1/qa_fe_postProcessedFunctions/RIGHT.SM.sql
Compare failed - working_tpch1/qa_fe_postProcessedFunctions/ROUND.NL.sql
Compare failed - working_tpch1/qa_fe_postProcessedFunctions/ROUND.NM.sql
Compare failed - working_tpch1/qa_fe_postProcessedFunctions/RPAD.SL.sql
Compare failed - working_tpch1/qa_fe_postProcessedFunctions/RPAD.SM.sql
Compare failed - working_tpch1/qa_fe_postProcessedFunctions/SECOND.DS.sql
Compare failed - working_tpch1/qa_fe_postProcessedFunctions/SEC_TO_TIME.NS.sql
Compare failed - working_tpch1/qa_fe_postProcessedFunctions/SIGN.NS.sql
Compare failed - working_tpch1/qa_fe_postProcessedFunctions/SPACE.SL.sql
Compare failed - working_tpch1/qa_fe_postProcessedFunctions/SQRT.NS.sql
Compare failed - working_tpch1/qa_fe_postProcessedFunctions/SUBSTRING.SM.sql
Compare failed - working_tpch1/qa_fe_postProcessedFunctions/SUBTIME.DL.sql
Compare failed - working_tpch1/qa_fe_postProcessedFunctions/SUBTIME.DM.sql
Compare failed - working_tpch1/qa_fe_postProcessedFunctions/SUM.NC.sql
Compare failed - working_tpch1/qa_fe_postProcessedFunctions/TIMEDIFF.DL.sql
Compare failed - working_tpch1/qa_fe_postProcessedFunctions/TIMEDIFF.DM.sql
Compare failed - working_tpch1/qa_fe_postProcessedFunctions/TIME_TO_SEC.DS.sql
Compare failed - working_tpch1/qa_fe_postProcessedFunctions/TO_DAYS.DS.sql
Compare failed - working_tpch1/qa_fe_postProcessedFunctions/TRUNCATE.NL.sql
Compare failed - working_tpch1/qa_fe_postProcessedFunctions/TRUNCATE.NM.sql
Compare failed - working_tpch1/qa_fe_postProcessedFunctions/WEEKDAY.DS.sql
Compare failed - working_tpch1/qa_fe_postProcessedFunctions/WEEK.DM.sql
Compare failed - working_tpch1/qa_fe_postProcessedFunctions/WEEK.DS.sql
Compare failed - working_tpch1/qa_fe_postProcessedFunctions/WEEKOFYEAR.DS.sql
Compare failed - working_tpch1/qa_fe_postProcessedFunctions/YEARWEEK.DM.sql
Compare failed - working_tpch1/qa_fe_postProcessedFunctions/YEARWEEK.DS.sql
Compare failed - working_tpch1/union/union01.sql
Compare failed - working_tpch1/union/union02.sql
Compare failed - working_tpch1/union/union03.sql
Compare failed - working_tpch1/union/union04.sql
Compare failed - working_tpch1/union/union05.sql
Compare failed - working_tpch1/union/union06.sql
Compare failed - working_tpch1/union/union.sql
Compare failed - working_tpch1/view/view_prepare.sql
Compare failed - working_tpch1/view/view_sp.sql
Compare failed - working_tpch1/view/view.sql
Local failed - working_tpch1_calpontonly/misc/calShowPartitionsByValue.sql
Local failed - working_tpch1_calpontonly/misc/calShowPartitions.sql
Local failed - working_tpch1_calpontonly/misc/group_concat_calpontonly.sql

-----------------------------------------------------------------------------------------------------------

Tests completed!
Archive directory ./archive/2015-08-04@16:58:42
