
Version     : 4.6.6                             Vendor: MariaDB, Inc.
Release     : 2                             Build Date: Thu 30 Jul 2015 01:40:11 PM CDT

000 Create/Load Uncompressed Tables:  Passed
001 Working Folder Test:              Passed

-----------------------------------------------------------------------------------------------------------

+-------+---------+------+--------------------------+----------+-------+-------+--------+--------+----------+--------+
| runId | version | rel  | buildDtm                 | run_time | maxPP | maxEM | maxDMP | maxImp | maxCntlr | maxAll |
+-------+---------+------+--------------------------+----------+-------+-------+--------+--------+----------+--------+
|    29 | 4.6.6   | 2    | Thu 30 Jul 2015 01:40:11 | 00:19:19 |  14.4 |   6.9 |    0.8 |    3.3 |      1.1 |   21.1 |
+-------+---------+------+--------------------------+----------+-------+-------+--------+--------+----------+--------+

+---------+---------------------+--------+---------+------+----------+------------+------------+-----------+
| Run     | Start               | Run ID | Version | Rel  | Run Time | Max ExeMgr | Avg ExeMgr | Tests Run |
+---------+---------------------+--------+---------+------+----------+------------+------------+-----------+
| Current | 2015-08-05 15:34:43 |     29 | 4.6.6   | 2    | 00:19:19 |        6.9 |    0.70047 |         2 |
+---------+---------------------+--------+---------+------+----------+------------+------------+-----------+


+---------+----------+-------+-------+--------+--------+----------+---------+--------+
| test    | run_time | maxPP | maxEM | maxDMP | maxImp | maxCntlr | maxWrkr | maxAll |
+---------+----------+-------+-------+--------+--------+----------+---------+--------+
| test000 | 00:03:39 |  11.9 |   0.6 |    0.7 |    3.3 |      1.1 |     0.4 |   14.9 |
| test001 | 00:15:39 |  14.4 |   6.9 |    0.8 |    0.2 |      1.1 |     0.5 |   21.1 |
+---------+----------+-------+-------+--------+--------+----------+---------+--------+

-----------------------------------------------------------------------------------------------------------

Tests completed!
Archive directory ./archive/2015-08-05@15:33:59
