CIDX	CINTEGER BETWEEN -2147483644 AND 2147483644
1	1
2	1
3	1
4	1
5	1
6	1
7	1
8	1
9	1
10	1
11	1
CIDX	CDECIMAL4_2 BETWEEN -99.98 AND -99.98
1	0
2	0
3	0
4	0
5	0
6	0
7	0
8	0
9	0
10	0
11	0
CIDX	CDATE BETWEEN '1400-01-02' AND '9999-12-28'
1	1
2	1
3	1
4	1
5	1
6	1
7	1
8	1
9	1
10	1
11	1
CIDX	CCHAR9 BETWEEN 'iii' AND 'rrrrr'
1	0
2	0
3	0
4	1
5	1
6	0
7	0
8	0
9	0
10	0
11	NULL
CIDX
1
2
3
4
5
6
7
8
9
10
11
CIDX
1
2
3
4
5
6
7
8
9
10
11
CIDX
4
5
CIDX	CINTEGER BETWEEN -2147483644 AND CBIGINT
1	0
2	0
3	0
4	0
5	0
6	1
7	1
8	1
9	1
10	1
11	1
CIDX	CDECIMAL4_2 BETWEEN -99.98 AND CDECIMAL18
1	0
2	0
3	0
4	0
5	0
6	1
7	1
8	1
9	1
10	1
11	1
CIDX	CDATE BETWEEN '1400-01-02' AND CDATETIME
1	1
2	1
3	1
4	1
5	1
6	1
7	1
8	1
9	1
10	1
11	1
CIDX	CCHAR9 BETWEEN 'iii' AND CCHAR255
1	0
2	0
3	0
4	1
5	1
6	0
7	0
8	0
9	0
10	1
11	NULL
CIDX
6
7
8
9
10
11
CIDX
6
7
8
9
10
11
CIDX
1
2
3
4
5
6
7
8
9
10
11
CIDX
4
5
10
CIDX	CIDX BETWEEN LENGTH(CCHAR5) AND LENGTH(CCHAR9)
1	0
2	0
3	0
4	0
5	0
6	1
7	1
8	1
9	1
10	0
11	NULL
CIDX
6
7
8
9
CIDX	alias
1	1
2	1
3	1
4	1
5	1
6	0
7	0
8	0
9	0
10	1
11	NULL
CIDX
1
2
3
4
5
10
