Aug  4 11:01:44 srvhall03 PrimProc[28304]: 44.690279 |0|0|0| C 28 CAL0000: Snapshot too old#012         
Aug  4 11:01:44 srvhall03 controllernode[28304]: 44.741410 |0|0|0| C 29 CAL0000: DBRM: OIDManager::getDBRootOfVBOID(): network error         
Aug  4 11:01:44 srvhall03 PrimProc[28304]: 44.741654 |0|0|0| C 28 CAL0053: PrimProc could not open file for OID 0; fileOp.getFileName failed
Aug  4 11:01:44 srvhall03 controllernode[28304]: 44.756105 |0|0|0| C 29 CAL0000: DBRM: OIDManager::getDBRootOfVBOID(): network error         
Aug  4 11:01:44 srvhall03 PrimProc[28304]: 44.756230 |0|0|0| C 28 CAL0053: PrimProc could not open file for OID 0; fileOp.getFileName failed
Aug  4 11:19:57 srvhall03 PrimProc[28304]: 57.870010 |0|0|0| C 28 CAL0000: Snapshot too old#012         
Aug  4 11:19:57 srvhall03 PrimProc[28304]: 57.871929 |0|0|0| C 28 CAL0000: Snapshot too old#012         
Aug  4 11:19:57 srvhall03 PrimProc[28304]: 57.872135 |0|0|0| C 28 CAL0000: Snapshot too old#012         
Aug  4 11:19:57 srvhall03 PrimProc[28304]: 57.872328 |0|0|0| C 28 CAL0000: Snapshot too old#012         
Aug  4 11:19:57 srvhall03 PrimProc[28304]: 57.872528 |0|0|0| C 28 CAL0000: Snapshot too old#012         
Aug  4 11:19:57 srvhall03 PrimProc[28304]: 57.872759 |0|0|0| C 28 CAL0000: Snapshot too old#012         
Aug  4 11:19:57 srvhall03 PrimProc[28304]: 57.872934 |0|0|0| C 28 CAL0000: Snapshot too old#012         
Aug  4 11:50:22 srvhall03 joblist[63042]: 22.104461 |0|0|0| C 05 CAL0000: clientrotator.cpp @ 318 Could not get a ExeMgr connection.      
Aug  4 11:50:23 srvhall03 joblist[63042]: 23.902611 |0|0|0| C 05 CAL0000: clientrotator.cpp @ 318 Could not get a ExeMgr connection.      
Aug  4 11:50:23 srvhall03 joblist[63042]: 23.984794 |0|0|0| C 05 CAL0000: clientrotator.cpp @ 318 Could not get a ExeMgr connection.      
Aug  4 11:50:25 srvhall03 joblist[63042]: 25.973876 |0|0|0| C 05 CAL0000: clientrotator.cpp @ 318 Could not get a ExeMgr connection.      
Aug  4 11:50:26 srvhall03 joblist[63042]: 26.527926 |0|0|0| C 05 CAL0000: clientrotator.cpp @ 318 Could not get a ExeMgr connection.      
Aug  4 11:50:30 srvhall03 joblist[63042]: 30.452079 |0|0|0| C 05 CAL0000: clientrotator.cpp @ 318 Could not get a ExeMgr connection.      
Aug  4 12:25:35 srvhall03 PrimProc[3764]: 35.036338 |0|0|0| C 28 CAL0000: Snapshot too old#012         
Aug  4 12:25:35 srvhall03 controllernode[3764]: 35.071932 |0|0|0| C 29 CAL0000: DBRM: OIDManager::getDBRootOfVBOID(): network error         
Aug  4 12:25:35 srvhall03 PrimProc[3764]: 35.072146 |0|0|0| C 28 CAL0053: PrimProc could not open file for OID 0; fileOp.getFileName failed
Aug  4 12:25:35 srvhall03 controllernode[3764]: 35.082420 |0|0|0| C 29 CAL0000: DBRM: OIDManager::getDBRootOfVBOID(): network error         
Aug  4 12:25:35 srvhall03 PrimProc[3764]: 35.082549 |0|0|0| C 28 CAL0053: PrimProc could not open file for OID 0; fileOp.getFileName failed
Aug  4 12:25:35 srvhall03 PrimProc[3764]: 35.150055 |0|0|0| C 28 CAL0000: Snapshot too old#012         
Aug  4 12:25:35 srvhall03 controllernode[3764]: 35.159215 |0|0|0| C 29 CAL0000: DBRM: OIDManager::getDBRootOfVBOID(): network error         
Aug  4 12:25:35 srvhall03 PrimProc[3764]: 35.159331 |0|0|0| C 28 CAL0053: PrimProc could not open file for OID 0; fileOp.getFileName failed
Aug  4 12:25:35 srvhall03 controllernode[3764]: 35.169853 |0|0|0| C 29 CAL0000: DBRM: OIDManager::getDBRootOfVBOID(): network error         
Aug  4 12:25:35 srvhall03 PrimProc[3764]: 35.169945 |0|0|0| C 28 CAL0053: PrimProc could not open file for OID 0; fileOp.getFileName failed
Aug  4 12:25:35 srvhall03 PrimProc[3764]: 35.263064 |0|0|0| C 28 CAL0000: Snapshot too old#012         
Aug  4 12:25:35 srvhall03 controllernode[3764]: 35.273723 |0|0|0| C 29 CAL0000: DBRM: OIDManager::getDBRootOfVBOID(): network error         
Aug  4 12:25:35 srvhall03 PrimProc[3764]: 35.273800 |0|0|0| C 28 CAL0053: PrimProc could not open file for OID 0; fileOp.getFileName failed
Aug  4 12:25:35 srvhall03 controllernode[3764]: 35.284749 |0|0|0| C 29 CAL0000: DBRM: OIDManager::getDBRootOfVBOID(): network error         
Aug  4 12:25:35 srvhall03 PrimProc[3764]: 35.284835 |0|0|0| C 28 CAL0053: PrimProc could not open file for OID 0; fileOp.getFileName failed
Aug  4 12:25:35 srvhall03 PrimProc[3764]: 35.377374 |0|0|0| C 28 CAL0000: Snapshot too old#012         
Aug  4 12:25:35 srvhall03 controllernode[3764]: 35.391192 |0|0|0| C 29 CAL0000: DBRM: OIDManager::getDBRootOfVBOID(): network error         
Aug  4 12:25:35 srvhall03 PrimProc[3764]: 35.391290 |0|0|0| C 28 CAL0053: PrimProc could not open file for OID 0; fileOp.getFileName failed
Aug  4 12:25:35 srvhall03 controllernode[3764]: 35.402291 |0|0|0| C 29 CAL0000: DBRM: OIDManager::getDBRootOfVBOID(): network error         
Aug  4 12:25:35 srvhall03 PrimProc[3764]: 35.402376 |0|0|0| C 28 CAL0053: PrimProc could not open file for OID 0; fileOp.getFileName failed
Aug  4 12:25:35 srvhall03 PrimProc[3764]: 35.490218 |0|0|0| C 28 CAL0000: Snapshot too old#012         
Aug  4 12:25:35 srvhall03 controllernode[3764]: 35.500692 |0|0|0| C 29 CAL0000: DBRM: OIDManager::getDBRootOfVBOID(): network error         
Aug  4 12:25:35 srvhall03 PrimProc[3764]: 35.500797 |0|0|0| C 28 CAL0053: PrimProc could not open file for OID 0; fileOp.getFileName failed
Aug  4 12:25:35 srvhall03 controllernode[3764]: 35.511790 |0|0|0| C 29 CAL0000: DBRM: OIDManager::getDBRootOfVBOID(): network error         
Aug  4 12:25:35 srvhall03 PrimProc[3764]: 35.511878 |0|0|0| C 28 CAL0053: PrimProc could not open file for OID 0; fileOp.getFileName failed
Aug  4 12:25:35 srvhall03 PrimProc[3764]: 35.606020 |0|0|0| C 28 CAL0000: Snapshot too old#012         
Aug  4 12:25:35 srvhall03 controllernode[3764]: 35.615384 |0|0|0| C 29 CAL0000: DBRM: OIDManager::getDBRootOfVBOID(): network error         
Aug  4 12:25:35 srvhall03 PrimProc[3764]: 35.615448 |0|0|0| C 28 CAL0053: PrimProc could not open file for OID 0; fileOp.getFileName failed
Aug  4 12:25:35 srvhall03 controllernode[3764]: 35.626168 |0|0|0| C 29 CAL0000: DBRM: OIDManager::getDBRootOfVBOID(): network error         
Aug  4 12:25:35 srvhall03 PrimProc[3764]: 35.626245 |0|0|0| C 28 CAL0053: PrimProc could not open file for OID 0; fileOp.getFileName failed
Aug  4 12:25:35 srvhall03 PrimProc[3764]: 35.718077 |0|0|0| C 28 CAL0000: Snapshot too old#012         
Aug  4 12:25:35 srvhall03 controllernode[3764]: 35.735021 |0|0|0| C 29 CAL0000: DBRM: OIDManager::getDBRootOfVBOID(): network error         
Aug  4 12:25:35 srvhall03 PrimProc[3764]: 35.735138 |0|0|0| C 28 CAL0053: PrimProc could not open file for OID 0; fileOp.getFileName failed
Aug  4 12:25:35 srvhall03 controllernode[3764]: 35.745930 |0|0|0| C 29 CAL0000: DBRM: OIDManager::getDBRootOfVBOID(): network error         
Aug  4 12:25:35 srvhall03 PrimProc[3764]: 35.746016 |0|0|0| C 28 CAL0053: PrimProc could not open file for OID 0; fileOp.getFileName failed
Aug  4 12:25:35 srvhall03 PrimProc[3764]: 35.833448 |0|0|0| C 28 CAL0000: Snapshot too old#012         
Aug  4 12:25:35 srvhall03 controllernode[3764]: 35.843265 |0|0|0| C 29 CAL0000: DBRM: OIDManager::getDBRootOfVBOID(): network error         
Aug  4 12:25:35 srvhall03 PrimProc[3764]: 35.843362 |0|0|0| C 28 CAL0053: PrimProc could not open file for OID 0; fileOp.getFileName failed
Aug  4 12:25:35 srvhall03 controllernode[3764]: 35.854225 |0|0|0| C 29 CAL0000: DBRM: OIDManager::getDBRootOfVBOID(): network error         
Aug  4 12:25:35 srvhall03 PrimProc[3764]: 35.854307 |0|0|0| C 28 CAL0053: PrimProc could not open file for OID 0; fileOp.getFileName failed
Aug  4 12:25:35 srvhall03 PrimProc[3764]: 35.946506 |0|0|0| C 28 CAL0000: Snapshot too old#012         
Aug  4 12:25:35 srvhall03 controllernode[3764]: 35.955750 |0|0|0| C 29 CAL0000: DBRM: OIDManager::getDBRootOfVBOID(): network error         
Aug  4 12:25:35 srvhall03 PrimProc[3764]: 35.955840 |0|0|0| C 28 CAL0053: PrimProc could not open file for OID 0; fileOp.getFileName failed
Aug  4 12:25:35 srvhall03 controllernode[3764]: 35.966304 |0|0|0| C 29 CAL0000: DBRM: OIDManager::getDBRootOfVBOID(): network error         
Aug  4 12:25:35 srvhall03 PrimProc[3764]: 35.966400 |0|0|0| C 28 CAL0053: PrimProc could not open file for OID 0; fileOp.getFileName failed
Aug  4 12:25:36 srvhall03 PrimProc[3764]: 36.058270 |0|0|0| C 28 CAL0000: Snapshot too old#012         
Aug  4 12:25:36 srvhall03 controllernode[3764]: 36.073781 |0|0|0| C 29 CAL0000: DBRM: OIDManager::getDBRootOfVBOID(): network error         
Aug  4 12:25:36 srvhall03 PrimProc[3764]: 36.073875 |0|0|0| C 28 CAL0053: PrimProc could not open file for OID 0; fileOp.getFileName failed
Aug  4 12:25:36 srvhall03 controllernode[3764]: 36.084294 |0|0|0| C 29 CAL0000: DBRM: OIDManager::getDBRootOfVBOID(): network error         
Aug  4 12:25:36 srvhall03 PrimProc[3764]: 36.084374 |0|0|0| C 28 CAL0053: PrimProc could not open file for OID 0; fileOp.getFileName failed
Aug  4 12:25:36 srvhall03 PrimProc[3764]: 36.173045 |0|0|0| C 28 CAL0000: Snapshot too old#012         
Aug  4 12:25:36 srvhall03 controllernode[3764]: 36.183018 |0|0|0| C 29 CAL0000: DBRM: OIDManager::getDBRootOfVBOID(): network error         
Aug  4 12:25:36 srvhall03 PrimProc[3764]: 36.183101 |0|0|0| C 28 CAL0053: PrimProc could not open file for OID 0; fileOp.getFileName failed
Aug  4 12:25:36 srvhall03 controllernode[3764]: 36.193887 |0|0|0| C 29 CAL0000: DBRM: OIDManager::getDBRootOfVBOID(): network error         
Aug  4 12:25:36 srvhall03 PrimProc[3764]: 36.193983 |0|0|0| C 28 CAL0053: PrimProc could not open file for OID 0; fileOp.getFileName failed
Aug  4 12:25:36 srvhall03 PrimProc[3764]: 36.287717 |0|0|0| C 28 CAL0000: Snapshot too old#012         
Aug  4 12:25:36 srvhall03 controllernode[3764]: 36.298567 |0|0|0| C 29 CAL0000: DBRM: OIDManager::getDBRootOfVBOID(): network error         
Aug  4 12:25:36 srvhall03 PrimProc[3764]: 36.298661 |0|0|0| C 28 CAL0053: PrimProc could not open file for OID 0; fileOp.getFileName failed
Aug  4 12:25:36 srvhall03 controllernode[3764]: 36.309245 |0|0|0| C 29 CAL0000: DBRM: OIDManager::getDBRootOfVBOID(): network error         
Aug  4 12:25:36 srvhall03 PrimProc[3764]: 36.309327 |0|0|0| C 28 CAL0053: PrimProc could not open file for OID 0; fileOp.getFileName failed
Aug  4 12:25:36 srvhall03 PrimProc[3764]: 36.403647 |0|0|0| C 28 CAL0000: Snapshot too old#012         
Aug  4 12:25:36 srvhall03 controllernode[3764]: 36.416817 |0|0|0| C 29 CAL0000: DBRM: OIDManager::getDBRootOfVBOID(): network error         
Aug  4 12:25:36 srvhall03 PrimProc[3764]: 36.416897 |0|0|0| C 28 CAL0053: PrimProc could not open file for OID 0; fileOp.getFileName failed
Aug  4 12:25:36 srvhall03 controllernode[3764]: 36.428174 |0|0|0| C 29 CAL0000: DBRM: OIDManager::getDBRootOfVBOID(): network error         
Aug  4 12:25:36 srvhall03 PrimProc[3764]: 36.428255 |0|0|0| C 28 CAL0053: PrimProc could not open file for OID 0; fileOp.getFileName failed
Aug  4 12:25:36 srvhall03 PrimProc[3764]: 36.516534 |0|0|0| C 28 CAL0000: Snapshot too old#012         
Aug  4 12:25:36 srvhall03 controllernode[3764]: 36.526187 |0|0|0| C 29 CAL0000: DBRM: OIDManager::getDBRootOfVBOID(): network error         
Aug  4 12:25:36 srvhall03 PrimProc[3764]: 36.526281 |0|0|0| C 28 CAL0053: PrimProc could not open file for OID 0; fileOp.getFileName failed
Aug  4 12:25:36 srvhall03 controllernode[3764]: 36.537307 |0|0|0| C 29 CAL0000: DBRM: OIDManager::getDBRootOfVBOID(): network error         
Aug  4 12:25:36 srvhall03 PrimProc[3764]: 36.537388 |0|0|0| C 28 CAL0053: PrimProc could not open file for OID 0; fileOp.getFileName failed
Aug  4 12:25:36 srvhall03 PrimProc[3764]: 36.629945 |0|0|0| C 28 CAL0000: Snapshot too old#012         
Aug  4 12:25:36 srvhall03 controllernode[3764]: 36.640622 |0|0|0| C 29 CAL0000: DBRM: OIDManager::getDBRootOfVBOID(): network error         
Aug  4 12:25:36 srvhall03 PrimProc[3764]: 36.640688 |0|0|0| C 28 CAL0053: PrimProc could not open file for OID 0; fileOp.getFileName failed
Aug  4 12:25:36 srvhall03 controllernode[3764]: 36.651806 |0|0|0| C 29 CAL0000: DBRM: OIDManager::getDBRootOfVBOID(): network error         
Aug  4 12:25:36 srvhall03 PrimProc[3764]: 36.651890 |0|0|0| C 28 CAL0053: PrimProc could not open file for OID 0; fileOp.getFileName failed
Aug  4 12:25:36 srvhall03 PrimProc[3764]: 36.742250 |0|0|0| C 28 CAL0000: Snapshot too old#012         
Aug  4 12:25:36 srvhall03 controllernode[3764]: 36.753528 |0|0|0| C 29 CAL0000: DBRM: OIDManager::getDBRootOfVBOID(): network error         
Aug  4 12:25:36 srvhall03 PrimProc[3764]: 36.753631 |0|0|0| C 28 CAL0053: PrimProc could not open file for OID 0; fileOp.getFileName failed
Aug  4 12:25:36 srvhall03 controllernode[3764]: 36.764785 |0|0|0| C 29 CAL0000: DBRM: OIDManager::getDBRootOfVBOID(): network error         
Aug  4 12:25:36 srvhall03 PrimProc[3764]: 36.764878 |0|0|0| C 28 CAL0053: PrimProc could not open file for OID 0; fileOp.getFileName failed
Aug  4 12:25:36 srvhall03 controllernode[3764]: 36.803933 |0|0|0| C 29 CAL0000: DBRM: OIDManager::getDBRootOfVBOID(): network error         
Aug  4 12:25:36 srvhall03 PrimProc[3764]: 36.804013 |0|0|0| C 28 CAL0053: PrimProc could not open file for OID 0; fileOp.getFileName failed
Aug  4 12:25:36 srvhall03 PrimProc[3764]: 36.856815 |0|0|0| C 28 CAL0000: Snapshot too old#012         
Aug  4 12:25:36 srvhall03 controllernode[3764]: 36.870706 |0|0|0| C 29 CAL0000: DBRM: OIDManager::getDBRootOfVBOID(): network error         
Aug  4 12:25:36 srvhall03 PrimProc[3764]: 36.870841 |0|0|0| C 28 CAL0053: PrimProc could not open file for OID 0; fileOp.getFileName failed
Aug  4 12:25:36 srvhall03 controllernode[3764]: 36.881721 |0|0|0| C 29 CAL0000: DBRM: OIDManager::getDBRootOfVBOID(): network error         
Aug  4 12:25:36 srvhall03 PrimProc[3764]: 36.881803 |0|0|0| C 28 CAL0053: PrimProc could not open file for OID 0; fileOp.getFileName failed
Aug  4 12:25:36 srvhall03 controllernode[3764]: 36.920486 |0|0|0| C 29 CAL0000: DBRM: OIDManager::getDBRootOfVBOID(): network error         
Aug  4 12:25:36 srvhall03 PrimProc[3764]: 36.920544 |0|0|0| C 28 CAL0053: PrimProc could not open file for OID 0; fileOp.getFileName failed
Aug  4 12:25:36 srvhall03 PrimProc[3764]: 36.971004 |0|0|0| C 28 CAL0000: Snapshot too old#012         
Aug  4 12:25:36 srvhall03 controllernode[3764]: 36.986748 |0|0|0| C 29 CAL0000: DBRM: OIDManager::getDBRootOfVBOID(): network error         
Aug  4 12:25:36 srvhall03 PrimProc[3764]: 36.986845 |0|0|0| C 28 CAL0053: PrimProc could not open file for OID 0; fileOp.getFileName failed
Aug  4 12:25:36 srvhall03 controllernode[3764]: 36.997348 |0|0|0| C 29 CAL0000: DBRM: OIDManager::getDBRootOfVBOID(): network error         
Aug  4 12:25:36 srvhall03 PrimProc[3764]: 36.997455 |0|0|0| C 28 CAL0053: PrimProc could not open file for OID 0; fileOp.getFileName failed
Aug  4 12:25:37 srvhall03 controllernode[3764]: 37.035921 |0|0|0| C 29 CAL0000: DBRM: OIDManager::getDBRootOfVBOID(): network error         
Aug  4 12:25:37 srvhall03 PrimProc[3764]: 37.036001 |0|0|0| C 28 CAL0053: PrimProc could not open file for OID 0; fileOp.getFileName failed
Aug  4 12:25:37 srvhall03 PrimProc[3764]: 37.083389 |0|0|0| C 28 CAL0000: Snapshot too old#012         
Aug  4 12:25:37 srvhall03 controllernode[3764]: 37.094265 |0|0|0| C 29 CAL0000: DBRM: OIDManager::getDBRootOfVBOID(): network error         
Aug  4 12:25:37 srvhall03 PrimProc[3764]: 37.094329 |0|0|0| C 28 CAL0053: PrimProc could not open file for OID 0; fileOp.getFileName failed
Aug  4 12:25:37 srvhall03 controllernode[3764]: 37.104826 |0|0|0| C 29 CAL0000: DBRM: OIDManager::getDBRootOfVBOID(): network error         
Aug  4 12:25:37 srvhall03 PrimProc[3764]: 37.104914 |0|0|0| C 28 CAL0053: PrimProc could not open file for OID 0; fileOp.getFileName failed
Aug  4 12:25:37 srvhall03 controllernode[3764]: 37.145198 |0|0|0| C 29 CAL0000: DBRM: OIDManager::getDBRootOfVBOID(): network error         
Aug  4 12:25:37 srvhall03 PrimProc[3764]: 37.145285 |0|0|0| C 28 CAL0053: PrimProc could not open file for OID 0; fileOp.getFileName failed
Aug  4 12:25:37 srvhall03 PrimProc[3764]: 37.198298 |0|0|0| C 28 CAL0000: Snapshot too old#012         
Aug  4 12:25:37 srvhall03 controllernode[3764]: 37.207930 |0|0|0| C 29 CAL0000: DBRM: OIDManager::getDBRootOfVBOID(): network error         
Aug  4 12:25:37 srvhall03 PrimProc[3764]: 37.208058 |0|0|0| C 28 CAL0053: PrimProc could not open file for OID 0; fileOp.getFileName failed
Aug  4 12:25:37 srvhall03 controllernode[3764]: 37.219532 |0|0|0| C 29 CAL0000: DBRM: OIDManager::getDBRootOfVBOID(): network error         
Aug  4 12:25:37 srvhall03 PrimProc[3764]: 37.219622 |0|0|0| C 28 CAL0053: PrimProc could not open file for OID 0; fileOp.getFileName failed
Aug  4 12:25:37 srvhall03 controllernode[3764]: 37.259197 |0|0|0| C 29 CAL0000: DBRM: OIDManager::getDBRootOfVBOID(): network error         
Aug  4 12:25:37 srvhall03 PrimProc[3764]: 37.259283 |0|0|0| C 28 CAL0053: PrimProc could not open file for OID 0; fileOp.getFileName failed
Aug  4 12:25:37 srvhall03 PrimProc[3764]: 37.311349 |0|0|0| C 28 CAL0000: Snapshot too old#012         
Aug  4 12:25:37 srvhall03 controllernode[3764]: 37.323768 |0|0|0| C 29 CAL0000: DBRM: OIDManager::getDBRootOfVBOID(): network error         
Aug  4 12:25:37 srvhall03 PrimProc[3764]: 37.323867 |0|0|0| C 28 CAL0053: PrimProc could not open file for OID 0; fileOp.getFileName failed
Aug  4 12:25:37 srvhall03 controllernode[3764]: 37.333595 |0|0|0| C 29 CAL0000: DBRM: OIDManager::getDBRootOfVBOID(): network error         
Aug  4 12:25:37 srvhall03 PrimProc[3764]: 37.333692 |0|0|0| C 28 CAL0053: PrimProc could not open file for OID 0; fileOp.getFileName failed
Aug  4 12:25:37 srvhall03 controllernode[3764]: 37.372485 |0|0|0| C 29 CAL0000: DBRM: OIDManager::getDBRootOfVBOID(): network error         
Aug  4 12:25:37 srvhall03 PrimProc[3764]: 37.372544 |0|0|0| C 28 CAL0053: PrimProc could not open file for OID 0; fileOp.getFileName failed
Aug  4 12:25:37 srvhall03 PrimProc[3764]: 37.424638 |0|0|0| C 28 CAL0000: Snapshot too old#012         
Aug  4 12:25:37 srvhall03 controllernode[3764]: 37.435262 |0|0|0| C 29 CAL0000: DBRM: OIDManager::getDBRootOfVBOID(): network error         
Aug  4 12:25:37 srvhall03 PrimProc[3764]: 37.435334 |0|0|0| C 28 CAL0053: PrimProc could not open file for OID 0; fileOp.getFileName failed
Aug  4 12:25:37 srvhall03 controllernode[3764]: 37.445856 |0|0|0| C 29 CAL0000: DBRM: OIDManager::getDBRootOfVBOID(): network error         
Aug  4 12:25:37 srvhall03 PrimProc[3764]: 37.445945 |0|0|0| C 28 CAL0053: PrimProc could not open file for OID 0; fileOp.getFileName failed
Aug  4 12:25:37 srvhall03 controllernode[3764]: 37.485020 |0|0|0| C 29 CAL0000: DBRM: OIDManager::getDBRootOfVBOID(): network error         
Aug  4 12:25:37 srvhall03 PrimProc[3764]: 37.485107 |0|0|0| C 28 CAL0053: PrimProc could not open file for OID 0; fileOp.getFileName failed
Aug  4 12:25:37 srvhall03 PrimProc[3764]: 37.538594 |0|0|0| C 28 CAL0000: Snapshot too old#012         
Aug  4 12:25:37 srvhall03 controllernode[3764]: 37.553297 |0|0|0| C 29 CAL0000: DBRM: OIDManager::getDBRootOfVBOID(): network error         
Aug  4 12:25:37 srvhall03 PrimProc[3764]: 37.553408 |0|0|0| C 28 CAL0053: PrimProc could not open file for OID 0; fileOp.getFileName failed
Aug  4 12:25:37 srvhall03 controllernode[3764]: 37.563951 |0|0|0| C 29 CAL0000: DBRM: OIDManager::getDBRootOfVBOID(): network error         
Aug  4 12:25:37 srvhall03 PrimProc[3764]: 37.564032 |0|0|0| C 28 CAL0053: PrimProc could not open file for OID 0; fileOp.getFileName failed
Aug  4 12:25:37 srvhall03 controllernode[3764]: 37.600586 |0|0|0| C 29 CAL0000: DBRM: OIDManager::getDBRootOfVBOID(): network error         
Aug  4 12:25:37 srvhall03 PrimProc[3764]: 37.600691 |0|0|0| C 28 CAL0053: PrimProc could not open file for OID 0; fileOp.getFileName failed
Aug  4 12:25:37 srvhall03 PrimProc[3764]: 37.659055 |0|0|0| C 28 CAL0000: Snapshot too old#012         
Aug  4 12:25:37 srvhall03 controllernode[3764]: 37.668386 |0|0|0| C 29 CAL0000: DBRM: OIDManager::getDBRootOfVBOID(): network error         
Aug  4 12:25:37 srvhall03 PrimProc[3764]: 37.668451 |0|0|0| C 28 CAL0053: PrimProc could not open file for OID 0; fileOp.getFileName failed
Aug  4 12:25:37 srvhall03 controllernode[3764]: 37.678953 |0|0|0| C 29 CAL0000: DBRM: OIDManager::getDBRootOfVBOID(): network error         
Aug  4 12:25:37 srvhall03 PrimProc[3764]: 37.679041 |0|0|0| C 28 CAL0053: PrimProc could not open file for OID 0; fileOp.getFileName failed
Aug  4 12:25:37 srvhall03 controllernode[3764]: 37.719398 |0|0|0| C 29 CAL0000: DBRM: OIDManager::getDBRootOfVBOID(): network error         
Aug  4 12:25:37 srvhall03 PrimProc[3764]: 37.719483 |0|0|0| C 28 CAL0053: PrimProc could not open file for OID 0; fileOp.getFileName failed
Aug  4 12:25:37 srvhall03 PrimProc[3764]: 37.770668 |0|0|0| C 28 CAL0000: Snapshot too old#012         
Aug  4 12:25:37 srvhall03 controllernode[3764]: 37.788200 |0|0|0| C 29 CAL0000: DBRM: OIDManager::getDBRootOfVBOID(): network error         
Aug  4 12:25:37 srvhall03 PrimProc[3764]: 37.788280 |0|0|0| C 28 CAL0053: PrimProc could not open file for OID 0; fileOp.getFileName failed
Aug  4 12:25:37 srvhall03 controllernode[3764]: 37.802149 |0|0|0| C 29 CAL0000: DBRM: OIDManager::getDBRootOfVBOID(): network error         
Aug  4 12:25:39 srvhall03 joblist[3854]: 39.032392 |1472|0|0| C 05 CAL0000: st: 0 TupleBPS::receiveMultiPrimitiveMessages() caught an exception: IDB-2035: An internal error occurred.  Check the error log file & contact support.#012         
Aug  4 12:25:39 srvhall03 joblist[3854]: 39.147160 |1472|0|0| C 05 CAL0000: st: 0 TupleBPS::receiveMultiPrimitiveMessages() caught an exception: IDB-2035: An internal error occurred.  Check the error log file & contact support.#012         
Aug  4 12:25:39 srvhall03 joblist[3854]: 39.261245 |1472|0|0| C 05 CAL0000: st: 0 TupleBPS::receiveMultiPrimitiveMessages() caught an exception: IDB-2035: An internal error occurred.  Check the error log file & contact support.#012         
Aug  4 12:25:39 srvhall03 joblist[3854]: 39.374945 |1472|0|0| C 05 CAL0000: st: 0 TupleBPS::receiveMultiPrimitiveMessages() caught an exception: IDB-2035: An internal error occurred.  Check the error log file & contact support.#012         
Aug  4 12:25:39 srvhall03 joblist[3854]: 39.489504 |1472|0|0| C 05 CAL0000: st: 0 TupleBPS::receiveMultiPrimitiveMessages() caught an exception: IDB-2035: An internal error occurred.  Check the error log file & contact support.#012         
Aug  4 12:25:39 srvhall03 joblist[3854]: 39.602436 |1472|0|0| C 05 CAL0000: st: 0 TupleBPS::receiveMultiPrimitiveMessages() caught an exception: IDB-2035: An internal error occurred.  Check the error log file & contact support.#012         
Aug  4 12:25:39 srvhall03 joblist[3854]: 39.714916 |1472|0|0| C 05 CAL0000: st: 0 TupleBPS::receiveMultiPrimitiveMessages() caught an exception: IDB-2035: An internal error occurred.  Check the error log file & contact support.#012         
Aug  4 12:25:39 srvhall03 joblist[3854]: 39.828882 |1472|0|0| C 05 CAL0000: st: 0 TupleBPS::receiveMultiPrimitiveMessages() caught an exception: IDB-2035: An internal error occurred.  Check the error log file & contact support.#012         
Aug  4 12:25:39 srvhall03 joblist[3854]: 39.942334 |1472|0|0| C 05 CAL0000: st: 0 TupleBPS::receiveMultiPrimitiveMessages() caught an exception: IDB-2035: An internal error occurred.  Check the error log file & contact support.#012         
Aug  4 12:25:40 srvhall03 joblist[3854]: 40.057793 |1472|0|0| C 05 CAL0000: st: 0 TupleBPS::receiveMultiPrimitiveMessages() caught an exception: IDB-2035: An internal error occurred.  Check the error log file & contact support.#012         
Aug  4 12:25:40 srvhall03 joblist[3854]: 40.172740 |1472|0|0| C 05 CAL0000: st: 0 TupleBPS::receiveMultiPrimitiveMessages() caught an exception: IDB-2035: An internal error occurred.  Check the error log file & contact support.#012         
Aug  4 12:25:40 srvhall03 joblist[3854]: 40.287244 |1472|0|0| C 05 CAL0000: st: 0 TupleBPS::receiveMultiPrimitiveMessages() caught an exception: IDB-2035: An internal error occurred.  Check the error log file & contact support.#012         
Aug  4 12:25:40 srvhall03 joblist[3854]: 40.401060 |1472|0|0| C 05 CAL0000: st: 0 TupleBPS::receiveMultiPrimitiveMessages() caught an exception: IDB-2035: An internal error occurred.  Check the error log file & contact support.#012         
Aug  4 12:25:40 srvhall03 joblist[3854]: 40.514947 |1472|0|0| C 05 CAL0000: st: 0 TupleBPS::receiveMultiPrimitiveMessages() caught an exception: IDB-2035: An internal error occurred.  Check the error log file & contact support.#012         
Aug  4 12:25:40 srvhall03 joblist[3854]: 40.630042 |1472|0|0| C 05 CAL0000: st: 0 TupleBPS::receiveMultiPrimitiveMessages() caught an exception: IDB-2035: An internal error occurred.  Check the error log file & contact support.#012         
Aug  4 12:25:46 srvhall03 PrimProc[3764]: 46.856352 |0|0|0| C 28 CAL0000: Snapshot too old#012         
Aug  4 12:25:46 srvhall03 PrimProc[3764]: 46.969667 |0|0|0| C 28 CAL0000: Snapshot too old#012         
Aug  4 12:25:47 srvhall03 PrimProc[3764]: 47.030822 |0|0|0| C 28 CAL0000: Snapshot too old#012         
Aug  4 12:25:47 srvhall03 PrimProc[3764]: 47.091841 |0|0|0| C 28 CAL0000: Snapshot too old#012         
Aug  4 12:25:47 srvhall03 PrimProc[3764]: 47.155342 |0|0|0| C 28 CAL0000: Snapshot too old#012         
Aug  4 12:25:47 srvhall03 PrimProc[3764]: 47.216033 |0|0|0| C 28 CAL0000: Snapshot too old#012         
Aug  4 12:25:47 srvhall03 PrimProc[3764]: 47.328891 |0|0|0| C 28 CAL0000: Snapshot too old#012         
Aug  4 12:25:47 srvhall03 PrimProc[3764]: 47.440431 |0|0|0| C 28 CAL0000: Snapshot too old#012         
Aug  4 12:25:47 srvhall03 PrimProc[3764]: 47.501323 |0|0|0| C 28 CAL0000: Snapshot too old#012         
Aug  4 12:25:47 srvhall03 PrimProc[3764]: 47.564238 |0|0|0| C 28 CAL0000: Snapshot too old#012         
Aug  4 12:25:47 srvhall03 PrimProc[3764]: 47.623864 |0|0|0| C 28 CAL0000: Snapshot too old#012         
Aug  4 12:25:47 srvhall03 PrimProc[3764]: 47.684281 |0|0|0| C 28 CAL0000: Snapshot too old#012         
Aug  4 12:25:47 srvhall03 PrimProc[3764]: 47.746081 |0|0|0| C 28 CAL0000: Snapshot too old#012         
Aug  4 12:25:47 srvhall03 PrimProc[3764]: 47.807143 |0|0|0| C 28 CAL0000: Snapshot too old#012         
Aug  4 12:25:47 srvhall03 PrimProc[3764]: 47.867080 |0|0|0| C 28 CAL0000: Snapshot too old#012         
Aug  4 12:25:47 srvhall03 PrimProc[3764]: 47.965511 |0|0|0| C 28 CAL0000: Snapshot too old#012         
Aug  4 12:25:48 srvhall03 PrimProc[3764]: 48.115470 |0|0|0| C 28 CAL0000: Snapshot too old#012         
Aug  4 12:25:48 srvhall03 PrimProc[3764]: 48.259852 |0|0|0| C 28 CAL0000: Snapshot too old#012         
Aug  4 12:25:48 srvhall03 PrimProc[3764]: 48.318495 |0|0|0| C 28 CAL0000: Snapshot too old#012         
Aug  4 12:25:48 srvhall03 PrimProc[3764]: 48.382292 |0|0|0| C 28 CAL0000: Snapshot too old#012         
Aug  4 12:25:48 srvhall03 PrimProc[3764]: 48.444315 |0|0|0| C 28 CAL0000: Snapshot too old#012         
Aug  4 12:25:48 srvhall03 PrimProc[3764]: 48.506353 |0|0|0| C 28 CAL0000: Snapshot too old#012         
Aug  4 12:25:48 srvhall03 PrimProc[3764]: 48.566995 |0|0|0| C 28 CAL0000: Snapshot too old#012         
Aug  4 12:25:48 srvhall03 PrimProc[3764]: 48.637655 |0|0|0| C 28 CAL0000: Snapshot too old#012         
Aug  4 12:25:48 srvhall03 PrimProc[3764]: 48.702490 |0|0|0| C 28 CAL0000: Snapshot too old#012         
Aug  4 12:25:48 srvhall03 PrimProc[3764]: 48.762956 |0|0|0| C 28 CAL0000: Snapshot too old#012         
Aug  4 12:25:48 srvhall03 PrimProc[3764]: 48.823923 |0|0|0| C 28 CAL0000: Snapshot too old#012         
Aug  4 12:25:48 srvhall03 PrimProc[3764]: 48.889693 |0|0|0| C 28 CAL0000: Snapshot too old#012         
Aug  4 12:25:48 srvhall03 PrimProc[3764]: 48.952841 |0|0|0| C 28 CAL0000: Snapshot too old#012         
Aug  4 12:25:49 srvhall03 PrimProc[3764]: 49.014589 |0|0|0| C 28 CAL0000: Snapshot too old#012         
Aug  4 12:25:49 srvhall03 PrimProc[3764]: 49.076113 |0|0|0| C 28 CAL0000: Snapshot too old#012         
Aug  4 12:25:49 srvhall03 PrimProc[3764]: 49.138212 |0|0|0| C 28 CAL0000: Snapshot too old#012         
Aug  4 12:25:49 srvhall03 PrimProc[3764]: 49.200411 |0|0|0| C 28 CAL0000: Snapshot too old#012         
Aug  4 12:25:49 srvhall03 PrimProc[3764]: 49.264558 |0|0|0| C 28 CAL0000: Snapshot too old#012         
Aug  4 12:25:49 srvhall03 PrimProc[3764]: 49.327932 |0|0|0| C 28 CAL0000: Snapshot too old#012         
Aug  4 12:25:49 srvhall03 PrimProc[3764]: 49.389475 |0|0|0| C 28 CAL0000: Snapshot too old#012         
Aug  4 12:25:49 srvhall03 PrimProc[3764]: 49.451737 |0|0|0| C 28 CAL0000: Snapshot too old#012         
Aug  4 12:25:49 srvhall03 PrimProc[3764]: 49.512280 |0|0|0| C 28 CAL0000: Snapshot too old#012         
Aug  4 12:25:49 srvhall03 PrimProc[3764]: 49.575678 |0|0|0| C 28 CAL0000: Snapshot too old#012         
Aug  4 12:25:49 srvhall03 PrimProc[3764]: 49.634656 |0|0|0| C 28 CAL0000: Snapshot too old#012         
Aug  4 12:25:49 srvhall03 PrimProc[3764]: 49.702643 |0|0|0| C 28 CAL0000: Snapshot too old#012         
Aug  4 12:25:49 srvhall03 PrimProc[3764]: 49.766360 |0|0|0| C 28 CAL0000: Snapshot too old#012         
Aug  4 12:25:49 srvhall03 PrimProc[3764]: 49.827760 |0|0|0| C 28 CAL0000: Snapshot too old#012         
Aug  4 12:25:49 srvhall03 PrimProc[3764]: 49.891062 |0|0|0| C 28 CAL0000: Snapshot too old#012         
Aug  4 12:25:49 srvhall03 PrimProc[3764]: 49.950931 |0|0|0| C 28 CAL0000: Snapshot too old#012         
Aug  4 12:25:50 srvhall03 PrimProc[3764]: 50.013769 |0|0|0| C 28 CAL0000: Snapshot too old#012         
Aug  4 12:25:50 srvhall03 PrimProc[3764]: 50.075176 |0|0|0| C 28 CAL0000: Snapshot too old#012         
Aug  4 12:25:50 srvhall03 PrimProc[3764]: 50.138322 |0|0|0| C 28 CAL0000: Snapshot too old#012         
Aug  4 12:25:50 srvhall03 PrimProc[3764]: 50.875406 |0|0|0| C 28 CAL0000: Snapshot too old#012         
Aug  4 12:25:50 srvhall03 PrimProc[3764]: 50.934222 |0|0|0| C 28 CAL0000: Snapshot too old#012         
Aug  4 12:25:50 srvhall03 PrimProc[3764]: 50.992052 |0|0|0| C 28 CAL0000: Snapshot too old#012         
Aug  4 12:25:51 srvhall03 PrimProc[3764]: 51.053886 |0|0|0| C 28 CAL0000: Snapshot too old#012         
Aug  4 12:25:51 srvhall03 joblist[3854]: 51.056032 |1480|0|0| C 05 CAL0000: st: 0 TupleBPS::receiveMultiPrimitiveMessages() caught an exception: IDB-2035: An internal error occurred.  Check the error log file & contact support.#012         
Aug  4 12:25:51 srvhall03 PrimProc[3764]: 51.113178 |0|0|0| C 28 CAL0000: Snapshot too old#012         
Aug  4 12:25:51 srvhall03 joblist[3854]: 51.115581 |1480|0|0| C 05 CAL0000: st: 0 TupleBPS::receiveMultiPrimitiveMessages() caught an exception: IDB-2035: An internal error occurred.  Check the error log file & contact support.#012         
Aug  4 12:25:51 srvhall03 PrimProc[3764]: 51.173044 |0|0|0| C 28 CAL0000: Snapshot too old#012         
Aug  4 12:25:51 srvhall03 joblist[3854]: 51.175395 |1480|0|0| C 05 CAL0000: st: 0 TupleBPS::receiveMultiPrimitiveMessages() caught an exception: IDB-2035: An internal error occurred.  Check the error log file & contact support.#012         
Aug  4 12:25:51 srvhall03 PrimProc[3764]: 51.231133 |0|0|0| C 28 CAL0000: Snapshot too old#012         
Aug  4 12:25:51 srvhall03 joblist[3854]: 51.233311 |1480|0|0| C 05 CAL0000: st: 0 TupleBPS::receiveMultiPrimitiveMessages() caught an exception: IDB-2035: An internal error occurred.  Check the error log file & contact support.#012         
Aug  4 12:25:51 srvhall03 PrimProc[3764]: 51.290751 |0|0|0| C 28 CAL0000: Snapshot too old#012         
Aug  4 12:25:51 srvhall03 joblist[3854]: 51.292808 |1480|0|0| C 05 CAL0000: st: 0 TupleBPS::receiveMultiPrimitiveMessages() caught an exception: IDB-2035: An internal error occurred.  Check the error log file & contact support.#012         
Aug  4 12:25:51 srvhall03 PrimProc[3764]: 51.353547 |0|0|0| C 28 CAL0000: Snapshot too old#012         
Aug  4 12:25:51 srvhall03 joblist[3854]: 51.355927 |1480|0|0| C 05 CAL0000: st: 0 TupleBPS::receiveMultiPrimitiveMessages() caught an exception: IDB-2035: An internal error occurred.  Check the error log file & contact support.#012         
Aug  4 12:25:51 srvhall03 PrimProc[3764]: 51.413088 |0|0|0| C 28 CAL0000: Snapshot too old#012         
Aug  4 12:25:51 srvhall03 joblist[3854]: 51.413341 |1480|0|0| C 05 CAL0000: st: 0 TupleBPS::receiveMultiPrimitiveMessages() caught an exception: IDB-2035: An internal error occurred.  Check the error log file & contact support.#012         
Aug  4 12:25:51 srvhall03 PrimProc[3764]: 51.473050 |0|0|0| C 28 CAL0000: Snapshot too old#012         
Aug  4 12:25:51 srvhall03 joblist[3854]: 51.475248 |1480|0|0| C 05 CAL0000: st: 0 TupleBPS::receiveMultiPrimitiveMessages() caught an exception: IDB-2035: An internal error occurred.  Check the error log file & contact support.#012         
Aug  4 12:25:51 srvhall03 PrimProc[3764]: 51.533760 |0|0|0| C 28 CAL0000: Snapshot too old#012         
Aug  4 12:25:51 srvhall03 joblist[3854]: 51.535885 |1480|0|0| C 05 CAL0000: st: 0 TupleBPS::receiveMultiPrimitiveMessages() caught an exception: IDB-2035: An internal error occurred.  Check the error log file & contact support.#012         
Aug  4 12:25:51 srvhall03 PrimProc[3764]: 51.594274 |0|0|0| C 28 CAL0000: Snapshot too old#012         
Aug  4 12:25:51 srvhall03 joblist[3854]: 51.596430 |1480|0|0| C 05 CAL0000: st: 0 TupleBPS::receiveMultiPrimitiveMessages() caught an exception: IDB-2035: An internal error occurred.  Check the error log file & contact support.#012         
Aug  4 12:25:51 srvhall03 PrimProc[3764]: 51.652340 |0|0|0| C 28 CAL0000: Snapshot too old#012         
Aug  4 12:25:51 srvhall03 joblist[3854]: 51.654562 |1480|0|0| C 05 CAL0000: st: 0 TupleBPS::receiveMultiPrimitiveMessages() caught an exception: IDB-2035: An internal error occurred.  Check the error log file & contact support.#012         
Aug  4 12:25:51 srvhall03 PrimProc[3764]: 51.711382 |0|0|0| C 28 CAL0000: Snapshot too old#012         
Aug  4 12:25:51 srvhall03 joblist[3854]: 51.713496 |1480|0|0| C 05 CAL0000: st: 0 TupleBPS::receiveMultiPrimitiveMessages() caught an exception: IDB-2035: An internal error occurred.  Check the error log file & contact support.#012         
Aug  4 12:25:51 srvhall03 PrimProc[3764]: 51.770979 |0|0|0| C 28 CAL0000: Snapshot too old#012         
Aug  4 12:25:51 srvhall03 joblist[3854]: 51.773218 |1480|0|0| C 05 CAL0000: st: 0 TupleBPS::receiveMultiPrimitiveMessages() caught an exception: IDB-2035: An internal error occurred.  Check the error log file & contact support.#012         
Aug  4 12:25:51 srvhall03 PrimProc[3764]: 51.831056 |0|0|0| C 28 CAL0000: Snapshot too old#012         
Aug  4 12:25:51 srvhall03 joblist[3854]: 51.833522 |1480|0|0| C 05 CAL0000: st: 0 TupleBPS::receiveMultiPrimitiveMessages() caught an exception: IDB-2035: An internal error occurred.  Check the error log file & contact support.#012         
Aug  4 12:25:51 srvhall03 PrimProc[3764]: 51.902312 |0|0|0| C 28 CAL0000: Snapshot too old#012         
Aug  4 12:25:51 srvhall03 joblist[3854]: 51.904354 |1480|0|0| C 05 CAL0000: st: 0 TupleBPS::receiveMultiPrimitiveMessages() caught an exception: IDB-2035: An internal error occurred.  Check the error log file & contact support.#012         
Aug  4 12:25:51 srvhall03 PrimProc[3764]: 51.960384 |0|0|0| C 28 CAL0000: Snapshot too old#012         
Aug  4 12:25:51 srvhall03 joblist[3854]: 51.962474 |1480|0|0| C 05 CAL0000: st: 0 TupleBPS::receiveMultiPrimitiveMessages() caught an exception: IDB-2035: An internal error occurred.  Check the error log file & contact support.#012         
Aug  4 12:25:52 srvhall03 PrimProc[3764]: 52.020780 |0|0|0| C 28 CAL0000: Snapshot too old#012         
Aug  4 12:25:52 srvhall03 joblist[3854]: 52.022920 |1480|0|0| C 05 CAL0000: st: 0 TupleBPS::receiveMultiPrimitiveMessages() caught an exception: IDB-2035: An internal error occurred.  Check the error log file & contact support.#012         
Aug  4 12:25:52 srvhall03 PrimProc[3764]: 52.081106 |0|0|0| C 28 CAL0000: Snapshot too old#012         
Aug  4 12:25:52 srvhall03 joblist[3854]: 52.083278 |1480|0|0| C 05 CAL0000: st: 0 TupleBPS::receiveMultiPrimitiveMessages() caught an exception: IDB-2035: An internal error occurred.  Check the error log file & contact support.#012         
Aug  4 12:25:52 srvhall03 PrimProc[3764]: 52.143705 |0|0|0| C 28 CAL0000: Snapshot too old#012         
Aug  4 12:25:52 srvhall03 joblist[3854]: 52.144011 |1480|0|0| C 05 CAL0000: st: 0 TupleBPS::receiveMultiPrimitiveMessages() caught an exception: IDB-2035: An internal error occurred.  Check the error log file & contact support.#012         
Aug  4 12:25:52 srvhall03 PrimProc[3764]: 52.202982 |0|0|0| C 28 CAL0000: Snapshot too old#012         
Aug  4 12:25:52 srvhall03 joblist[3854]: 52.205349 |1480|0|0| C 05 CAL0000: st: 0 TupleBPS::receiveMultiPrimitiveMessages() caught an exception: IDB-2035: An internal error occurred.  Check the error log file & contact support.#012         
Aug  4 12:25:52 srvhall03 PrimProc[3764]: 52.263280 |0|0|0| C 28 CAL0000: Snapshot too old#012         
Aug  4 12:25:52 srvhall03 joblist[3854]: 52.265434 |1480|0|0| C 05 CAL0000: st: 0 TupleBPS::receiveMultiPrimitiveMessages() caught an exception: IDB-2035: An internal error occurred.  Check the error log file & contact support.#012         
Aug  4 12:25:52 srvhall03 PrimProc[3764]: 52.326608 |0|0|0| C 28 CAL0000: Snapshot too old#012         
Aug  4 12:25:52 srvhall03 joblist[3854]: 52.327644 |1480|0|0| C 05 CAL0000: st: 0 TupleBPS::receiveMultiPrimitiveMessages() caught an exception: IDB-2035: An internal error occurred.  Check the error log file & contact support.#012         
Aug  4 12:25:52 srvhall03 PrimProc[3764]: 52.431806 |0|0|0| C 28 CAL0000: Snapshot too old#012         
Aug  4 12:25:52 srvhall03 joblist[3854]: 52.434296 |1481|0|0| C 05 CAL0000: st: 0 TupleBPS::receiveMultiPrimitiveMessages() caught an exception: IDB-2035: An internal error occurred.  Check the error log file & contact support.#012         
Aug  4 12:25:52 srvhall03 PrimProc[3764]: 52.494497 |0|0|0| C 28 CAL0000: Snapshot too old#012         
Aug  4 12:25:52 srvhall03 joblist[3854]: 52.495513 |1481|0|0| C 05 CAL0000: st: 0 TupleBPS::receiveMultiPrimitiveMessages() caught an exception: IDB-2035: An internal error occurred.  Check the error log file & contact support.#012         
Aug  4 12:25:52 srvhall03 PrimProc[3764]: 52.590545 |0|0|0| C 28 CAL0000: Snapshot too old#012         
Aug  4 12:25:52 srvhall03 joblist[3854]: 52.592671 |1482|0|0| C 05 CAL0000: st: 0 TupleBPS::receiveMultiPrimitiveMessages() caught an exception: IDB-2035: An internal error occurred.  Check the error log file & contact support.#012         
Aug  4 12:25:52 srvhall03 PrimProc[3764]: 52.653593 |0|0|0| C 28 CAL0000: Snapshot too old#012         
Aug  4 12:25:52 srvhall03 joblist[3854]: 52.655726 |1482|0|0| C 05 CAL0000: st: 0 TupleBPS::receiveMultiPrimitiveMessages() caught an exception: IDB-2035: An internal error occurred.  Check the error log file & contact support.#012         
Aug  4 12:25:52 srvhall03 PrimProc[3764]: 52.713767 |0|0|0| C 28 CAL0000: Snapshot too old#012         
Aug  4 12:25:52 srvhall03 joblist[3854]: 52.715961 |1482|0|0| C 05 CAL0000: st: 0 TupleBPS::receiveMultiPrimitiveMessages() caught an exception: IDB-2035: An internal error occurred.  Check the error log file & contact support.#012         
Aug  4 12:25:52 srvhall03 PrimProc[3764]: 52.772843 |0|0|0| C 28 CAL0000: Snapshot too old#012         
Aug  4 12:25:52 srvhall03 joblist[3854]: 52.774944 |1482|0|0| C 05 CAL0000: st: 0 TupleBPS::receiveMultiPrimitiveMessages() caught an exception: IDB-2035: An internal error occurred.  Check the error log file & contact support.#012         
Aug  4 12:25:52 srvhall03 PrimProc[3764]: 52.833802 |0|0|0| C 28 CAL0000: Snapshot too old#012         
Aug  4 12:25:52 srvhall03 joblist[3854]: 52.836150 |1482|0|0| C 05 CAL0000: st: 0 TupleBPS::receiveMultiPrimitiveMessages() caught an exception: IDB-2035: An internal error occurred.  Check the error log file & contact support.#012         
Aug  4 12:25:52 srvhall03 PrimProc[3764]: 52.893811 |0|0|0| C 28 CAL0000: Snapshot too old#012         
Aug  4 12:25:52 srvhall03 joblist[3854]: 52.896083 |1482|0|0| C 05 CAL0000: st: 0 TupleBPS::receiveMultiPrimitiveMessages() caught an exception: IDB-2035: An internal error occurred.  Check the error log file & contact support.#012         
Aug  4 12:25:52 srvhall03 PrimProc[3764]: 52.958396 |0|0|0| C 28 CAL0000: Snapshot too old#012         
Aug  4 12:25:52 srvhall03 joblist[3854]: 52.960751 |1482|0|0| C 05 CAL0000: st: 0 TupleBPS::receiveMultiPrimitiveMessages() caught an exception: IDB-2035: An internal error occurred.  Check the error log file & contact support.#012         
Aug  4 12:25:53 srvhall03 PrimProc[3764]: 53.020303 |0|0|0| C 28 CAL0000: Snapshot too old#012         
Aug  4 12:25:53 srvhall03 joblist[3854]: 53.021418 |1482|0|0| C 05 CAL0000: st: 0 TupleBPS::receiveMultiPrimitiveMessages() caught an exception: IDB-2035: An internal error occurred.  Check the error log file & contact support.#012         
Aug  4 12:25:53 srvhall03 PrimProc[3764]: 53.080103 |0|0|0| C 28 CAL0000: Snapshot too old#012         
Aug  4 12:25:53 srvhall03 joblist[3854]: 53.081140 |1482|0|0| C 05 CAL0000: st: 0 TupleBPS::receiveMultiPrimitiveMessages() caught an exception: IDB-2035: An internal error occurred.  Check the error log file & contact support.#012         
Aug  4 12:25:53 srvhall03 PrimProc[3764]: 53.138282 |0|0|0| C 28 CAL0000: Snapshot too old#012         
Aug  4 12:25:53 srvhall03 PrimProc[3764]: 53.198143 |0|0|0| C 28 CAL0000: Snapshot too old#012         
Aug  4 12:25:53 srvhall03 PrimProc[3764]: 53.257455 |0|0|0| C 28 CAL0000: Snapshot too old#012         
Aug  4 12:25:53 srvhall03 PrimProc[3764]: 53.319562 |0|0|0| C 28 CAL0000: Snapshot too old#012         
Aug  4 12:25:53 srvhall03 PrimProc[3764]: 53.377852 |0|0|0| C 28 CAL0000: Snapshot too old#012         
Aug  4 12:25:53 srvhall03 PrimProc[3764]: 53.437400 |0|0|0| C 28 CAL0000: Snapshot too old#012         
Aug  4 12:25:53 srvhall03 PrimProc[3764]: 53.497391 |0|0|0| C 28 CAL0000: Snapshot too old#012         
Aug  4 12:25:53 srvhall03 PrimProc[3764]: 53.558323 |0|0|0| C 28 CAL0000: Snapshot too old#012         
Aug  4 12:25:53 srvhall03 PrimProc[3764]: 53.616327 |0|0|0| C 28 CAL0000: Snapshot too old#012         
Aug  4 12:25:53 srvhall03 PrimProc[3764]: 53.676499 |0|0|0| C 28 CAL0000: Snapshot too old#012         
Aug  4 12:25:53 srvhall03 PrimProc[3764]: 53.736620 |0|0|0| C 28 CAL0000: Snapshot too old#012         
Aug  4 12:25:53 srvhall03 PrimProc[3764]: 53.797701 |0|0|0| C 28 CAL0000: Snapshot too old#012         
Aug  4 12:25:53 srvhall03 PrimProc[3764]: 53.858156 |0|0|0| C 28 CAL0000: Snapshot too old#012         
Aug  4 12:25:53 srvhall03 PrimProc[3764]: 53.918946 |0|0|0| C 28 CAL0000: Snapshot too old#012         
Aug  4 12:25:53 srvhall03 PrimProc[3764]: 53.982389 |0|0|0| C 28 CAL0000: Snapshot too old#012         
Aug  4 12:25:54 srvhall03 PrimProc[3764]: 54.046005 |0|0|0| C 28 CAL0000: Snapshot too old#012         
Aug  4 12:25:54 srvhall03 PrimProc[3764]: 54.120165 |0|0|0| C 28 CAL0000: Snapshot too old#012         
Aug  4 12:25:54 srvhall03 PrimProc[3764]: 54.193250 |0|0|0| C 28 CAL0000: Snapshot too old#012         
Aug  4 12:25:54 srvhall03 PrimProc[3764]: 54.254751 |0|0|0| C 28 CAL0000: Snapshot too old#012         
Aug  4 12:25:54 srvhall03 PrimProc[3764]: 54.315102 |0|0|0| C 28 CAL0000: Snapshot too old#012         
Aug  4 12:25:54 srvhall03 PrimProc[3764]: 54.376755 |0|0|0| C 28 CAL0000: Snapshot too old#012         
Aug  4 12:25:54 srvhall03 PrimProc[3764]: 54.440302 |0|0|0| C 28 CAL0000: Snapshot too old#012         
Aug  4 12:25:54 srvhall03 PrimProc[3764]: 54.523194 |0|0|0| C 28 CAL0000: Snapshot too old#012         
Aug  4 12:25:54 srvhall03 PrimProc[3764]: 54.586029 |0|0|0| C 28 CAL0000: Snapshot too old#012         
Aug  4 12:25:54 srvhall03 PrimProc[3764]: 54.646006 |0|0|0| C 28 CAL0000: Snapshot too old#012         
Aug  4 12:25:54 srvhall03 PrimProc[3764]: 54.705677 |0|0|0| C 28 CAL0000: Snapshot too old#012         
Aug  4 12:25:54 srvhall03 PrimProc[3764]: 54.766624 |0|0|0| C 28 CAL0000: Snapshot too old#012         
Aug  4 12:25:54 srvhall03 PrimProc[3764]: 54.826691 |0|0|0| C 28 CAL0000: Snapshot too old#012         
Aug  4 12:25:54 srvhall03 PrimProc[3764]: 54.886316 |0|0|0| C 28 CAL0000: Snapshot too old#012         
Aug  4 12:25:54 srvhall03 PrimProc[3764]: 54.945938 |0|0|0| C 28 CAL0000: Snapshot too old#012         
Aug  4 12:25:55 srvhall03 PrimProc[3764]: 55.005061 |0|0|0| C 28 CAL0000: Snapshot too old#012         
Aug  4 12:25:55 srvhall03 PrimProc[3764]: 55.066566 |0|0|0| C 28 CAL0000: Snapshot too old#012         
Aug  4 12:25:55 srvhall03 PrimProc[3764]: 55.130878 |0|0|0| C 28 CAL0000: Snapshot too old#012         
Aug  4 12:25:55 srvhall03 PrimProc[3764]: 55.191052 |0|0|0| C 28 CAL0000: Snapshot too old#012         
Aug  4 12:25:55 srvhall03 PrimProc[3764]: 55.251550 |0|0|0| C 28 CAL0000: Snapshot too old#012         
Aug  4 12:25:55 srvhall03 PrimProc[3764]: 55.311786 |0|0|0| C 28 CAL0000: Snapshot too old#012         
Aug  4 12:25:55 srvhall03 PrimProc[3764]: 55.379104 |0|0|0| C 28 CAL0000: Snapshot too old#012         
Aug  4 12:25:55 srvhall03 PrimProc[3764]: 55.438945 |0|0|0| C 28 CAL0000: Snapshot too old#012         
Aug  4 12:25:55 srvhall03 PrimProc[3764]: 55.517034 |0|0|0| C 28 CAL0000: Snapshot too old#012         
Aug  4 12:25:55 srvhall03 PrimProc[3764]: 55.575170 |0|0|0| C 28 CAL0000: Snapshot too old#012         
Aug  4 12:26:20 srvhall03 PrimProc[3764]: 20.679577 |0|0|0| C 28 CAL0000: Snapshot too old#012         
Aug  4 12:26:20 srvhall03 PrimProc[3764]: 20.726785 |0|0|0| C 28 CAL0000: Snapshot too old#012         
Aug  4 12:26:20 srvhall03 PrimProc[3764]: 20.773473 |0|0|0| C 28 CAL0000: Snapshot too old#012         
Aug  4 12:26:20 srvhall03 PrimProc[3764]: 20.818992 |0|0|0| C 28 CAL0000: Snapshot too old#012         
Aug  4 12:26:20 srvhall03 PrimProc[3764]: 20.869683 |0|0|0| C 28 CAL0000: Snapshot too old#012         
Aug  4 12:26:20 srvhall03 PrimProc[3764]: 20.915039 |0|0|0| C 28 CAL0000: Snapshot too old#012         
Aug  4 12:26:20 srvhall03 PrimProc[3764]: 20.963098 |0|0|0| C 28 CAL0000: Snapshot too old#012         
Aug  4 12:26:21 srvhall03 PrimProc[3764]: 21.011743 |0|0|0| C 28 CAL0000: Snapshot too old#012         
Aug  4 12:26:21 srvhall03 joblist[3854]: 21.012112 |1554|0|0| C 05 CAL0000: st: 0 TupleBPS::receiveMultiPrimitiveMessages() caught an exception: IDB-2035: An internal error occurred.  Check the error log file & contact support.#012         
Aug  4 12:26:21 srvhall03 PrimProc[3764]: 21.060428 |0|0|0| C 28 CAL0000: Snapshot too old#012         
Aug  4 12:26:21 srvhall03 joblist[3854]: 21.062603 |1554|0|0| C 05 CAL0000: st: 0 TupleBPS::receiveMultiPrimitiveMessages() caught an exception: IDB-2035: An internal error occurred.  Check the error log file & contact support.#012         
Aug  4 12:26:21 srvhall03 PrimProc[3764]: 21.106065 |0|0|0| C 28 CAL0000: Snapshot too old#012         
Aug  4 12:26:21 srvhall03 joblist[3854]: 21.108318 |1554|0|0| C 05 CAL0000: st: 0 TupleBPS::receiveMultiPrimitiveMessages() caught an exception: IDB-2035: An internal error occurred.  Check the error log file & contact support.#012         
Aug  4 12:26:21 srvhall03 PrimProc[3764]: 21.152089 |0|0|0| C 28 CAL0000: Snapshot too old#012         
Aug  4 12:26:21 srvhall03 joblist[3854]: 21.154280 |1554|0|0| C 05 CAL0000: st: 0 TupleBPS::receiveMultiPrimitiveMessages() caught an exception: IDB-2035: An internal error occurred.  Check the error log file & contact support.#012         
Aug  4 12:26:21 srvhall03 PrimProc[3764]: 21.198062 |0|0|0| C 28 CAL0000: Snapshot too old#012         
Aug  4 12:26:21 srvhall03 joblist[3854]: 21.200187 |1554|0|0| C 05 CAL0000: st: 0 TupleBPS::receiveMultiPrimitiveMessages() caught an exception: IDB-2035: An internal error occurred.  Check the error log file & contact support.#012         
Aug  4 12:26:21 srvhall03 PrimProc[3764]: 21.244433 |0|0|0| C 28 CAL0000: Snapshot too old#012         
Aug  4 12:26:21 srvhall03 joblist[3854]: 21.246481 |1554|0|0| C 05 CAL0000: st: 0 TupleBPS::receiveMultiPrimitiveMessages() caught an exception: IDB-2035: An internal error occurred.  Check the error log file & contact support.#012         
Aug  4 12:26:21 srvhall03 PrimProc[3764]: 21.290178 |0|0|0| C 28 CAL0000: Snapshot too old#012         
Aug  4 12:26:21 srvhall03 joblist[3854]: 21.292390 |1554|0|0| C 05 CAL0000: st: 0 TupleBPS::receiveMultiPrimitiveMessages() caught an exception: IDB-2035: An internal error occurred.  Check the error log file & contact support.#012         
Aug  4 12:26:21 srvhall03 PrimProc[3764]: 21.336474 |0|0|0| C 28 CAL0000: Snapshot too old#012         
Aug  4 12:26:21 srvhall03 joblist[3854]: 21.338668 |1554|0|0| C 05 CAL0000: st: 0 TupleBPS::receiveMultiPrimitiveMessages() caught an exception: IDB-2035: An internal error occurred.  Check the error log file & contact support.#012         
Aug  4 12:26:21 srvhall03 PrimProc[3764]: 21.382946 |0|0|0| C 28 CAL0000: Snapshot too old#012         
Aug  4 12:26:21 srvhall03 joblist[3854]: 21.385060 |1554|0|0| C 05 CAL0000: st: 0 TupleBPS::receiveMultiPrimitiveMessages() caught an exception: IDB-2035: An internal error occurred.  Check the error log file & contact support.#012         
Aug  4 12:26:21 srvhall03 PrimProc[3764]: 21.429895 |0|0|0| C 28 CAL0000: Snapshot too old#012         
Aug  4 12:26:21 srvhall03 joblist[3854]: 21.432061 |1554|0|0| C 05 CAL0000: st: 0 TupleBPS::receiveMultiPrimitiveMessages() caught an exception: IDB-2035: An internal error occurred.  Check the error log file & contact support.#012         
Aug  4 12:26:21 srvhall03 PrimProc[3764]: 21.477113 |0|0|0| C 28 CAL0000: Snapshot too old#012         
Aug  4 12:26:21 srvhall03 joblist[3854]: 21.479252 |1554|0|0| C 05 CAL0000: st: 0 TupleBPS::receiveMultiPrimitiveMessages() caught an exception: IDB-2035: An internal error occurred.  Check the error log file & contact support.#012         
Aug  4 12:26:21 srvhall03 PrimProc[3764]: 21.527169 |0|0|0| C 28 CAL0000: Snapshot too old#012         
Aug  4 12:26:21 srvhall03 joblist[3854]: 21.529247 |1554|0|0| C 05 CAL0000: st: 0 TupleBPS::receiveMultiPrimitiveMessages() caught an exception: IDB-2035: An internal error occurred.  Check the error log file & contact support.#012         
Aug  4 12:26:21 srvhall03 PrimProc[3764]: 21.575080 |0|0|0| C 28 CAL0000: Snapshot too old#012         
Aug  4 12:26:21 srvhall03 joblist[3854]: 21.577230 |1554|0|0| C 05 CAL0000: st: 0 TupleBPS::receiveMultiPrimitiveMessages() caught an exception: IDB-2035: An internal error occurred.  Check the error log file & contact support.#012         
Aug  4 12:26:21 srvhall03 PrimProc[3764]: 21.620735 |0|0|0| C 28 CAL0000: Snapshot too old#012         
Aug  4 12:26:21 srvhall03 joblist[3854]: 21.622865 |1554|0|0| C 05 CAL0000: st: 0 TupleBPS::receiveMultiPrimitiveMessages() caught an exception: IDB-2035: An internal error occurred.  Check the error log file & contact support.#012         
Aug  4 12:26:21 srvhall03 PrimProc[3764]: 21.666558 |0|0|0| C 28 CAL0000: Snapshot too old#012         
Aug  4 12:26:21 srvhall03 joblist[3854]: 21.668689 |1554|0|0| C 05 CAL0000: st: 0 TupleBPS::receiveMultiPrimitiveMessages() caught an exception: IDB-2035: An internal error occurred.  Check the error log file & contact support.#012         
Aug  4 12:26:21 srvhall03 PrimProc[3764]: 21.713183 |0|0|0| C 28 CAL0000: Snapshot too old#012         
Aug  4 12:26:21 srvhall03 joblist[3854]: 21.715242 |1554|0|0| C 05 CAL0000: st: 0 TupleBPS::receiveMultiPrimitiveMessages() caught an exception: IDB-2035: An internal error occurred.  Check the error log file & contact support.#012         
Aug  4 12:26:21 srvhall03 PrimProc[3764]: 21.759243 |0|0|0| C 28 CAL0000: Snapshot too old#012         
Aug  4 12:26:21 srvhall03 joblist[3854]: 21.761370 |1554|0|0| C 05 CAL0000: st: 0 TupleBPS::receiveMultiPrimitiveMessages() caught an exception: IDB-2035: An internal error occurred.  Check the error log file & contact support.#012         
Aug  4 12:26:21 srvhall03 PrimProc[3764]: 21.805795 |0|0|0| C 28 CAL0000: Snapshot too old#012         
Aug  4 12:26:21 srvhall03 joblist[3854]: 21.807923 |1554|0|0| C 05 CAL0000: st: 0 TupleBPS::receiveMultiPrimitiveMessages() caught an exception: IDB-2035: An internal error occurred.  Check the error log file & contact support.#012         
Aug  4 12:26:21 srvhall03 PrimProc[3764]: 21.851094 |0|0|0| C 28 CAL0000: Snapshot too old#012         
Aug  4 12:26:21 srvhall03 joblist[3854]: 21.853291 |1554|0|0| C 05 CAL0000: st: 0 TupleBPS::receiveMultiPrimitiveMessages() caught an exception: IDB-2035: An internal error occurred.  Check the error log file & contact support.#012         
Aug  4 12:26:21 srvhall03 PrimProc[3764]: 21.899107 |0|0|0| C 28 CAL0000: Snapshot too old#012         
Aug  4 12:26:21 srvhall03 joblist[3854]: 21.901222 |1554|0|0| C 05 CAL0000: st: 0 TupleBPS::receiveMultiPrimitiveMessages() caught an exception: IDB-2035: An internal error occurred.  Check the error log file & contact support.#012         
Aug  4 12:26:21 srvhall03 PrimProc[3764]: 21.946703 |0|0|0| C 28 CAL0000: Snapshot too old#012         
Aug  4 12:26:21 srvhall03 joblist[3854]: 21.948900 |1554|0|0| C 05 CAL0000: st: 0 TupleBPS::receiveMultiPrimitiveMessages() caught an exception: IDB-2035: An internal error occurred.  Check the error log file & contact support.#012         
Aug  4 12:26:21 srvhall03 PrimProc[3764]: 21.993507 |0|0|0| C 28 CAL0000: Snapshot too old#012         
Aug  4 12:26:21 srvhall03 joblist[3854]: 21.995729 |1554|0|0| C 05 CAL0000: st: 0 TupleBPS::receiveMultiPrimitiveMessages() caught an exception: IDB-2035: An internal error occurred.  Check the error log file & contact support.#012         
Aug  4 12:26:22 srvhall03 PrimProc[3764]: 22.041069 |0|0|0| C 28 CAL0000: Snapshot too old#012         
Aug  4 12:26:22 srvhall03 joblist[3854]: 22.043374 |1554|0|0| C 05 CAL0000: st: 0 TupleBPS::receiveMultiPrimitiveMessages() caught an exception: IDB-2035: An internal error occurred.  Check the error log file & contact support.#012         
Aug  4 12:26:22 srvhall03 PrimProc[3764]: 22.089502 |0|0|0| C 28 CAL0000: Snapshot too old#012         
Aug  4 12:26:22 srvhall03 joblist[3854]: 22.089815 |1554|0|0| C 05 CAL0000: st: 0 TupleBPS::receiveMultiPrimitiveMessages() caught an exception: IDB-2035: An internal error occurred.  Check the error log file & contact support.#012         
Aug  4 12:26:22 srvhall03 PrimProc[3764]: 22.137126 |0|0|0| C 28 CAL0000: Snapshot too old#012         
Aug  4 12:26:22 srvhall03 joblist[3854]: 22.139263 |1554|0|0| C 05 CAL0000: st: 0 TupleBPS::receiveMultiPrimitiveMessages() caught an exception: IDB-2035: An internal error occurred.  Check the error log file & contact support.#012         
Aug  4 12:26:22 srvhall03 PrimProc[3764]: 22.183162 |0|0|0| C 28 CAL0000: Snapshot too old#012         
Aug  4 12:26:22 srvhall03 joblist[3854]: 22.185310 |1554|0|0| C 05 CAL0000: st: 0 TupleBPS::receiveMultiPrimitiveMessages() caught an exception: IDB-2035: An internal error occurred.  Check the error log file & contact support.#012         
Aug  4 12:26:22 srvhall03 PrimProc[3764]: 22.230211 |0|0|0| C 28 CAL0000: Snapshot too old#012         
Aug  4 12:26:22 srvhall03 joblist[3854]: 22.231319 |1554|0|0| C 05 CAL0000: st: 0 TupleBPS::receiveMultiPrimitiveMessages() caught an exception: IDB-2035: An internal error occurred.  Check the error log file & contact support.#012         
Aug  4 12:26:22 srvhall03 PrimProc[3764]: 22.276447 |0|0|0| C 28 CAL0000: Snapshot too old#012         
Aug  4 12:26:22 srvhall03 joblist[3854]: 22.277476 |1554|0|0| C 05 CAL0000: st: 0 TupleBPS::receiveMultiPrimitiveMessages() caught an exception: IDB-2035: An internal error occurred.  Check the error log file & contact support.#012         
Aug  4 12:26:22 srvhall03 PrimProc[3764]: 22.321571 |0|0|0| C 28 CAL0000: Snapshot too old#012         
Aug  4 12:26:22 srvhall03 joblist[3854]: 22.322558 |1554|0|0| C 05 CAL0000: st: 0 TupleBPS::receiveMultiPrimitiveMessages() caught an exception: IDB-2035: An internal error occurred.  Check the error log file & contact support.#012         
Aug  4 12:26:22 srvhall03 PrimProc[3764]: 22.369519 |0|0|0| C 28 CAL0000: Snapshot too old#012         
Aug  4 12:26:22 srvhall03 joblist[3854]: 22.370666 |1554|0|0| C 05 CAL0000: st: 0 TupleBPS::receiveMultiPrimitiveMessages() caught an exception: IDB-2035: An internal error occurred.  Check the error log file & contact support.#012         
Aug  4 12:26:22 srvhall03 PrimProc[3764]: 22.414675 |0|0|0| C 28 CAL0000: Snapshot too old#012         
Aug  4 12:26:22 srvhall03 joblist[3854]: 22.415737 |1554|0|0| C 05 CAL0000: st: 0 TupleBPS::receiveMultiPrimitiveMessages() caught an exception: IDB-2035: An internal error occurred.  Check the error log file & contact support.#012         
Aug  4 12:26:22 srvhall03 PrimProc[3764]: 22.458894 |0|0|0| C 28 CAL0000: Snapshot too old#012         
Aug  4 12:26:22 srvhall03 joblist[3854]: 22.460989 |1554|0|0| C 05 CAL0000: st: 0 TupleBPS::receiveMultiPrimitiveMessages() caught an exception: IDB-2035: An internal error occurred.  Check the error log file & contact support.#012         
Aug  4 12:26:22 srvhall03 PrimProc[3764]: 22.506671 |0|0|0| C 28 CAL0000: Snapshot too old#012         
Aug  4 12:26:22 srvhall03 joblist[3854]: 22.507701 |1554|0|0| C 05 CAL0000: st: 0 TupleBPS::receiveMultiPrimitiveMessages() caught an exception: IDB-2035: An internal error occurred.  Check the error log file & contact support.#012         
Aug  4 12:26:22 srvhall03 PrimProc[3764]: 22.552538 |0|0|0| C 28 CAL0000: Snapshot too old#012         
Aug  4 12:26:22 srvhall03 joblist[3854]: 22.554645 |1554|0|0| C 05 CAL0000: st: 0 TupleBPS::receiveMultiPrimitiveMessages() caught an exception: IDB-2035: An internal error occurred.  Check the error log file & contact support.#012         
Aug  4 12:26:22 srvhall03 PrimProc[3764]: 22.599542 |0|0|0| C 28 CAL0000: Snapshot too old#012         
Aug  4 12:26:22 srvhall03 joblist[3854]: 22.601702 |1554|0|0| C 05 CAL0000: st: 0 TupleBPS::receiveMultiPrimitiveMessages() caught an exception: IDB-2035: An internal error occurred.  Check the error log file & contact support.#012         
Aug  4 12:26:22 srvhall03 PrimProc[3764]: 22.641214 |0|0|0| C 28 CAL0000: Snapshot too old#012         
Aug  4 12:26:22 srvhall03 joblist[3854]: 22.643281 |1554|0|0| C 05 CAL0000: st: 0 TupleBPS::receiveMultiPrimitiveMessages() caught an exception: IDB-2035: An internal error occurred.  Check the error log file & contact support.#012         
Aug  4 12:26:22 srvhall03 PrimProc[3764]: 22.686810 |0|0|0| C 28 CAL0000: Snapshot too old#012         
Aug  4 12:26:22 srvhall03 joblist[3854]: 22.688924 |1554|0|0| C 05 CAL0000: st: 0 TupleBPS::receiveMultiPrimitiveMessages() caught an exception: IDB-2035: An internal error occurred.  Check the error log file & contact support.#012         
Aug  4 12:26:22 srvhall03 PrimProc[3764]: 22.731714 |0|0|0| C 28 CAL0000: Snapshot too old#012         
Aug  4 12:26:22 srvhall03 joblist[3854]: 22.733742 |1554|0|0| C 05 CAL0000: st: 0 TupleBPS::receiveMultiPrimitiveMessages() caught an exception: IDB-2035: An internal error occurred.  Check the error log file & contact support.#012         
Aug  4 12:26:22 srvhall03 PrimProc[3764]: 22.832186 |0|0|0| C 28 CAL0000: Snapshot too old#012         
Aug  4 12:26:22 srvhall03 joblist[3854]: 22.834329 |1555|0|0| C 05 CAL0000: st: 0 TupleBPS::receiveMultiPrimitiveMessages() caught an exception: IDB-2035: An internal error occurred.  Check the error log file & contact support.#012         
Aug  4 12:26:22 srvhall03 PrimProc[3764]: 22.901116 |0|0|0| C 28 CAL0000: Snapshot too old#012         
Aug  4 12:26:22 srvhall03 joblist[3854]: 22.903144 |1555|0|0| C 05 CAL0000: st: 0 TupleBPS::receiveMultiPrimitiveMessages() caught an exception: IDB-2035: An internal error occurred.  Check the error log file & contact support.#012         
Aug  4 12:26:22 srvhall03 PrimProc[3764]: 22.961089 |0|0|0| C 28 CAL0000: Snapshot too old#012         
Aug  4 12:26:22 srvhall03 joblist[3854]: 22.963330 |1555|0|0| C 05 CAL0000: st: 0 TupleBPS::receiveMultiPrimitiveMessages() caught an exception: IDB-2035: An internal error occurred.  Check the error log file & contact support.#012         
Aug  4 12:26:23 srvhall03 PrimProc[3764]: 23.019138 |0|0|0| C 28 CAL0000: Snapshot too old#012         
Aug  4 12:26:23 srvhall03 joblist[3854]: 23.021474 |1555|0|0| C 05 CAL0000: st: 0 TupleBPS::receiveMultiPrimitiveMessages() caught an exception: IDB-2035: An internal error occurred.  Check the error log file & contact support.#012         
Aug  4 12:26:23 srvhall03 PrimProc[3764]: 23.080010 |0|0|0| C 28 CAL0000: Snapshot too old#012         
Aug  4 12:26:23 srvhall03 joblist[3854]: 23.082106 |1555|0|0| C 05 CAL0000: st: 0 TupleBPS::receiveMultiPrimitiveMessages() caught an exception: IDB-2035: An internal error occurred.  Check the error log file & contact support.#012         
Aug  4 12:26:23 srvhall03 PrimProc[3764]: 23.146402 |0|0|0| C 28 CAL0000: Snapshot too old#012         
Aug  4 12:26:23 srvhall03 joblist[3854]: 23.148675 |1555|0|0| C 05 CAL0000: st: 0 TupleBPS::receiveMultiPrimitiveMessages() caught an exception: IDB-2035: An internal error occurred.  Check the error log file & contact support.#012         
Aug  4 12:26:23 srvhall03 PrimProc[3764]: 23.207933 |0|0|0| C 28 CAL0000: Snapshot too old#012         
Aug  4 12:26:23 srvhall03 joblist[3854]: 23.210349 |1555|0|0| C 05 CAL0000: st: 0 TupleBPS::receiveMultiPrimitiveMessages() caught an exception: IDB-2035: An internal error occurred.  Check the error log file & contact support.#012         
Aug  4 12:26:23 srvhall03 PrimProc[3764]: 23.268155 |0|0|0| C 28 CAL0000: Snapshot too old#012         
Aug  4 12:26:23 srvhall03 joblist[3854]: 23.270239 |1555|0|0| C 05 CAL0000: st: 0 TupleBPS::receiveMultiPrimitiveMessages() caught an exception: IDB-2035: An internal error occurred.  Check the error log file & contact support.#012         
Aug  4 12:26:23 srvhall03 PrimProc[3764]: 23.331093 |0|0|0| C 28 CAL0000: Snapshot too old#012         
Aug  4 12:26:23 srvhall03 PrimProc[3764]: 23.391365 |0|0|0| C 28 CAL0000: Snapshot too old#012         
Aug  4 12:26:23 srvhall03 PrimProc[3764]: 23.451608 |0|0|0| C 28 CAL0000: Snapshot too old#012         
Aug  4 12:26:23 srvhall03 PrimProc[3764]: 23.510541 |0|0|0| C 28 CAL0000: Snapshot too old#012         
Aug  4 12:26:23 srvhall03 PrimProc[3764]: 23.570867 |0|0|0| C 28 CAL0000: Snapshot too old#012         
Aug  4 12:26:23 srvhall03 PrimProc[3764]: 23.630006 |0|0|0| C 28 CAL0000: Snapshot too old#012         
Aug  4 12:26:23 srvhall03 PrimProc[3764]: 23.690751 |0|0|0| C 28 CAL0000: Snapshot too old#012         
Aug  4 12:26:23 srvhall03 PrimProc[3764]: 23.749993 |0|0|0| C 28 CAL0000: Snapshot too old#012         
Aug  4 12:26:23 srvhall03 PrimProc[3764]: 23.810788 |0|0|0| C 28 CAL0000: Snapshot too old#012         
Aug  4 12:26:23 srvhall03 PrimProc[3764]: 23.871257 |0|0|0| C 28 CAL0000: Snapshot too old#012         
Aug  4 12:26:23 srvhall03 PrimProc[3764]: 23.933677 |0|0|0| C 28 CAL0000: Snapshot too old#012         
Aug  4 12:26:23 srvhall03 PrimProc[3764]: 23.991393 |0|0|0| C 28 CAL0000: Snapshot too old#012         
Aug  4 12:26:24 srvhall03 PrimProc[3764]: 24.051483 |0|0|0| C 28 CAL0000: Snapshot too old#012         
Aug  4 12:26:24 srvhall03 PrimProc[3764]: 24.112394 |0|0|0| C 28 CAL0000: Snapshot too old#012         
Aug  4 12:26:24 srvhall03 PrimProc[3764]: 24.171638 |0|0|0| C 28 CAL0000: Snapshot too old#012         
Aug  4 12:26:24 srvhall03 PrimProc[3764]: 24.221376 |0|0|0| C 28 CAL0000: Snapshot too old#012         
Aug  4 12:26:24 srvhall03 PrimProc[3764]: 24.269596 |0|0|0| C 28 CAL0000: Snapshot too old#012         
Aug  4 12:26:24 srvhall03 PrimProc[3764]: 24.323680 |0|0|0| C 28 CAL0000: Snapshot too old#012         
Aug  4 12:26:24 srvhall03 PrimProc[3764]: 24.396603 |0|0|0| C 28 CAL0000: Snapshot too old#012         
Aug  4 12:26:24 srvhall03 PrimProc[3764]: 24.444485 |0|0|0| C 28 CAL0000: Snapshot too old#012         
Aug  4 12:26:24 srvhall03 PrimProc[3764]: 24.493317 |0|0|0| C 28 CAL0000: Snapshot too old#012         
Aug  4 12:26:24 srvhall03 PrimProc[3764]: 24.541337 |0|0|0| C 28 CAL0000: Snapshot too old#012         
Aug  4 12:26:24 srvhall03 PrimProc[3764]: 24.770460 |0|0|0| C 28 CAL0000: Snapshot too old#012         
Aug  4 12:26:24 srvhall03 PrimProc[3764]: 24.813897 |0|0|0| C 28 CAL0000: Snapshot too old#012         
Aug  4 12:26:24 srvhall03 PrimProc[3764]: 24.857658 |0|0|0| C 28 CAL0000: Snapshot too old#012         
Aug  4 12:26:24 srvhall03 PrimProc[3764]: 24.900957 |0|0|0| C 28 CAL0000: Snapshot too old#012         
Aug  4 12:26:24 srvhall03 PrimProc[3764]: 24.946140 |0|0|0| C 28 CAL0000: Snapshot too old#012         
Aug  4 12:26:24 srvhall03 PrimProc[3764]: 24.989494 |0|0|0| C 28 CAL0000: Snapshot too old#012         
Aug  4 12:26:25 srvhall03 PrimProc[3764]: 25.037105 |0|0|0| C 28 CAL0000: Snapshot too old#012         
Aug  4 12:26:25 srvhall03 PrimProc[3764]: 25.084251 |0|0|0| C 28 CAL0000: Snapshot too old#012         
Aug  4 12:26:25 srvhall03 PrimProc[3764]: 25.144746 |0|0|0| C 28 CAL0000: Snapshot too old#012         
Aug  4 12:26:25 srvhall03 PrimProc[3764]: 25.205279 |0|0|0| C 28 CAL0000: Snapshot too old#012         
Aug  4 12:26:25 srvhall03 PrimProc[3764]: 25.256499 |0|0|0| C 28 CAL0000: Snapshot too old#012         
Aug  4 12:26:25 srvhall03 PrimProc[3764]: 25.382390 |0|0|0| C 28 CAL0000: Snapshot too old#012         
Aug  4 12:26:25 srvhall03 PrimProc[3764]: 25.440746 |0|0|0| C 28 CAL0000: Snapshot too old#012         
Aug  4 12:26:25 srvhall03 PrimProc[3764]: 25.501680 |0|0|0| C 28 CAL0000: Snapshot too old#012         
Aug  4 12:26:25 srvhall03 PrimProc[3764]: 25.562356 |0|0|0| C 28 CAL0000: Snapshot too old#012         
Aug  4 12:26:37 srvhall03 PrimProc[3764]: 37.209513 |0|0|0| C 28 CAL0000: Snapshot too old#012         
Aug  4 12:26:37 srvhall03 PrimProc[3764]: 37.271358 |0|0|0| C 28 CAL0000: Snapshot too old#012         
Aug  4 12:26:37 srvhall03 PrimProc[3764]: 37.330246 |0|0|0| C 28 CAL0000: Snapshot too old#012         
Aug  4 12:26:37 srvhall03 PrimProc[3764]: 37.395466 |0|0|0| C 28 CAL0000: Snapshot too old#012         
Aug  4 12:26:37 srvhall03 PrimProc[3764]: 37.455002 |0|0|0| C 28 CAL0000: Snapshot too old#012         
Aug  4 12:26:37 srvhall03 PrimProc[3764]: 37.516854 |0|0|0| C 28 CAL0000: Snapshot too old#012         
Aug  4 12:26:37 srvhall03 PrimProc[3764]: 37.563484 |0|0|0| C 28 CAL0000: Snapshot too old#012         
Aug  4 12:26:37 srvhall03 PrimProc[3764]: 37.612002 |0|0|0| C 28 CAL0000: Snapshot too old#012         
Aug  4 12:26:37 srvhall03 PrimProc[3764]: 37.656399 |0|0|0| C 28 CAL0000: Snapshot too old#012         
Aug  4 12:26:37 srvhall03 PrimProc[3764]: 37.701210 |0|0|0| C 28 CAL0000: Snapshot too old#012         
Aug  4 12:26:37 srvhall03 PrimProc[3764]: 37.744682 |0|0|0| C 28 CAL0000: Snapshot too old#012         
Aug  4 12:26:37 srvhall03 PrimProc[3764]: 37.840314 |0|0|0| C 28 CAL0000: Snapshot too old#012         
Aug  4 12:26:37 srvhall03 PrimProc[3764]: 37.899317 |0|0|0| C 28 CAL0000: Snapshot too old#012         
Aug  4 12:26:38 srvhall03 PrimProc[3764]: 38.000278 |0|0|0| C 28 CAL0000: Snapshot too old#012         
Aug  4 12:26:38 srvhall03 PrimProc[3764]: 38.059503 |0|0|0| C 28 CAL0000: Snapshot too old#012         
Aug  4 12:26:38 srvhall03 PrimProc[3764]: 38.119883 |0|0|0| C 28 CAL0000: Snapshot too old#012         
Aug  4 12:26:38 srvhall03 PrimProc[3764]: 38.181229 |0|0|0| C 28 CAL0000: Snapshot too old#012         
Aug  4 12:26:38 srvhall03 PrimProc[3764]: 38.243255 |0|0|0| C 28 CAL0000: Snapshot too old#012         
Aug  4 12:26:38 srvhall03 PrimProc[3764]: 38.294409 |0|0|0| C 28 CAL0000: Snapshot too old#012         
Aug  4 12:26:38 srvhall03 PrimProc[3764]: 38.341817 |0|0|0| C 28 CAL0000: Snapshot too old#012         
Aug  4 12:26:38 srvhall03 PrimProc[3764]: 38.391822 |0|0|0| C 28 CAL0000: Snapshot too old#012         
Aug  4 12:26:38 srvhall03 PrimProc[3764]: 38.485695 |0|0|0| C 28 CAL0000: Snapshot too old#012         
Aug  4 12:26:38 srvhall03 PrimProc[3764]: 38.543452 |0|0|0| C 28 CAL0000: Snapshot too old#012         
Aug  4 12:26:38 srvhall03 PrimProc[3764]: 38.602333 |0|0|0| C 28 CAL0000: Snapshot too old#012         
Aug  4 12:26:38 srvhall03 PrimProc[3764]: 38.661063 |0|0|0| C 28 CAL0000: Snapshot too old#012         
Aug  4 12:26:38 srvhall03 PrimProc[3764]: 38.718092 |0|0|0| C 28 CAL0000: Snapshot too old#012         
Aug  4 12:26:38 srvhall03 PrimProc[3764]: 38.778735 |0|0|0| C 28 CAL0000: Snapshot too old#012         
Aug  4 12:26:38 srvhall03 PrimProc[3764]: 38.840092 |0|0|0| C 28 CAL0000: Snapshot too old#012         
Aug  4 12:26:38 srvhall03 PrimProc[3764]: 38.897274 |0|0|0| C 28 CAL0000: Snapshot too old#012         
Aug  4 12:26:38 srvhall03 PrimProc[3764]: 38.958773 |0|0|0| C 28 CAL0000: Snapshot too old#012         
Aug  4 12:26:39 srvhall03 PrimProc[3764]: 39.017756 |0|0|0| C 28 CAL0000: Snapshot too old#012         
Aug  4 12:26:39 srvhall03 joblist[3854]: 39.019878 |1585|0|0| C 05 CAL0000: st: 0 TupleBPS::receiveMultiPrimitiveMessages() caught an exception: IDB-2035: An internal error occurred.  Check the error log file & contact support.#012         
Aug  4 12:26:39 srvhall03 PrimProc[3764]: 39.075562 |0|0|0| C 28 CAL0000: Snapshot too old#012         
Aug  4 12:26:39 srvhall03 joblist[3854]: 39.077774 |1585|0|0| C 05 CAL0000: st: 0 TupleBPS::receiveMultiPrimitiveMessages() caught an exception: IDB-2035: An internal error occurred.  Check the error log file & contact support.#012         
Aug  4 12:26:39 srvhall03 PrimProc[3764]: 39.136459 |0|0|0| C 28 CAL0000: Snapshot too old#012         
Aug  4 12:26:39 srvhall03 joblist[3854]: 39.138701 |1585|0|0| C 05 CAL0000: st: 0 TupleBPS::receiveMultiPrimitiveMessages() caught an exception: IDB-2035: An internal error occurred.  Check the error log file & contact support.#012         
Aug  4 12:26:39 srvhall03 PrimProc[3764]: 39.196349 |0|0|0| C 28 CAL0000: Snapshot too old#012         
Aug  4 12:26:39 srvhall03 joblist[3854]: 39.198536 |1585|0|0| C 05 CAL0000: st: 0 TupleBPS::receiveMultiPrimitiveMessages() caught an exception: IDB-2035: An internal error occurred.  Check the error log file & contact support.#012         
Aug  4 12:26:39 srvhall03 PrimProc[3764]: 39.257283 |0|0|0| C 28 CAL0000: Snapshot too old#012         
Aug  4 12:26:39 srvhall03 joblist[3854]: 39.258291 |1585|0|0| C 05 CAL0000: st: 0 TupleBPS::receiveMultiPrimitiveMessages() caught an exception: IDB-2035: An internal error occurred.  Check the error log file & contact support.#012         
Aug  4 12:26:39 srvhall03 PrimProc[3764]: 39.304499 |0|0|0| C 28 CAL0000: Snapshot too old#012         
Aug  4 12:26:39 srvhall03 joblist[3854]: 39.306804 |1585|0|0| C 05 CAL0000: st: 0 TupleBPS::receiveMultiPrimitiveMessages() caught an exception: IDB-2035: An internal error occurred.  Check the error log file & contact support.#012         
Aug  4 12:26:39 srvhall03 PrimProc[3764]: 39.356042 |0|0|0| C 28 CAL0000: Snapshot too old#012         
Aug  4 12:26:39 srvhall03 joblist[3854]: 39.358162 |1585|0|0| C 05 CAL0000: st: 0 TupleBPS::receiveMultiPrimitiveMessages() caught an exception: IDB-2035: An internal error occurred.  Check the error log file & contact support.#012         
Aug  4 12:26:39 srvhall03 PrimProc[3764]: 39.408199 |0|0|0| C 28 CAL0000: Snapshot too old#012         
Aug  4 12:26:39 srvhall03 joblist[3854]: 39.410361 |1585|0|0| C 05 CAL0000: st: 0 TupleBPS::receiveMultiPrimitiveMessages() caught an exception: IDB-2035: An internal error occurred.  Check the error log file & contact support.#012         
Aug  4 12:26:39 srvhall03 PrimProc[3764]: 39.457332 |0|0|0| C 28 CAL0000: Snapshot too old#012         
Aug  4 12:26:39 srvhall03 joblist[3854]: 39.459656 |1585|0|0| C 05 CAL0000: st: 0 TupleBPS::receiveMultiPrimitiveMessages() caught an exception: IDB-2035: An internal error occurred.  Check the error log file & contact support.#012         
Aug  4 12:26:39 srvhall03 PrimProc[3764]: 39.506307 |0|0|0| C 28 CAL0000: Snapshot too old#012         
Aug  4 12:26:39 srvhall03 joblist[3854]: 39.506797 |1585|0|0| C 05 CAL0000: st: 0 TupleBPS::receiveMultiPrimitiveMessages() caught an exception: IDB-2035: An internal error occurred.  Check the error log file & contact support.#012         
Aug  4 12:26:39 srvhall03 PrimProc[3764]: 39.557438 |0|0|0| C 28 CAL0000: Snapshot too old#012         
Aug  4 12:26:39 srvhall03 joblist[3854]: 39.559582 |1585|0|0| C 05 CAL0000: st: 0 TupleBPS::receiveMultiPrimitiveMessages() caught an exception: IDB-2035: An internal error occurred.  Check the error log file & contact support.#012         
Aug  4 12:26:39 srvhall03 PrimProc[3764]: 39.608036 |0|0|0| C 28 CAL0000: Snapshot too old#012         
Aug  4 12:26:39 srvhall03 joblist[3854]: 39.610154 |1585|0|0| C 05 CAL0000: st: 0 TupleBPS::receiveMultiPrimitiveMessages() caught an exception: IDB-2035: An internal error occurred.  Check the error log file & contact support.#012         
Aug  4 12:26:39 srvhall03 PrimProc[3764]: 39.658304 |0|0|0| C 28 CAL0000: Snapshot too old#012         
Aug  4 12:26:39 srvhall03 joblist[3854]: 39.660427 |1585|0|0| C 05 CAL0000: st: 0 TupleBPS::receiveMultiPrimitiveMessages() caught an exception: IDB-2035: An internal error occurred.  Check the error log file & contact support.#012         
Aug  4 12:26:39 srvhall03 PrimProc[3764]: 39.706251 |0|0|0| C 28 CAL0000: Snapshot too old#012         
Aug  4 12:26:39 srvhall03 joblist[3854]: 39.708426 |1585|0|0| C 05 CAL0000: st: 0 TupleBPS::receiveMultiPrimitiveMessages() caught an exception: IDB-2035: An internal error occurred.  Check the error log file & contact support.#012         
Aug  4 12:26:39 srvhall03 PrimProc[3764]: 39.754764 |0|0|0| C 28 CAL0000: Snapshot too old#012         
Aug  4 12:26:39 srvhall03 joblist[3854]: 39.756853 |1585|0|0| C 05 CAL0000: st: 0 TupleBPS::receiveMultiPrimitiveMessages() caught an exception: IDB-2035: An internal error occurred.  Check the error log file & contact support.#012         
Aug  4 12:26:39 srvhall03 PrimProc[3764]: 39.805625 |0|0|0| C 28 CAL0000: Snapshot too old#012         
Aug  4 12:26:39 srvhall03 joblist[3854]: 39.806695 |1585|0|0| C 05 CAL0000: st: 0 TupleBPS::receiveMultiPrimitiveMessages() caught an exception: IDB-2035: An internal error occurred.  Check the error log file & contact support.#012         
Aug  4 12:26:39 srvhall03 PrimProc[3764]: 39.855729 |0|0|0| C 28 CAL0000: Snapshot too old#012         
Aug  4 12:26:39 srvhall03 joblist[3854]: 39.856731 |1585|0|0| C 05 CAL0000: st: 0 TupleBPS::receiveMultiPrimitiveMessages() caught an exception: IDB-2035: An internal error occurred.  Check the error log file & contact support.#012         
Aug  4 12:26:39 srvhall03 PrimProc[3764]: 39.950383 |0|0|0| C 28 CAL0000: Snapshot too old#012         
Aug  4 12:26:39 srvhall03 joblist[3854]: 39.952590 |1586|0|0| C 05 CAL0000: st: 0 TupleBPS::receiveMultiPrimitiveMessages() caught an exception: IDB-2035: An internal error occurred.  Check the error log file & contact support.#012         
Aug  4 12:26:40 srvhall03 PrimProc[3764]: 40.041352 |0|0|0| C 28 CAL0000: Snapshot too old#012         
Aug  4 12:26:40 srvhall03 joblist[3854]: 40.043504 |1587|0|0| C 05 CAL0000: st: 0 TupleBPS::receiveMultiPrimitiveMessages() caught an exception: IDB-2035: An internal error occurred.  Check the error log file & contact support.#012         
Aug  4 12:26:40 srvhall03 PrimProc[3764]: 40.100141 |0|0|0| C 28 CAL0000: Snapshot too old#012         
Aug  4 12:26:40 srvhall03 joblist[3854]: 40.102464 |1587|0|0| C 05 CAL0000: st: 0 TupleBPS::receiveMultiPrimitiveMessages() caught an exception: IDB-2035: An internal error occurred.  Check the error log file & contact support.#012         
Aug  4 12:26:40 srvhall03 PrimProc[3764]: 40.160330 |0|0|0| C 28 CAL0000: Snapshot too old#012         
Aug  4 12:26:40 srvhall03 joblist[3854]: 40.161336 |1587|0|0| C 05 CAL0000: st: 0 TupleBPS::receiveMultiPrimitiveMessages() caught an exception: IDB-2035: An internal error occurred.  Check the error log file & contact support.#012         
Aug  4 12:26:40 srvhall03 PrimProc[3764]: 40.207102 |0|0|0| C 28 CAL0000: Snapshot too old#012         
Aug  4 12:26:40 srvhall03 joblist[3854]: 40.209270 |1587|0|0| C 05 CAL0000: st: 0 TupleBPS::receiveMultiPrimitiveMessages() caught an exception: IDB-2035: An internal error occurred.  Check the error log file & contact support.#012         
Aug  4 12:26:40 srvhall03 PrimProc[3764]: 40.302827 |0|0|0| C 28 CAL0000: Snapshot too old#012         
Aug  4 12:26:40 srvhall03 joblist[3854]: 40.304937 |1588|0|0| C 05 CAL0000: st: 0 TupleBPS::receiveMultiPrimitiveMessages() caught an exception: IDB-2035: An internal error occurred.  Check the error log file & contact support.#012         
Aug  4 12:26:40 srvhall03 PrimProc[3764]: 40.362195 |0|0|0| C 28 CAL0000: Snapshot too old#012         
Aug  4 12:26:40 srvhall03 joblist[3854]: 40.364356 |1588|0|0| C 05 CAL0000: st: 0 TupleBPS::receiveMultiPrimitiveMessages() caught an exception: IDB-2035: An internal error occurred.  Check the error log file & contact support.#012         
Aug  4 12:26:40 srvhall03 PrimProc[3764]: 40.425373 |0|0|0| C 28 CAL0000: Snapshot too old#012         
Aug  4 12:26:40 srvhall03 joblist[3854]: 40.427643 |1588|0|0| C 05 CAL0000: st: 0 TupleBPS::receiveMultiPrimitiveMessages() caught an exception: IDB-2035: An internal error occurred.  Check the error log file & contact support.#012         
Aug  4 12:26:40 srvhall03 PrimProc[3764]: 40.484795 |0|0|0| C 28 CAL0000: Snapshot too old#012         
Aug  4 12:26:40 srvhall03 joblist[3854]: 40.486966 |1588|0|0| C 05 CAL0000: st: 0 TupleBPS::receiveMultiPrimitiveMessages() caught an exception: IDB-2035: An internal error occurred.  Check the error log file & contact support.#012         
Aug  4 12:26:40 srvhall03 PrimProc[3764]: 40.553062 |0|0|0| C 28 CAL0000: Snapshot too old#012         
Aug  4 12:26:40 srvhall03 joblist[3854]: 40.555214 |1588|0|0| C 05 CAL0000: st: 0 TupleBPS::receiveMultiPrimitiveMessages() caught an exception: IDB-2035: An internal error occurred.  Check the error log file & contact support.#012         
Aug  4 12:26:40 srvhall03 PrimProc[3764]: 40.603972 |0|0|0| C 28 CAL0000: Snapshot too old#012         
Aug  4 12:26:40 srvhall03 joblist[3854]: 40.606281 |1588|0|0| C 05 CAL0000: st: 0 TupleBPS::receiveMultiPrimitiveMessages() caught an exception: IDB-2035: An internal error occurred.  Check the error log file & contact support.#012         
Aug  4 13:39:50 srvhall03 controllernode[54820]: 50.637985 |0|0|0| C 29 CAL0000: ExtentMap::save(): got request to save an empty BRM         
Aug  4 13:57:43 srvhall03 PrimProc[55252]: 43.819388 |0|0|0| C 28 CAL0000: Snapshot too old#012         
Aug  4 13:57:43 srvhall03 controllernode[55252]: 43.866399 |0|0|0| C 29 CAL0000: DBRM: OIDManager::getDBRootOfVBOID(): network error         
Aug  4 13:57:43 srvhall03 PrimProc[55252]: 43.866561 |0|0|0| C 28 CAL0053: PrimProc could not open file for OID 0; fileOp.getFileName failed
Aug  4 13:57:43 srvhall03 controllernode[55252]: 43.876924 |0|0|0| C 29 CAL0000: DBRM: OIDManager::getDBRootOfVBOID(): network error         
Aug  4 13:57:43 srvhall03 PrimProc[55252]: 43.877044 |0|0|0| C 28 CAL0053: PrimProc could not open file for OID 0; fileOp.getFileName failed
Aug  4 13:57:43 srvhall03 controllernode[55252]: 43.887158 |0|0|0| C 29 CAL0000: DBRM: OIDManager::getDBRootOfVBOID(): network error         
Aug  4 13:57:43 srvhall03 PrimProc[55252]: 43.887266 |0|0|0| C 28 CAL0053: PrimProc could not open file for OID 0; fileOp.getFileName failed
