
Version     : 4.6.6                             Vendor: MariaDB, Inc.
Release     : 2                             Build Date: Thu 30 Jul 2015 01:40:11 PM CDT

000 Create/Load Uncompressed Tables:  Passed
001 Working Folder Test:              Failed

-----------------------------------------------------------------------------------------------------------

+-------+---------+------+--------------------------+----------+-------+-------+--------+--------+----------+--------+
| runId | version | rel  | buildDtm                 | run_time | maxPP | maxEM | maxDMP | maxImp | maxCntlr | maxAll |
+-------+---------+------+--------------------------+----------+-------+-------+--------+--------+----------+--------+
|    15 | 4.6.6   | 2    | Thu 30 Jul 2015 01:40:11 | 00:19:26 |  14.8 |   6.0 |    0.8 |    3.3 |      1.1 |   21.1 |
+-------+---------+------+--------------------------+----------+-------+-------+--------+--------+----------+--------+

+---------+---------------------+--------+---------+------+----------+------------+------------+-----------+
| Run     | Start               | Run ID | Version | Rel  | Run Time | Max ExeMgr | Avg ExeMgr | Tests Run |
+---------+---------------------+--------+---------+------+----------+------------+------------+-----------+
| Current | 2015-08-04 13:40:26 |     15 | 4.6.6   | 2    | 00:19:26 |        6.0 |    0.64786 |         2 |
+---------+---------------------+--------+---------+------+----------+------------+------------+-----------+


+---------+----------+-------+-------+--------+--------+----------+---------+--------+
| test    | run_time | maxPP | maxEM | maxDMP | maxImp | maxCntlr | maxWrkr | maxAll |
+---------+----------+-------+-------+--------+--------+----------+---------+--------+
| test000 | 00:03:55 |  12.1 |   0.6 |    0.7 |    3.3 |      1.1 |     0.4 |   15.4 |
| test001 | 00:15:31 |  14.8 |   6.0 |    0.8 |    0.2 |      1.1 |     0.4 |   21.1 |
+---------+----------+-------+-------+--------+--------+----------+---------+--------+

-----------------------------------------------------------------------------------------------------------

Working Folder Test scripts that failed:
Compare failed - working_tpch1/misc/rename.negative.sql
Compare failed - working_tpch1/qa_fe_cnxFunctions/extract.sql
Compare failed - working_tpch1/qa_fe_cnxFunctions/REGEXP.SM.sql
Compare failed - working_tpch1/qa_fe_cnxFunctions/repeat.sql
Compare failed - working_tpch1/qa_fe_cnxFunctions/REPLACE.SM.sql
Compare failed - working_tpch1/qa_fe_cnxFunctions/reserve.sql
Compare failed - working_tpch1/qa_fe_cnxFunctions/RIGHT.SL.sql
Compare failed - working_tpch1/qa_fe_cnxFunctions/RIGHT.SM.sql
Compare failed - working_tpch1/qa_fe_cnxFunctions/ROUND.NM.SEL.sql
Compare failed - working_tpch1/qa_fe_cnxFunctions/ROUND.NM.sql
Compare failed - working_tpch1/qa_fe_postProcessedFunctions/CASE1.SM.sql
Compare failed - working_tpch1/qa_fe_postProcessedFunctions/CASE2.DM.sql
Compare failed - working_tpch1/qa_fe_postProcessedFunctions/CASE2.NM.sql
Compare failed - working_tpch1/qa_fe_postProcessedFunctions/LEFT.SM.sql
Compare failed - working_tpch1/qa_fe_postProcessedFunctions/LENGTH.SS.sql
Compare failed - working_tpch1/qa_fe_postProcessedFunctions/RIGHT.SM.sql
Compare failed - working_tpch1/qa_fe_postProcessedFunctions/ROUND.NL.sql
Compare failed - working_tpch1/qa_fe_postProcessedFunctions/ROUND.NM.sql
Compare failed - working_tpch1/qa_fe_postProcessedFunctions/RPAD.SL.sql
Compare failed - working_tpch1/qa_fe_postProcessedFunctions/RPAD.SM.sql
Compare failed - working_tpch1/qa_fe_postProcessedFunctions/SECOND.DS.sql
Compare failed - working_tpch1/qa_fe_postProcessedFunctions/SEC_TO_TIME.NS.sql
Compare failed - working_tpch1/qa_fe_postProcessedFunctions/SIGN.NS.sql
Compare failed - working_tpch1/qa_fe_postProcessedFunctions/SPACE.SL.sql
Compare failed - working_tpch1/qa_fe_postProcessedFunctions/SQRT.NS.sql
Compare failed - working_tpch1/qa_fe_postProcessedFunctions/SUBSTRING.SM.sql
Compare failed - working_tpch1/qa_fe_postProcessedFunctions/SUBTIME.DL.sql
Compare failed - working_tpch1/qa_fe_postProcessedFunctions/SUBTIME.DM.sql
Compare failed - working_tpch1/qa_fe_postProcessedFunctions/SUM.NC.sql
Compare failed - working_tpch1/qa_fe_postProcessedFunctions/TIMEDIFF.DL.sql
Compare failed - working_tpch1/qa_fe_postProcessedFunctions/TIMEDIFF.DM.sql
Compare failed - working_tpch1/qa_fe_postProcessedFunctions/TIME_TO_SEC.DS.sql
Compare failed - working_tpch1/qa_fe_postProcessedFunctions/TO_DAYS.DS.sql
Compare failed - working_tpch1/qa_fe_postProcessedFunctions/TRUNCATE.NL.sql
Compare failed - working_tpch1/qa_fe_postProcessedFunctions/TRUNCATE.NM.sql
Compare failed - working_tpch1/qa_fe_postProcessedFunctions/WEEKDAY.DS.sql
Compare failed - working_tpch1/qa_fe_postProcessedFunctions/WEEK.DM.sql
Compare failed - working_tpch1/qa_fe_postProcessedFunctions/WEEK.DS.sql
Compare failed - working_tpch1/qa_fe_postProcessedFunctions/WEEKOFYEAR.DS.sql
Compare failed - working_tpch1/qa_fe_postProcessedFunctions/YEARWEEK.DM.sql

-----------------------------------------------------------------------------------------------------------

Tests completed!
Archive directory ./archive/2015-08-04@13:39:42
