
Version     : 4.6.6                             Vendor: MariaDB, Inc.
Release     : 2                             Build Date: Thu 30 Jul 2015 01:40:11 PM CDT

000 Create/Load Uncompressed Tables:  Passed
001 Working Folder Test:              Failed

-----------------------------------------------------------------------------------------------------------

+-------+---------+------+--------------------------+----------+-------+-------+--------+--------+----------+--------+
| runId | version | rel  | buildDtm                 | run_time | maxPP | maxEM | maxDMP | maxImp | maxCntlr | maxAll |
+-------+---------+------+--------------------------+----------+-------+-------+--------+--------+----------+--------+
|    27 | 4.6.6   | 2    | Thu 30 Jul 2015 01:40:11 | 00:21:00 |  13.7 |   6.8 |    0.8 |    3.3 |      1.2 |   20.9 |
+-------+---------+------+--------------------------+----------+-------+-------+--------+--------+----------+--------+

+---------+---------------------+--------+---------+------+----------+------------+------------+-----------+
| Run     | Start               | Run ID | Version | Rel  | Run Time | Max ExeMgr | Avg ExeMgr | Tests Run |
+---------+---------------------+--------+---------+------+----------+------------+------------+-----------+
| Current | 2015-08-05 14:44:57 |     27 | 4.6.6   | 2    | 00:21:00 |        6.8 |    0.68984 |         2 |
+---------+---------------------+--------+---------+------+----------+------------+------------+-----------+


+---------+----------+-------+-------+--------+--------+----------+---------+--------+
| test    | run_time | maxPP | maxEM | maxDMP | maxImp | maxCntlr | maxWrkr | maxAll |
+---------+----------+-------+-------+--------+--------+----------+---------+--------+
| test000 | 00:03:59 |  12.0 |   0.6 |    0.7 |    3.3 |      1.0 |     0.4 |   14.8 |
| test001 | 00:17:01 |  13.7 |   6.8 |    0.8 |    0.2 |      1.2 |     0.5 |   20.9 |
+---------+----------+-------+-------+--------+--------+----------+---------+--------+

-----------------------------------------------------------------------------------------------------------

Working Folder Test scripts that failed:
Compare failed - working_tpch1/qa_fe_cnxFunctions/RIGHT.SM.sql
Compare failed - working_tpch1/qa_fe_postProcessedFunctions/HOUR.DS.sql
Compare failed - working_tpch1/qa_fe_postProcessedFunctions/IF.NM.sql
Compare failed - working_tpch1/qa_fe_postProcessedFunctions/MAX.NC.sql
Compare failed - working_tpch1/qa_fe_postProcessedFunctions/MAX.SC.sql

-----------------------------------------------------------------------------------------------------------

Tests completed!
Archive directory ./archive/2015-08-05@14:44:14
