d_year	s_city	count(*)
1994	ALGERIA  0	159
1994	ALGERIA  1	144
1994	ALGERIA  2	163
1994	GERMANY  0	115
1994	GERMANY  1	148
1994	UNITED KI2	114
1994	UNITED KI3	148
d_yearmonthnum	s_region	count(*)
199401	ASIA	2038
199401	EUROPE	1955
199401	MIDDLE EAST	1979
199402	ASIA	1638
199402	EUROPE	1595
199402	MIDDLE EAST	1548
199403	ASIA	1887
199403	EUROPE	1892
199403	MIDDLE EAST	1993
199404	ASIA	1806
c_city	p_brand1	count(*)
EGYPT    0	MFGR#111	1
EGYPT    0	MFGR#1112	2
EGYPT    0	MFGR#1113	3
EGYPT    0	MFGR#1114	2
EGYPT    0	MFGR#1115	1
EGYPT    0	MFGR#1116	2
EGYPT    0	MFGR#1117	2
EGYPT    0	MFGR#1118	2
EGYPT    0	MFGR#1119	2
EGYPT    0	MFGR#112	1
c_nation	p_category	count(*)
GERMANY	MFGR#11	649
GERMANY	MFGR#12	571
GERMANY	MFGR#13	619
ROMANIA	MFGR#11	634
ROMANIA	MFGR#12	617
ROMANIA	MFGR#13	536
RUSSIA	MFGR#11	614
RUSSIA	MFGR#12	581
RUSSIA	MFGR#13	575
c_region	p_color	count(*)
ASIA	almond	28
ASIA	antique	11
ASIA	aquamarine	14
ASIA	azure	16
ASIA	beige	8
ASIA	bisque	35
ASIA	black	20
ASIA	blanched	29
ASIA	blue	16
ASIA	blush	11
c_city	p_brand1	count(*)
FRANCE   0	MFGR#1111	1
FRANCE   0	MFGR#1116	1
FRANCE   0	MFGR#1121	1
FRANCE   0	MFGR#1123	1
FRANCE   0	MFGR#1126	1
FRANCE   0	MFGR#1210	1
FRANCE   0	MFGR#1211	1
FRANCE   0	MFGR#1216	1
FRANCE   0	MFGR#1218	2
FRANCE   0	MFGR#1239	1
p_brand1	c_city	count(*)
MFGR#111	FRANCE   1	1
MFGR#1112	RUSSIA   3	1
MFGR#1116	UNITED KI5	1
MFGR#1118	GERMANY  7	1
MFGR#1119	RUSSIA   2	1
MFGR#112	UNITED KI1	1
MFGR#112	UNITED KI3	1
MFGR#1120	ROMANIA  8	1
MFGR#1121	ROMANIA  7	1
MFGR#1121	RUSSIA   6	1
p_color	c_region	count(*)
almond	ASIA	3
almond	EUROPE	2
almond	MIDDLE EAST	3
antique	ASIA	1
aquamarine	ASIA	1
aquamarine	EUROPE	2
aquamarine	MIDDLE EAST	2
azure	ASIA	1
azure	EUROPE	2
azure	MIDDLE EAST	2
p_category	c_nation	count(*)
MFGR#11	BRAZIL	260
MFGR#11	EGYPT	313
MFGR#11	GERMANY	301
MFGR#11	INDONESIA	309
MFGR#11	IRAQ	288
MFGR#11	JAPAN	284
MFGR#11	MOROCCO	299
MFGR#11	MOZAMBIQUE	274
MFGR#11	ROMANIA	319
MFGR#11	RUSSIA	286
p_brand1	c_city	count(*)
MFGR#111	BRAZIL   6	3
MFGR#111	JAPAN    1	1
MFGR#111	MOZAMBIQU2	1
MFGR#111	MOZAMBIQU8	1
MFGR#111	ROMANIA  6	1
MFGR#1110	BRAZIL   5	1
MFGR#1110	EGYPT    2	1
MFGR#1110	IRAQ     3	1
MFGR#1110	IRAQ     4	1
MFGR#1110	JAPAN    5	1
s_region	d_yearmonthnum	count(*)
ASIA	199401	71
ASIA	199402	49
ASIA	199403	70
ASIA	199404	73
EUROPE	199401	89
EUROPE	199402	60
EUROPE	199403	56
EUROPE	199404	67
MIDDLE EAST	199401	51
MIDDLE EAST	199402	56
s_city	d_year	count(*)
ALGERIA  0	1994	8
ALGERIA  1	1994	4
ALGERIA  2	1994	6
GERMANY  0	1994	4
GERMANY  1	1994	4
UNITED KI2	1994	7
UNITED KI3	1994	3
d_year	p_category	count(*)
1994	MFGR#11	1479
1994	MFGR#12	1501
1994	MFGR#13	1517
d_yearmonthnum	p_color	count(*)
199401	almond	1
199401	antique	4
199401	aquamarine	2
199401	bisque	2
199401	black	4
199401	blanched	2
199401	blue	3
199401	blush	3
199401	brown	2
199401	burnished	1
c_city	p_brand1	count(*)
EGYPT    0	MFGR#111	1
EGYPT    0	MFGR#1112	2
EGYPT    0	MFGR#1113	3
EGYPT    0	MFGR#1114	2
EGYPT    0	MFGR#1115	1
EGYPT    0	MFGR#1116	2
EGYPT    0	MFGR#1117	2
EGYPT    0	MFGR#1118	2
EGYPT    0	MFGR#1119	2
EGYPT    0	MFGR#112	1
c_nation	c_city	count(*)
GERMANY	GERMANY  0	281
GERMANY	GERMANY  1	332
GERMANY	GERMANY  2	286
GERMANY	GERMANY  3	330
GERMANY	GERMANY  4	340
GERMANY	GERMANY  5	347
GERMANY	GERMANY  6	281
GERMANY	GERMANY  7	329
GERMANY	GERMANY  8	233
GERMANY	GERMANY  9	291
c_region	c_city	count(*)
EUROPE	FRANCE   0	31
EUROPE	FRANCE   1	22
EUROPE	FRANCE   2	24
EUROPE	FRANCE   3	31
EUROPE	FRANCE   4	22
EUROPE	FRANCE   5	45
EUROPE	FRANCE   6	26
EUROPE	FRANCE   7	28
EUROPE	FRANCE   8	30
EUROPE	FRANCE   9	31
c_city	c_region	count(*)
FRANCE   0	EUROPE	123
FRANCE   1	EUROPE	151
FRANCE   2	EUROPE	135
FRANCE   3	EUROPE	180
FRANCE   4	EUROPE	144
FRANCE   5	EUROPE	182
FRANCE   6	EUROPE	130
FRANCE   7	EUROPE	133
FRANCE   8	EUROPE	138
FRANCE   9	EUROPE	116
p_brand1	c_nation	count(*)
MFGR#111	BRAZIL	2
MFGR#111	INDONESIA	1
MFGR#1110	INDONESIA	2
MFGR#1111	BRAZIL	1
MFGR#1111	IRAQ	2
MFGR#1112	JAPAN	1
MFGR#1112	RUSSIA	1
MFGR#1113	BRAZIL	1
MFGR#1113	EGYPT	1
MFGR#1114	INDONESIA	1
p_color	c_city	count(*)
almond	IRAQ     1	1
blue	ROMANIA  3	1
cornsilk	IRAQ     3	1
cornsilk	MOZAMBIQU2	1
dodger	IRAQ     2	1
forest	MOZAMBIQU7	1
ivory	IRAQ     0	1
lemon	JAPAN    6	1
medium	MOROCCO  8	1
moccasin	IRAQ     9	1
p_category	d_yearmonthnum	count(*)
MFGR#11	199401	1093
MFGR#11	199402	1014
MFGR#11	199403	1130
MFGR#11	199404	1079
MFGR#12	199401	1143
MFGR#12	199402	923
MFGR#12	199403	1125
MFGR#12	199404	1055
MFGR#13	199401	1193
MFGR#13	199402	1005
p_brand1	s_city	count(*)
MFGR#111	ALGERIA  0	1
MFGR#111	ALGERIA  1	1
MFGR#111	ALGERIA  2	2
MFGR#111	GERMANY  0	1
MFGR#111	UNITED KI2	2
MFGR#111	UNITED KI3	1
MFGR#1110	ALGERIA  0	2
MFGR#1110	ALGERIA  1	3
MFGR#1110	ALGERIA  2	4
MFGR#1110	GERMANY  0	1
s_region	p_brand1	count(*)
ASIA	MFGR#111	1
ASIA	MFGR#1110	1
ASIA	MFGR#1111	4
ASIA	MFGR#1112	2
ASIA	MFGR#1113	1
ASIA	MFGR#1114	2
ASIA	MFGR#1115	1
ASIA	MFGR#1116	1
ASIA	MFGR#1117	3
ASIA	MFGR#1118	1
s_city	s_region	count(*)
GERMANY  0	EUROPE	5
GERMANY  1	EUROPE	5
UNITED KI2	EUROPE	4
UNITED KI3	EUROPE	9
