d_year	s_city	count(*)
1994	ALGERIA  0	250
1994	ALGERIA  1	245
1994	ALGERIA  2	245
1994	GERMANY  0	198
1994	GERMANY  1	241
1994	UNITED KI2	209
1994	UNITED KI3	249
d_yearmonthnum	s_region	count(*)
199401	ASIA	9596
199401	EUROPE	9576
199401	MIDDLE EAST	9579
199402	ASIA	8423
199402	EUROPE	8302
199402	MIDDLE EAST	8263
199403	ASIA	9387
199403	EUROPE	9128
199403	MIDDLE EAST	9401
199404	ASIA	8945
c_city	p_brand1	count(*)
BRAZIL   0	MFGR#111	26
BRAZIL   0	MFGR#1110	14
BRAZIL   0	MFGR#1111	30
BRAZIL   0	MFGR#1112	24
BRAZIL   0	MFGR#1113	23
BRAZIL   0	MFGR#1114	25
BRAZIL   0	MFGR#1115	33
BRAZIL   0	MFGR#1116	29
BRAZIL   0	MFGR#1117	34
BRAZIL   0	MFGR#1118	23
c_nation	p_category	count(*)
BRAZIL	MFGR#11	9164
BRAZIL	MFGR#12	9039
BRAZIL	MFGR#13	9139
EGYPT	MFGR#11	10098
EGYPT	MFGR#12	9464
EGYPT	MFGR#13	9905
GERMANY	MFGR#11	9963
GERMANY	MFGR#12	9535
GERMANY	MFGR#13	10009
IRAQ	MFGR#11	10047
c_region	p_color	count(*)
ASIA	almond	43
ASIA	antique	24
ASIA	aquamarine	23
ASIA	azure	22
ASIA	beige	24
ASIA	bisque	47
ASIA	black	31
ASIA	blanched	52
ASIA	blue	24
ASIA	blush	43
c_city	p_brand1	count(*)
FRANCE   0	MFGR#1111	1
FRANCE   0	MFGR#1116	1
FRANCE   0	MFGR#1121	1
FRANCE   0	MFGR#1123	1
FRANCE   0	MFGR#1126	1
FRANCE   0	MFGR#1210	1
FRANCE   0	MFGR#1211	1
FRANCE   0	MFGR#1216	1
FRANCE   0	MFGR#1218	2
FRANCE   0	MFGR#1239	1
p_brand1	c_city	count(*)
MFGR#111	FRANCE   1	1
MFGR#111	GERMANY  2	1
MFGR#1112	RUSSIA   3	1
MFGR#1113	RUSSIA   7	1
MFGR#1114	ROMANIA  1	1
MFGR#1115	FRANCE   7	1
MFGR#1116	ROMANIA  1	1
MFGR#1116	ROMANIA  2	1
MFGR#1116	UNITED KI5	1
MFGR#1117	GERMANY  3	1
p_color	c_region	count(*)
almond	ASIA	152
almond	EUROPE	153
almond	MIDDLE EAST	147
antique	ASIA	111
antique	EUROPE	118
antique	MIDDLE EAST	127
aquamarine	ASIA	111
aquamarine	EUROPE	118
aquamarine	MIDDLE EAST	115
azure	ASIA	117
p_category	c_nation	count(*)
MFGR#11	BRAZIL	9164
MFGR#11	EGYPT	10098
MFGR#11	GERMANY	9963
MFGR#11	INDONESIA	10080
MFGR#11	IRAQ	10047
MFGR#11	JAPAN	9392
MFGR#11	MOROCCO	9573
MFGR#11	MOZAMBIQUE	9938
MFGR#11	ROMANIA	9810
MFGR#11	RUSSIA	9869
p_brand1	c_city	count(*)
MFGR#111	BRAZIL   0	26
MFGR#111	BRAZIL   1	29
MFGR#111	BRAZIL   2	21
MFGR#111	BRAZIL   3	29
MFGR#111	BRAZIL   4	20
MFGR#111	BRAZIL   5	23
MFGR#111	BRAZIL   6	36
MFGR#111	BRAZIL   7	19
MFGR#111	BRAZIL   8	20
MFGR#111	BRAZIL   9	21
s_region	d_yearmonthnum	count(*)
ASIA	199401	209
ASIA	199402	170
ASIA	199403	180
ASIA	199404	185
ASIA	199405	164
ASIA	199406	176
ASIA	199407	193
ASIA	199408	215
ASIA	199409	165
ASIA	199410	190
s_city	d_year	count(*)
ALGERIA  0	1994	17
ALGERIA  1	1994	17
ALGERIA  2	1994	18
GERMANY  0	1994	8
GERMANY  1	1994	14
UNITED KI2	1994	23
UNITED KI3	1994	14
d_year	p_category	count(*)
1994	MFGR#11	2455
1994	MFGR#12	2456
1994	MFGR#13	2457
d_yearmonthnum	p_color	count(*)
199401	almond	8
199401	antique	7
199401	aquamarine	12
199401	azure	2
199401	beige	6
199401	bisque	9
199401	black	9
199401	blanched	11
199401	blue	10
199401	blush	10
c_city	p_brand1	count(*)
BRAZIL   0	MFGR#111	1
BRAZIL   0	MFGR#1110	1
BRAZIL   0	MFGR#1113	1
BRAZIL   0	MFGR#1114	2
BRAZIL   0	MFGR#1116	1
BRAZIL   0	MFGR#1117	1
BRAZIL   0	MFGR#112	3
BRAZIL   0	MFGR#1120	2
BRAZIL   0	MFGR#1121	2
BRAZIL   0	MFGR#1122	4
c_nation	c_city	count(*)
GERMANY	GERMANY  0	25853
GERMANY	GERMANY  1	25206
GERMANY	GERMANY  2	23094
GERMANY	GERMANY  3	25704
GERMANY	GERMANY  4	25772
GERMANY	GERMANY  5	27929
GERMANY	GERMANY  6	21315
GERMANY	GERMANY  7	26187
GERMANY	GERMANY  8	19524
GERMANY	GERMANY  9	24437
c_region	c_city	count(*)
EUROPE	FRANCE   0	3701
EUROPE	FRANCE   1	3609
EUROPE	FRANCE   2	3200
EUROPE	FRANCE   3	4110
EUROPE	FRANCE   4	3434
EUROPE	FRANCE   5	4544
EUROPE	FRANCE   6	3175
EUROPE	FRANCE   7	3790
EUROPE	FRANCE   8	3767
EUROPE	FRANCE   9	3098
c_city	c_nation	count(*)
GERMANY  0	GERMANY	1297
GERMANY  1	GERMANY	1307
GERMANY  2	GERMANY	1204
GERMANY  3	GERMANY	1229
GERMANY  4	GERMANY	1295
GERMANY  5	GERMANY	1517
GERMANY  6	GERMANY	1018
GERMANY  7	GERMANY	1294
GERMANY  8	GERMANY	974
GERMANY  9	GERMANY	1198
p_brand1	c_city	count(*)
MFGR#111	BRAZIL   6	3
MFGR#111	GERMANY  2	1
MFGR#111	MOZAMBIQU2	1
MFGR#1110	JAPAN    5	1
MFGR#1111	BRAZIL   3	1
MFGR#1111	IRAQ     5	1
MFGR#1111	IRAQ     6	1
MFGR#1111	MOZAMBIQU3	1
MFGR#1112	IRAQ     8	1
MFGR#1112	JAPAN    5	1
p_color	d_yearmonthnum	count(*)
almond	199401	12
almond	199402	8
almond	199403	13
almond	199404	12
almond	199405	8
almond	199406	7
almond	199407	11
almond	199408	7
almond	199409	10
almond	199410	14
p_category	d_year	count(*)
MFGR#11	1994	12103
MFGR#12	1994	11976
MFGR#13	1994	12319
p_brand1	s_city	count(*)
MFGR#111	ALGERIA  0	29
MFGR#111	ALGERIA  1	26
MFGR#111	ALGERIA  2	25
MFGR#111	GERMANY  0	24
MFGR#111	GERMANY  1	29
MFGR#111	UNITED KI2	28
MFGR#111	UNITED KI3	20
MFGR#1110	ALGERIA  0	24
MFGR#1110	ALGERIA  1	27
MFGR#1110	ALGERIA  2	31
s_region	p_brand1	count(*)
ASIA	MFGR#111	65
ASIA	MFGR#1110	40
ASIA	MFGR#1111	50
ASIA	MFGR#1112	63
ASIA	MFGR#1113	56
ASIA	MFGR#1114	70
ASIA	MFGR#1115	56
ASIA	MFGR#1116	109
ASIA	MFGR#1117	70
ASIA	MFGR#1118	67
s_city	s_region	count(*)
GERMANY  0	EUROPE	268
GERMANY  1	EUROPE	311
UNITED KI2	EUROPE	292
UNITED KI3	EUROPE	292
