d_year	p_color	count(*)
1994	almond	1
1994	blue	1
1994	brown	2
1994	dodger	1
1994	forest	1
1994	ivory	1
1994	light	1
1994	moccasin	1
1994	pink	1
1994	saddle	1
d_yearmonthnum	p_category	count(*)
199401	MFGR#11	15
199401	MFGR#12	19
199401	MFGR#13	13
199402	MFGR#11	14
199402	MFGR#12	14
199402	MFGR#13	12
199403	MFGR#11	23
199403	MFGR#12	19
199403	MFGR#13	12
199404	MFGR#11	7
c_city	p_brand1	count(*)
GERMANY  3	MFGR#1311	1
GERMANY  9	MFGR#1316	1
ROMANIA  2	MFGR#1314	1
ROMANIA  7	MFGR#1123	1
ROMANIA  8	MFGR#1120	1
RUSSIA   4	MFGR#1240	1
c_city	d_year	count(*)
GERMANY  1	1994	1
GERMANY  3	1994	1
ROMANIA  0	1994	1
ROMANIA  8	1994	1
RUSSIA   1	1994	1
p_brand1	d_yearmonthnum	count(*)
MFGR#111	199403	1
MFGR#1114	199402	2
MFGR#1114	199404	1
MFGR#1116	199401	1
MFGR#1116	199403	1
MFGR#1116	199404	1
MFGR#1117	199401	1
MFGR#1117	199402	1
MFGR#1119	199403	1
MFGR#112	199401	2
p_color	c_city	count(*)
almond	IRAQ     1	1
cornflower	JAPAN    4	1
dark	ROMANIA  8	1
dodger	IRAQ     2	1
drab	RUSSIA   4	1
firebrick	GERMANY  9	1
firebrick	IRAQ     2	1
gainsboro	IRAQ     5	1
ivory	IRAQ     0	1
lawn	IRAQ     5	1
c_nation	p_category	count(*)
EGYPT	MFGR#12	1
GERMANY	MFGR#12	2
IRAQ	MFGR#11	3
IRAQ	MFGR#13	1
JAPAN	MFGR#13	1
ROMANIA	MFGR#11	1
ROMANIA	MFGR#12	1
RUSSIA	MFGR#13	1
c_region	p_brand1	count(*)
EUROPE	MFGR#111	1
EUROPE	MFGR#1114	3
EUROPE	MFGR#1116	3
EUROPE	MFGR#1117	2
EUROPE	MFGR#1119	1
EUROPE	MFGR#112	3
EUROPE	MFGR#1120	3
EUROPE	MFGR#1121	1
EUROPE	MFGR#1122	3
EUROPE	MFGR#1123	1
c_city	s_region	count(*)
GERMANY  3	EUROPE	1
GERMANY  9	EUROPE	1
ROMANIA  2	EUROPE	1
ROMANIA  7	EUROPE	1
ROMANIA  8	EUROPE	1
RUSSIA   4	EUROPE	1
p_category	d_yearmonthnum	count(*)
MFGR#11	199402	1
MFGR#12	199401	1
MFGR#12	199402	1
MFGR#12	199403	1
MFGR#13	199401	1
p_brand1	c_city	count(*)
MFGR#111	ROMANIA  4	1
MFGR#1114	ROMANIA  4	1
MFGR#1114	RUSSIA   2	1
MFGR#1114	RUSSIA   7	1
MFGR#1116	ROMANIA  0	1
MFGR#1116	ROMANIA  2	1
MFGR#1116	ROMANIA  4	1
MFGR#1117	ROMANIA  0	1
MFGR#1117	ROMANIA  2	1
MFGR#1119	RUSSIA   7	1
s_region	c_nation	count(*)
EUROPE	GERMANY	2
EUROPE	IRAQ	8
EUROPE	JAPAN	2
EUROPE	ROMANIA	3
EUROPE	RUSSIA	1
