d_year	s_city	count(*)
1994	ALGERIA  0	159
1994	ALGERIA  1	144
1994	ALGERIA  2	163
1994	GERMANY  0	115
1994	GERMANY  1	148
1994	UNITED KI2	114
1994	UNITED KI3	148
d_yearmonthnum	s_region	count(*)
199401	ASIA	4599
199401	EUROPE	4467
199401	MIDDLE EAST	4521
199402	ASIA	3966
199402	EUROPE	3865
199402	MIDDLE EAST	3863
199403	ASIA	4459
199403	EUROPE	4242
199403	MIDDLE EAST	4474
199404	ASIA	4170
c_city	p_brand1	count(*)
EGYPT    0	MFGR#111	25
EGYPT    0	MFGR#1110	19
EGYPT    0	MFGR#1111	17
EGYPT    0	MFGR#1112	20
EGYPT    0	MFGR#1113	29
EGYPT    0	MFGR#1114	31
EGYPT    0	MFGR#1115	24
EGYPT    0	MFGR#1116	19
EGYPT    0	MFGR#1117	20
EGYPT    0	MFGR#1118	25
c_nation	p_category	count(*)
GERMANY	MFGR#11	9963
GERMANY	MFGR#12	9535
GERMANY	MFGR#13	10009
ROMANIA	MFGR#11	9810
ROMANIA	MFGR#12	9551
ROMANIA	MFGR#13	9642
RUSSIA	MFGR#11	9869
RUSSIA	MFGR#12	9831
RUSSIA	MFGR#13	10047
c_region	p_color	count(*)
ASIA	almond	43
ASIA	antique	24
ASIA	aquamarine	23
ASIA	azure	22
ASIA	beige	24
ASIA	bisque	47
ASIA	black	31
ASIA	blanched	52
ASIA	blue	24
ASIA	blush	43
c_city	p_brand1	count(*)
FRANCE   0	MFGR#1111	1
FRANCE   0	MFGR#1116	1
FRANCE   0	MFGR#1121	1
FRANCE   0	MFGR#1123	1
FRANCE   0	MFGR#1126	1
FRANCE   0	MFGR#1210	1
FRANCE   0	MFGR#1211	1
FRANCE   0	MFGR#1216	1
FRANCE   0	MFGR#1218	2
FRANCE   0	MFGR#1239	1
p_brand1	c_city	count(*)
MFGR#111	FRANCE   1	1
MFGR#111	GERMANY  2	1
MFGR#1112	RUSSIA   3	1
MFGR#1113	RUSSIA   7	1
MFGR#1114	ROMANIA  1	1
MFGR#1115	FRANCE   7	1
MFGR#1116	ROMANIA  1	1
MFGR#1116	ROMANIA  2	1
MFGR#1116	UNITED KI5	1
MFGR#1117	GERMANY  3	1
p_color	c_region	count(*)
almond	ASIA	107
almond	EUROPE	98
almond	MIDDLE EAST	93
antique	ASIA	52
antique	EUROPE	54
antique	MIDDLE EAST	58
aquamarine	ASIA	63
aquamarine	EUROPE	67
aquamarine	MIDDLE EAST	80
azure	ASIA	76
p_category	c_nation	count(*)
MFGR#11	BRAZIL	5471
MFGR#11	EGYPT	6014
MFGR#11	GERMANY	5990
MFGR#11	INDONESIA	6127
MFGR#11	IRAQ	6076
MFGR#11	JAPAN	5697
MFGR#11	MOROCCO	5843
MFGR#11	MOZAMBIQUE	5964
MFGR#11	ROMANIA	5971
MFGR#11	RUSSIA	5903
p_brand1	c_city	count(*)
MFGR#111	BRAZIL   2	1
MFGR#111	BRAZIL   4	1
MFGR#111	BRAZIL   5	1
MFGR#111	BRAZIL   6	5
MFGR#111	BRAZIL   7	1
MFGR#111	BRAZIL   9	1
MFGR#111	EGYPT    0	2
MFGR#111	EGYPT    1	1
MFGR#111	EGYPT    6	1
MFGR#111	GERMANY  1	1
s_region	d_yearmonthnum	count(*)
ASIA	199401	209
ASIA	199402	170
ASIA	199403	180
ASIA	199404	185
EUROPE	199401	228
EUROPE	199402	170
EUROPE	199403	182
EUROPE	199404	182
MIDDLE EAST	199401	198
MIDDLE EAST	199402	167
s_city	d_year	count(*)
ALGERIA  0	1994	17
ALGERIA  1	1994	17
ALGERIA  2	1994	18
GERMANY  0	1994	8
GERMANY  1	1994	14
UNITED KI2	1994	23
UNITED KI3	1994	14
d_year	p_category	count(*)
1994	MFGR#11	1479
1994	MFGR#12	1501
1994	MFGR#13	1517
d_yearmonthnum	p_color	count(*)
199401	almond	3
199401	antique	5
199401	aquamarine	2
199401	beige	2
199401	bisque	6
199401	black	6
199401	blanched	7
199401	blue	6
199401	blush	4
199401	brown	4
c_city	p_brand1	count(*)
EGYPT    0	MFGR#111	1
EGYPT    0	MFGR#1112	2
EGYPT    0	MFGR#1113	3
EGYPT    0	MFGR#1114	2
EGYPT    0	MFGR#1115	1
EGYPT    0	MFGR#1116	2
EGYPT    0	MFGR#1117	2
EGYPT    0	MFGR#1118	2
EGYPT    0	MFGR#1119	2
EGYPT    0	MFGR#112	1
c_nation	c_city	count(*)
GERMANY	GERMANY  0	281
GERMANY	GERMANY  1	332
GERMANY	GERMANY  2	286
GERMANY	GERMANY  3	330
GERMANY	GERMANY  4	340
GERMANY	GERMANY  5	347
GERMANY	GERMANY  6	281
GERMANY	GERMANY  7	329
GERMANY	GERMANY  8	233
GERMANY	GERMANY  9	291
c_region	c_city	count(*)
EUROPE	FRANCE   0	42
EUROPE	FRANCE   1	40
EUROPE	FRANCE   2	37
EUROPE	FRANCE   3	46
EUROPE	FRANCE   4	36
EUROPE	FRANCE   5	68
EUROPE	FRANCE   6	40
EUROPE	FRANCE   7	53
EUROPE	FRANCE   8	55
EUROPE	FRANCE   9	42
c_city	c_nation	count(*)
GERMANY  0	GERMANY	11
GERMANY  1	GERMANY	20
GERMANY  2	GERMANY	14
GERMANY  3	GERMANY	21
GERMANY  4	GERMANY	16
GERMANY  5	GERMANY	20
GERMANY  6	GERMANY	21
GERMANY  7	GERMANY	10
GERMANY  8	GERMANY	14
GERMANY  9	GERMANY	15
p_brand1	c_city	count(*)
MFGR#111	BRAZIL   6	3
MFGR#111	GERMANY  2	1
MFGR#111	MOZAMBIQU2	1
MFGR#1110	JAPAN    5	1
MFGR#1111	BRAZIL   3	1
MFGR#1111	IRAQ     5	1
MFGR#1111	IRAQ     6	1
MFGR#1111	MOZAMBIQU3	1
MFGR#1112	IRAQ     8	1
MFGR#1112	JAPAN    5	1
p_color	d_yearmonthnum	count(*)
almond	199401	8
almond	199402	3
almond	199403	9
almond	199404	9
almond	199405	7
almond	199406	5
almond	199407	3
almond	199408	4
almond	199409	8
almond	199410	10
p_category	d_year	count(*)
MFGR#11	1994	7293
MFGR#12	1994	7156
MFGR#13	1994	7390
p_brand1	s_city	count(*)
MFGR#111	ALGERIA  0	2
MFGR#111	ALGERIA  2	2
MFGR#111	GERMANY  0	1
MFGR#111	GERMANY  1	4
MFGR#111	UNITED KI2	1
MFGR#111	UNITED KI3	2
MFGR#1110	ALGERIA  0	1
MFGR#1110	ALGERIA  1	1
MFGR#1110	GERMANY  0	1
MFGR#1110	GERMANY  1	1
s_region	p_brand1	count(*)
ASIA	MFGR#111	2
ASIA	MFGR#1110	3
ASIA	MFGR#1111	4
ASIA	MFGR#1112	2
ASIA	MFGR#1113	2
ASIA	MFGR#1114	4
ASIA	MFGR#1115	2
ASIA	MFGR#1116	1
ASIA	MFGR#1117	4
ASIA	MFGR#1118	3
s_city	s_region	count(*)
GERMANY  0	EUROPE	30
GERMANY  1	EUROPE	36
UNITED KI2	EUROPE	51
UNITED KI3	EUROPE	44
