d_year	c_city	count(*)
1994	EGYPT    0	3
1994	EGYPT    1	8
1994	EGYPT    2	3
1994	EGYPT    3	3
1994	EGYPT    4	5
1994	EGYPT    5	8
1994	EGYPT    6	3
1994	EGYPT    7	3
1994	EGYPT    8	7
1994	EGYPT    9	6
d_yearmonthnum	c_nation	count(*)
199401	GERMANY	1
199401	RUSSIA	1
199402	ROMANIA	2
199403	GERMANY	1
199405	GERMANY	2
199405	ROMANIA	1
199406	GERMANY	1
199406	ROMANIA	1
199407	GERMANY	1
199407	RUSSIA	2
c_city	c_region	count(*)
EGYPT    0	MIDDLE EAST	3
EGYPT    1	MIDDLE EAST	8
EGYPT    2	MIDDLE EAST	3
EGYPT    3	MIDDLE EAST	3
EGYPT    4	MIDDLE EAST	5
EGYPT    5	MIDDLE EAST	8
EGYPT    6	MIDDLE EAST	3
EGYPT    7	MIDDLE EAST	3
EGYPT    8	MIDDLE EAST	7
EGYPT    9	MIDDLE EAST	6
c_nation	c_city	count(*)
GERMANY	GERMANY  0	1
GERMANY	GERMANY  1	2
GERMANY	GERMANY  3	2
GERMANY	GERMANY  5	1
GERMANY	GERMANY  8	1
GERMANY	GERMANY  9	1
ROMANIA	ROMANIA  0	1
ROMANIA	ROMANIA  1	1
ROMANIA	ROMANIA  2	1
ROMANIA	ROMANIA  7	1
c_region	p_brand1	count(*)
ASIA	MFGR#1117	1
ASIA	MFGR#1129	1
ASIA	MFGR#113	2
ASIA	MFGR#1130	1
ASIA	MFGR#1139	2
ASIA	MFGR#115	1
ASIA	MFGR#116	1
ASIA	MFGR#117	1
ASIA	MFGR#118	1
ASIA	MFGR#119	1
c_city	p_color	count(*)
GERMANY  0	sienna	1
GERMANY  1	brown	1
GERMANY  1	pink	1
GERMANY  3	blue	1
GERMANY  3	navajo	1
GERMANY  5	navy	1
GERMANY  8	white	1
GERMANY  9	firebrick	1
ROMANIA  0	pink	1
ROMANIA  1	grey	1
p_brand1	p_category	count(*)
MFGR#111	MFGR#11	2
MFGR#1114	MFGR#11	4
MFGR#1115	MFGR#11	1
MFGR#1116	MFGR#11	4
MFGR#1117	MFGR#11	3
MFGR#1118	MFGR#11	1
MFGR#1119	MFGR#11	4
MFGR#112	MFGR#11	3
MFGR#1120	MFGR#11	4
MFGR#1121	MFGR#11	2
p_color	p_brand1	count(*)
bisque	MFGR#1311	1
blue	MFGR#124	1
brown	MFGR#1234	1
burnished	MFGR#1340	1
dark	MFGR#1120	1
drab	MFGR#1240	1
firebrick	MFGR#1316	1
green	MFGR#127	1
grey	MFGR#1116	1
light	MFGR#1225	1
p_category	s_region	count(*)
MFGR#11	ASIA	40
MFGR#11	EUROPE	42
MFGR#11	MIDDLE EAST	29
MFGR#12	ASIA	28
MFGR#12	EUROPE	47
MFGR#12	MIDDLE EAST	42
MFGR#13	ASIA	38
MFGR#13	EUROPE	34
MFGR#13	MIDDLE EAST	24
p_brand1	s_city	count(*)
MFGR#1116	ALGERIA  1	1
MFGR#1120	GERMANY  1	1
MFGR#1123	GERMANY  1	1
MFGR#117	ALGERIA  0	1
MFGR#1211	ALGERIA  0	1
MFGR#1225	ALGERIA  2	1
MFGR#1234	ALGERIA  1	1
MFGR#1236	ALGERIA  1	1
MFGR#124	ALGERIA  0	1
MFGR#1240	GERMANY  0	1
s_region	d_year	count(*)
ASIA	1994	106
EUROPE	1994	123
MIDDLE EAST	1994	95
s_city	d_yearmonthnum	count(*)
ALGERIA  0	199401	1
ALGERIA  0	199402	1
ALGERIA  0	199406	1
ALGERIA  0	199407	1
ALGERIA  0	199410	1
ALGERIA  1	199401	1
ALGERIA  1	199403	1
ALGERIA  1	199405	1
ALGERIA  1	199407	1
ALGERIA  1	199408	1
d_year	c_city	count(*)
1994	GERMANY  0	95
1994	GERMANY  1	115
1994	GERMANY  2	88
1994	GERMANY  3	92
1994	GERMANY  4	116
1994	GERMANY  5	120
1994	GERMANY  6	86
1994	GERMANY  7	96
1994	GERMANY  8	77
1994	GERMANY  9	84
d_yearmonthnum	p_brand1	count(*)
199401	MFGR#119	1
199401	MFGR#124	1
199401	MFGR#1331	1
199402	MFGR#117	1
199402	MFGR#119	1
199402	MFGR#1225	1
199403	MFGR#1126	1
199403	MFGR#1234	1
199403	MFGR#127	1
199403	MFGR#1324	1
c_city	p_color	count(*)
GERMANY  0	brown	1
GERMANY  0	drab	1
GERMANY  0	goldenrod	1
GERMANY  0	hot	1
GERMANY  0	light	1
GERMANY  0	purple	1
GERMANY  1	antique	1
GERMANY  1	aquamarine	1
GERMANY  1	cornflower	1
GERMANY  1	deep	1
c_nation	p_category	count(*)
EGYPT	MFGR#11	2
EGYPT	MFGR#12	2
EGYPT	MFGR#13	1
GERMANY	MFGR#12	3
GERMANY	MFGR#13	5
INDONESIA	MFGR#11	4
INDONESIA	MFGR#12	1
INDONESIA	MFGR#13	4
IRAQ	MFGR#11	7
IRAQ	MFGR#12	1
c_region	p_brand1	count(*)
EUROPE	MFGR#111	3
EUROPE	MFGR#1112	2
EUROPE	MFGR#1113	1
EUROPE	MFGR#1114	4
EUROPE	MFGR#1115	1
EUROPE	MFGR#1116	5
EUROPE	MFGR#1117	3
EUROPE	MFGR#1118	1
EUROPE	MFGR#1119	1
EUROPE	MFGR#112	3
c_city	s_region	count(*)
GERMANY  0	ASIA	10
GERMANY  0	EUROPE	6
GERMANY  0	MIDDLE EAST	8
GERMANY  1	ASIA	6
GERMANY  1	EUROPE	2
GERMANY  1	MIDDLE EAST	5
GERMANY  2	ASIA	4
GERMANY  2	EUROPE	6
GERMANY  2	MIDDLE EAST	2
GERMANY  3	ASIA	4
p_brand1	s_city	count(*)
MFGR#111	ALGERIA  0	1
MFGR#1110	ALGERIA  2	1
MFGR#1111	GERMANY  0	1
MFGR#1111	UNITED KI3	1
MFGR#1112	ALGERIA  1	1
MFGR#1112	GERMANY  0	2
MFGR#1113	ALGERIA  0	1
MFGR#1113	ALGERIA  1	1
MFGR#1113	GERMANY  1	1
MFGR#1114	ALGERIA  2	1
p_color	d_year	count(*)
almond	1994	3
aquamarine	1994	3
azure	1994	2
black	1994	4
blanched	1994	2
blue	1994	1
blush	1994	3
brown	1994	4
burlywood	1994	1
burnished	1994	2
p_category	d_yearmonthnum	count(*)
MFGR#11	199401	3
MFGR#11	199402	6
MFGR#11	199403	3
MFGR#11	199404	2
MFGR#11	199405	3
MFGR#11	199406	6
MFGR#11	199407	4
MFGR#11	199408	4
MFGR#11	199409	3
MFGR#11	199410	1
p_brand1	c_city	count(*)
MFGR#111	ROMANIA  4	1
MFGR#1114	ROMANIA  4	1
MFGR#1114	RUSSIA   2	1
MFGR#1114	RUSSIA   7	1
MFGR#1116	ROMANIA  0	1
MFGR#1116	ROMANIA  2	1
MFGR#1116	ROMANIA  4	1
MFGR#1117	ROMANIA  0	1
MFGR#1117	ROMANIA  2	1
MFGR#1119	RUSSIA   7	1
s_region	c_nation	count(*)
EUROPE	BRAZIL	2
EUROPE	GERMANY	2
EUROPE	INDONESIA	8
EUROPE	IRAQ	8
EUROPE	JAPAN	2
EUROPE	MOROCCO	6
EUROPE	MOZAMBIQUE	2
EUROPE	ROMANIA	3
EUROPE	RUSSIA	1
s_city	c_region	count(*)
ALGERIA  0	EUROPE	2
ALGERIA  0	MIDDLE EAST	1
ALGERIA  1	EUROPE	2
ALGERIA  2	EUROPE	1
ALGERIA  2	MIDDLE EAST	1
GERMANY  1	MIDDLE EAST	1
UNITED KI2	ASIA	1
UNITED KI2	MIDDLE EAST	1
UNITED KI3	MIDDLE EAST	1
