d_year	s_city	count(*)
1994	ALGERIA  0	1338
1994	ALGERIA  1	1327
1994	ALGERIA  2	1205
1994	GERMANY  0	1023
1994	GERMANY  1	1309
1994	UNITED KI2	1103
1994	UNITED KI3	1082
d_yearmonthnum	s_region	count(*)
199401	ASIA	15726
199401	EUROPE	15634
199401	MIDDLE EAST	15820
199402	ASIA	13969
199402	EUROPE	13670
199402	MIDDLE EAST	13831
199403	ASIA	15686
199403	EUROPE	15325
199403	MIDDLE EAST	15735
199404	ASIA	14903
c_city	p_brand1	count(*)
BRAZIL   0	MFGR#111	26
BRAZIL   0	MFGR#1110	14
BRAZIL   0	MFGR#1111	30
BRAZIL   0	MFGR#1112	24
BRAZIL   0	MFGR#1113	23
BRAZIL   0	MFGR#1114	25
BRAZIL   0	MFGR#1115	33
BRAZIL   0	MFGR#1116	29
BRAZIL   0	MFGR#1117	34
BRAZIL   0	MFGR#1118	23
c_nation	p_category	count(*)
BRAZIL	MFGR#11	9164
BRAZIL	MFGR#12	9039
BRAZIL	MFGR#13	9139
EGYPT	MFGR#11	10098
EGYPT	MFGR#12	9464
EGYPT	MFGR#13	9905
GERMANY	MFGR#11	9963
GERMANY	MFGR#12	9535
GERMANY	MFGR#13	10009
INDONESIA	MFGR#11	10080
c_region	p_color	count(*)
ASIA	almond	247
ASIA	antique	194
ASIA	aquamarine	180
ASIA	azure	193
ASIA	beige	170
ASIA	bisque	227
ASIA	black	210
ASIA	blanched	316
ASIA	blue	163
ASIA	blush	234
c_city	p_brand1	count(*)
FRANCE   0	MFGR#111	2
FRANCE   0	MFGR#1111	4
FRANCE   0	MFGR#1112	2
FRANCE   0	MFGR#1113	3
FRANCE   0	MFGR#1115	1
FRANCE   0	MFGR#1116	2
FRANCE   0	MFGR#1117	1
FRANCE   0	MFGR#1120	3
FRANCE   0	MFGR#1121	2
FRANCE   0	MFGR#1123	2
p_brand1	c_city	count(*)
MFGR#111	FRANCE   0	2
MFGR#111	FRANCE   1	2
MFGR#111	FRANCE   2	1
MFGR#111	FRANCE   3	3
MFGR#111	FRANCE   4	2
MFGR#111	FRANCE   6	3
MFGR#111	FRANCE   7	4
MFGR#111	FRANCE   8	1
MFGR#111	GERMANY  0	2
MFGR#111	GERMANY  1	1
p_color	c_region	count(*)
almond	ASIA	247
almond	EUROPE	241
almond	MIDDLE EAST	266
antique	ASIA	194
antique	EUROPE	194
antique	MIDDLE EAST	204
aquamarine	ASIA	180
aquamarine	EUROPE	193
aquamarine	MIDDLE EAST	190
azure	ASIA	193
p_category	c_nation	count(*)
MFGR#11	BRAZIL	9164
MFGR#11	EGYPT	10098
MFGR#11	GERMANY	9963
MFGR#11	INDONESIA	10080
MFGR#11	IRAQ	10047
MFGR#11	JAPAN	9392
MFGR#11	MOROCCO	9573
MFGR#11	MOZAMBIQUE	9938
MFGR#11	ROMANIA	9810
MFGR#11	RUSSIA	9869
p_brand1	c_city	count(*)
MFGR#111	BRAZIL   0	26
MFGR#111	BRAZIL   1	29
MFGR#111	BRAZIL   2	21
MFGR#111	BRAZIL   3	29
MFGR#111	BRAZIL   4	20
MFGR#111	BRAZIL   5	23
MFGR#111	BRAZIL   6	36
MFGR#111	BRAZIL   7	19
MFGR#111	BRAZIL   8	20
MFGR#111	BRAZIL   9	21
s_region	d_yearmonthnum	count(*)
ASIA	199401	15726
ASIA	199402	13969
ASIA	199403	15686
ASIA	199404	14903
ASIA	199405	15564
ASIA	199406	15063
ASIA	199407	15269
ASIA	199408	15515
ASIA	199409	14898
ASIA	199410	14902
s_city	d_year	count(*)
ALGERIA  0	1994	1338
ALGERIA  1	1994	1327
ALGERIA  2	1994	1205
GERMANY  0	1994	1023
GERMANY  1	1994	1309
UNITED KI2	1994	1103
UNITED KI3	1994	1082
d_year	p_category	count(*)
1994	MFGR#11	12103
1994	MFGR#12	11976
1994	MFGR#13	12319
d_yearmonthnum	p_color	count(*)
199401	almond	17
199401	antique	10
199401	aquamarine	22
199401	azure	9
199401	beige	11
199401	bisque	13
199401	black	11
199401	blanched	21
199401	blue	12
199401	blush	18
c_city	p_brand1	count(*)
BRAZIL   0	MFGR#111	1
BRAZIL   0	MFGR#1110	1
BRAZIL   0	MFGR#1113	1
BRAZIL   0	MFGR#1114	2
BRAZIL   0	MFGR#1116	1
BRAZIL   0	MFGR#1117	1
BRAZIL   0	MFGR#112	3
BRAZIL   0	MFGR#1120	2
BRAZIL   0	MFGR#1121	2
BRAZIL   0	MFGR#1122	4
c_nation	c_city	count(*)
GERMANY	GERMANY  0	25853
GERMANY	GERMANY  1	25206
GERMANY	GERMANY  2	23094
GERMANY	GERMANY  3	25704
GERMANY	GERMANY  4	25772
GERMANY	GERMANY  5	27929
GERMANY	GERMANY  6	21315
GERMANY	GERMANY  7	26187
GERMANY	GERMANY  8	19524
GERMANY	GERMANY  9	24437
c_region	c_city	count(*)
EUROPE	FRANCE   0	22796
EUROPE	FRANCE   1	23232
EUROPE	FRANCE   2	20386
EUROPE	FRANCE   3	26240
EUROPE	FRANCE   4	22904
EUROPE	FRANCE   5	30337
EUROPE	FRANCE   6	21288
EUROPE	FRANCE   7	26801
EUROPE	FRANCE   8	25361
EUROPE	FRANCE   9	19652
c_city	c_nation	count(*)
GERMANY  0	GERMANY	25853
GERMANY  1	GERMANY	25206
GERMANY  2	GERMANY	23094
GERMANY  3	GERMANY	25704
GERMANY  4	GERMANY	25772
GERMANY  5	GERMANY	27929
GERMANY  6	GERMANY	21315
GERMANY  7	GERMANY	26187
GERMANY  8	GERMANY	19524
GERMANY  9	GERMANY	24437
p_brand1	c_city	count(*)
MFGR#111	BRAZIL   0	1
MFGR#111	BRAZIL   1	2
MFGR#111	BRAZIL   2	1
MFGR#111	BRAZIL   3	2
MFGR#111	BRAZIL   5	1
MFGR#111	BRAZIL   6	8
MFGR#111	BRAZIL   7	2
MFGR#111	BRAZIL   9	1
MFGR#111	EGYPT    0	1
MFGR#111	EGYPT    1	3
p_color	d_yearmonthnum	count(*)
almond	199401	17
almond	199402	12
almond	199403	22
almond	199404	20
almond	199405	13
almond	199406	9
almond	199407	25
almond	199408	9
almond	199409	20
almond	199410	21
p_category	d_year	count(*)
MFGR#11	1994	12103
MFGR#12	1994	11976
MFGR#13	1994	12319
p_brand1	s_city	count(*)
MFGR#111	ALGERIA  0	29
MFGR#111	ALGERIA  1	26
MFGR#111	ALGERIA  2	25
MFGR#111	GERMANY  0	24
MFGR#111	GERMANY  1	29
MFGR#111	UNITED KI2	28
MFGR#111	UNITED KI3	20
MFGR#1110	ALGERIA  0	24
MFGR#1110	ALGERIA  1	27
MFGR#1110	ALGERIA  2	31
s_region	p_brand1	count(*)
ASIA	MFGR#111	1142
ASIA	MFGR#1110	1105
ASIA	MFGR#1111	1276
ASIA	MFGR#1112	1174
ASIA	MFGR#1113	1211
ASIA	MFGR#1114	1129
ASIA	MFGR#1115	1159
ASIA	MFGR#1116	1344
ASIA	MFGR#1117	1314
ASIA	MFGR#1118	1142
s_city	s_region	count(*)
GERMANY  0	EUROPE	21305
GERMANY  1	EUROPE	26010
UNITED KI2	EUROPE	22181
UNITED KI3	EUROPE	22313
