a	b
1	a
2	b
3	c
4	d
5	f
6	e
a	b
1	a
2	b
3	c
3	c
3	c
4	d
5	f
6	e
a	b
1	a
2	b
3	c
3	c
3	c
4	d
6	e
5	f
a	b
1	a
2	b
3	c
4	d
5	f
6	e
7	g
0	#
0	#
1	a
2	b
3	c
4	d
5	f
6	e
7	gg
a	b
1	a
2	b
3	c
t1	b	count(*)
t1	a	1
t1	b	1
t1	c	2
t2	c	1
t2	d	1
t2	e	1
t2	f	1
a	b
1	a
2	b
3	c
3	c
3	c
4	d
5	f
6	e
a	b
1	a
2	b
3	c
3	c
3	c
4	d
5	f
6	e
a	b
5	f
6	e
4	d
3	c
3	c
3	c
2	b
1	a
a	b
1	a
2	b
3	c
3	c
3	c
4	d
5	f
6	e
a	b
1	a
2	b
3	c
4	d
5	f
6	e
a	b
1	a
2	b
3	c
4	d
5	f
6	e
pseudo
dekad
joce
pseudo1
joce
testtt
tsestset
pseudo	pseudo1	same
joce	tsestset	1
joce	testtt	1
dekad	joce	1
pseudo1
dekad
testtt
tsestset
pseudo1
dekad
testtt
tsestset
pseudo1
1
testtt
tsestset
a
1
2
3
4
5
11
12
13
14
15
a
1
2
3
4
5
11
12
13
14
15
a
1
2
3
4
5
11
12
13
14
15
a
1
2
3
4
5
11
12
13
14
15
uid	rl	g1	cid	gg
1	NULL	V1	NULL	1
uid	rl	g1	cid	gg
1	NULL	V1	NULL	1
a
5
4
3
2
1
a
5
a
5
4
3
3
id_master	id	text1	text2
1	1	NULL	ABCDE
1	1	foo1	bar1
1	2	foo2	bar2
1	3	NULL	bar3
1	4	foo4	bar4
id_master	id	text1	text2
1	1	ABCDE	ABCDE
1	1	foo1	bar1
1	2	foo2	bar2
1	3	NULL	bar3
1	4	foo4	bar4
a	b
1	10
5	2
a	b
1	10
a	b
1	10
a	b
1	1
2	2
is_in_group	user_name	group_name	id
0	valid test	Group C	NULL
1	valid test	Group C	NULL
1	valid test	Group C	1
pla_id	matintnum
0	0
n
1
2
3
4
5
6
7
8
9
10
i
1
i
1
1
i
1
1
a
1
2
2
1
1
2
1
1
2
1
1
2
3
a
1
100
a
1
100
99
NULL
NULL
NULL
NULL
NULL
99
id
NULL
NULL
NULL
NULL
NULL
99
avg(1)
1.0000
avg(n_nationkey)
12.0000
a	1
10	1
20	1
50	2
a	1
50	2
20	1
10	1
a	1
10	1
20	1
50	2
a	1
50	2
20	1
10	1
10	1
a
10
20
a
10
20
10
20
b
10
50
b
10
50
50
10
50
50
