cidx	cdecimal1	cdecimal4_2	cbigint
1	-9999.99	-1.797693231e+108	-99999999999.99
1	-9.00	-9.99	-72036854775806.00
2	-9999.98	-1.79769323e+108	-99999999999.98
2	-8.00	-9.98	-72036854775805.00
3	-9999.97	-1.797693229e+108	-99999999999.97
3	-7.00	-9.97	-72036854775804.00
4	-9999.96	-1.797693228e+108	-99999999999.96
4	-6.00	-9.96	-72036854775803.00
5	-9999.95	-1.797693227e+108	-99999999999.95
5	-5.00	-9.95	-72036854775802.00
6	5.00	9.95	72036854775803.00
6	9999.95	1.797693227e+108	99999999999.95
7	6.00	9.96	72036854775804.00
7	9999.96	1.797693228e+108	99999999999.96
8	7.00	9.97	72036854775805.00
8	9999.97	1.797693229e+108	99999999999.97
9	8.00	9.98	72036854775806.00
9	9999.98	1.79769323e+108	99999999999.98
10	9.00	9.99	72036854775807.00
10	9999.99	1.797693231e+108	99999999999.99
11	0.00	0	0.00
cidx	cdate
1	1997-01-01 00:00:00
2	1997-01-01 00:00:00
2	1997-01-01 00:00:01
3	1997-01-02 00:00:00
3	1997-01-02 00:00:01
4	1997-01-03 00:00:00
4	1997-01-03 00:00:02
5	1997-01-04 00:00:00
5	1997-01-04 00:00:03
6	2009-12-28 00:00:00
6	2009-12-31 23:59:56
7	2009-12-29 00:00:00
7	2009-12-31 23:59:57
8	2009-12-30 00:00:00
8	2009-12-31 23:59:58
9	2009-12-31 00:00:00
9	2009-12-31 23:59:59
10	2009-12-31 00:00:00
10	2009-12-31 23:59:59
11	2009-12-31 00:00:00
11	2009-12-31 23:59:59
cidx	cdatetime
1	-7483646
1	1997-01-01
1	1997-01-01 00:00:00
2	-7483645
2	1997-01-01
2	1997-01-01 00:00:01
3	-7483644
3	1997-01-02
3	1997-01-02 00:00:01
4	-7483643
4	1997-01-03
4	1997-01-03 00:00:02
5	-7483642
5	1997-01-04
5	1997-01-04 00:00:03
6	2009-12-28
6	2009-12-31 23:59:56
6	7483643
7	2009-12-29
7	2009-12-31 23:59:57
7	7483644
8	2009-12-30
8	2009-12-31 23:59:58
8	7483645
9	2009-12-31
9	2009-12-31 23:59:59
9	7483646
10	2009-12-31
10	2009-12-31 23:59:59
10	7483647
11	0
11	2009-12-31
11	2009-12-31 23:59:59
cidx	cdate	cdatetime
1	1997-01-01	1997-01-01 00:00:00
1	a	aa\0\0\0\0\0\0\0\0\0\0\0\0\0\0\0\0\0
1	aaaaaaaaaa	aaaaaaaaa\0\0\0\0\0\0\0\0\0\0
2	1997-01-01	1997-01-01 00:00:01
2	a	b\0\0\0\0\0\0\0\0\0\0\0\0\0\0\0\0\0\0
2	j	i\0\0\0\0\0\0\0\0\0\0\0\0\0\0\0\0\0\0
3	1997-01-02	1997-01-02 00:00:01
3	a	bb\0\0\0\0\0\0\0\0\0\0\0\0\0\0\0\0\0
3	jj	ii\0\0\0\0\0\0\0\0\0\0\0\0\0\0\0\0\0
4	1997-01-03	1997-01-03 00:00:02
4	a	bb\0\0\0\0\0\0\0\0\0\0\0\0\0\0\0\0\0
4	jjj	iii\0\0\0\0\0\0\0\0\0\0\0\0\0\0\0\0
5	1997-01-04	1997-01-04 00:00:03
5	a	bb\0\0\0\0\0\0\0\0\0\0\0\0\0\0\0\0\0
5	jjjj	iiii\0\0\0\0\0\0\0\0\0\0\0\0\0\0\0
6	2009-12-28	2009-12-31 23:59:56
6	qqqqqqq	rrrrrrr\0\0\0\0\0\0\0\0\0\0\0\0
6	z	yy\0\0\0\0\0\0\0\0\0\0\0\0\0\0\0\0\0
7	2009-12-29	2009-12-31 23:59:57
7	qqqqqqqq	rrrrrrrr\0\0\0\0\0\0\0\0\0\0\0
7	z	yy\0\0\0\0\0\0\0\0\0\0\0\0\0\0\0\0\0
8	2009-12-30	2009-12-31 23:59:58
8	qqqqqqqqq	rrrrrrrrr\0\0\0\0\0\0\0\0\0\0
8	z	yy\0\0\0\0\0\0\0\0\0\0\0\0\0\0\0\0\0
9	2009-12-31	2009-12-31 23:59:59
9	qqqqqqqqqq	rrrrrrrrr\0\0\0\0\0\0\0\0\0\0
9	z	yy\0\0\0\0\0\0\0\0\0\0\0\0\0\0\0\0\0
10	2009-12-31	2009-12-31 23:59:59
10	z	zz\0\0\0\0\0\0\0\0\0\0\0\0\0\0\0\0\0
10	zzzzzzzzzz	zzzzzzzzz\0\0\0\0\0\0\0\0\0\0
11	NULL	NULL
11	2009-12-31	2009-12-31 23:59:59
cidx	CFLOAT
1	-3.40287e+018
2	-3.40287e+018
3	-3.40286e+018
4	-3.40286e+018
5	-3.40286e+018
6	3.40286e+018
7	3.40286e+018
cidx	CFLOAT
1	-3.40287e+018
1	-3.40287e+018
2	-3.40287e+018
2	-3.40287e+018
3	-3.40286e+018
4	-3.40286e+018
5	-3.40286e+018
6	3.40286e+018
7	3.40286e+018
