d_year	c_city	count(*)
1994	EGYPT    0	61
1994	EGYPT    1	70
1994	EGYPT    2	55
1994	EGYPT    3	45
1994	EGYPT    4	77
1994	EGYPT    5	95
1994	EGYPT    6	74
1994	EGYPT    7	51
1994	EGYPT    8	79
1994	EGYPT    9	69
d_yearmonthnum	c_nation	count(*)
199401	GERMANY	14
199401	ROMANIA	7
199401	RUSSIA	11
199402	GERMANY	6
199402	ROMANIA	9
199402	RUSSIA	5
199403	GERMANY	8
199403	ROMANIA	4
199403	RUSSIA	9
199404	GERMANY	2
c_city	c_region	count(*)
EGYPT    0	MIDDLE EAST	61
EGYPT    1	MIDDLE EAST	70
EGYPT    2	MIDDLE EAST	55
EGYPT    3	MIDDLE EAST	45
EGYPT    4	MIDDLE EAST	77
EGYPT    5	MIDDLE EAST	95
EGYPT    6	MIDDLE EAST	74
EGYPT    7	MIDDLE EAST	51
EGYPT    8	MIDDLE EAST	79
EGYPT    9	MIDDLE EAST	69
c_nation	c_city	count(*)
GERMANY	GERMANY  0	13
GERMANY	GERMANY  1	13
GERMANY	GERMANY  2	4
GERMANY	GERMANY  3	13
GERMANY	GERMANY  4	10
GERMANY	GERMANY  5	13
GERMANY	GERMANY  6	13
GERMANY	GERMANY  7	9
GERMANY	GERMANY  8	11
GERMANY	GERMANY  9	9
c_region	p_brand1	count(*)
ASIA	MFGR#111	4
ASIA	MFGR#1110	2
ASIA	MFGR#1111	7
ASIA	MFGR#1112	9
ASIA	MFGR#1113	1
ASIA	MFGR#1114	3
ASIA	MFGR#1115	3
ASIA	MFGR#1116	4
ASIA	MFGR#1117	7
ASIA	MFGR#1118	8
c_city	p_color	count(*)
GERMANY  0	burlywood	1
GERMANY  0	cyan	2
GERMANY  0	dim	1
GERMANY  0	gainsboro	1
GERMANY  0	green	1
GERMANY  0	pink	1
GERMANY  0	rose	1
GERMANY  0	saddle	1
GERMANY  0	sandy	1
GERMANY  0	sienna	2
p_brand1	p_category	count(*)
MFGR#111	MFGR#11	32
MFGR#1110	MFGR#11	31
MFGR#1111	MFGR#11	38
MFGR#1112	MFGR#11	21
MFGR#1113	MFGR#11	26
MFGR#1114	MFGR#11	33
MFGR#1115	MFGR#11	23
MFGR#1116	MFGR#11	36
MFGR#1117	MFGR#11	37
MFGR#1118	MFGR#11	37
p_color	p_brand1	count(*)
almond	MFGR#1114	1
almond	MFGR#1221	1
almond	MFGR#1223	1
almond	MFGR#128	1
aquamarine	MFGR#1120	1
aquamarine	MFGR#1215	1
azure	MFGR#1110	1
azure	MFGR#1123	1
azure	MFGR#1132	1
azure	MFGR#1135	1
p_category	s_region	count(*)
MFGR#11	ASIA	446
MFGR#11	EUROPE	459
MFGR#11	MIDDLE EAST	400
MFGR#12	ASIA	454
MFGR#12	EUROPE	431
MFGR#12	MIDDLE EAST	433
MFGR#13	ASIA	443
MFGR#13	EUROPE	456
MFGR#13	MIDDLE EAST	435
p_brand1	s_city	count(*)
MFGR#111	GERMANY  0	1
MFGR#1110	ALGERIA  0	2
MFGR#1110	ALGERIA  1	1
MFGR#1111	ALGERIA  0	1
MFGR#1111	UNITED KI2	1
MFGR#1112	ALGERIA  0	1
MFGR#1112	ALGERIA  1	1
MFGR#1112	UNITED KI3	1
MFGR#1113	ALGERIA  0	1
MFGR#1114	ALGERIA  1	1
s_region	d_year	count(*)
ASIA	1994	1343
EUROPE	1994	1346
MIDDLE EAST	1994	1268
s_city	d_yearmonthnum	count(*)
ALGERIA  0	199401	5
ALGERIA  0	199402	7
ALGERIA  0	199403	2
ALGERIA  0	199404	2
ALGERIA  0	199405	2
ALGERIA  0	199406	4
ALGERIA  0	199407	5
ALGERIA  0	199408	3
ALGERIA  0	199409	4
ALGERIA  0	199410	5
d_year	c_city	count(*)
1994	GERMANY  0	95
1994	GERMANY  1	115
1994	GERMANY  2	88
1994	GERMANY  3	92
1994	GERMANY  4	116
1994	GERMANY  5	120
1994	GERMANY  6	86
1994	GERMANY  7	96
1994	GERMANY  8	77
1994	GERMANY  9	84
d_yearmonthnum	p_brand1	count(*)
199401	MFGR#1110	1
199401	MFGR#1111	1
199401	MFGR#1113	1
199401	MFGR#1120	2
199401	MFGR#1121	1
199401	MFGR#1123	1
199401	MFGR#1124	3
199401	MFGR#1125	2
199401	MFGR#1130	1
199401	MFGR#1131	1
c_city	p_color	count(*)
GERMANY  0	antique	1
GERMANY  0	azure	2
GERMANY  0	beige	1
GERMANY  0	bisque	2
GERMANY  0	blanched	2
GERMANY  0	blue	2
GERMANY  0	brown	2
GERMANY  0	burlywood	3
GERMANY  0	chartreuse	1
GERMANY  0	chocolate	1
c_nation	p_category	count(*)
EGYPT	MFGR#11	30
EGYPT	MFGR#12	32
EGYPT	MFGR#13	39
GERMANY	MFGR#11	30
GERMANY	MFGR#12	39
GERMANY	MFGR#13	38
INDONESIA	MFGR#11	37
INDONESIA	MFGR#12	39
INDONESIA	MFGR#13	24
IRAQ	MFGR#11	32
c_region	p_brand1	count(*)
EUROPE	MFGR#111	27
EUROPE	MFGR#1110	38
EUROPE	MFGR#1111	30
EUROPE	MFGR#1112	16
EUROPE	MFGR#1113	27
EUROPE	MFGR#1114	37
EUROPE	MFGR#1115	29
EUROPE	MFGR#1116	37
EUROPE	MFGR#1117	28
EUROPE	MFGR#1118	25
c_city	s_region	count(*)
GERMANY  0	ASIA	72
GERMANY  0	EUROPE	77
GERMANY  0	MIDDLE EAST	70
GERMANY  1	ASIA	71
GERMANY  1	EUROPE	59
GERMANY  1	MIDDLE EAST	65
GERMANY  2	ASIA	54
GERMANY  2	EUROPE	60
GERMANY  2	MIDDLE EAST	56
GERMANY  3	ASIA	69
p_brand1	s_city	count(*)
MFGR#111	ALGERIA  0	5
MFGR#111	ALGERIA  1	6
MFGR#111	ALGERIA  2	4
MFGR#111	GERMANY  0	7
MFGR#111	GERMANY  1	3
MFGR#111	UNITED KI2	2
MFGR#111	UNITED KI3	2
MFGR#1110	ALGERIA  0	9
MFGR#1110	ALGERIA  1	4
MFGR#1110	ALGERIA  2	4
p_color	d_year	count(*)
almond	1994	21
antique	1994	35
aquamarine	1994	27
azure	1994	25
beige	1994	32
bisque	1994	35
black	1994	30
blanched	1994	24
blue	1994	33
blush	1994	35
p_category	d_yearmonthnum	count(*)
MFGR#11	199401	42
MFGR#11	199402	34
MFGR#11	199403	33
MFGR#11	199404	50
MFGR#11	199405	34
MFGR#11	199406	36
MFGR#11	199407	42
MFGR#11	199408	44
MFGR#11	199409	39
MFGR#11	199410	31
p_brand1	c_city	count(*)
MFGR#111	GERMANY  0	1
MFGR#111	GERMANY  1	1
MFGR#111	GERMANY  4	1
MFGR#111	GERMANY  5	1
MFGR#111	GERMANY  9	1
MFGR#111	ROMANIA  0	1
MFGR#111	ROMANIA  3	1
MFGR#111	ROMANIA  4	1
MFGR#111	ROMANIA  6	1
MFGR#111	ROMANIA  8	1
s_region	c_nation	count(*)
EUROPE	BRAZIL	42
EUROPE	EGYPT	54
EUROPE	GERMANY	61
EUROPE	INDONESIA	55
EUROPE	IRAQ	53
EUROPE	JAPAN	41
EUROPE	MOROCCO	52
EUROPE	MOZAMBIQUE	49
EUROPE	ROMANIA	53
EUROPE	RUSSIA	50
s_city	c_region	count(*)
ALGERIA  0	ASIA	2
ALGERIA  0	EUROPE	16
ALGERIA  0	MIDDLE EAST	11
ALGERIA  1	ASIA	7
ALGERIA  1	EUROPE	12
ALGERIA  1	MIDDLE EAST	9
ALGERIA  2	ASIA	5
ALGERIA  2	EUROPE	14
ALGERIA  2	MIDDLE EAST	11
GERMANY  0	ASIA	5
