d_year	s_city	count(*)
1994	ALGERIA  0	159
1994	ALGERIA  1	144
1994	ALGERIA  2	163
1994	GERMANY  0	115
1994	GERMANY  1	148
1994	UNITED KI2	114
1994	UNITED KI3	148
d_yearmonthnum	s_region	count(*)
199401	ASIA	2038
199401	EUROPE	1955
199401	MIDDLE EAST	1979
199402	ASIA	1638
199402	EUROPE	1595
199402	MIDDLE EAST	1548
199403	ASIA	1887
199403	EUROPE	1892
199403	MIDDLE EAST	1993
199404	ASIA	1806
c_city	p_brand1	count(*)
EGYPT    0	MFGR#111	21
EGYPT    0	MFGR#1110	13
EGYPT    0	MFGR#1111	12
EGYPT    0	MFGR#1112	17
EGYPT    0	MFGR#1113	23
EGYPT    0	MFGR#1114	22
EGYPT    0	MFGR#1115	14
EGYPT    0	MFGR#1116	16
EGYPT    0	MFGR#1117	13
EGYPT    0	MFGR#1118	19
c_nation	p_category	count(*)
GERMANY	MFGR#11	7458
GERMANY	MFGR#12	7272
GERMANY	MFGR#13	7663
ROMANIA	MFGR#11	7417
ROMANIA	MFGR#12	7200
ROMANIA	MFGR#13	7430
RUSSIA	MFGR#11	7401
RUSSIA	MFGR#12	7441
RUSSIA	MFGR#13	7670
c_region	p_color	count(*)
ASIA	almond	176
ASIA	antique	247
ASIA	aquamarine	218
ASIA	azure	203
ASIA	beige	216
ASIA	bisque	256
ASIA	black	254
ASIA	blanched	212
ASIA	blue	244
ASIA	blush	231
c_city	p_brand1	count(*)
FRANCE   0	MFGR#111	1
FRANCE   0	MFGR#1110	1
FRANCE   0	MFGR#1111	1
FRANCE   0	MFGR#1113	2
FRANCE   0	MFGR#1115	2
FRANCE   0	MFGR#1116	2
FRANCE   0	MFGR#1118	1
FRANCE   0	MFGR#112	1
FRANCE   0	MFGR#1121	3
FRANCE   0	MFGR#1123	2
p_brand1	c_city	count(*)
MFGR#111	FRANCE   0	1
MFGR#111	FRANCE   1	1
MFGR#111	FRANCE   7	1
MFGR#111	GERMANY  4	1
MFGR#111	GERMANY  5	1
MFGR#111	GERMANY  7	1
MFGR#111	ROMANIA  1	1
MFGR#111	ROMANIA  3	1
MFGR#111	ROMANIA  4	1
MFGR#111	ROMANIA  6	1
p_color	c_region	count(*)
almond	ASIA	18
almond	EUROPE	23
almond	MIDDLE EAST	15
antique	ASIA	29
antique	EUROPE	22
antique	MIDDLE EAST	25
aquamarine	ASIA	25
aquamarine	EUROPE	21
aquamarine	MIDDLE EAST	20
azure	ASIA	21
p_category	c_nation	count(*)
MFGR#11	BRAZIL	260
MFGR#11	EGYPT	313
MFGR#11	GERMANY	301
MFGR#11	INDONESIA	309
MFGR#11	IRAQ	288
MFGR#11	JAPAN	284
MFGR#11	MOROCCO	299
MFGR#11	MOZAMBIQUE	274
MFGR#11	ROMANIA	319
MFGR#11	RUSSIA	286
p_brand1	c_city	count(*)
MFGR#111	BRAZIL   6	3
MFGR#111	JAPAN    1	1
MFGR#111	MOZAMBIQU2	1
MFGR#111	MOZAMBIQU8	1
MFGR#111	ROMANIA  6	1
MFGR#1110	BRAZIL   5	1
MFGR#1110	EGYPT    2	1
MFGR#1110	IRAQ     3	1
MFGR#1110	IRAQ     4	1
MFGR#1110	JAPAN    5	1
s_region	d_yearmonthnum	count(*)
ASIA	199401	885
ASIA	199402	766
ASIA	199403	879
ASIA	199404	825
EUROPE	199401	876
EUROPE	199402	735
EUROPE	199403	804
EUROPE	199404	845
MIDDLE EAST	199401	886
MIDDLE EAST	199402	729
s_city	d_year	count(*)
ALGERIA  0	1994	88
ALGERIA  1	1994	80
ALGERIA  2	1994	75
GERMANY  0	1994	59
GERMANY  1	1994	79
UNITED KI2	1994	66
UNITED KI3	1994	63
d_year	p_category	count(*)
1994	MFGR#11	1479
1994	MFGR#12	1501
1994	MFGR#13	1517
d_yearmonthnum	p_color	count(*)
199401	almond	11
199401	antique	24
199401	aquamarine	16
199401	azure	21
199401	beige	14
199401	bisque	20
199401	black	24
199401	blanched	20
199401	blue	28
199401	blush	17
c_city	p_brand1	count(*)
EGYPT    0	MFGR#111	21
EGYPT    0	MFGR#1110	13
EGYPT    0	MFGR#1111	12
EGYPT    0	MFGR#1112	17
EGYPT    0	MFGR#1113	23
EGYPT    0	MFGR#1114	22
EGYPT    0	MFGR#1115	14
EGYPT    0	MFGR#1116	16
EGYPT    0	MFGR#1117	13
EGYPT    0	MFGR#1118	19
c_nation	c_city	count(*)
GERMANY	GERMANY  0	3735
GERMANY	GERMANY  1	3793
GERMANY	GERMANY  2	3399
GERMANY	GERMANY  3	3797
GERMANY	GERMANY  4	3881
GERMANY	GERMANY  5	4148
GERMANY	GERMANY  6	3176
GERMANY	GERMANY  7	3915
GERMANY	GERMANY  8	2849
GERMANY	GERMANY  9	3609
c_region	c_city	count(*)
EUROPE	FRANCE   0	335
EUROPE	FRANCE   1	321
EUROPE	FRANCE   2	297
EUROPE	FRANCE   3	372
EUROPE	FRANCE   4	315
EUROPE	FRANCE   5	432
EUROPE	FRANCE   6	286
EUROPE	FRANCE   7	362
EUROPE	FRANCE   8	345
EUROPE	FRANCE   9	275
c_city	c_region	count(*)
FRANCE   0	EUROPE	123
FRANCE   1	EUROPE	151
FRANCE   2	EUROPE	135
FRANCE   3	EUROPE	180
FRANCE   4	EUROPE	144
FRANCE   5	EUROPE	182
FRANCE   6	EUROPE	130
FRANCE   7	EUROPE	133
FRANCE   8	EUROPE	138
FRANCE   9	EUROPE	116
p_brand1	c_nation	count(*)
MFGR#111	BRAZIL	4
MFGR#111	EGYPT	1
MFGR#111	GERMANY	3
MFGR#111	INDONESIA	4
MFGR#111	IRAQ	3
MFGR#111	JAPAN	1
MFGR#111	MOROCCO	2
MFGR#111	MOZAMBIQUE	2
MFGR#111	ROMANIA	4
MFGR#111	RUSSIA	2
p_color	c_city	count(*)
almond	BRAZIL   0	1
almond	GERMANY  1	2
almond	IRAQ     1	1
almond	JAPAN    6	1
almond	MOROCCO  6	1
almond	RUSSIA   7	1
antique	BRAZIL   6	1
antique	BRAZIL   7	1
antique	IRAQ     1	1
antique	JAPAN    5	2
p_category	d_yearmonthnum	count(*)
MFGR#11	199401	1093
MFGR#11	199402	1014
MFGR#11	199403	1130
MFGR#11	199404	1079
MFGR#12	199401	1143
MFGR#12	199402	923
MFGR#12	199403	1125
MFGR#12	199404	1055
MFGR#13	199401	1193
MFGR#13	199402	1005
p_brand1	s_city	count(*)
MFGR#111	ALGERIA  0	1
MFGR#111	ALGERIA  1	1
MFGR#111	ALGERIA  2	2
MFGR#111	GERMANY  0	1
MFGR#111	UNITED KI2	2
MFGR#111	UNITED KI3	1
MFGR#1110	ALGERIA  0	2
MFGR#1110	ALGERIA  1	3
MFGR#1110	ALGERIA  2	4
MFGR#1110	GERMANY  0	1
s_region	p_brand1	count(*)
ASIA	MFGR#111	34
ASIA	MFGR#1110	30
ASIA	MFGR#1111	29
ASIA	MFGR#1112	20
ASIA	MFGR#1113	30
ASIA	MFGR#1114	27
ASIA	MFGR#1115	24
ASIA	MFGR#1116	22
ASIA	MFGR#1117	33
ASIA	MFGR#1118	26
s_city	s_region	count(*)
GERMANY  0	EUROPE	106
GERMANY  1	EUROPE	124
UNITED KI2	EUROPE	90
UNITED KI3	EUROPE	104
