d_year	p_color	count(*)
1994	almond	4
1994	azure	2
1994	beige	1
1994	bisque	2
1994	blanched	3
1994	blue	3
1994	blush	2
1994	brown	1
1994	burlywood	1
1994	burnished	3
d_yearmonthnum	p_category	count(*)
199401	MFGR#11	6
199401	MFGR#12	2
199401	MFGR#13	8
199402	MFGR#11	1
199402	MFGR#12	3
199402	MFGR#13	2
199403	MFGR#11	3
199403	MFGR#12	1
199403	MFGR#13	10
199404	MFGR#11	4
c_city	p_brand1	count(*)
GERMANY  0	MFGR#1125	1
GERMANY  0	MFGR#117	1
GERMANY  0	MFGR#138	1
GERMANY  1	MFGR#1114	1
GERMANY  1	MFGR#1227	1
GERMANY  1	MFGR#1339	1
GERMANY  2	MFGR#127	1
GERMANY  3	MFGR#131	1
GERMANY  4	MFGR#138	1
GERMANY  6	MFGR#1118	1
c_nation	s_region	count(*)
GERMANY	EUROPE	16
ROMANIA	EUROPE	12
RUSSIA	EUROPE	16
c_region	s_city	count(*)
EUROPE	GERMANY  0	10
EUROPE	GERMANY  1	11
EUROPE	UNITED KI2	11
EUROPE	UNITED KI3	12
c_city	d_year	count(*)
GERMANY  0	1994	4
GERMANY  1	1994	6
GERMANY  2	1994	2
GERMANY  3	1994	3
GERMANY  4	1994	1
GERMANY  5	1994	2
GERMANY  6	1994	3
GERMANY  7	1994	3
GERMANY  8	1994	4
GERMANY  9	1994	2
p_brand1	d_yearmonthnum	count(*)
MFGR#111	199401	2
MFGR#111	199402	3
MFGR#111	199403	5
MFGR#111	199404	4
MFGR#1110	199401	2
MFGR#1110	199402	5
MFGR#1110	199403	4
MFGR#1110	199404	5
MFGR#1111	199401	6
MFGR#1111	199402	9
p_color	c_city	count(*)
almond	GERMANY  1	1
almond	RUSSIA   7	1
almond	RUSSIA   9	1
aquamarine	GERMANY  6	1
azure	GERMANY  7	1
azure	GERMANY  8	1
azure	ROMANIA  7	1
azure	ROMANIA  8	1
azure	RUSSIA   5	1
azure	RUSSIA   6	1
p_category	c_nation	count(*)
MFGR#11	GERMANY	7
MFGR#11	ROMANIA	4
MFGR#11	RUSSIA	3
MFGR#12	GERMANY	3
MFGR#12	ROMANIA	1
MFGR#12	RUSSIA	4
MFGR#13	GERMANY	6
MFGR#13	ROMANIA	7
MFGR#13	RUSSIA	9
p_brand1	c_region	count(*)
MFGR#1111	EUROPE	1
MFGR#1114	EUROPE	1
MFGR#1115	EUROPE	1
MFGR#1118	EUROPE	1
MFGR#1124	EUROPE	1
MFGR#1125	EUROPE	1
MFGR#1129	EUROPE	1
MFGR#1131	EUROPE	3
MFGR#1133	EUROPE	1
MFGR#1140	EUROPE	2
s_region	c_city	count(*)
EUROPE	GERMANY  0	3
EUROPE	GERMANY  1	3
EUROPE	GERMANY  2	1
EUROPE	GERMANY  3	1
EUROPE	GERMANY  4	1
EUROPE	GERMANY  6	1
EUROPE	GERMANY  7	3
EUROPE	GERMANY  8	2
EUROPE	GERMANY  9	1
EUROPE	ROMANIA  0	2
s_city	p_brand1	count(*)
GERMANY  0	MFGR#1115	1
GERMANY  0	MFGR#1131	2
GERMANY  0	MFGR#117	1
GERMANY  0	MFGR#1234	1
GERMANY  0	MFGR#131	1
GERMANY  0	MFGR#1320	1
GERMANY  0	MFGR#1334	1
GERMANY  0	MFGR#138	2
GERMANY  1	MFGR#1124	1
GERMANY  1	MFGR#1129	1
d_year	c_city	count(*)
1994	GERMANY  0	3
1994	GERMANY  1	3
1994	GERMANY  2	1
1994	GERMANY  3	1
1994	GERMANY  4	1
1994	GERMANY  6	1
1994	GERMANY  7	3
1994	GERMANY  8	2
1994	GERMANY  9	1
1994	ROMANIA  0	2
d_yearmonthnum	p_brand1	count(*)
199401	MFGR#1124	1
199401	MFGR#1125	1
199401	MFGR#1131	1
199401	MFGR#1133	1
199401	MFGR#1140	1
199401	MFGR#117	1
199401	MFGR#1227	1
199401	MFGR#123	1
199401	MFGR#131	1
199401	MFGR#1317	1
c_city	p_color	count(*)
GERMANY  0	burlywood	1
GERMANY  0	cyan	1
GERMANY  0	sienna	1
GERMANY  1	almond	1
GERMANY  1	dodger	1
GERMANY  1	ivory	1
GERMANY  2	lemon	1
GERMANY  3	chocolate	1
GERMANY  4	ivory	1
GERMANY  6	floral	1
c_nation	p_category	count(*)
GERMANY	MFGR#11	10
GERMANY	MFGR#12	9
GERMANY	MFGR#13	11
ROMANIA	MFGR#11	12
ROMANIA	MFGR#12	7
ROMANIA	MFGR#13	10
RUSSIA	MFGR#11	8
RUSSIA	MFGR#12	6
RUSSIA	MFGR#13	13
c_region	p_brand1	count(*)
EUROPE	MFGR#111	14
EUROPE	MFGR#1110	16
EUROPE	MFGR#1111	21
EUROPE	MFGR#1112	8
EUROPE	MFGR#1113	16
EUROPE	MFGR#1114	20
EUROPE	MFGR#1115	12
EUROPE	MFGR#1116	24
EUROPE	MFGR#1117	18
EUROPE	MFGR#1118	19
c_city	s_region	count(*)
GERMANY  0	EUROPE	4
GERMANY  1	EUROPE	6
GERMANY  2	EUROPE	3
GERMANY  3	EUROPE	8
GERMANY  4	EUROPE	6
GERMANY  5	EUROPE	5
GERMANY  6	EUROPE	9
GERMANY  7	EUROPE	6
GERMANY  8	EUROPE	8
GERMANY  9	EUROPE	6
p_brand1	s_city	count(*)
MFGR#1111	UNITED KI2	1
MFGR#1114	UNITED KI3	1
MFGR#1115	GERMANY  0	1
MFGR#1118	UNITED KI3	1
MFGR#1124	GERMANY  1	1
MFGR#1125	UNITED KI2	1
MFGR#1129	GERMANY  1	1
MFGR#1131	GERMANY  0	2
MFGR#1131	UNITED KI3	1
MFGR#1133	GERMANY  1	1
p_color	d_year	count(*)
almond	1994	2
azure	1994	2
bisque	1994	2
blue	1994	1
brown	1994	1
burlywood	1994	1
burnished	1994	1
chartreuse	1994	1
chiffon	1994	2
chocolate	1994	2
p_category	d_yearmonthnum	count(*)
MFGR#11	199401	6
MFGR#11	199402	1
MFGR#11	199403	3
MFGR#11	199404	4
MFGR#12	199401	2
MFGR#12	199402	3
MFGR#12	199403	1
MFGR#12	199404	2
MFGR#13	199401	8
MFGR#13	199402	2
p_brand1	c_city	count(*)
MFGR#1111	GERMANY  8	1
MFGR#1114	GERMANY  1	1
MFGR#1115	ROMANIA  8	1
MFGR#1118	GERMANY  6	1
MFGR#1124	ROMANIA  0	1
MFGR#1125	GERMANY  0	1
MFGR#1129	ROMANIA  2	1
MFGR#1131	GERMANY  9	1
MFGR#1131	RUSSIA   2	1
MFGR#1131	RUSSIA   3	1
s_region	c_nation	count(*)
EUROPE	EGYPT	21
EUROPE	GERMANY	16
EUROPE	IRAQ	17
EUROPE	JAPAN	16
EUROPE	ROMANIA	12
EUROPE	RUSSIA	16
s_city	c_region	count(*)
GERMANY  0	EUROPE	10
GERMANY  1	EUROPE	11
UNITED KI2	EUROPE	11
UNITED KI3	EUROPE	13
